#
# There is insufficient memory for the Java Runtime Environment to continue.
# Native memory allocation (mmap) failed to map 260046848 bytes for committing reserved memory.
# Possible reasons:
#   The system is out of physical RAM or swap space
#   In 32 bit mode, the process size limit was hit
# Possible solutions:
#   Reduce memory load on the system
#   Increase physical memory or swap space
#   Check if swap backing store is full
#   Use 64 bit Java on a 64 bit OS
#   Decrease Java heap size (-Xmx/-Xms)
#   Decrease number of Java threads
#   Decrease Java thread stack sizes (-Xss)
#   Set larger code cache with -XX:ReservedCodeCacheSize=
# This output file may be truncated or incomplete.
#
#  Out of Memory Error (os_linux.cpp:2643), pid=7113, tid=0x00007f8c817fc700
#
# JRE version: OpenJDK Runtime Environment (8.0_151-b12) (build 1.8.0_151-8u151-b12-0ubuntu0.16.04.2-b12)
# Java VM: OpenJDK 64-Bit Server VM (25.151-b12 mixed mode linux-amd64 compressed oops)
# Failed to write core dump. Core dumps have been disabled. To enable core dumping, try "ulimit -c unlimited" before starting Java again
#

---------------  T H R E A D  ---------------

Current thread (0x00007f8c981c6800):  VMThread [stack: 0x00007f8c816fc000,0x00007f8c817fd000] [id=7265]

Stack: [0x00007f8c816fc000,0x00007f8c817fd000],  sp=0x00007f8c817fb4c0,  free space=1021k
Native frames: (J=compiled Java code, j=interpreted, Vv=VM code, C=native code)
V  [libjvm.so+0xa684eb]
V  [libjvm.so+0x4c579c]
V  [libjvm.so+0x8b6b50]
V  [libjvm.so+0x8b0fce]
V  [libjvm.so+0x92b806]
V  [libjvm.so+0x92cb33]
V  [libjvm.so+0x9291fb]
V  [libjvm.so+0x9294ac]
V  [libjvm.so+0x8db3c3]
V  [libjvm.so+0xa6a192]
V  [libjvm.so+0xa6f277]
V  [libjvm.so+0xa6ca47]
V  [libjvm.so+0xa6decf]
V  [libjvm.so+0xa6e3c1]
V  [libjvm.so+0x8b4032]

VM_Operation (0x00007f8c2bcfb600): ParallelGCFailedAllocation, mode: safepoint, requested by thread 0x00007f8c982a3000


---------------  P R O C E S S  ---------------

Java Threads: ( => current thread )
  0x00007f8c982a3000 JavaThread "Thread-6" [_thread_blocked, id=7532, stack(0x00007f8c2bbfc000,0x00007f8c2bcfd000)]
  0x00007f8c982a1000 JavaThread "Thread-4" [_thread_blocked, id=7531, stack(0x00007f8c2bcfd000,0x00007f8c2bdfe000)]
  0x00007f8c9829f800 JavaThread "Thread-2" [_thread_blocked, id=7530, stack(0x00007f8c2bdfe000,0x00007f8c2beff000)]
  0x00007f8c9829d000 JavaThread "Thread-0" [_thread_in_native, id=7459, stack(0x00007f8c2beff000,0x00007f8c2c000000)]
  0x00007f8c9829c000 JavaThread "Thread-8" [_thread_blocked, id=7456, stack(0x00007f8c800f5000,0x00007f8c801f6000)]
  0x00007f8c98298800 JavaThread "Thread-7" daemon [_thread_in_native, id=7454, stack(0x00007f8c801f6000,0x00007f8c802f7000)]
  0x00007f8c98296000 JavaThread "Timer-2" [_thread_blocked, id=7453, stack(0x00007f8c802f7000,0x00007f8c803f8000)]
  0x00007f8c98294000 JavaThread "Timer-1" [_thread_blocked, id=7452, stack(0x00007f8c803f8000,0x00007f8c804f9000)]
  0x00007f8c98291000 JavaThread "Timer-0" [_thread_blocked, id=7451, stack(0x00007f8c804f9000,0x00007f8c805fa000)]
  0x00007f8c9821b000 JavaThread "Service Thread" daemon [_thread_blocked, id=7367, stack(0x00007f8c80c1a000,0x00007f8c80d1b000)]
  0x00007f8c98205800 JavaThread "C1 CompilerThread3" daemon [_thread_blocked, id=7358, stack(0x00007f8c80d1b000,0x00007f8c80e1c000)]
  0x00007f8c98201000 JavaThread "C2 CompilerThread2" daemon [_thread_blocked, id=7356, stack(0x00007f8c80e1c000,0x00007f8c80f1d000)]
  0x00007f8c981ff800 JavaThread "C2 CompilerThread1" daemon [_thread_blocked, id=7352, stack(0x00007f8c80f1d000,0x00007f8c8101e000)]
  0x00007f8c981fc800 JavaThread "C2 CompilerThread0" daemon [_thread_blocked, id=7342, stack(0x00007f8c8101e000,0x00007f8c8111f000)]
  0x00007f8c981fa800 JavaThread "Signal Dispatcher" daemon [_thread_blocked, id=7341, stack(0x00007f8c8111f000,0x00007f8c81220000)]
  0x00007f8c981d2800 JavaThread "Finalizer" daemon [_thread_blocked, id=7284, stack(0x00007f8c814fa000,0x00007f8c815fb000)]
  0x00007f8c981ce000 JavaThread "Reference Handler" daemon [_thread_blocked, id=7273, stack(0x00007f8c815fb000,0x00007f8c816fc000)]
  0x00007f8c9800a000 JavaThread "main" [_thread_blocked, id=7133, stack(0x00007f8c9f630000,0x00007f8c9f731000)]

Other Threads:
=>0x00007f8c981c6800 VMThread [stack: 0x00007f8c816fc000,0x00007f8c817fd000] [id=7265]
  0x00007f8c9821d800 WatcherThread [stack: 0x00007f8c80b19000,0x00007f8c80c1a000] [id=7371]

VM state:at safepoint (normal execution)

VM Mutex/Monitor currently owned by a thread:  ([mutex/lock_event])
[0x00007f8c980060b0] Threads_lock - owner thread: 0x00007f8c981c6800
[0x00007f8c980065b0] Heap_lock - owner thread: 0x00007f8c982a3000

Heap:
 PSYoungGen      total 254976K, used 160K [0x00000000d7400000, 0x00000000e6e00000, 0x0000000100000000)
  eden space 253952K, 0% used [0x00000000d7400000,0x00000000d7400000,0x00000000e6c00000)
  from space 1024K, 15% used [0x00000000e6c00000,0x00000000e6c28000,0x00000000e6d00000)
  to   space 1024K, 0% used [0x00000000e6d00000,0x00000000e6d00000,0x00000000e6e00000)
 ParOldGen       total 84992K, used 520K [0x0000000085c00000, 0x000000008af00000, 0x00000000d7400000)
  object space 84992K, 0% used [0x0000000085c00000,0x0000000085c82070,0x000000008af00000)
 Metaspace       used 4286K, capacity 4850K, committed 4992K, reserved 1056768K
  class space    used 469K, capacity 535K, committed 640K, reserved 1048576K

Card table byte_map: [0x00007f8c8886d000,0x00007f8c88c40000] byte_map_base: 0x00007f8c8843f000

Marking Bits: (ParMarkBitMap*) 0x00007f8c9e9022c0
 Begin Bits: [0x00007f8c840b9000, 0x00007f8c85f49000)
 End Bits:   [0x00007f8c85f49000, 0x00007f8c87dd9000)

Polling page: 0x00007f8c9f755000

CodeCache: size=245760Kb used=1652Kb max_used=1671Kb free=244107Kb
 bounds [0x00007f8c89000000, 0x00007f8c89270000, 0x00007f8c98000000]
 total_blobs=519 nmethods=259 adapters=175
 compilation: enabled

Compilation events (10 events):
Event: 3,168 Thread 0x00007f8c98201000 nmethod 58 0x00007f8c8919aed0 code [0x00007f8c8919b580, 0x00007f8c8919f070]
Event: 3,740 Thread 0x00007f8c98205800  257       3       java.util.HashMap::getNode (148 bytes)
Event: 3,741 Thread 0x00007f8c98205800 nmethod 257 0x00007f8c8919a090 code [0x00007f8c8919a260, 0x00007f8c8919abe8]
Event: 3,962 Thread 0x00007f8c98205800  259       1       LeaderElectionAdHocNet.MainNode::getId (5 bytes)
Event: 3,962 Thread 0x00007f8c98205800 nmethod 259 0x00007f8c89199a50 code [0x00007f8c89199ba0, 0x00007f8c89199cb0]
Event: 4,148 Thread 0x00007f8c98205800  260       1       LeaderElectionAdHocNet.MainNode::getLid (5 bytes)
Event: 4,148 Thread 0x00007f8c98205800 nmethod 260 0x00007f8c89199790 code [0x00007f8c891998e0, 0x00007f8c891999f0]
Event: 4,465 Thread 0x00007f8c98205800  261       3       java.util.HashMap::hash (20 bytes)
Event: 4,465 Thread 0x00007f8c98205800 nmethod 261 0x00007f8c89199310 code [0x00007f8c89199480, 0x00007f8c891996c8]
Event: 8,072 Thread 0x00007f8c98205800  262       3       java.lang.Integer::stringSize (21 bytes)

GC Heap History (10 events):
Event: 2,487 GC heap after
Heap after GC invocations=2 (full 0):
 PSYoungGen      total 68608K, used 496K [0x00000000d7400000, 0x00000000dbc00000, 0x0000000100000000)
  eden space 63488K, 0% used [0x00000000d7400000,0x00000000d7400000,0x00000000db200000)
  from space 5120K, 9% used [0x00000000db700000,0x00000000db77c030,0x00000000dbc00000)
  to   space 5120K, 0% used [0x00000000db200000,0x00000000db200000,0x00000000db700000)
 ParOldGen       total 84992K, used 0K [0x0000000085c00000, 0x000000008af00000, 0x00000000d7400000)
  object space 84992K, 0% used [0x0000000085c00000,0x0000000085c00000,0x000000008af00000)
 Metaspace       used 3914K, capacity 4742K, committed 4864K, reserved 1056768K
  class space    used 417K, capacity 483K, committed 512K, reserved 1048576K
}
Event: 3,026 GC heap before
{Heap before GC invocations=3 (full 0):
 PSYoungGen      total 68608K, used 63984K [0x00000000d7400000, 0x00000000dbc00000, 0x0000000100000000)
  eden space 63488K, 100% used [0x00000000d7400000,0x00000000db200000,0x00000000db200000)
  from space 5120K, 9% used [0x00000000db700000,0x00000000db77c030,0x00000000dbc00000)
  to   space 5120K, 0% used [0x00000000db200000,0x00000000db200000,0x00000000db700000)
 ParOldGen       total 84992K, used 0K [0x0000000085c00000, 0x000000008af00000, 0x00000000d7400000)
  object space 84992K, 0% used [0x0000000085c00000,0x0000000085c00000,0x000000008af00000)
 Metaspace       used 4182K, capacity 4838K, committed 4992K, reserved 1056768K
  class space    used 457K, capacity 531K, committed 640K, reserved 1048576K
Event: 3,077 GC heap after
Heap after GC invocations=3 (full 0):
 PSYoungGen      total 68608K, used 624K [0x00000000d7400000, 0x00000000dfa00000, 0x0000000100000000)
  eden space 63488K, 0% used [0x00000000d7400000,0x00000000d7400000,0x00000000db200000)
  from space 5120K, 12% used [0x00000000db200000,0x00000000db29c010,0x00000000db700000)
  to   space 5120K, 0% used [0x00000000df500000,0x00000000df500000,0x00000000dfa00000)
 ParOldGen       total 84992K, used 8K [0x0000000085c00000, 0x000000008af00000, 0x00000000d7400000)
  object space 84992K, 0% used [0x0000000085c00000,0x0000000085c02000,0x000000008af00000)
 Metaspace       used 4182K, capacity 4838K, committed 4992K, reserved 1056768K
  class space    used 457K, capacity 531K, committed 640K, reserved 1048576K
}
Event: 3,364 GC heap before
{Heap before GC invocations=4 (full 0):
 PSYoungGen      total 68608K, used 64112K [0x00000000d7400000, 0x00000000dfa00000, 0x0000000100000000)
  eden space 63488K, 100% used [0x00000000d7400000,0x00000000db200000,0x00000000db200000)
  from space 5120K, 12% used [0x00000000db200000,0x00000000db29c010,0x00000000db700000)
  to   space 5120K, 0% used [0x00000000df500000,0x00000000df500000,0x00000000dfa00000)
 ParOldGen       total 84992K, used 8K [0x0000000085c00000, 0x000000008af00000, 0x00000000d7400000)
  object space 84992K, 0% used [0x0000000085c00000,0x0000000085c02000,0x000000008af00000)
 Metaspace       used 4285K, capacity 4850K, committed 4992K, reserved 1056768K
  class space    used 469K, capacity 535K, committed 640K, reserved 1048576K
Event: 3,375 GC heap after
Heap after GC invocations=4 (full 0):
 PSYoungGen      total 132096K, used 592K [0x00000000d7400000, 0x00000000dfa00000, 0x0000000100000000)
  eden space 126976K, 0% used [0x00000000d7400000,0x00000000d7400000,0x00000000df000000)
  from space 5120K, 11% used [0x00000000df500000,0x00000000df594010,0x00000000dfa00000)
  to   space 5120K, 0% used [0x00000000df000000,0x00000000df000000,0x00000000df500000)
 ParOldGen       total 84992K, used 8K [0x0000000085c00000, 0x000000008af00000, 0x00000000d7400000)
  object space 84992K, 0% used [0x0000000085c00000,0x0000000085c02000,0x000000008af00000)
 Metaspace       used 4285K, capacity 4850K, committed 4992K, reserved 1056768K
  class space    used 469K, capacity 535K, committed 640K, reserved 1048576K
}
Event: 4,063 GC heap before
{Heap before GC invocations=5 (full 0):
 PSYoungGen      total 132096K, used 127568K [0x00000000d7400000, 0x00000000dfa00000, 0x0000000100000000)
  eden space 126976K, 100% used [0x00000000d7400000,0x00000000df000000,0x00000000df000000)
  from space 5120K, 11% used [0x00000000df500000,0x00000000df594010,0x00000000dfa00000)
  to   space 5120K, 0% used [0x00000000df000000,0x00000000df000000,0x00000000df500000)
 ParOldGen       total 84992K, used 8K [0x0000000085c00000, 0x000000008af00000, 0x00000000d7400000)
  object space 84992K, 0% used [0x0000000085c00000,0x0000000085c02000,0x000000008af00000)
 Metaspace       used 4286K, capacity 4850K, committed 4992K, reserved 1056768K
  class space    used 469K, capacity 535K, committed 640K, reserved 1048576K
Event: 4,146 GC heap after
Heap after GC invocations=5 (full 0):
 PSYoungGen      total 132096K, used 624K [0x00000000d7400000, 0x00000000e6e00000, 0x0000000100000000)
  eden space 126976K, 0% used [0x00000000d7400000,0x00000000d7400000,0x00000000df000000)
  from space 5120K, 12% used [0x00000000df000000,0x00000000df09c030,0x00000000df500000)
  to   space 1024K, 0% used [0x00000000e6d00000,0x00000000e6d00000,0x00000000e6e00000)
 ParOldGen       total 84992K, used 8K [0x0000000085c00000, 0x000000008af00000, 0x00000000d7400000)
  object space 84992K, 0% used [0x0000000085c00000,0x0000000085c02000,0x000000008af00000)
 Metaspace       used 4286K, capacity 4850K, committed 4992K, reserved 1056768K
  class space    used 469K, capacity 535K, committed 640K, reserved 1048576K
}
Event: 4,572 GC heap before
{Heap before GC invocations=6 (full 0):
 PSYoungGen      total 132096K, used 127600K [0x00000000d7400000, 0x00000000e6e00000, 0x0000000100000000)
  eden space 126976K, 100% used [0x00000000d7400000,0x00000000df000000,0x00000000df000000)
  from space 5120K, 12% used [0x00000000df000000,0x00000000df09c030,0x00000000df500000)
  to   space 1024K, 0% used [0x00000000e6d00000,0x00000000e6d00000,0x00000000e6e00000)
 ParOldGen       total 84992K, used 8K [0x0000000085c00000, 0x000000008af00000, 0x00000000d7400000)
  object space 84992K, 0% used [0x0000000085c00000,0x0000000085c02000,0x000000008af00000)
 Metaspace       used 4286K, capacity 4850K, committed 4992K, reserved 1056768K
  class space    used 469K, capacity 535K, committed 640K, reserved 1048576K
Event: 4,624 GC heap after
Heap after GC invocations=6 (full 0):
 PSYoungGen      total 254976K, used 624K [0x00000000d7400000, 0x00000000e6e00000, 0x0000000100000000)
  eden space 253952K, 0% used [0x00000000d7400000,0x00000000d7400000,0x00000000e6c00000)
  from space 1024K, 60% used [0x00000000e6d00000,0x00000000e6d9c010,0x00000000e6e00000)
  to   space 1024K, 0% used [0x00000000e6c00000,0x00000000e6c00000,0x00000000e6d00000)
 ParOldGen       total 84992K, used 8K [0x0000000085c00000, 0x000000008af00000, 0x00000000d7400000)
  object space 84992K, 0% used [0x0000000085c00000,0x0000000085c02000,0x000000008af00000)
 Metaspace       used 4286K, capacity 4850K, committed 4992K, reserved 1056768K
  class space    used 469K, capacity 535K, committed 640K, reserved 1048576K
}
Event: 10,230 GC heap before
{Heap before GC invocations=7 (full 0):
 PSYoungGen      total 254976K, used 254576K [0x00000000d7400000, 0x00000000e6e00000, 0x0000000100000000)
  eden space 253952K, 100% used [0x00000000d7400000,0x00000000e6c00000,0x00000000e6c00000)
  from space 1024K, 60% used [0x00000000e6d00000,0x00000000e6d9c010,0x00000000e6e00000)
  to   space 1024K, 0% used [0x00000000e6c00000,0x00000000e6c00000,0x00000000e6d00000)
 ParOldGen       total 84992K, used 8K [0x0000000085c00000, 0x000000008af00000, 0x00000000d7400000)
  object space 84992K, 0% used [0x0000000085c00000,0x0000000085c02000,0x000000008af00000)
 Metaspace       used 4286K, capacity 4850K, committed 4992K, reserved 1056768K
  class space    used 469K, capacity 535K, committed 640K, reserved 1048576K

Deoptimization events (3 events):
Event: 1,382 Thread 0x00007f8c9829c000 Uncommon trap: reason=unstable_if action=reinterpret pc=0x00007f8c8911abc8 method=LeaderElectionAdHocNet.ThreadPerformance.run()V @ 14
Event: 1,987 Thread 0x00007f8c9800a000 Uncommon trap: reason=unstable_if action=reinterpret pc=0x00007f8c8911b074 method=java.util.HashMap.isEmpty()Z @ 4
Event: 2,027 Thread 0x00007f8c9829c000 Uncommon trap: reason=unstable_if action=reinterpret pc=0x00007f8c8911bc50 method=LeaderElectionAdHocNet.ThreadPerformance.run()V @ 38

Internal exceptions (4 events):
Event: 0,076 Thread 0x00007f8c9800a000 Exception <a 'java/lang/NoSuchMethodError': Method sun.misc.Unsafe.defineClass(Ljava/lang/String;[BII)Ljava/lang/Class; name or signature does not match> (0x00000000d7407ca8) thrown at [/build/openjdk-8-W2Qe27/openjdk-8-8u151-b12/src/hotspot/src/share/vm/
Event: 0,076 Thread 0x00007f8c9800a000 Exception <a 'java/lang/NoSuchMethodError': Method sun.misc.Unsafe.prefetchRead(Ljava/lang/Object;J)V name or signature does not match> (0x00000000d7407f90) thrown at [/build/openjdk-8-W2Qe27/openjdk-8-8u151-b12/src/hotspot/src/share/vm/prims/jni.cpp, lin
Event: 2,783 Thread 0x00007f8c982a1000 Exception <a 'java/lang/NoSuchFieldError': method resolution failed> (0x00000000d9678558) thrown at [/build/openjdk-8-W2Qe27/openjdk-8-8u151-b12/src/hotspot/src/share/vm/prims/methodHandles.cpp, line 1146]
Event: 2,785 Thread 0x00007f8c982a1000 Exception <a 'java/lang/NoSuchFieldError': method resolution failed> (0x00000000d9685ee8) thrown at [/build/openjdk-8-W2Qe27/openjdk-8-8u151-b12/src/hotspot/src/share/vm/prims/methodHandles.cpp, line 1146]

Events (10 events):
Event: 3,092 loading class java/lang/invoke/InnerClassLambdaMetafactory$ForwardingMethodGenerator done
Event: 3,340 Executing VM operation: ParallelGCFailedAllocation
Event: 3,375 Executing VM operation: ParallelGCFailedAllocation done
Event: 4,017 Executing VM operation: ParallelGCFailedAllocation
Event: 4,146 Executing VM operation: ParallelGCFailedAllocation done
Event: 4,246 Executing VM operation: EnableBiasedLocking
Event: 4,282 Executing VM operation: EnableBiasedLocking done
Event: 4,560 Executing VM operation: ParallelGCFailedAllocation
Event: 4,624 Executing VM operation: ParallelGCFailedAllocation done
Event: 9,938 Executing VM operation: ParallelGCFailedAllocation


Dynamic libraries:
00400000-00401000 r-xp 00000000 08:12 6694585                            /usr/lib/jvm/java-8-openjdk-amd64/jre/bin/java
00600000-00601000 r--p 00000000 08:12 6694585                            /usr/lib/jvm/java-8-openjdk-amd64/jre/bin/java
00601000-00602000 rw-p 00001000 08:12 6694585                            /usr/lib/jvm/java-8-openjdk-amd64/jre/bin/java
00da0000-00dc1000 rw-p 00000000 00:00 0                                  [heap]
85c00000-8af00000 rw-p 00000000 00:00 0 
8af00000-d7400000 ---p 00000000 00:00 0 
d7400000-e6e00000 rw-p 00000000 00:00 0 
f6600000-100000000 ---p 00000000 00:00 0 
100000000-1000a0000 rw-p 00000000 00:00 0 
1000a0000-140000000 ---p 00000000 00:00 0 
7f8c10000000-7f8c10035000 rw-p 00000000 00:00 0 
7f8c10035000-7f8c14000000 ---p 00000000 00:00 0 
7f8c14000000-7f8c14021000 rw-p 00000000 00:00 0 
7f8c14021000-7f8c18000000 ---p 00000000 00:00 0 
7f8c18000000-7f8c18021000 rw-p 00000000 00:00 0 
7f8c18021000-7f8c1c000000 ---p 00000000 00:00 0 
7f8c1c000000-7f8c1c021000 rw-p 00000000 00:00 0 
7f8c1c021000-7f8c20000000 ---p 00000000 00:00 0 
7f8c20000000-7f8c20021000 rw-p 00000000 00:00 0 
7f8c20021000-7f8c24000000 ---p 00000000 00:00 0 
7f8c24000000-7f8c24021000 rw-p 00000000 00:00 0 
7f8c24021000-7f8c28000000 ---p 00000000 00:00 0 
7f8c2bbfc000-7f8c2bbff000 ---p 00000000 00:00 0 
7f8c2bbff000-7f8c2bcfd000 rw-p 00000000 00:00 0 
7f8c2bcfd000-7f8c2bd00000 ---p 00000000 00:00 0 
7f8c2bd00000-7f8c2bdfe000 rw-p 00000000 00:00 0 
7f8c2bdfe000-7f8c2be01000 ---p 00000000 00:00 0 
7f8c2be01000-7f8c2beff000 rw-p 00000000 00:00 0 
7f8c2beff000-7f8c2bf02000 ---p 00000000 00:00 0 
7f8c2bf02000-7f8c2c000000 rw-p 00000000 00:00 0 
7f8c2c000000-7f8c2c021000 rw-p 00000000 00:00 0 
7f8c2c021000-7f8c30000000 ---p 00000000 00:00 0 
7f8c30000000-7f8c30021000 rw-p 00000000 00:00 0 
7f8c30021000-7f8c34000000 ---p 00000000 00:00 0 
7f8c34000000-7f8c34021000 rw-p 00000000 00:00 0 
7f8c34021000-7f8c38000000 ---p 00000000 00:00 0 
7f8c38000000-7f8c38021000 rw-p 00000000 00:00 0 
7f8c38021000-7f8c3c000000 ---p 00000000 00:00 0 
7f8c3c000000-7f8c3c327000 rw-p 00000000 00:00 0 
7f8c3c327000-7f8c40000000 ---p 00000000 00:00 0 
7f8c40000000-7f8c40021000 rw-p 00000000 00:00 0 
7f8c40021000-7f8c44000000 ---p 00000000 00:00 0 
7f8c44000000-7f8c442a8000 rw-p 00000000 00:00 0 
7f8c442a8000-7f8c48000000 ---p 00000000 00:00 0 
7f8c48000000-7f8c48393000 rw-p 00000000 00:00 0 
7f8c48393000-7f8c4c000000 ---p 00000000 00:00 0 
7f8c4c000000-7f8c4c021000 rw-p 00000000 00:00 0 
7f8c4c021000-7f8c50000000 ---p 00000000 00:00 0 
7f8c50000000-7f8c50370000 rw-p 00000000 00:00 0 
7f8c50370000-7f8c54000000 ---p 00000000 00:00 0 
7f8c54000000-7f8c54021000 rw-p 00000000 00:00 0 
7f8c54021000-7f8c58000000 ---p 00000000 00:00 0 
7f8c58000000-7f8c58021000 rw-p 00000000 00:00 0 
7f8c58021000-7f8c5c000000 ---p 00000000 00:00 0 
7f8c5c000000-7f8c5c021000 rw-p 00000000 00:00 0 
7f8c5c021000-7f8c60000000 ---p 00000000 00:00 0 
7f8c60000000-7f8c60021000 rw-p 00000000 00:00 0 
7f8c60021000-7f8c64000000 ---p 00000000 00:00 0 
7f8c64000000-7f8c64021000 rw-p 00000000 00:00 0 
7f8c64021000-7f8c68000000 ---p 00000000 00:00 0 
7f8c68000000-7f8c68021000 rw-p 00000000 00:00 0 
7f8c68021000-7f8c6c000000 ---p 00000000 00:00 0 
7f8c6c000000-7f8c6c021000 rw-p 00000000 00:00 0 
7f8c6c021000-7f8c70000000 ---p 00000000 00:00 0 
7f8c70000000-7f8c70021000 rw-p 00000000 00:00 0 
7f8c70021000-7f8c74000000 ---p 00000000 00:00 0 
7f8c74000000-7f8c74021000 rw-p 00000000 00:00 0 
7f8c74021000-7f8c78000000 ---p 00000000 00:00 0 
7f8c78000000-7f8c78021000 rw-p 00000000 00:00 0 
7f8c78021000-7f8c7c000000 ---p 00000000 00:00 0 
7f8c7c000000-7f8c7c021000 rw-p 00000000 00:00 0 
7f8c7c021000-7f8c80000000 ---p 00000000 00:00 0 
7f8c800d5000-7f8c800dc000 r--s 00000000 08:12 6694033                    /usr/lib/x86_64-linux-gnu/gconv/gconv-modules.cache
7f8c800dc000-7f8c800f5000 r--p 00000000 08:12 7864371                    /usr/share/locale-langpack/pt/LC_MESSAGES/libc.mo
7f8c800f5000-7f8c800f8000 ---p 00000000 00:00 0 
7f8c800f8000-7f8c801f6000 rw-p 00000000 00:00 0 
7f8c801f6000-7f8c801f9000 ---p 00000000 00:00 0 
7f8c801f9000-7f8c802f7000 rw-p 00000000 00:00 0 
7f8c802f7000-7f8c802fa000 ---p 00000000 00:00 0 
7f8c802fa000-7f8c803f8000 rw-p 00000000 00:00 0 
7f8c803f8000-7f8c803fb000 ---p 00000000 00:00 0 
7f8c803fb000-7f8c804f9000 rw-p 00000000 00:00 0 
7f8c804f9000-7f8c804fc000 ---p 00000000 00:00 0 
7f8c804fc000-7f8c808fb000 rw-p 00000000 00:00 0 
7f8c808fb000-7f8c80912000 r-xp 00000000 08:12 6694551                    /usr/lib/jvm/java-8-openjdk-amd64/jre/lib/amd64/libnet.so
7f8c80912000-7f8c80b11000 ---p 00017000 08:12 6694551                    /usr/lib/jvm/java-8-openjdk-amd64/jre/lib/amd64/libnet.so
7f8c80b11000-7f8c80b12000 r--p 00016000 08:12 6694551                    /usr/lib/jvm/java-8-openjdk-amd64/jre/lib/amd64/libnet.so
7f8c80b12000-7f8c80b13000 rw-p 00017000 08:12 6694551                    /usr/lib/jvm/java-8-openjdk-amd64/jre/lib/amd64/libnet.so
7f8c80b13000-7f8c80b19000 r--s 0003a000 08:12 6819837                    /usr/lib/jvm/java-8-openjdk-amd64/jre/lib/ext/sunjce_provider.jar
7f8c80b19000-7f8c80b1a000 ---p 00000000 00:00 0 
7f8c80b1a000-7f8c80c1a000 rw-p 00000000 00:00 0 
7f8c80c1a000-7f8c80c1d000 ---p 00000000 00:00 0 
7f8c80c1d000-7f8c80d1b000 rw-p 00000000 00:00 0 
7f8c80d1b000-7f8c80d1e000 ---p 00000000 00:00 0 
7f8c80d1e000-7f8c80e1c000 rw-p 00000000 00:00 0 
7f8c80e1c000-7f8c80e1f000 ---p 00000000 00:00 0 
7f8c80e1f000-7f8c80f1d000 rw-p 00000000 00:00 0 
7f8c80f1d000-7f8c80f20000 ---p 00000000 00:00 0 
7f8c80f20000-7f8c8101e000 rw-p 00000000 00:00 0 
7f8c8101e000-7f8c81021000 ---p 00000000 00:00 0 
7f8c81021000-7f8c8111f000 rw-p 00000000 00:00 0 
7f8c8111f000-7f8c81122000 ---p 00000000 00:00 0 
7f8c81122000-7f8c81220000 rw-p 00000000 00:00 0 
7f8c81220000-7f8c814fa000 r--p 00000000 08:12 6427629                    /usr/lib/locale/locale-archive
7f8c814fa000-7f8c814fd000 ---p 00000000 00:00 0 
7f8c814fd000-7f8c815fb000 rw-p 00000000 00:00 0 
7f8c815fb000-7f8c815fe000 ---p 00000000 00:00 0 
7f8c815fe000-7f8c816fc000 rw-p 00000000 00:00 0 
7f8c816fc000-7f8c816fd000 ---p 00000000 00:00 0 
7f8c816fd000-7f8c83318000 rw-p 00000000 00:00 0 
7f8c83318000-7f8c834e7000 r--s 03c21000 08:12 6694521                    /usr/lib/jvm/java-8-openjdk-amd64/jre/lib/rt.jar
7f8c834e7000-7f8c83927000 rw-p 00000000 00:00 0 
7f8c83927000-7f8c83ce7000 ---p 00000000 00:00 0 
7f8c83ce7000-7f8c87dd9000 rw-p 00000000 00:00 0 
7f8c87dd9000-7f8c87dda000 ---p 00000000 00:00 0 
7f8c87dda000-7f8c87eda000 rw-p 00000000 00:00 0 
7f8c87eda000-7f8c87edb000 ---p 00000000 00:00 0 
7f8c87edb000-7f8c87fdb000 rw-p 00000000 00:00 0 
7f8c87fdb000-7f8c87fdc000 ---p 00000000 00:00 0 
7f8c87fdc000-7f8c880dc000 rw-p 00000000 00:00 0 
7f8c880dc000-7f8c880dd000 ---p 00000000 00:00 0 
7f8c880dd000-7f8c881dd000 rw-p 00000000 00:00 0 
7f8c881dd000-7f8c881de000 ---p 00000000 00:00 0 
7f8c881de000-7f8c882de000 rw-p 00000000 00:00 0 
7f8c882de000-7f8c882df000 ---p 00000000 00:00 0 
7f8c882df000-7f8c883df000 rw-p 00000000 00:00 0 
7f8c883df000-7f8c883e0000 ---p 00000000 00:00 0 
7f8c883e0000-7f8c884e0000 rw-p 00000000 00:00 0 
7f8c884e0000-7f8c884e1000 ---p 00000000 00:00 0 
7f8c884e1000-7f8c8860b000 rw-p 00000000 00:00 0 
7f8c8860b000-7f8c8886d000 ---p 00000000 00:00 0 
7f8c8886d000-7f8c88897000 rw-p 00000000 00:00 0 
7f8c88897000-7f8c88af9000 ---p 00000000 00:00 0 
7f8c88af9000-7f8c88b76000 rw-p 00000000 00:00 0 
7f8c88b76000-7f8c88c3f000 ---p 00000000 00:00 0 
7f8c88c3f000-7f8c88c4a000 rw-p 00000000 00:00 0 
7f8c88c4a000-7f8c89000000 ---p 00000000 00:00 0 
7f8c89000000-7f8c89270000 rwxp 00000000 00:00 0 
7f8c89270000-7f8c98000000 ---p 00000000 00:00 0 
7f8c98000000-7f8c982a8000 rw-p 00000000 00:00 0 
7f8c982a8000-7f8c9c000000 ---p 00000000 00:00 0 
7f8c9c003000-7f8c9c01e000 r--s 001d6000 08:12 6819836                    /usr/lib/jvm/java-8-openjdk-amd64/jre/lib/ext/nashorn.jar
7f8c9c01e000-7f8c9c039000 r--s 00394000 08:12 6819834                    /usr/lib/jvm/java-8-openjdk-amd64/jre/lib/ext/cldrdata.jar
7f8c9c039000-7f8c9c0af000 rw-p 00000000 00:00 0 
7f8c9c0af000-7f8c9c0b7000 r-xp 00000000 08:12 6694557                    /usr/lib/jvm/java-8-openjdk-amd64/jre/lib/amd64/libzip.so
7f8c9c0b7000-7f8c9c2b6000 ---p 00008000 08:12 6694557                    /usr/lib/jvm/java-8-openjdk-amd64/jre/lib/amd64/libzip.so
7f8c9c2b6000-7f8c9c2b7000 r--p 00007000 08:12 6694557                    /usr/lib/jvm/java-8-openjdk-amd64/jre/lib/amd64/libzip.so
7f8c9c2b7000-7f8c9c2b8000 rw-p 00008000 08:12 6694557                    /usr/lib/jvm/java-8-openjdk-amd64/jre/lib/amd64/libzip.so
7f8c9c2b8000-7f8c9c2c3000 r-xp 00000000 08:12 524485                     /lib/x86_64-linux-gnu/libnss_files-2.23.so
7f8c9c2c3000-7f8c9c4c2000 ---p 0000b000 08:12 524485                     /lib/x86_64-linux-gnu/libnss_files-2.23.so
7f8c9c4c2000-7f8c9c4c3000 r--p 0000a000 08:12 524485                     /lib/x86_64-linux-gnu/libnss_files-2.23.so
7f8c9c4c3000-7f8c9c4c4000 rw-p 0000b000 08:12 524485                     /lib/x86_64-linux-gnu/libnss_files-2.23.so
7f8c9c4c4000-7f8c9c4ca000 rw-p 00000000 00:00 0 
7f8c9c4ca000-7f8c9c4d5000 r-xp 00000000 08:12 524488                     /lib/x86_64-linux-gnu/libnss_nis-2.23.so
7f8c9c4d5000-7f8c9c6d4000 ---p 0000b000 08:12 524488                     /lib/x86_64-linux-gnu/libnss_nis-2.23.so
7f8c9c6d4000-7f8c9c6d5000 r--p 0000a000 08:12 524488                     /lib/x86_64-linux-gnu/libnss_nis-2.23.so
7f8c9c6d5000-7f8c9c6d6000 rw-p 0000b000 08:12 524488                     /lib/x86_64-linux-gnu/libnss_nis-2.23.so
7f8c9c6d6000-7f8c9c6ec000 r-xp 00000000 08:12 524481                     /lib/x86_64-linux-gnu/libnsl-2.23.so
7f8c9c6ec000-7f8c9c8eb000 ---p 00016000 08:12 524481                     /lib/x86_64-linux-gnu/libnsl-2.23.so
7f8c9c8eb000-7f8c9c8ec000 r--p 00015000 08:12 524481                     /lib/x86_64-linux-gnu/libnsl-2.23.so
7f8c9c8ec000-7f8c9c8ed000 rw-p 00016000 08:12 524481                     /lib/x86_64-linux-gnu/libnsl-2.23.so
7f8c9c8ed000-7f8c9c8ef000 rw-p 00000000 00:00 0 
7f8c9c8ef000-7f8c9c8f7000 r-xp 00000000 08:12 524494                     /lib/x86_64-linux-gnu/libnss_compat-2.23.so
7f8c9c8f7000-7f8c9caf6000 ---p 00008000 08:12 524494                     /lib/x86_64-linux-gnu/libnss_compat-2.23.so
7f8c9caf6000-7f8c9caf7000 r--p 00007000 08:12 524494                     /lib/x86_64-linux-gnu/libnss_compat-2.23.so
7f8c9caf7000-7f8c9caf8000 rw-p 00008000 08:12 524494                     /lib/x86_64-linux-gnu/libnss_compat-2.23.so
7f8c9caf8000-7f8c9cb25000 r-xp 00000000 08:12 6694540                    /usr/lib/jvm/java-8-openjdk-amd64/jre/lib/amd64/libjava.so
7f8c9cb25000-7f8c9cd24000 ---p 0002d000 08:12 6694540                    /usr/lib/jvm/java-8-openjdk-amd64/jre/lib/amd64/libjava.so
7f8c9cd24000-7f8c9cd25000 r--p 0002c000 08:12 6694540                    /usr/lib/jvm/java-8-openjdk-amd64/jre/lib/amd64/libjava.so
7f8c9cd25000-7f8c9cd27000 rw-p 0002d000 08:12 6694540                    /usr/lib/jvm/java-8-openjdk-amd64/jre/lib/amd64/libjava.so
7f8c9cd27000-7f8c9cd36000 r-xp 00000000 08:12 6694555                    /usr/lib/jvm/java-8-openjdk-amd64/jre/lib/amd64/libverify.so
7f8c9cd36000-7f8c9cf35000 ---p 0000f000 08:12 6694555                    /usr/lib/jvm/java-8-openjdk-amd64/jre/lib/amd64/libverify.so
7f8c9cf35000-7f8c9cf37000 r--p 0000e000 08:12 6694555                    /usr/lib/jvm/java-8-openjdk-amd64/jre/lib/amd64/libverify.so
7f8c9cf37000-7f8c9cf38000 rw-p 00010000 08:12 6694555                    /usr/lib/jvm/java-8-openjdk-amd64/jre/lib/amd64/libverify.so
7f8c9cf38000-7f8c9cf3f000 r-xp 00000000 08:12 524490                     /lib/x86_64-linux-gnu/librt-2.23.so
7f8c9cf3f000-7f8c9d13e000 ---p 00007000 08:12 524490                     /lib/x86_64-linux-gnu/librt-2.23.so
7f8c9d13e000-7f8c9d13f000 r--p 00006000 08:12 524490                     /lib/x86_64-linux-gnu/librt-2.23.so
7f8c9d13f000-7f8c9d140000 rw-p 00007000 08:12 524490                     /lib/x86_64-linux-gnu/librt-2.23.so
7f8c9d140000-7f8c9d156000 r-xp 00000000 08:12 528893                     /lib/x86_64-linux-gnu/libgcc_s.so.1
7f8c9d156000-7f8c9d355000 ---p 00016000 08:12 528893                     /lib/x86_64-linux-gnu/libgcc_s.so.1
7f8c9d355000-7f8c9d356000 rw-p 00015000 08:12 528893                     /lib/x86_64-linux-gnu/libgcc_s.so.1
7f8c9d356000-7f8c9d45e000 r-xp 00000000 08:12 524499                     /lib/x86_64-linux-gnu/libm-2.23.so
7f8c9d45e000-7f8c9d65d000 ---p 00108000 08:12 524499                     /lib/x86_64-linux-gnu/libm-2.23.so
7f8c9d65d000-7f8c9d65e000 r--p 00107000 08:12 524499                     /lib/x86_64-linux-gnu/libm-2.23.so
7f8c9d65e000-7f8c9d65f000 rw-p 00108000 08:12 524499                     /lib/x86_64-linux-gnu/libm-2.23.so
7f8c9d65f000-7f8c9d7d1000 r-xp 00000000 08:12 6440244                    /usr/lib/x86_64-linux-gnu/libstdc++.so.6.0.21
7f8c9d7d1000-7f8c9d9d1000 ---p 00172000 08:12 6440244                    /usr/lib/x86_64-linux-gnu/libstdc++.so.6.0.21
7f8c9d9d1000-7f8c9d9db000 r--p 00172000 08:12 6440244                    /usr/lib/x86_64-linux-gnu/libstdc++.so.6.0.21
7f8c9d9db000-7f8c9d9dd000 rw-p 0017c000 08:12 6440244                    /usr/lib/x86_64-linux-gnu/libstdc++.so.6.0.21
7f8c9d9dd000-7f8c9d9e1000 rw-p 00000000 00:00 0 
7f8c9d9e1000-7f8c9e633000 r-xp 00000000 08:12 6694550                    /usr/lib/jvm/java-8-openjdk-amd64/jre/lib/amd64/server/libjvm.so
7f8c9e633000-7f8c9e833000 ---p 00c52000 08:12 6694550                    /usr/lib/jvm/java-8-openjdk-amd64/jre/lib/amd64/server/libjvm.so
7f8c9e833000-7f8c9e8c6000 r--p 00c52000 08:12 6694550                    /usr/lib/jvm/java-8-openjdk-amd64/jre/lib/amd64/server/libjvm.so
7f8c9e8c6000-7f8c9e8ef000 rw-p 00ce5000 08:12 6694550                    /usr/lib/jvm/java-8-openjdk-amd64/jre/lib/amd64/server/libjvm.so
7f8c9e8ef000-7f8c9e91f000 rw-p 00000000 00:00 0 
7f8c9e91f000-7f8c9e937000 r-xp 00000000 08:12 524487                     /lib/x86_64-linux-gnu/libpthread-2.23.so
7f8c9e937000-7f8c9eb36000 ---p 00018000 08:12 524487                     /lib/x86_64-linux-gnu/libpthread-2.23.so
7f8c9eb36000-7f8c9eb37000 r--p 00017000 08:12 524487                     /lib/x86_64-linux-gnu/libpthread-2.23.so
7f8c9eb37000-7f8c9eb38000 rw-p 00018000 08:12 524487                     /lib/x86_64-linux-gnu/libpthread-2.23.so
7f8c9eb38000-7f8c9eb3c000 rw-p 00000000 00:00 0 
7f8c9eb3c000-7f8c9eb3f000 r-xp 00000000 08:12 524493                     /lib/x86_64-linux-gnu/libdl-2.23.so
7f8c9eb3f000-7f8c9ed3e000 ---p 00003000 08:12 524493                     /lib/x86_64-linux-gnu/libdl-2.23.so
7f8c9ed3e000-7f8c9ed3f000 r--p 00002000 08:12 524493                     /lib/x86_64-linux-gnu/libdl-2.23.so
7f8c9ed3f000-7f8c9ed40000 rw-p 00003000 08:12 524493                     /lib/x86_64-linux-gnu/libdl-2.23.so
7f8c9ed40000-7f8c9ed59000 r-xp 00000000 08:12 524472                     /lib/x86_64-linux-gnu/libz.so.1.2.8
7f8c9ed59000-7f8c9ef58000 ---p 00019000 08:12 524472                     /lib/x86_64-linux-gnu/libz.so.1.2.8
7f8c9ef58000-7f8c9ef59000 r--p 00018000 08:12 524472                     /lib/x86_64-linux-gnu/libz.so.1.2.8
7f8c9ef59000-7f8c9ef5a000 rw-p 00019000 08:12 524472                     /lib/x86_64-linux-gnu/libz.so.1.2.8
7f8c9ef5a000-7f8c9f11a000 r-xp 00000000 08:12 524504                     /lib/x86_64-linux-gnu/libc-2.23.so
7f8c9f11a000-7f8c9f31a000 ---p 001c0000 08:12 524504                     /lib/x86_64-linux-gnu/libc-2.23.so
7f8c9f31a000-7f8c9f31e000 r--p 001c0000 08:12 524504                     /lib/x86_64-linux-gnu/libc-2.23.so
7f8c9f31e000-7f8c9f320000 rw-p 001c4000 08:12 524504                     /lib/x86_64-linux-gnu/libc-2.23.so
7f8c9f320000-7f8c9f324000 rw-p 00000000 00:00 0 
7f8c9f324000-7f8c9f331000 r-xp 00000000 08:12 6694553                    /usr/lib/jvm/java-8-openjdk-amd64/jre/lib/amd64/jli/libjli.so
7f8c9f331000-7f8c9f531000 ---p 0000d000 08:12 6694553                    /usr/lib/jvm/java-8-openjdk-amd64/jre/lib/amd64/jli/libjli.so
7f8c9f531000-7f8c9f532000 r--p 0000d000 08:12 6694553                    /usr/lib/jvm/java-8-openjdk-amd64/jre/lib/amd64/jli/libjli.so
7f8c9f532000-7f8c9f533000 rw-p 0000e000 08:12 6694553                    /usr/lib/jvm/java-8-openjdk-amd64/jre/lib/amd64/jli/libjli.so
7f8c9f533000-7f8c9f559000 r-xp 00000000 08:12 524482                     /lib/x86_64-linux-gnu/ld-2.23.so
7f8c9f55c000-7f8c9f560000 r--s 00037000 08:12 6819841                    /usr/lib/jvm/java-8-openjdk-amd64/jre/lib/ext/sunpkcs11.jar
7f8c9f560000-7f8c9f630000 rw-p 00000000 00:00 0 
7f8c9f630000-7f8c9f633000 ---p 00000000 00:00 0 
7f8c9f633000-7f8c9f736000 rw-p 00000000 00:00 0 
7f8c9f738000-7f8c9f739000 r--s 0000b000 08:12 3018178                    /home/helio/NetBeansProjects/LeaderElectionAdHocNet/dist/LeaderElectionAdHocNet.jar
7f8c9f739000-7f8c9f73a000 r--s 0000a000 08:12 6819842                    /usr/lib/jvm/java-8-openjdk-amd64/jre/lib/ext/jaccess.jar
7f8c9f73a000-7f8c9f73c000 r--s 00001000 08:12 6819843                    /usr/lib/jvm/java-8-openjdk-amd64/jre/lib/ext/dnsns.jar
7f8c9f73c000-7f8c9f73e000 r--s 00008000 08:12 6819838                    /usr/lib/jvm/java-8-openjdk-amd64/jre/lib/ext/sunec.jar
7f8c9f73e000-7f8c9f748000 r--s 00116000 08:12 6819840                    /usr/lib/jvm/java-8-openjdk-amd64/jre/lib/ext/localedata.jar
7f8c9f748000-7f8c9f74b000 r--s 0000f000 08:12 6817999                    /usr/lib/jvm/java-8-openjdk-amd64/jre/lib/ext/icedtea-sound.jar
7f8c9f74b000-7f8c9f74c000 r--s 00010000 08:12 6819835                    /usr/lib/jvm/java-8-openjdk-amd64/jre/lib/ext/zipfs.jar
7f8c9f74c000-7f8c9f754000 rw-s 00000000 08:12 4459050                    /tmp/hsperfdata_helio/7113
7f8c9f754000-7f8c9f755000 rw-p 00000000 00:00 0 
7f8c9f755000-7f8c9f756000 ---p 00000000 00:00 0 
7f8c9f756000-7f8c9f758000 rw-p 00000000 00:00 0 
7f8c9f758000-7f8c9f759000 r--p 00025000 08:12 524482                     /lib/x86_64-linux-gnu/ld-2.23.so
7f8c9f759000-7f8c9f75a000 rw-p 00026000 08:12 524482                     /lib/x86_64-linux-gnu/ld-2.23.so
7f8c9f75a000-7f8c9f75b000 rw-p 00000000 00:00 0 
7ffce5f19000-7ffce5f3a000 rw-p 00000000 00:00 0                          [stack]
7ffce5f62000-7ffce5f64000 r--p 00000000 00:00 0                          [vvar]
7ffce5f64000-7ffce5f66000 r-xp 00000000 00:00 0                          [vdso]
ffffffffff600000-ffffffffff601000 r-xp 00000000 00:00 0                  [vsyscall]

VM Arguments:
java_command: dist/LeaderElectionAdHocNet.jar ./nbproject/configs/Node22.csv
java_class_path (initial): dist/LeaderElectionAdHocNet.jar
Launcher Type: SUN_STANDARD

Environment Variables:
PATH=/usr/local/sbin:/usr/local/bin:/usr/sbin:/usr/bin:/sbin:/bin:/usr/games:/usr/local/games:/snap/bin
SHELL=/bin/bash
DISPLAY=:0

Signal Handlers:
SIGSEGV: [libjvm.so+0xa69040], sa_mask[0]=11111111011111111101111111111110, sa_flags=SA_RESTART|SA_SIGINFO
SIGBUS: [libjvm.so+0xa69040], sa_mask[0]=11111111011111111101111111111110, sa_flags=SA_RESTART|SA_SIGINFO
SIGFPE: [libjvm.so+0x8b2170], sa_mask[0]=11111111011111111101111111111110, sa_flags=SA_RESTART|SA_SIGINFO
SIGPIPE: [libjvm.so+0x8b2170], sa_mask[0]=11111111011111111101111111111110, sa_flags=SA_RESTART|SA_SIGINFO
SIGXFSZ: [libjvm.so+0x8b2170], sa_mask[0]=11111111011111111101111111111110, sa_flags=SA_RESTART|SA_SIGINFO
SIGILL: [libjvm.so+0x8b2170], sa_mask[0]=11111111011111111101111111111110, sa_flags=SA_RESTART|SA_SIGINFO
SIGUSR1: SIG_DFL, sa_mask[0]=00000000000000000000000000000000, sa_flags=none
SIGUSR2: [libjvm.so+0x8b2020], sa_mask[0]=00000000000000000000000000000000, sa_flags=SA_RESTART|SA_SIGINFO
SIGHUP: [libjvm.so+0x8b24f0], sa_mask[0]=11111111011111111101111111111110, sa_flags=SA_RESTART|SA_SIGINFO
SIGINT: [libjvm.so+0x8b24f0], sa_mask[0]=11111111011111111101111111111110, sa_flags=SA_RESTART|SA_SIGINFO
SIGTERM: [libjvm.so+0x8b24f0], sa_mask[0]=11111111011111111101111111111110, sa_flags=SA_RESTART|SA_SIGINFO
SIGQUIT: [libjvm.so+0x8b24f0], sa_mask[0]=11111111011111111101111111111110, sa_flags=SA_RESTART|SA_SIGINFO


---------------  S Y S T E M  ---------------

OS:DISTRIB_ID=Ubuntu
DISTRIB_RELEASE=16.04
DISTRIB_CODENAME=xenial
DISTRIB_DESCRIPTION="Ubuntu 16.04.2 LTS"

uname:Linux 4.4.0-104-generic #127-Ubuntu SMP Mon Dec 11 12:16:42 UTC 2017 x86_64
libc:glibc 2.23 NPTL 2.23 
rlimit: STACK 8192k, CORE 0k, NPROC 31136, NOFILE 65536, AS infinity
load average:31,06 7,81 2,95

/proc/meminfo:
MemTotal:        8011432 kB
MemFree:          553916 kB
MemAvailable:     448904 kB
Buffers:             628 kB
Cached:           770196 kB
SwapCached:            0 kB
Active:          6470356 kB
Inactive:         761068 kB
Active(anon):    6465788 kB
Inactive(anon):   738584 kB
Active(file):       4568 kB
Inactive(file):    22484 kB
Unevictable:         304 kB
Mlocked:             304 kB
SwapTotal:             0 kB
SwapFree:              0 kB
Dirty:               108 kB
Writeback:             0 kB
AnonPages:       6461580 kB
Mapped:           116788 kB
Shmem:            743096 kB
Slab:              89216 kB
SReclaimable:      40996 kB
SUnreclaim:        48220 kB
KernelStack:       16496 kB
PageTables:        51444 kB
NFS_Unstable:          0 kB
Bounce:                0 kB
WritebackTmp:          0 kB
CommitLimit:     4005716 kB
Committed_AS:   14109920 kB
VmallocTotal:   34359738367 kB
VmallocUsed:           0 kB
VmallocChunk:          0 kB
HardwareCorrupted:     0 kB
AnonHugePages:   3129344 kB
CmaTotal:              0 kB
CmaFree:               0 kB
HugePages_Total:       0
HugePages_Free:        0
HugePages_Rsvd:        0
HugePages_Surp:        0
Hugepagesize:       2048 kB
DirectMap4k:      178940 kB
DirectMap2M:     8044544 kB


CPU:total 8 (initial active 8) (4 cores per cpu, 2 threads per core) family 6 model 58 stepping 9, cmov, cx8, fxsr, mmx, sse, sse2, sse3, ssse3, sse4.1, sse4.2, popcnt, avx, aes, clmul, erms, ht, tsc, tscinvbit, tscinv

/proc/cpuinfo:
processor	: 0
vendor_id	: GenuineIntel
cpu family	: 6
model		: 58
model name	: Intel(R) Core(TM) i7-3610QM CPU @ 2.30GHz
stepping	: 9
microcode	: 0x12
cpu MHz		: 1500.121
cache size	: 6144 KB
physical id	: 0
siblings	: 8
core id		: 0
cpu cores	: 4
apicid		: 0
initial apicid	: 0
fpu		: yes
fpu_exception	: yes
cpuid level	: 13
wp		: yes
flags		: fpu vme de pse tsc msr pae mce cx8 apic sep mtrr pge mca cmov pat pse36 clflush dts acpi mmx fxsr sse sse2 ss ht tm pbe syscall nx rdtscp lm constant_tsc arch_perfmon pebs bts rep_good nopl xtopology nonstop_tsc aperfmperf eagerfpu pni pclmulqdq dtes64 monitor ds_cpl vmx est tm2 ssse3 cx16 xtpr pdcm pcid sse4_1 sse4_2 x2apic popcnt tsc_deadline_timer aes xsave avx f16c rdrand lahf_lm epb tpr_shadow vnmi flexpriority ept vpid fsgsbase smep erms xsaveopt dtherm ida arat pln pts
bugs		:
bogomips	: 4589.16
clflush size	: 64
cache_alignment	: 64
address sizes	: 36 bits physical, 48 bits virtual
power management:

processor	: 1
vendor_id	: GenuineIntel
cpu family	: 6
model		: 58
model name	: Intel(R) Core(TM) i7-3610QM CPU @ 2.30GHz
stepping	: 9
microcode	: 0x12
cpu MHz		: 2444.828
cache size	: 6144 KB
physical id	: 0
siblings	: 8
core id		: 0
cpu cores	: 4
apicid		: 1
initial apicid	: 1
fpu		: yes
fpu_exception	: yes
cpuid level	: 13
wp		: yes
flags		: fpu vme de pse tsc msr pae mce cx8 apic sep mtrr pge mca cmov pat pse36 clflush dts acpi mmx fxsr sse sse2 ss ht tm pbe syscall nx rdtscp lm constant_tsc arch_perfmon pebs bts rep_good nopl xtopology nonstop_tsc aperfmperf eagerfpu pni pclmulqdq dtes64 monitor ds_cpl vmx est tm2 ssse3 cx16 xtpr pdcm pcid sse4_1 sse4_2 x2apic popcnt tsc_deadline_timer aes xsave avx f16c rdrand lahf_lm epb tpr_shadow vnmi flexpriority ept vpid fsgsbase smep erms xsaveopt dtherm ida arat pln pts
bugs		:
bogomips	: 4589.16
clflush size	: 64
cache_alignment	: 64
address sizes	: 36 bits physical, 48 bits virtual
power management:

processor	: 2
vendor_id	: GenuineIntel
cpu family	: 6
model		: 58
model name	: Intel(R) Core(TM) i7-3610QM CPU @ 2.30GHz
stepping	: 9
microcode	: 0x12
cpu MHz		: 1675.855
cache size	: 6144 KB
physical id	: 0
siblings	: 8
core id		: 1
cpu cores	: 4
apicid		: 2
initial apicid	: 2
fpu		: yes
fpu_exception	: yes
cpuid level	: 13
wp		: yes
flags		: fpu vme de pse tsc msr pae mce cx8 apic sep mtrr pge mca cmov pat pse36 clflush dts acpi mmx fxsr sse sse2 ss ht tm pbe syscall nx rdtscp lm constant_tsc arch_perfmon pebs bts rep_good nopl xtopology nonstop_tsc aperfmperf eagerfpu pni pclmulqdq dtes64 monitor ds_cpl vmx est tm2 ssse3 cx16 xtpr pdcm pcid sse4_1 sse4_2 x2apic popcnt tsc_deadline_timer aes xsave avx f16c rdrand lahf_lm epb tpr_shadow vnmi flexpriority ept vpid fsgsbase smep erms xsaveopt dtherm ida arat pln pts
bugs		:
bogomips	: 4589.16
clflush size	: 64
cache_alignment	: 64
address sizes	: 36 bits physical, 48 bits virtual
power management:

processor	: 3
vendor_id	: GenuineIntel
cpu family	: 6
model		: 58
model name	: Intel(R) Core(TM) i7-3610QM CPU @ 2.30GHz
stepping	: 9
microcode	: 0x12
cpu MHz		: 3099.968
cache size	: 6144 KB
physical id	: 0
siblings	: 8
core id		: 1
cpu cores	: 4
apicid		: 3
initial apicid	: 3
fpu		: yes
fpu_exception	: yes
cpuid level	: 13
wp		: yes
flags		: fpu vme de pse tsc msr pae mce cx8 apic sep mtrr pge mca cmov pat pse36 clflush dts acpi mmx fxsr sse sse2 ss ht tm pbe syscall nx rdtscp lm constant_tsc arch_perfmon pebs bts rep_good nopl xtopology nonstop_tsc aperfmperf eagerfpu pni pclmulqdq dtes64 monitor ds_cpl vmx est tm2 ssse3 cx16 xtpr pdcm pcid sse4_1 sse4_2 x2apic popcnt tsc_deadline_timer aes xsave avx f16c rdrand lahf_lm epb tpr_shadow vnmi flexpriority ept vpid fsgsbase smep erms xsaveopt dtherm ida arat pln pts
bugs		:
bogomips	: 4589.16
clflush size	: 64
cache_alignment	: 64
address sizes	: 36 bits physical, 48 bits virtual
power management:

processor	: 4
vendor_id	: GenuineIntel
cpu family	: 6
model		: 58
model name	: Intel(R) Core(TM) i7-3610QM CPU @ 2.30GHz
stepping	: 9
microcode	: 0x12
cpu MHz		: 1304.980
cache size	: 6144 KB
physical id	: 0
siblings	: 8
core id		: 2
cpu cores	: 4
apicid		: 4
initial apicid	: 4
fpu		: yes
fpu_exception	: yes
cpuid level	: 13
wp		: yes
flags		: fpu vme de pse tsc msr pae mce cx8 apic sep mtrr pge mca cmov pat pse36 clflush dts acpi mmx fxsr sse sse2 ss ht tm pbe syscall nx rdtscp lm constant_tsc arch_perfmon pebs bts rep_good nopl xtopology nonstop_tsc aperfmperf eagerfpu pni pclmulqdq dtes64 monitor ds_cpl vmx est tm2 ssse3 cx16 xtpr pdcm pcid sse4_1 sse4_2 x2apic popcnt tsc_deadline_timer aes xsave avx f16c rdrand lahf_lm epb tpr_shadow vnmi flexpriority ept vpid fsgsbase smep erms xsaveopt dtherm ida arat pln pts
bugs		:
bogomips	: 4589.16
clflush size	: 64
cache_alignment	: 64
address sizes	: 36 bits physical, 48 bits virtual
power management:

processor	: 5
vendor_id	: GenuineIntel
cpu family	: 6
model		: 58
model name	: Intel(R) Core(TM) i7-3610QM CPU @ 2.30GHz
stepping	: 9
microcode	: 0x12
cpu MHz		: 1243.167
cache size	: 6144 KB
physical id	: 0
siblings	: 8
core id		: 2
cpu cores	: 4
apicid		: 5
initial apicid	: 5
fpu		: yes
fpu_exception	: yes
cpuid level	: 13
wp		: yes
flags		: fpu vme de pse tsc msr pae mce cx8 apic sep mtrr pge mca cmov pat pse36 clflush dts acpi mmx fxsr sse sse2 ss ht tm pbe syscall nx rdtscp lm constant_tsc arch_perfmon pebs bts rep_good nopl xtopology nonstop_tsc aperfmperf eagerfpu pni pclmulqdq dtes64 monitor ds_cpl vmx est tm2 ssse3 cx16 xtpr pdcm pcid sse4_1 sse4_2 x2apic popcnt tsc_deadline_timer aes xsave avx f16c rdrand lahf_lm epb tpr_shadow vnmi flexpriority ept vpid fsgsbase smep erms xsaveopt dtherm ida arat pln pts
bugs		:
bogomips	: 4589.16
clflush size	: 64
cache_alignment	: 64
address sizes	: 36 bits physical, 48 bits virtual
power management:

processor	: 6
vendor_id	: GenuineIntel
cpu family	: 6
model		: 58
model name	: Intel(R) Core(TM) i7-3610QM CPU @ 2.30GHz
stepping	: 9
microcode	: 0x12
cpu MHz		: 1295.007
cache size	: 6144 KB
physical id	: 0
siblings	: 8
core id		: 3
cpu cores	: 4
apicid		: 6
initial apicid	: 6
fpu		: yes
fpu_exception	: yes
cpuid level	: 13
wp		: yes
flags		: fpu vme de pse tsc msr pae mce cx8 apic sep mtrr pge mca cmov pat pse36 clflush dts acpi mmx fxsr sse sse2 ss ht tm pbe syscall nx rdtscp lm constant_tsc arch_perfmon pebs bts rep_good nopl xtopology nonstop_tsc aperfmperf eagerfpu pni pclmulqdq dtes64 monitor ds_cpl vmx est tm2 ssse3 cx16 xtpr pdcm pcid sse4_1 sse4_2 x2apic popcnt tsc_deadline_timer aes xsave avx f16c rdrand lahf_lm epb tpr_shadow vnmi flexpriority ept vpid fsgsbase smep erms xsaveopt dtherm ida arat pln pts
bugs		:
bogomips	: 4589.16
clflush size	: 64
cache_alignment	: 64
address sizes	: 36 bits physical, 48 bits virtual
power management:

processor	: 7
vendor_id	: GenuineIntel
cpu family	: 6
model		: 58
model name	: Intel(R) Core(TM) i7-3610QM CPU @ 2.30GHz
stepping	: 9
microcode	: 0x12
cpu MHz		: 1255.027
cache size	: 6144 KB
physical id	: 0
siblings	: 8
core id		: 3
cpu cores	: 4
apicid		: 7
initial apicid	: 7
fpu		: yes
fpu_exception	: yes
cpuid level	: 13
wp		: yes
flags		: fpu vme de pse tsc msr pae mce cx8 apic sep mtrr pge mca cmov pat pse36 clflush dts acpi mmx fxsr sse sse2 ss ht tm pbe syscall nx rdtscp lm constant_tsc arch_perfmon pebs bts rep_good nopl xtopology nonstop_tsc aperfmperf eagerfpu pni pclmulqdq dtes64 monitor ds_cpl vmx est tm2 ssse3 cx16 xtpr pdcm pcid sse4_1 sse4_2 x2apic popcnt tsc_deadline_timer aes xsave avx f16c rdrand lahf_lm epb tpr_shadow vnmi flexpriority ept vpid fsgsbase smep erms xsaveopt dtherm ida arat pln pts
bugs		:
bogomips	: 4589.16
clflush size	: 64
cache_alignment	: 64
address sizes	: 36 bits physical, 48 bits virtual
power management:



Memory: 4k page, physical 8011432k(553916k free), swap 0k(0k free)

vm_info: OpenJDK 64-Bit Server VM (25.151-b12) for linux-amd64 JRE (1.8.0_151-8u151-b12-0ubuntu0.16.04.2-b12), built on Oct 27 2017 21:59:02 by "buildd" with gcc 5.4.0 20160609

time: Tue Jan  9 23:42:35 2018
elapsed time: 35 seconds (0d 0h 0m 35s)

