#
# There is insufficient memory for the Java Runtime Environment to continue.
# Native memory allocation (mmap) failed to map 260046848 bytes for committing reserved memory.
# Possible reasons:
#   The system is out of physical RAM or swap space
#   In 32 bit mode, the process size limit was hit
# Possible solutions:
#   Reduce memory load on the system
#   Increase physical memory or swap space
#   Check if swap backing store is full
#   Use 64 bit Java on a 64 bit OS
#   Decrease Java heap size (-Xmx/-Xms)
#   Decrease number of Java threads
#   Decrease Java thread stack sizes (-Xss)
#   Set larger code cache with -XX:ReservedCodeCacheSize=
# This output file may be truncated or incomplete.
#
#  Out of Memory Error (os_linux.cpp:2643), pid=7108, tid=0x00007fc70486c700
#
# JRE version: OpenJDK Runtime Environment (8.0_151-b12) (build 1.8.0_151-8u151-b12-0ubuntu0.16.04.2-b12)
# Java VM: OpenJDK 64-Bit Server VM (25.151-b12 mixed mode linux-amd64 compressed oops)
# Failed to write core dump. Core dumps have been disabled. To enable core dumping, try "ulimit -c unlimited" before starting Java again
#

---------------  T H R E A D  ---------------

Current thread (0x00007fc71c1c6800):  VMThread [stack: 0x00007fc70476c000,0x00007fc70486d000] [id=7286]

Stack: [0x00007fc70476c000,0x00007fc70486d000],  sp=0x00007fc70486b4c0,  free space=1021k
Native frames: (J=compiled Java code, j=interpreted, Vv=VM code, C=native code)
V  [libjvm.so+0xa684eb]
V  [libjvm.so+0x4c579c]
V  [libjvm.so+0x8b6b50]
V  [libjvm.so+0x8b0fce]
V  [libjvm.so+0x92b806]
V  [libjvm.so+0x92cb33]
V  [libjvm.so+0x9291fb]
V  [libjvm.so+0x9294ac]
V  [libjvm.so+0x8db3c3]
V  [libjvm.so+0xa6a192]
V  [libjvm.so+0xa6f277]
V  [libjvm.so+0xa6ca47]
V  [libjvm.so+0xa6decf]
V  [libjvm.so+0xa6e3c1]
V  [libjvm.so+0x8b4032]

VM_Operation (0x00007fc7227d8760): ParallelGCFailedAllocation, mode: safepoint, requested by thread 0x00007fc71c00a000


---------------  P R O C E S S  ---------------

Java Threads: ( => current thread )
  0x00007fc71c292800 JavaThread "Thread-6" [_thread_blocked, id=7547, stack(0x00007fc6cecd9000,0x00007fc6cedda000)]
  0x00007fc71c291000 JavaThread "Thread-4" [_thread_blocked, id=7546, stack(0x00007fc6cedda000,0x00007fc6ceedb000)]
  0x00007fc71c28f000 JavaThread "Thread-2" [_thread_blocked, id=7545, stack(0x00007fc6ceedb000,0x00007fc6cefdc000)]
  0x00007fc71c28d000 JavaThread "Thread-0" [_thread_in_native, id=7482, stack(0x00007fc6cefdc000,0x00007fc6cf0dd000)]
  0x00007fc71c28b800 JavaThread "Thread-8" [_thread_blocked, id=7481, stack(0x00007fc6cf0dd000,0x00007fc6cf1de000)]
  0x00007fc71c288000 JavaThread "Thread-7" daemon [_thread_in_native, id=7479, stack(0x00007fc6cf1de000,0x00007fc6cf2df000)]
  0x00007fc71c285800 JavaThread "Timer-2" [_thread_blocked, id=7473, stack(0x00007fc6cf2df000,0x00007fc6cf3e0000)]
  0x00007fc71c283800 JavaThread "Timer-1" [_thread_blocked, id=7471, stack(0x00007fc6cf3e0000,0x00007fc6cf4e1000)]
  0x00007fc71c280800 JavaThread "Timer-0" [_thread_blocked, id=7470, stack(0x00007fc6cf4e1000,0x00007fc6cf5e2000)]
  0x00007fc71c20a800 JavaThread "Service Thread" daemon [_thread_blocked, id=7426, stack(0x00007fc6cfbfc000,0x00007fc6cfcfd000)]
  0x00007fc71c205800 JavaThread "C1 CompilerThread3" daemon [_thread_blocked, id=7414, stack(0x00007fc6cfcfd000,0x00007fc6cfdfe000)]
  0x00007fc71c201000 JavaThread "C2 CompilerThread2" daemon [_thread_blocked, id=7404, stack(0x00007fc6cfdfe000,0x00007fc6cfeff000)]
  0x00007fc71c1ff800 JavaThread "C2 CompilerThread1" daemon [_thread_blocked, id=7398, stack(0x00007fc6cfeff000,0x00007fc6d0000000)]
  0x00007fc71c1fc800 JavaThread "C2 CompilerThread0" daemon [_thread_blocked, id=7392, stack(0x00007fc70408e000,0x00007fc70418f000)]
  0x00007fc71c1fa800 JavaThread "Signal Dispatcher" daemon [_thread_blocked, id=7390, stack(0x00007fc70418f000,0x00007fc704290000)]
  0x00007fc71c1d2800 JavaThread "Finalizer" daemon [_thread_blocked, id=7305, stack(0x00007fc70456a000,0x00007fc70466b000)]
  0x00007fc71c1ce000 JavaThread "Reference Handler" daemon [_thread_blocked, id=7294, stack(0x00007fc70466b000,0x00007fc70476c000)]
  0x00007fc71c00a000 JavaThread "main" [_thread_blocked, id=7121, stack(0x00007fc7226d9000,0x00007fc7227da000)]

Other Threads:
=>0x00007fc71c1c6800 VMThread [stack: 0x00007fc70476c000,0x00007fc70486d000] [id=7286]
  0x00007fc71c20d000 WatcherThread [stack: 0x00007fc6cfafb000,0x00007fc6cfbfc000] [id=7433]

VM state:at safepoint (normal execution)

VM Mutex/Monitor currently owned by a thread:  ([mutex/lock_event])
[0x00007fc71c0060b0] Threads_lock - owner thread: 0x00007fc71c1c6800
[0x00007fc71c0065b0] Heap_lock - owner thread: 0x00007fc71c00a000

Heap:
 PSYoungGen      total 254976K, used 96K [0x00000000d7400000, 0x00000000e6e00000, 0x0000000100000000)
  eden space 253952K, 0% used [0x00000000d7400000,0x00000000d7400000,0x00000000e6c00000)
  from space 1024K, 9% used [0x00000000e6c00000,0x00000000e6c18000,0x00000000e6d00000)
  to   space 1024K, 0% used [0x00000000e6d00000,0x00000000e6d00000,0x00000000e6e00000)
 ParOldGen       total 84992K, used 604K [0x0000000085c00000, 0x000000008af00000, 0x00000000d7400000)
  object space 84992K, 0% used [0x0000000085c00000,0x0000000085c97080,0x000000008af00000)
 Metaspace       used 4260K, capacity 4850K, committed 4992K, reserved 1056768K
  class space    used 469K, capacity 535K, committed 640K, reserved 1048576K

Card table byte_map: [0x00007fc70b7dc000,0x00007fc70bbaf000] byte_map_base: 0x00007fc70b3ae000

Marking Bits: (ParMarkBitMap*) 0x00007fc7219ab2c0
 Begin Bits: [0x00007fc707129000, 0x00007fc708fb9000)
 End Bits:   [0x00007fc708fb9000, 0x00007fc70ae49000)

Polling page: 0x00007fc7227fe000

CodeCache: size=245760Kb used=1585Kb max_used=1605Kb free=244174Kb
 bounds [0x00007fc70bf6f000, 0x00007fc70c1df000, 0x00007fc71af6f000]
 total_blobs=489 nmethods=229 adapters=175
 compilation: enabled

Compilation events (10 events):
Event: 3,141 Thread 0x00007fc71c205800  223       3       jdk.internal.org.objectweb.asm.ByteVector::enlarge (51 bytes)
Event: 3,141 Thread 0x00007fc71c205800 nmethod 223 0x00007fc70c0f26d0 code [0x00007fc70c0f2840, 0x00007fc70c0f2b48]
Event: 3,249 Thread 0x00007fc71c1fc800 nmethod 61 0x00007fc70c0f95d0 code [0x00007fc70c0f9c80, 0x00007fc70c0fd770]
Event: 3,992 Thread 0x00007fc71c205800  226       3       java.util.HashMap::getNode (148 bytes)
Event: 3,993 Thread 0x00007fc71c205800 nmethod 226 0x00007fc70c0f8790 code [0x00007fc70c0f8960, 0x00007fc70c0f92e8]
Event: 4,409 Thread 0x00007fc71c205800  228       1       LeaderElectionAdHocNet.MainNode::getId (5 bytes)
Event: 4,409 Thread 0x00007fc71c205800 nmethod 228 0x00007fc70c0f8150 code [0x00007fc70c0f82a0, 0x00007fc70c0f83b0]
Event: 4,463 Thread 0x00007fc71c205800  229       1       LeaderElectionAdHocNet.MainNode::getLid (5 bytes)
Event: 4,463 Thread 0x00007fc71c205800 nmethod 229 0x00007fc70c0f7e90 code [0x00007fc70c0f7fe0, 0x00007fc70c0f80f0]
Event: 8,083 Thread 0x00007fc71c205800  230       3       java.lang.Integer::stringSize (21 bytes)

GC Heap History (10 events):
Event: 2,911 GC heap after
Heap after GC invocations=2 (full 0):
 PSYoungGen      total 68608K, used 576K [0x00000000d7400000, 0x00000000dbc00000, 0x0000000100000000)
  eden space 63488K, 0% used [0x00000000d7400000,0x00000000d7400000,0x00000000db200000)
  from space 5120K, 11% used [0x00000000db700000,0x00000000db790020,0x00000000dbc00000)
  to   space 5120K, 0% used [0x00000000db200000,0x00000000db200000,0x00000000db700000)
 ParOldGen       total 84992K, used 0K [0x0000000085c00000, 0x000000008af00000, 0x00000000d7400000)
  object space 84992K, 0% used [0x0000000085c00000,0x0000000085c00000,0x000000008af00000)
 Metaspace       used 4056K, capacity 4816K, committed 4992K, reserved 1056768K
  class space    used 442K, capacity 520K, committed 640K, reserved 1048576K
}
Event: 3,344 GC heap before
{Heap before GC invocations=3 (full 0):
 PSYoungGen      total 68608K, used 64064K [0x00000000d7400000, 0x00000000dbc00000, 0x0000000100000000)
  eden space 63488K, 100% used [0x00000000d7400000,0x00000000db200000,0x00000000db200000)
  from space 5120K, 11% used [0x00000000db700000,0x00000000db790020,0x00000000dbc00000)
  to   space 5120K, 0% used [0x00000000db200000,0x00000000db200000,0x00000000db700000)
 ParOldGen       total 84992K, used 0K [0x0000000085c00000, 0x000000008af00000, 0x00000000d7400000)
  object space 84992K, 0% used [0x0000000085c00000,0x0000000085c00000,0x000000008af00000)
 Metaspace       used 4259K, capacity 4850K, committed 4992K, reserved 1056768K
  class space    used 469K, capacity 535K, committed 640K, reserved 1048576K
Event: 3,356 GC heap after
Heap after GC invocations=3 (full 0):
 PSYoungGen      total 68608K, used 592K [0x00000000d7400000, 0x00000000dfa00000, 0x0000000100000000)
  eden space 63488K, 0% used [0x00000000d7400000,0x00000000d7400000,0x00000000db200000)
  from space 5120K, 11% used [0x00000000db200000,0x00000000db294010,0x00000000db700000)
  to   space 5120K, 0% used [0x00000000df500000,0x00000000df500000,0x00000000dfa00000)
 ParOldGen       total 84992K, used 0K [0x0000000085c00000, 0x000000008af00000, 0x00000000d7400000)
  object space 84992K, 0% used [0x0000000085c00000,0x0000000085c00000,0x000000008af00000)
 Metaspace       used 4259K, capacity 4850K, committed 4992K, reserved 1056768K
  class space    used 469K, capacity 535K, committed 640K, reserved 1048576K
}
Event: 3,520 GC heap before
{Heap before GC invocations=4 (full 0):
 PSYoungGen      total 68608K, used 64080K [0x00000000d7400000, 0x00000000dfa00000, 0x0000000100000000)
  eden space 63488K, 100% used [0x00000000d7400000,0x00000000db200000,0x00000000db200000)
  from space 5120K, 11% used [0x00000000db200000,0x00000000db294010,0x00000000db700000)
  to   space 5120K, 0% used [0x00000000df500000,0x00000000df500000,0x00000000dfa00000)
 ParOldGen       total 84992K, used 0K [0x0000000085c00000, 0x000000008af00000, 0x00000000d7400000)
  object space 84992K, 0% used [0x0000000085c00000,0x0000000085c00000,0x000000008af00000)
 Metaspace       used 4259K, capacity 4850K, committed 4992K, reserved 1056768K
  class space    used 469K, capacity 535K, committed 640K, reserved 1048576K
Event: 3,649 GC heap after
Heap after GC invocations=4 (full 0):
 PSYoungGen      total 132096K, used 624K [0x00000000d7400000, 0x00000000dfa00000, 0x0000000100000000)
  eden space 126976K, 0% used [0x00000000d7400000,0x00000000d7400000,0x00000000df000000)
  from space 5120K, 12% used [0x00000000df500000,0x00000000df59c010,0x00000000dfa00000)
  to   space 5120K, 0% used [0x00000000df000000,0x00000000df000000,0x00000000df500000)
 ParOldGen       total 84992K, used 8K [0x0000000085c00000, 0x000000008af00000, 0x00000000d7400000)
  object space 84992K, 0% used [0x0000000085c00000,0x0000000085c02000,0x000000008af00000)
 Metaspace       used 4259K, capacity 4850K, committed 4992K, reserved 1056768K
  class space    used 469K, capacity 535K, committed 640K, reserved 1048576K
}
Event: 4,260 GC heap before
{Heap before GC invocations=5 (full 0):
 PSYoungGen      total 132096K, used 127600K [0x00000000d7400000, 0x00000000dfa00000, 0x0000000100000000)
  eden space 126976K, 100% used [0x00000000d7400000,0x00000000df000000,0x00000000df000000)
  from space 5120K, 12% used [0x00000000df500000,0x00000000df59c010,0x00000000dfa00000)
  to   space 5120K, 0% used [0x00000000df000000,0x00000000df000000,0x00000000df500000)
 ParOldGen       total 84992K, used 8K [0x0000000085c00000, 0x000000008af00000, 0x00000000d7400000)
  object space 84992K, 0% used [0x0000000085c00000,0x0000000085c02000,0x000000008af00000)
 Metaspace       used 4260K, capacity 4850K, committed 4992K, reserved 1056768K
  class space    used 469K, capacity 535K, committed 640K, reserved 1048576K
Event: 4,264 GC heap after
Heap after GC invocations=5 (full 0):
 PSYoungGen      total 132096K, used 592K [0x00000000d7400000, 0x00000000e6e00000, 0x0000000100000000)
  eden space 126976K, 0% used [0x00000000d7400000,0x00000000d7400000,0x00000000df000000)
  from space 5120K, 11% used [0x00000000df000000,0x00000000df094010,0x00000000df500000)
  to   space 1024K, 0% used [0x00000000e6d00000,0x00000000e6d00000,0x00000000e6e00000)
 ParOldGen       total 84992K, used 8K [0x0000000085c00000, 0x000000008af00000, 0x00000000d7400000)
  object space 84992K, 0% used [0x0000000085c00000,0x0000000085c02000,0x000000008af00000)
 Metaspace       used 4260K, capacity 4850K, committed 4992K, reserved 1056768K
  class space    used 469K, capacity 535K, committed 640K, reserved 1048576K
}
Event: 4,653 GC heap before
{Heap before GC invocations=6 (full 0):
 PSYoungGen      total 132096K, used 127568K [0x00000000d7400000, 0x00000000e6e00000, 0x0000000100000000)
  eden space 126976K, 100% used [0x00000000d7400000,0x00000000df000000,0x00000000df000000)
  from space 5120K, 11% used [0x00000000df000000,0x00000000df094010,0x00000000df500000)
  to   space 1024K, 0% used [0x00000000e6d00000,0x00000000e6d00000,0x00000000e6e00000)
 ParOldGen       total 84992K, used 8K [0x0000000085c00000, 0x000000008af00000, 0x00000000d7400000)
  object space 84992K, 0% used [0x0000000085c00000,0x0000000085c02000,0x000000008af00000)
 Metaspace       used 4260K, capacity 4850K, committed 4992K, reserved 1056768K
  class space    used 469K, capacity 535K, committed 640K, reserved 1048576K
Event: 4,660 GC heap after
Heap after GC invocations=6 (full 0):
 PSYoungGen      total 254976K, used 592K [0x00000000d7400000, 0x00000000e6e00000, 0x0000000100000000)
  eden space 253952K, 0% used [0x00000000d7400000,0x00000000d7400000,0x00000000e6c00000)
  from space 1024K, 57% used [0x00000000e6d00000,0x00000000e6d94010,0x00000000e6e00000)
  to   space 1024K, 0% used [0x00000000e6c00000,0x00000000e6c00000,0x00000000e6d00000)
 ParOldGen       total 84992K, used 8K [0x0000000085c00000, 0x000000008af00000, 0x00000000d7400000)
  object space 84992K, 0% used [0x0000000085c00000,0x0000000085c02000,0x000000008af00000)
 Metaspace       used 4260K, capacity 4850K, committed 4992K, reserved 1056768K
  class space    used 469K, capacity 535K, committed 640K, reserved 1048576K
}
Event: 9,767 GC heap before
{Heap before GC invocations=7 (full 0):
 PSYoungGen      total 254976K, used 254544K [0x00000000d7400000, 0x00000000e6e00000, 0x0000000100000000)
  eden space 253952K, 100% used [0x00000000d7400000,0x00000000e6c00000,0x00000000e6c00000)
  from space 1024K, 57% used [0x00000000e6d00000,0x00000000e6d94010,0x00000000e6e00000)
  to   space 1024K, 0% used [0x00000000e6c00000,0x00000000e6c00000,0x00000000e6d00000)
 ParOldGen       total 84992K, used 8K [0x0000000085c00000, 0x000000008af00000, 0x00000000d7400000)
  object space 84992K, 0% used [0x0000000085c00000,0x0000000085c02000,0x000000008af00000)
 Metaspace       used 4260K, capacity 4850K, committed 4992K, reserved 1056768K
  class space    used 469K, capacity 535K, committed 640K, reserved 1048576K

Deoptimization events (3 events):
Event: 1,355 Thread 0x00007fc71c28b800 Uncommon trap: reason=unstable_if action=reinterpret pc=0x00007fc70c08cfc8 method=LeaderElectionAdHocNet.ThreadPerformance.run()V @ 14
Event: 1,710 Thread 0x00007fc71c00a000 Uncommon trap: reason=unstable_if action=reinterpret pc=0x00007fc70c092af4 method=java.util.HashMap.isEmpty()Z @ 4
Event: 1,723 Thread 0x00007fc71c28b800 Uncommon trap: reason=unstable_if action=reinterpret pc=0x00007fc70c08a550 method=LeaderElectionAdHocNet.ThreadPerformance.run()V @ 38

Internal exceptions (4 events):
Event: 0,116 Thread 0x00007fc71c00a000 Exception <a 'java/lang/NoSuchMethodError': Method sun.misc.Unsafe.defineClass(Ljava/lang/String;[BII)Ljava/lang/Class; name or signature does not match> (0x00000000d7407ca8) thrown at [/build/openjdk-8-W2Qe27/openjdk-8-8u151-b12/src/hotspot/src/share/vm/
Event: 0,116 Thread 0x00007fc71c00a000 Exception <a 'java/lang/NoSuchMethodError': Method sun.misc.Unsafe.prefetchRead(Ljava/lang/Object;J)V name or signature does not match> (0x00000000d7407f90) thrown at [/build/openjdk-8-W2Qe27/openjdk-8-8u151-b12/src/hotspot/src/share/vm/prims/jni.cpp, lin
Event: 2,713 Thread 0x00007fc71c291000 Exception <a 'java/lang/NoSuchFieldError': method resolution failed> (0x00000000d83ed770) thrown at [/build/openjdk-8-W2Qe27/openjdk-8-8u151-b12/src/hotspot/src/share/vm/prims/methodHandles.cpp, line 1146]
Event: 2,744 Thread 0x00007fc71c291000 Exception <a 'java/lang/NoSuchFieldError': method resolution failed> (0x00000000d83fb100) thrown at [/build/openjdk-8-W2Qe27/openjdk-8-8u151-b12/src/hotspot/src/share/vm/prims/methodHandles.cpp, line 1146]

Events (10 events):
Event: 3,356 Executing VM operation: ParallelGCFailedAllocation done
Event: 3,500 Executing VM operation: ParallelGCFailedAllocation
Event: 3,649 Executing VM operation: ParallelGCFailedAllocation done
Event: 4,245 Executing VM operation: ParallelGCFailedAllocation
Event: 4,264 Executing VM operation: ParallelGCFailedAllocation done
Event: 4,293 Executing VM operation: EnableBiasedLocking
Event: 4,336 Executing VM operation: EnableBiasedLocking done
Event: 4,653 Executing VM operation: ParallelGCFailedAllocation
Event: 4,660 Executing VM operation: ParallelGCFailedAllocation done
Event: 7,935 Executing VM operation: ParallelGCFailedAllocation


Dynamic libraries:
00400000-00401000 r-xp 00000000 08:12 6694585                            /usr/lib/jvm/java-8-openjdk-amd64/jre/bin/java
00600000-00601000 r--p 00000000 08:12 6694585                            /usr/lib/jvm/java-8-openjdk-amd64/jre/bin/java
00601000-00602000 rw-p 00001000 08:12 6694585                            /usr/lib/jvm/java-8-openjdk-amd64/jre/bin/java
01325000-01346000 rw-p 00000000 00:00 0                                  [heap]
85c00000-8af00000 rw-p 00000000 00:00 0 
8af00000-d7400000 ---p 00000000 00:00 0 
d7400000-e6e00000 rw-p 00000000 00:00 0 
f6600000-100000000 ---p 00000000 00:00 0 
100000000-1000a0000 rw-p 00000000 00:00 0 
1000a0000-140000000 ---p 00000000 00:00 0 
7fc690000000-7fc690021000 rw-p 00000000 00:00 0 
7fc690021000-7fc694000000 ---p 00000000 00:00 0 
7fc698000000-7fc698021000 rw-p 00000000 00:00 0 
7fc698021000-7fc69c000000 ---p 00000000 00:00 0 
7fc69c000000-7fc69c053000 rw-p 00000000 00:00 0 
7fc69c053000-7fc6a0000000 ---p 00000000 00:00 0 
7fc6a0000000-7fc6a0021000 rw-p 00000000 00:00 0 
7fc6a0021000-7fc6a4000000 ---p 00000000 00:00 0 
7fc6a4000000-7fc6a4021000 rw-p 00000000 00:00 0 
7fc6a4021000-7fc6a8000000 ---p 00000000 00:00 0 
7fc6a8000000-7fc6a8021000 rw-p 00000000 00:00 0 
7fc6a8021000-7fc6ac000000 ---p 00000000 00:00 0 
7fc6ac000000-7fc6ac021000 rw-p 00000000 00:00 0 
7fc6ac021000-7fc6b0000000 ---p 00000000 00:00 0 
7fc6b0000000-7fc6b0021000 rw-p 00000000 00:00 0 
7fc6b0021000-7fc6b4000000 ---p 00000000 00:00 0 
7fc6b4000000-7fc6b4021000 rw-p 00000000 00:00 0 
7fc6b4021000-7fc6b8000000 ---p 00000000 00:00 0 
7fc6b8000000-7fc6b8021000 rw-p 00000000 00:00 0 
7fc6b8021000-7fc6bc000000 ---p 00000000 00:00 0 
7fc6bc000000-7fc6bc021000 rw-p 00000000 00:00 0 
7fc6bc021000-7fc6c0000000 ---p 00000000 00:00 0 
7fc6c0000000-7fc6c03c0000 rw-p 00000000 00:00 0 
7fc6c03c0000-7fc6c4000000 ---p 00000000 00:00 0 
7fc6c4000000-7fc6c424c000 rw-p 00000000 00:00 0 
7fc6c424c000-7fc6c8000000 ---p 00000000 00:00 0 
7fc6c8000000-7fc6c838f000 rw-p 00000000 00:00 0 
7fc6c838f000-7fc6cc000000 ---p 00000000 00:00 0 
7fc6cecd9000-7fc6cecdc000 ---p 00000000 00:00 0 
7fc6cecdc000-7fc6cedda000 rw-p 00000000 00:00 0 
7fc6cedda000-7fc6ceddd000 ---p 00000000 00:00 0 
7fc6ceddd000-7fc6ceedb000 rw-p 00000000 00:00 0 
7fc6ceedb000-7fc6ceede000 ---p 00000000 00:00 0 
7fc6ceede000-7fc6cefdc000 rw-p 00000000 00:00 0 
7fc6cefdc000-7fc6cefdf000 ---p 00000000 00:00 0 
7fc6cefdf000-7fc6cf0dd000 rw-p 00000000 00:00 0 
7fc6cf0dd000-7fc6cf0e0000 ---p 00000000 00:00 0 
7fc6cf0e0000-7fc6cf1de000 rw-p 00000000 00:00 0 
7fc6cf1de000-7fc6cf1e1000 ---p 00000000 00:00 0 
7fc6cf1e1000-7fc6cf2df000 rw-p 00000000 00:00 0 
7fc6cf2df000-7fc6cf2e2000 ---p 00000000 00:00 0 
7fc6cf2e2000-7fc6cf3e0000 rw-p 00000000 00:00 0 
7fc6cf3e0000-7fc6cf3e3000 ---p 00000000 00:00 0 
7fc6cf3e3000-7fc6cf4e1000 rw-p 00000000 00:00 0 
7fc6cf4e1000-7fc6cf4e4000 ---p 00000000 00:00 0 
7fc6cf4e4000-7fc6cf8e3000 rw-p 00000000 00:00 0 
7fc6cf8e3000-7fc6cf8fa000 r-xp 00000000 08:12 6694551                    /usr/lib/jvm/java-8-openjdk-amd64/jre/lib/amd64/libnet.so
7fc6cf8fa000-7fc6cfaf9000 ---p 00017000 08:12 6694551                    /usr/lib/jvm/java-8-openjdk-amd64/jre/lib/amd64/libnet.so
7fc6cfaf9000-7fc6cfafa000 r--p 00016000 08:12 6694551                    /usr/lib/jvm/java-8-openjdk-amd64/jre/lib/amd64/libnet.so
7fc6cfafa000-7fc6cfafb000 rw-p 00017000 08:12 6694551                    /usr/lib/jvm/java-8-openjdk-amd64/jre/lib/amd64/libnet.so
7fc6cfafb000-7fc6cfafc000 ---p 00000000 00:00 0 
7fc6cfafc000-7fc6cfbfc000 rw-p 00000000 00:00 0 
7fc6cfbfc000-7fc6cfbff000 ---p 00000000 00:00 0 
7fc6cfbff000-7fc6cfcfd000 rw-p 00000000 00:00 0 
7fc6cfcfd000-7fc6cfd00000 ---p 00000000 00:00 0 
7fc6cfd00000-7fc6cfdfe000 rw-p 00000000 00:00 0 
7fc6cfdfe000-7fc6cfe01000 ---p 00000000 00:00 0 
7fc6cfe01000-7fc6cfeff000 rw-p 00000000 00:00 0 
7fc6cfeff000-7fc6cff02000 ---p 00000000 00:00 0 
7fc6cff02000-7fc6d0000000 rw-p 00000000 00:00 0 
7fc6d0000000-7fc6d0021000 rw-p 00000000 00:00 0 
7fc6d0021000-7fc6d4000000 ---p 00000000 00:00 0 
7fc6d4000000-7fc6d439c000 rw-p 00000000 00:00 0 
7fc6d439c000-7fc6d8000000 ---p 00000000 00:00 0 
7fc6d8000000-7fc6d8021000 rw-p 00000000 00:00 0 
7fc6d8021000-7fc6dc000000 ---p 00000000 00:00 0 
7fc6dc000000-7fc6dc021000 rw-p 00000000 00:00 0 
7fc6dc021000-7fc6e0000000 ---p 00000000 00:00 0 
7fc6e0000000-7fc6e0021000 rw-p 00000000 00:00 0 
7fc6e0021000-7fc6e4000000 ---p 00000000 00:00 0 
7fc6e4000000-7fc6e4021000 rw-p 00000000 00:00 0 
7fc6e4021000-7fc6e8000000 ---p 00000000 00:00 0 
7fc6e8000000-7fc6e8021000 rw-p 00000000 00:00 0 
7fc6e8021000-7fc6ec000000 ---p 00000000 00:00 0 
7fc6ec000000-7fc6ec021000 rw-p 00000000 00:00 0 
7fc6ec021000-7fc6f0000000 ---p 00000000 00:00 0 
7fc6f0000000-7fc6f0021000 rw-p 00000000 00:00 0 
7fc6f0021000-7fc6f4000000 ---p 00000000 00:00 0 
7fc6f4000000-7fc6f4021000 rw-p 00000000 00:00 0 
7fc6f4021000-7fc6f8000000 ---p 00000000 00:00 0 
7fc6f8000000-7fc6f8021000 rw-p 00000000 00:00 0 
7fc6f8021000-7fc6fc000000 ---p 00000000 00:00 0 
7fc6fc000000-7fc6fc021000 rw-p 00000000 00:00 0 
7fc6fc021000-7fc700000000 ---p 00000000 00:00 0 
7fc700000000-7fc700021000 rw-p 00000000 00:00 0 
7fc700021000-7fc704000000 ---p 00000000 00:00 0 
7fc70408e000-7fc704091000 ---p 00000000 00:00 0 
7fc704091000-7fc70418f000 rw-p 00000000 00:00 0 
7fc70418f000-7fc704192000 ---p 00000000 00:00 0 
7fc704192000-7fc704290000 rw-p 00000000 00:00 0 
7fc704290000-7fc70456a000 r--p 00000000 08:12 6427629                    /usr/lib/locale/locale-archive
7fc70456a000-7fc70456d000 ---p 00000000 00:00 0 
7fc70456d000-7fc70466b000 rw-p 00000000 00:00 0 
7fc70466b000-7fc70466e000 ---p 00000000 00:00 0 
7fc70466e000-7fc70476c000 rw-p 00000000 00:00 0 
7fc70476c000-7fc70476d000 ---p 00000000 00:00 0 
7fc70476d000-7fc706388000 rw-p 00000000 00:00 0 
7fc706388000-7fc706557000 r--s 03c21000 08:12 6694521                    /usr/lib/jvm/java-8-openjdk-amd64/jre/lib/rt.jar
7fc706557000-7fc706997000 rw-p 00000000 00:00 0 
7fc706997000-7fc706d57000 ---p 00000000 00:00 0 
7fc706d57000-7fc70ae49000 rw-p 00000000 00:00 0 
7fc70ae49000-7fc70ae4a000 ---p 00000000 00:00 0 
7fc70ae4a000-7fc70af4a000 rw-p 00000000 00:00 0 
7fc70af4a000-7fc70af4b000 ---p 00000000 00:00 0 
7fc70af4b000-7fc70b04b000 rw-p 00000000 00:00 0 
7fc70b04b000-7fc70b04c000 ---p 00000000 00:00 0 
7fc70b04c000-7fc70b14c000 rw-p 00000000 00:00 0 
7fc70b14c000-7fc70b14d000 ---p 00000000 00:00 0 
7fc70b14d000-7fc70b24d000 rw-p 00000000 00:00 0 
7fc70b24d000-7fc70b24e000 ---p 00000000 00:00 0 
7fc70b24e000-7fc70b34e000 rw-p 00000000 00:00 0 
7fc70b34e000-7fc70b34f000 ---p 00000000 00:00 0 
7fc70b34f000-7fc70b44f000 rw-p 00000000 00:00 0 
7fc70b44f000-7fc70b450000 ---p 00000000 00:00 0 
7fc70b450000-7fc70b57a000 rw-p 00000000 00:00 0 
7fc70b57a000-7fc70b7dc000 ---p 00000000 00:00 0 
7fc70b7dc000-7fc70b806000 rw-p 00000000 00:00 0 
7fc70b806000-7fc70ba68000 ---p 00000000 00:00 0 
7fc70ba68000-7fc70bae5000 rw-p 00000000 00:00 0 
7fc70bae5000-7fc70bbae000 ---p 00000000 00:00 0 
7fc70bbae000-7fc70bbb9000 rw-p 00000000 00:00 0 
7fc70bbb9000-7fc70bf6f000 ---p 00000000 00:00 0 
7fc70bf6f000-7fc70c1df000 rwxp 00000000 00:00 0 
7fc70c1df000-7fc71af6f000 ---p 00000000 00:00 0 
7fc71af6f000-7fc71af77000 r-xp 00000000 08:12 6694557                    /usr/lib/jvm/java-8-openjdk-amd64/jre/lib/amd64/libzip.so
7fc71af77000-7fc71b176000 ---p 00008000 08:12 6694557                    /usr/lib/jvm/java-8-openjdk-amd64/jre/lib/amd64/libzip.so
7fc71b176000-7fc71b177000 r--p 00007000 08:12 6694557                    /usr/lib/jvm/java-8-openjdk-amd64/jre/lib/amd64/libzip.so
7fc71b177000-7fc71b178000 rw-p 00008000 08:12 6694557                    /usr/lib/jvm/java-8-openjdk-amd64/jre/lib/amd64/libzip.so
7fc71b178000-7fc71b183000 r-xp 00000000 08:12 524485                     /lib/x86_64-linux-gnu/libnss_files-2.23.so
7fc71b183000-7fc71b382000 ---p 0000b000 08:12 524485                     /lib/x86_64-linux-gnu/libnss_files-2.23.so
7fc71b382000-7fc71b383000 r--p 0000a000 08:12 524485                     /lib/x86_64-linux-gnu/libnss_files-2.23.so
7fc71b383000-7fc71b384000 rw-p 0000b000 08:12 524485                     /lib/x86_64-linux-gnu/libnss_files-2.23.so
7fc71b384000-7fc71b38a000 rw-p 00000000 00:00 0 
7fc71b38a000-7fc71b395000 r-xp 00000000 08:12 524488                     /lib/x86_64-linux-gnu/libnss_nis-2.23.so
7fc71b395000-7fc71b594000 ---p 0000b000 08:12 524488                     /lib/x86_64-linux-gnu/libnss_nis-2.23.so
7fc71b594000-7fc71b595000 r--p 0000a000 08:12 524488                     /lib/x86_64-linux-gnu/libnss_nis-2.23.so
7fc71b595000-7fc71b596000 rw-p 0000b000 08:12 524488                     /lib/x86_64-linux-gnu/libnss_nis-2.23.so
7fc71b596000-7fc71b5ac000 r-xp 00000000 08:12 524481                     /lib/x86_64-linux-gnu/libnsl-2.23.so
7fc71b5ac000-7fc71b7ab000 ---p 00016000 08:12 524481                     /lib/x86_64-linux-gnu/libnsl-2.23.so
7fc71b7ab000-7fc71b7ac000 r--p 00015000 08:12 524481                     /lib/x86_64-linux-gnu/libnsl-2.23.so
7fc71b7ac000-7fc71b7ad000 rw-p 00016000 08:12 524481                     /lib/x86_64-linux-gnu/libnsl-2.23.so
7fc71b7ad000-7fc71b7af000 rw-p 00000000 00:00 0 
7fc71b7af000-7fc71b7b7000 r-xp 00000000 08:12 524494                     /lib/x86_64-linux-gnu/libnss_compat-2.23.so
7fc71b7b7000-7fc71b9b6000 ---p 00008000 08:12 524494                     /lib/x86_64-linux-gnu/libnss_compat-2.23.so
7fc71b9b6000-7fc71b9b7000 r--p 00007000 08:12 524494                     /lib/x86_64-linux-gnu/libnss_compat-2.23.so
7fc71b9b7000-7fc71b9b8000 rw-p 00008000 08:12 524494                     /lib/x86_64-linux-gnu/libnss_compat-2.23.so
7fc71b9b8000-7fc71b9e5000 r-xp 00000000 08:12 6694540                    /usr/lib/jvm/java-8-openjdk-amd64/jre/lib/amd64/libjava.so
7fc71b9e5000-7fc71bbe4000 ---p 0002d000 08:12 6694540                    /usr/lib/jvm/java-8-openjdk-amd64/jre/lib/amd64/libjava.so
7fc71bbe4000-7fc71bbe5000 r--p 0002c000 08:12 6694540                    /usr/lib/jvm/java-8-openjdk-amd64/jre/lib/amd64/libjava.so
7fc71bbe5000-7fc71bbe7000 rw-p 0002d000 08:12 6694540                    /usr/lib/jvm/java-8-openjdk-amd64/jre/lib/amd64/libjava.so
7fc71bbe7000-7fc71bbf6000 r-xp 00000000 08:12 6694555                    /usr/lib/jvm/java-8-openjdk-amd64/jre/lib/amd64/libverify.so
7fc71bbf6000-7fc71bdf5000 ---p 0000f000 08:12 6694555                    /usr/lib/jvm/java-8-openjdk-amd64/jre/lib/amd64/libverify.so
7fc71bdf5000-7fc71bdf7000 r--p 0000e000 08:12 6694555                    /usr/lib/jvm/java-8-openjdk-amd64/jre/lib/amd64/libverify.so
7fc71bdf7000-7fc71bdf8000 rw-p 00010000 08:12 6694555                    /usr/lib/jvm/java-8-openjdk-amd64/jre/lib/amd64/libverify.so
7fc71bdf8000-7fc71bdff000 r-xp 00000000 08:12 524490                     /lib/x86_64-linux-gnu/librt-2.23.so
7fc71bdff000-7fc71bffe000 ---p 00007000 08:12 524490                     /lib/x86_64-linux-gnu/librt-2.23.so
7fc71bffe000-7fc71bfff000 r--p 00006000 08:12 524490                     /lib/x86_64-linux-gnu/librt-2.23.so
7fc71bfff000-7fc71c000000 rw-p 00007000 08:12 524490                     /lib/x86_64-linux-gnu/librt-2.23.so
7fc71c000000-7fc71c298000 rw-p 00000000 00:00 0 
7fc71c298000-7fc720000000 ---p 00000000 00:00 0 
7fc720016000-7fc72001d000 r--s 00000000 08:12 6694033                    /usr/lib/x86_64-linux-gnu/gconv/gconv-modules.cache
7fc72001d000-7fc720036000 r--p 00000000 08:12 7864371                    /usr/share/locale-langpack/pt/LC_MESSAGES/libc.mo
7fc720036000-7fc72003c000 r--s 0003a000 08:12 6819837                    /usr/lib/jvm/java-8-openjdk-amd64/jre/lib/ext/sunjce_provider.jar
7fc72003c000-7fc720057000 r--s 001d6000 08:12 6819836                    /usr/lib/jvm/java-8-openjdk-amd64/jre/lib/ext/nashorn.jar
7fc720057000-7fc720072000 r--s 00394000 08:12 6819834                    /usr/lib/jvm/java-8-openjdk-amd64/jre/lib/ext/cldrdata.jar
7fc720072000-7fc7200e8000 rw-p 00000000 00:00 0 
7fc7200e8000-7fc7200e9000 ---p 00000000 00:00 0 
7fc7200e9000-7fc7201e9000 rw-p 00000000 00:00 0 
7fc7201e9000-7fc7201ff000 r-xp 00000000 08:12 528893                     /lib/x86_64-linux-gnu/libgcc_s.so.1
7fc7201ff000-7fc7203fe000 ---p 00016000 08:12 528893                     /lib/x86_64-linux-gnu/libgcc_s.so.1
7fc7203fe000-7fc7203ff000 rw-p 00015000 08:12 528893                     /lib/x86_64-linux-gnu/libgcc_s.so.1
7fc7203ff000-7fc720507000 r-xp 00000000 08:12 524499                     /lib/x86_64-linux-gnu/libm-2.23.so
7fc720507000-7fc720706000 ---p 00108000 08:12 524499                     /lib/x86_64-linux-gnu/libm-2.23.so
7fc720706000-7fc720707000 r--p 00107000 08:12 524499                     /lib/x86_64-linux-gnu/libm-2.23.so
7fc720707000-7fc720708000 rw-p 00108000 08:12 524499                     /lib/x86_64-linux-gnu/libm-2.23.so
7fc720708000-7fc72087a000 r-xp 00000000 08:12 6440244                    /usr/lib/x86_64-linux-gnu/libstdc++.so.6.0.21
7fc72087a000-7fc720a7a000 ---p 00172000 08:12 6440244                    /usr/lib/x86_64-linux-gnu/libstdc++.so.6.0.21
7fc720a7a000-7fc720a84000 r--p 00172000 08:12 6440244                    /usr/lib/x86_64-linux-gnu/libstdc++.so.6.0.21
7fc720a84000-7fc720a86000 rw-p 0017c000 08:12 6440244                    /usr/lib/x86_64-linux-gnu/libstdc++.so.6.0.21
7fc720a86000-7fc720a8a000 rw-p 00000000 00:00 0 
7fc720a8a000-7fc7216dc000 r-xp 00000000 08:12 6694550                    /usr/lib/jvm/java-8-openjdk-amd64/jre/lib/amd64/server/libjvm.so
7fc7216dc000-7fc7218dc000 ---p 00c52000 08:12 6694550                    /usr/lib/jvm/java-8-openjdk-amd64/jre/lib/amd64/server/libjvm.so
7fc7218dc000-7fc72196f000 r--p 00c52000 08:12 6694550                    /usr/lib/jvm/java-8-openjdk-amd64/jre/lib/amd64/server/libjvm.so
7fc72196f000-7fc721998000 rw-p 00ce5000 08:12 6694550                    /usr/lib/jvm/java-8-openjdk-amd64/jre/lib/amd64/server/libjvm.so
7fc721998000-7fc7219c8000 rw-p 00000000 00:00 0 
7fc7219c8000-7fc7219e0000 r-xp 00000000 08:12 524487                     /lib/x86_64-linux-gnu/libpthread-2.23.so
7fc7219e0000-7fc721bdf000 ---p 00018000 08:12 524487                     /lib/x86_64-linux-gnu/libpthread-2.23.so
7fc721bdf000-7fc721be0000 r--p 00017000 08:12 524487                     /lib/x86_64-linux-gnu/libpthread-2.23.so
7fc721be0000-7fc721be1000 rw-p 00018000 08:12 524487                     /lib/x86_64-linux-gnu/libpthread-2.23.so
7fc721be1000-7fc721be5000 rw-p 00000000 00:00 0 
7fc721be5000-7fc721be8000 r-xp 00000000 08:12 524493                     /lib/x86_64-linux-gnu/libdl-2.23.so
7fc721be8000-7fc721de7000 ---p 00003000 08:12 524493                     /lib/x86_64-linux-gnu/libdl-2.23.so
7fc721de7000-7fc721de8000 r--p 00002000 08:12 524493                     /lib/x86_64-linux-gnu/libdl-2.23.so
7fc721de8000-7fc721de9000 rw-p 00003000 08:12 524493                     /lib/x86_64-linux-gnu/libdl-2.23.so
7fc721de9000-7fc721e02000 r-xp 00000000 08:12 524472                     /lib/x86_64-linux-gnu/libz.so.1.2.8
7fc721e02000-7fc722001000 ---p 00019000 08:12 524472                     /lib/x86_64-linux-gnu/libz.so.1.2.8
7fc722001000-7fc722002000 r--p 00018000 08:12 524472                     /lib/x86_64-linux-gnu/libz.so.1.2.8
7fc722002000-7fc722003000 rw-p 00019000 08:12 524472                     /lib/x86_64-linux-gnu/libz.so.1.2.8
7fc722003000-7fc7221c3000 r-xp 00000000 08:12 524504                     /lib/x86_64-linux-gnu/libc-2.23.so
7fc7221c3000-7fc7223c3000 ---p 001c0000 08:12 524504                     /lib/x86_64-linux-gnu/libc-2.23.so
7fc7223c3000-7fc7223c7000 r--p 001c0000 08:12 524504                     /lib/x86_64-linux-gnu/libc-2.23.so
7fc7223c7000-7fc7223c9000 rw-p 001c4000 08:12 524504                     /lib/x86_64-linux-gnu/libc-2.23.so
7fc7223c9000-7fc7223cd000 rw-p 00000000 00:00 0 
7fc7223cd000-7fc7223da000 r-xp 00000000 08:12 6694553                    /usr/lib/jvm/java-8-openjdk-amd64/jre/lib/amd64/jli/libjli.so
7fc7223da000-7fc7225da000 ---p 0000d000 08:12 6694553                    /usr/lib/jvm/java-8-openjdk-amd64/jre/lib/amd64/jli/libjli.so
7fc7225da000-7fc7225db000 r--p 0000d000 08:12 6694553                    /usr/lib/jvm/java-8-openjdk-amd64/jre/lib/amd64/jli/libjli.so
7fc7225db000-7fc7225dc000 rw-p 0000e000 08:12 6694553                    /usr/lib/jvm/java-8-openjdk-amd64/jre/lib/amd64/jli/libjli.so
7fc7225dc000-7fc722602000 r-xp 00000000 08:12 524482                     /lib/x86_64-linux-gnu/ld-2.23.so
7fc722605000-7fc722609000 r--s 00037000 08:12 6819841                    /usr/lib/jvm/java-8-openjdk-amd64/jre/lib/ext/sunpkcs11.jar
7fc722609000-7fc7226d9000 rw-p 00000000 00:00 0 
7fc7226d9000-7fc7226dc000 ---p 00000000 00:00 0 
7fc7226dc000-7fc7227df000 rw-p 00000000 00:00 0 
7fc7227e1000-7fc7227e2000 r--s 0000b000 08:12 3018178                    /home/helio/NetBeansProjects/LeaderElectionAdHocNet/dist/LeaderElectionAdHocNet.jar
7fc7227e2000-7fc7227e3000 r--s 0000a000 08:12 6819842                    /usr/lib/jvm/java-8-openjdk-amd64/jre/lib/ext/jaccess.jar
7fc7227e3000-7fc7227e5000 r--s 00001000 08:12 6819843                    /usr/lib/jvm/java-8-openjdk-amd64/jre/lib/ext/dnsns.jar
7fc7227e5000-7fc7227e7000 r--s 00008000 08:12 6819838                    /usr/lib/jvm/java-8-openjdk-amd64/jre/lib/ext/sunec.jar
7fc7227e7000-7fc7227f1000 r--s 00116000 08:12 6819840                    /usr/lib/jvm/java-8-openjdk-amd64/jre/lib/ext/localedata.jar
7fc7227f1000-7fc7227f4000 r--s 0000f000 08:12 6817999                    /usr/lib/jvm/java-8-openjdk-amd64/jre/lib/ext/icedtea-sound.jar
7fc7227f4000-7fc7227f5000 r--s 00010000 08:12 6819835                    /usr/lib/jvm/java-8-openjdk-amd64/jre/lib/ext/zipfs.jar
7fc7227f5000-7fc7227fd000 rw-s 00000000 08:12 4458967                    /tmp/hsperfdata_helio/7108
7fc7227fd000-7fc7227fe000 rw-p 00000000 00:00 0 
7fc7227fe000-7fc7227ff000 ---p 00000000 00:00 0 
7fc7227ff000-7fc722801000 rw-p 00000000 00:00 0 
7fc722801000-7fc722802000 r--p 00025000 08:12 524482                     /lib/x86_64-linux-gnu/ld-2.23.so
7fc722802000-7fc722803000 rw-p 00026000 08:12 524482                     /lib/x86_64-linux-gnu/ld-2.23.so
7fc722803000-7fc722804000 rw-p 00000000 00:00 0 
7ffe72af3000-7ffe72b14000 rw-p 00000000 00:00 0                          [stack]
7ffe72b58000-7ffe72b5a000 r--p 00000000 00:00 0                          [vvar]
7ffe72b5a000-7ffe72b5c000 r-xp 00000000 00:00 0                          [vdso]
ffffffffff600000-ffffffffff601000 r-xp 00000000 00:00 0                  [vsyscall]

VM Arguments:
java_command: dist/LeaderElectionAdHocNet.jar ./nbproject/configs/Node17.csv
java_class_path (initial): dist/LeaderElectionAdHocNet.jar
Launcher Type: SUN_STANDARD

Environment Variables:
PATH=/usr/local/sbin:/usr/local/bin:/usr/sbin:/usr/bin:/sbin:/bin:/usr/games:/usr/local/games:/snap/bin
SHELL=/bin/bash
DISPLAY=:0

Signal Handlers:
SIGSEGV: [libjvm.so+0xa69040], sa_mask[0]=11111111011111111101111111111110, sa_flags=SA_RESTART|SA_SIGINFO
SIGBUS: [libjvm.so+0xa69040], sa_mask[0]=11111111011111111101111111111110, sa_flags=SA_RESTART|SA_SIGINFO
SIGFPE: [libjvm.so+0x8b2170], sa_mask[0]=11111111011111111101111111111110, sa_flags=SA_RESTART|SA_SIGINFO
SIGPIPE: [libjvm.so+0x8b2170], sa_mask[0]=11111111011111111101111111111110, sa_flags=SA_RESTART|SA_SIGINFO
SIGXFSZ: [libjvm.so+0x8b2170], sa_mask[0]=11111111011111111101111111111110, sa_flags=SA_RESTART|SA_SIGINFO
SIGILL: [libjvm.so+0x8b2170], sa_mask[0]=11111111011111111101111111111110, sa_flags=SA_RESTART|SA_SIGINFO
SIGUSR1: SIG_DFL, sa_mask[0]=00000000000000000000000000000000, sa_flags=none
SIGUSR2: [libjvm.so+0x8b2020], sa_mask[0]=00000000000000000000000000000000, sa_flags=SA_RESTART|SA_SIGINFO
SIGHUP: [libjvm.so+0x8b24f0], sa_mask[0]=11111111011111111101111111111110, sa_flags=SA_RESTART|SA_SIGINFO
SIGINT: [libjvm.so+0x8b24f0], sa_mask[0]=11111111011111111101111111111110, sa_flags=SA_RESTART|SA_SIGINFO
SIGTERM: [libjvm.so+0x8b24f0], sa_mask[0]=11111111011111111101111111111110, sa_flags=SA_RESTART|SA_SIGINFO
SIGQUIT: [libjvm.so+0x8b24f0], sa_mask[0]=11111111011111111101111111111110, sa_flags=SA_RESTART|SA_SIGINFO


---------------  S Y S T E M  ---------------

OS:DISTRIB_ID=Ubuntu
DISTRIB_RELEASE=16.04
DISTRIB_CODENAME=xenial
DISTRIB_DESCRIPTION="Ubuntu 16.04.2 LTS"

uname:Linux 4.4.0-104-generic #127-Ubuntu SMP Mon Dec 11 12:16:42 UTC 2017 x86_64
libc:glibc 2.23 NPTL 2.23 
rlimit: STACK 8192k, CORE 0k, NPROC 31136, NOFILE 65536, AS infinity
load average:31,06 7,81 2,95

/proc/meminfo:
MemTotal:        8011432 kB
MemFree:          553916 kB
MemAvailable:     448904 kB
Buffers:             628 kB
Cached:           770196 kB
SwapCached:            0 kB
Active:          6470356 kB
Inactive:         761068 kB
Active(anon):    6465788 kB
Inactive(anon):   738584 kB
Active(file):       4568 kB
Inactive(file):    22484 kB
Unevictable:         304 kB
Mlocked:             304 kB
SwapTotal:             0 kB
SwapFree:              0 kB
Dirty:               108 kB
Writeback:             0 kB
AnonPages:       6461580 kB
Mapped:           116788 kB
Shmem:            743096 kB
Slab:              89216 kB
SReclaimable:      40996 kB
SUnreclaim:        48220 kB
KernelStack:       16496 kB
PageTables:        51444 kB
NFS_Unstable:          0 kB
Bounce:                0 kB
WritebackTmp:          0 kB
CommitLimit:     4005716 kB
Committed_AS:   14109920 kB
VmallocTotal:   34359738367 kB
VmallocUsed:           0 kB
VmallocChunk:          0 kB
HardwareCorrupted:     0 kB
AnonHugePages:   3129344 kB
CmaTotal:              0 kB
CmaFree:               0 kB
HugePages_Total:       0
HugePages_Free:        0
HugePages_Rsvd:        0
HugePages_Surp:        0
Hugepagesize:       2048 kB
DirectMap4k:      178940 kB
DirectMap2M:     8044544 kB


CPU:total 8 (initial active 8) (4 cores per cpu, 2 threads per core) family 6 model 58 stepping 9, cmov, cx8, fxsr, mmx, sse, sse2, sse3, ssse3, sse4.1, sse4.2, popcnt, avx, aes, clmul, erms, ht, tsc, tscinvbit, tscinv

/proc/cpuinfo:
processor	: 0
vendor_id	: GenuineIntel
cpu family	: 6
model		: 58
model name	: Intel(R) Core(TM) i7-3610QM CPU @ 2.30GHz
stepping	: 9
microcode	: 0x12
cpu MHz		: 1500.121
cache size	: 6144 KB
physical id	: 0
siblings	: 8
core id		: 0
cpu cores	: 4
apicid		: 0
initial apicid	: 0
fpu		: yes
fpu_exception	: yes
cpuid level	: 13
wp		: yes
flags		: fpu vme de pse tsc msr pae mce cx8 apic sep mtrr pge mca cmov pat pse36 clflush dts acpi mmx fxsr sse sse2 ss ht tm pbe syscall nx rdtscp lm constant_tsc arch_perfmon pebs bts rep_good nopl xtopology nonstop_tsc aperfmperf eagerfpu pni pclmulqdq dtes64 monitor ds_cpl vmx est tm2 ssse3 cx16 xtpr pdcm pcid sse4_1 sse4_2 x2apic popcnt tsc_deadline_timer aes xsave avx f16c rdrand lahf_lm epb tpr_shadow vnmi flexpriority ept vpid fsgsbase smep erms xsaveopt dtherm ida arat pln pts
bugs		:
bogomips	: 4589.16
clflush size	: 64
cache_alignment	: 64
address sizes	: 36 bits physical, 48 bits virtual
power management:

processor	: 1
vendor_id	: GenuineIntel
cpu family	: 6
model		: 58
model name	: Intel(R) Core(TM) i7-3610QM CPU @ 2.30GHz
stepping	: 9
microcode	: 0x12
cpu MHz		: 2444.828
cache size	: 6144 KB
physical id	: 0
siblings	: 8
core id		: 0
cpu cores	: 4
apicid		: 1
initial apicid	: 1
fpu		: yes
fpu_exception	: yes
cpuid level	: 13
wp		: yes
flags		: fpu vme de pse tsc msr pae mce cx8 apic sep mtrr pge mca cmov pat pse36 clflush dts acpi mmx fxsr sse sse2 ss ht tm pbe syscall nx rdtscp lm constant_tsc arch_perfmon pebs bts rep_good nopl xtopology nonstop_tsc aperfmperf eagerfpu pni pclmulqdq dtes64 monitor ds_cpl vmx est tm2 ssse3 cx16 xtpr pdcm pcid sse4_1 sse4_2 x2apic popcnt tsc_deadline_timer aes xsave avx f16c rdrand lahf_lm epb tpr_shadow vnmi flexpriority ept vpid fsgsbase smep erms xsaveopt dtherm ida arat pln pts
bugs		:
bogomips	: 4589.16
clflush size	: 64
cache_alignment	: 64
address sizes	: 36 bits physical, 48 bits virtual
power management:

processor	: 2
vendor_id	: GenuineIntel
cpu family	: 6
model		: 58
model name	: Intel(R) Core(TM) i7-3610QM CPU @ 2.30GHz
stepping	: 9
microcode	: 0x12
cpu MHz		: 1675.855
cache size	: 6144 KB
physical id	: 0
siblings	: 8
core id		: 1
cpu cores	: 4
apicid		: 2
initial apicid	: 2
fpu		: yes
fpu_exception	: yes
cpuid level	: 13
wp		: yes
flags		: fpu vme de pse tsc msr pae mce cx8 apic sep mtrr pge mca cmov pat pse36 clflush dts acpi mmx fxsr sse sse2 ss ht tm pbe syscall nx rdtscp lm constant_tsc arch_perfmon pebs bts rep_good nopl xtopology nonstop_tsc aperfmperf eagerfpu pni pclmulqdq dtes64 monitor ds_cpl vmx est tm2 ssse3 cx16 xtpr pdcm pcid sse4_1 sse4_2 x2apic popcnt tsc_deadline_timer aes xsave avx f16c rdrand lahf_lm epb tpr_shadow vnmi flexpriority ept vpid fsgsbase smep erms xsaveopt dtherm ida arat pln pts
bugs		:
bogomips	: 4589.16
clflush size	: 64
cache_alignment	: 64
address sizes	: 36 bits physical, 48 bits virtual
power management:

processor	: 3
vendor_id	: GenuineIntel
cpu family	: 6
model		: 58
model name	: Intel(R) Core(TM) i7-3610QM CPU @ 2.30GHz
stepping	: 9
microcode	: 0x12
cpu MHz		: 3099.968
cache size	: 6144 KB
physical id	: 0
siblings	: 8
core id		: 1
cpu cores	: 4
apicid		: 3
initial apicid	: 3
fpu		: yes
fpu_exception	: yes
cpuid level	: 13
wp		: yes
flags		: fpu vme de pse tsc msr pae mce cx8 apic sep mtrr pge mca cmov pat pse36 clflush dts acpi mmx fxsr sse sse2 ss ht tm pbe syscall nx rdtscp lm constant_tsc arch_perfmon pebs bts rep_good nopl xtopology nonstop_tsc aperfmperf eagerfpu pni pclmulqdq dtes64 monitor ds_cpl vmx est tm2 ssse3 cx16 xtpr pdcm pcid sse4_1 sse4_2 x2apic popcnt tsc_deadline_timer aes xsave avx f16c rdrand lahf_lm epb tpr_shadow vnmi flexpriority ept vpid fsgsbase smep erms xsaveopt dtherm ida arat pln pts
bugs		:
bogomips	: 4589.16
clflush size	: 64
cache_alignment	: 64
address sizes	: 36 bits physical, 48 bits virtual
power management:

processor	: 4
vendor_id	: GenuineIntel
cpu family	: 6
model		: 58
model name	: Intel(R) Core(TM) i7-3610QM CPU @ 2.30GHz
stepping	: 9
microcode	: 0x12
cpu MHz		: 1304.980
cache size	: 6144 KB
physical id	: 0
siblings	: 8
core id		: 2
cpu cores	: 4
apicid		: 4
initial apicid	: 4
fpu		: yes
fpu_exception	: yes
cpuid level	: 13
wp		: yes
flags		: fpu vme de pse tsc msr pae mce cx8 apic sep mtrr pge mca cmov pat pse36 clflush dts acpi mmx fxsr sse sse2 ss ht tm pbe syscall nx rdtscp lm constant_tsc arch_perfmon pebs bts rep_good nopl xtopology nonstop_tsc aperfmperf eagerfpu pni pclmulqdq dtes64 monitor ds_cpl vmx est tm2 ssse3 cx16 xtpr pdcm pcid sse4_1 sse4_2 x2apic popcnt tsc_deadline_timer aes xsave avx f16c rdrand lahf_lm epb tpr_shadow vnmi flexpriority ept vpid fsgsbase smep erms xsaveopt dtherm ida arat pln pts
bugs		:
bogomips	: 4589.16
clflush size	: 64
cache_alignment	: 64
address sizes	: 36 bits physical, 48 bits virtual
power management:

processor	: 5
vendor_id	: GenuineIntel
cpu family	: 6
model		: 58
model name	: Intel(R) Core(TM) i7-3610QM CPU @ 2.30GHz
stepping	: 9
microcode	: 0x12
cpu MHz		: 1243.167
cache size	: 6144 KB
physical id	: 0
siblings	: 8
core id		: 2
cpu cores	: 4
apicid		: 5
initial apicid	: 5
fpu		: yes
fpu_exception	: yes
cpuid level	: 13
wp		: yes
flags		: fpu vme de pse tsc msr pae mce cx8 apic sep mtrr pge mca cmov pat pse36 clflush dts acpi mmx fxsr sse sse2 ss ht tm pbe syscall nx rdtscp lm constant_tsc arch_perfmon pebs bts rep_good nopl xtopology nonstop_tsc aperfmperf eagerfpu pni pclmulqdq dtes64 monitor ds_cpl vmx est tm2 ssse3 cx16 xtpr pdcm pcid sse4_1 sse4_2 x2apic popcnt tsc_deadline_timer aes xsave avx f16c rdrand lahf_lm epb tpr_shadow vnmi flexpriority ept vpid fsgsbase smep erms xsaveopt dtherm ida arat pln pts
bugs		:
bogomips	: 4589.16
clflush size	: 64
cache_alignment	: 64
address sizes	: 36 bits physical, 48 bits virtual
power management:

processor	: 6
vendor_id	: GenuineIntel
cpu family	: 6
model		: 58
model name	: Intel(R) Core(TM) i7-3610QM CPU @ 2.30GHz
stepping	: 9
microcode	: 0x12
cpu MHz		: 1295.007
cache size	: 6144 KB
physical id	: 0
siblings	: 8
core id		: 3
cpu cores	: 4
apicid		: 6
initial apicid	: 6
fpu		: yes
fpu_exception	: yes
cpuid level	: 13
wp		: yes
flags		: fpu vme de pse tsc msr pae mce cx8 apic sep mtrr pge mca cmov pat pse36 clflush dts acpi mmx fxsr sse sse2 ss ht tm pbe syscall nx rdtscp lm constant_tsc arch_perfmon pebs bts rep_good nopl xtopology nonstop_tsc aperfmperf eagerfpu pni pclmulqdq dtes64 monitor ds_cpl vmx est tm2 ssse3 cx16 xtpr pdcm pcid sse4_1 sse4_2 x2apic popcnt tsc_deadline_timer aes xsave avx f16c rdrand lahf_lm epb tpr_shadow vnmi flexpriority ept vpid fsgsbase smep erms xsaveopt dtherm ida arat pln pts
bugs		:
bogomips	: 4589.16
clflush size	: 64
cache_alignment	: 64
address sizes	: 36 bits physical, 48 bits virtual
power management:

processor	: 7
vendor_id	: GenuineIntel
cpu family	: 6
model		: 58
model name	: Intel(R) Core(TM) i7-3610QM CPU @ 2.30GHz
stepping	: 9
microcode	: 0x12
cpu MHz		: 1255.027
cache size	: 6144 KB
physical id	: 0
siblings	: 8
core id		: 3
cpu cores	: 4
apicid		: 7
initial apicid	: 7
fpu		: yes
fpu_exception	: yes
cpuid level	: 13
wp		: yes
flags		: fpu vme de pse tsc msr pae mce cx8 apic sep mtrr pge mca cmov pat pse36 clflush dts acpi mmx fxsr sse sse2 ss ht tm pbe syscall nx rdtscp lm constant_tsc arch_perfmon pebs bts rep_good nopl xtopology nonstop_tsc aperfmperf eagerfpu pni pclmulqdq dtes64 monitor ds_cpl vmx est tm2 ssse3 cx16 xtpr pdcm pcid sse4_1 sse4_2 x2apic popcnt tsc_deadline_timer aes xsave avx f16c rdrand lahf_lm epb tpr_shadow vnmi flexpriority ept vpid fsgsbase smep erms xsaveopt dtherm ida arat pln pts
bugs		:
bogomips	: 4589.16
clflush size	: 64
cache_alignment	: 64
address sizes	: 36 bits physical, 48 bits virtual
power management:



Memory: 4k page, physical 8011432k(553916k free), swap 0k(0k free)

vm_info: OpenJDK 64-Bit Server VM (25.151-b12) for linux-amd64 JRE (1.8.0_151-8u151-b12-0ubuntu0.16.04.2-b12), built on Oct 27 2017 21:59:02 by "buildd" with gcc 5.4.0 20160609

time: Tue Jan  9 23:42:35 2018
elapsed time: 35 seconds (0d 0h 0m 35s)

