#
# There is insufficient memory for the Java Runtime Environment to continue.
# Native memory allocation (mmap) failed to map 260046848 bytes for committing reserved memory.
# Possible reasons:
#   The system is out of physical RAM or swap space
#   In 32 bit mode, the process size limit was hit
# Possible solutions:
#   Reduce memory load on the system
#   Increase physical memory or swap space
#   Check if swap backing store is full
#   Use 64 bit Java on a 64 bit OS
#   Decrease Java heap size (-Xmx/-Xms)
#   Decrease number of Java threads
#   Decrease Java thread stack sizes (-Xss)
#   Set larger code cache with -XX:ReservedCodeCacheSize=
# This output file may be truncated or incomplete.
#
#  Out of Memory Error (os_linux.cpp:2643), pid=7107, tid=0x00007fae6d15f700
#
# JRE version: OpenJDK Runtime Environment (8.0_151-b12) (build 1.8.0_151-8u151-b12-0ubuntu0.16.04.2-b12)
# Java VM: OpenJDK 64-Bit Server VM (25.151-b12 mixed mode linux-amd64 compressed oops)
# Failed to write core dump. Core dumps have been disabled. To enable core dumping, try "ulimit -c unlimited" before starting Java again
#

---------------  T H R E A D  ---------------

Current thread (0x00007fae841c6800):  VMThread [stack: 0x00007fae6d05f000,0x00007fae6d160000] [id=7298]

Stack: [0x00007fae6d05f000,0x00007fae6d160000],  sp=0x00007fae6d15e4c0,  free space=1021k
Native frames: (J=compiled Java code, j=interpreted, Vv=VM code, C=native code)
V  [libjvm.so+0xa684eb]
V  [libjvm.so+0x4c579c]
V  [libjvm.so+0x8b6b50]
V  [libjvm.so+0x8b0fce]
V  [libjvm.so+0x92b806]
V  [libjvm.so+0x92cb33]
V  [libjvm.so+0x9291fb]
V  [libjvm.so+0x9294ac]
V  [libjvm.so+0x8db3c3]
V  [libjvm.so+0xa6a192]
V  [libjvm.so+0xa6f277]
V  [libjvm.so+0xa6ca47]
V  [libjvm.so+0xa6decf]
V  [libjvm.so+0xa6e3c1]
V  [libjvm.so+0x8b4032]

VM_Operation (0x00007fae8b097780): ParallelGCFailedAllocation, mode: safepoint, requested by thread 0x00007fae8400a000


---------------  P R O C E S S  ---------------

Java Threads: ( => current thread )
  0x00007fae84291800 JavaThread "Thread-6" [_thread_blocked, id=7567, stack(0x00007fae275f8000,0x00007fae276f9000)]
  0x00007fae84290000 JavaThread "Thread-4" [_thread_blocked, id=7563, stack(0x00007fae276f9000,0x00007fae277fa000)]
  0x00007fae8428e800 JavaThread "Thread-2" [_thread_blocked, id=7559, stack(0x00007fae277fa000,0x00007fae278fb000)]
  0x00007fae8428c000 JavaThread "Thread-0" [_thread_in_native, id=7515, stack(0x00007fae278fb000,0x00007fae279fc000)]
  0x00007fae8428b000 JavaThread "Thread-8" [_thread_blocked, id=7514, stack(0x00007fae279fc000,0x00007fae27afd000)]
  0x00007fae84287000 JavaThread "Thread-7" daemon [_thread_in_native, id=7513, stack(0x00007fae27afd000,0x00007fae27bfe000)]
  0x00007fae84285000 JavaThread "Timer-2" [_thread_blocked, id=7509, stack(0x00007fae27bfe000,0x00007fae27cff000)]
  0x00007fae84282800 JavaThread "Timer-1" [_thread_blocked, id=7504, stack(0x00007fae6c062000,0x00007fae6c163000)]
  0x00007fae84280000 JavaThread "Timer-0" [_thread_blocked, id=7500, stack(0x00007fae6c163000,0x00007fae6c264000)]
  0x00007fae8420a000 JavaThread "Service Thread" daemon [_thread_blocked, id=7437, stack(0x00007fae6c57d000,0x00007fae6c67e000)]
  0x00007fae84205800 JavaThread "C1 CompilerThread3" daemon [_thread_blocked, id=7434, stack(0x00007fae6c67e000,0x00007fae6c77f000)]
  0x00007fae84201000 JavaThread "C2 CompilerThread2" daemon [_thread_blocked, id=7431, stack(0x00007fae6c77f000,0x00007fae6c880000)]
  0x00007fae841ff800 JavaThread "C2 CompilerThread1" daemon [_thread_blocked, id=7418, stack(0x00007fae6c880000,0x00007fae6c981000)]
  0x00007fae841fc800 JavaThread "C2 CompilerThread0" daemon [_thread_blocked, id=7406, stack(0x00007fae6c981000,0x00007fae6ca82000)]
  0x00007fae841fa800 JavaThread "Signal Dispatcher" daemon [_thread_blocked, id=7394, stack(0x00007fae6ca82000,0x00007fae6cb83000)]
  0x00007fae841d2800 JavaThread "Finalizer" daemon [_thread_blocked, id=7311, stack(0x00007fae6ce5d000,0x00007fae6cf5e000)]
  0x00007fae841ce000 JavaThread "Reference Handler" daemon [_thread_blocked, id=7308, stack(0x00007fae6cf5e000,0x00007fae6d05f000)]
  0x00007fae8400a000 JavaThread "main" [_thread_blocked, id=7151, stack(0x00007fae8af98000,0x00007fae8b099000)]

Other Threads:
=>0x00007fae841c6800 VMThread [stack: 0x00007fae6d05f000,0x00007fae6d160000] [id=7298]
  0x00007fae8420c800 WatcherThread [stack: 0x00007fae6c47c000,0x00007fae6c57d000] [id=7438]

VM state:at safepoint (normal execution)

VM Mutex/Monitor currently owned by a thread:  ([mutex/lock_event])
[0x00007fae840060b0] Threads_lock - owner thread: 0x00007fae841c6800
[0x00007fae840065b0] Heap_lock - owner thread: 0x00007fae8400a000

Heap:
 PSYoungGen      total 254976K, used 160K [0x00000000d7400000, 0x00000000e6e00000, 0x0000000100000000)
  eden space 253952K, 0% used [0x00000000d7400000,0x00000000d7400000,0x00000000e6c00000)
  from space 1024K, 15% used [0x00000000e6c00000,0x00000000e6c28000,0x00000000e6d00000)
  to   space 1024K, 0% used [0x00000000e6d00000,0x00000000e6d00000,0x00000000e6e00000)
 ParOldGen       total 84992K, used 468K [0x0000000085c00000, 0x000000008af00000, 0x00000000d7400000)
  object space 84992K, 0% used [0x0000000085c00000,0x0000000085c75080,0x000000008af00000)
 Metaspace       used 4288K, capacity 4850K, committed 4992K, reserved 1056768K
  class space    used 469K, capacity 535K, committed 640K, reserved 1048576K

Card table byte_map: [0x00007fae74246000,0x00007fae74619000] byte_map_base: 0x00007fae73e18000

Marking Bits: (ParMarkBitMap*) 0x00007fae8a26a2c0
 Begin Bits: [0x00007fae6fa92000, 0x00007fae71922000)
 End Bits:   [0x00007fae71922000, 0x00007fae737b2000)

Polling page: 0x00007fae8b0bd000

CodeCache: size=245760Kb used=1677Kb max_used=1694Kb free=244082Kb
 bounds [0x00007fae749d9000, 0x00007fae74c49000, 0x00007fae839d9000]
 total_blobs=506 nmethods=246 adapters=175
 compilation: enabled

Compilation events (10 events):
Event: 2,998 Thread 0x00007fae84205800  240       3       java.util.AbstractList$Itr::hasNext (20 bytes)
Event: 2,998 Thread 0x00007fae84205800 nmethod 240 0x00007fae74b67cd0 code [0x00007fae74b67e40, 0x00007fae74b680c8]
Event: 3,010 Thread 0x00007fae84205800  241       3       jdk.internal.org.objectweb.asm.ByteVector::<init> (13 bytes)
Event: 3,010 Thread 0x00007fae84205800 nmethod 241 0x00007fae74b67850 code [0x00007fae74b679c0, 0x00007fae74b67c10]
Event: 3,015 Thread 0x00007fae84205800  242       3       jdk.internal.org.objectweb.asm.ByteVector::putByteArray (49 bytes)
Event: 3,015 Thread 0x00007fae84205800 nmethod 242 0x00007fae74b671d0 code [0x00007fae74b67360, 0x00007fae74b67678]
Event: 4,456 Thread 0x00007fae84205800  245       1       LeaderElectionAdHocNet.MainNode::getId (5 bytes)
Event: 4,457 Thread 0x00007fae84205800 nmethod 245 0x00007fae74b75850 code [0x00007fae74b759a0, 0x00007fae74b75ab0]
Event: 4,476 Thread 0x00007fae84205800  246       1       LeaderElectionAdHocNet.MainNode::getLid (5 bytes)
Event: 4,476 Thread 0x00007fae84205800 nmethod 246 0x00007fae74b75590 code [0x00007fae74b756e0, 0x00007fae74b757f0]

GC Heap History (10 events):
Event: 2,323 GC heap after
Heap after GC invocations=2 (full 0):
 PSYoungGen      total 68608K, used 480K [0x00000000d7400000, 0x00000000dbc00000, 0x0000000100000000)
  eden space 63488K, 0% used [0x00000000d7400000,0x00000000d7400000,0x00000000db200000)
  from space 5120K, 9% used [0x00000000db700000,0x00000000db778020,0x00000000dbc00000)
  to   space 5120K, 0% used [0x00000000db200000,0x00000000db200000,0x00000000db700000)
 ParOldGen       total 84992K, used 8K [0x0000000085c00000, 0x000000008af00000, 0x00000000d7400000)
  object space 84992K, 0% used [0x0000000085c00000,0x0000000085c02000,0x000000008af00000)
 Metaspace       used 3841K, capacity 4676K, committed 4864K, reserved 1056768K
  class space    used 400K, capacity 434K, committed 512K, reserved 1048576K
}
Event: 2,822 GC heap before
{Heap before GC invocations=3 (full 0):
 PSYoungGen      total 68608K, used 63968K [0x00000000d7400000, 0x00000000dbc00000, 0x0000000100000000)
  eden space 63488K, 100% used [0x00000000d7400000,0x00000000db200000,0x00000000db200000)
  from space 5120K, 9% used [0x00000000db700000,0x00000000db778020,0x00000000dbc00000)
  to   space 5120K, 0% used [0x00000000db200000,0x00000000db200000,0x00000000db700000)
 ParOldGen       total 84992K, used 8K [0x0000000085c00000, 0x000000008af00000, 0x00000000d7400000)
  object space 84992K, 0% used [0x0000000085c00000,0x0000000085c02000,0x000000008af00000)
 Metaspace       used 4058K, capacity 4810K, committed 4992K, reserved 1056768K
  class space    used 440K, capacity 517K, committed 640K, reserved 1048576K
Event: 2,829 GC heap after
Heap after GC invocations=3 (full 0):
 PSYoungGen      total 68608K, used 576K [0x00000000d7400000, 0x00000000dfa00000, 0x0000000100000000)
  eden space 63488K, 0% used [0x00000000d7400000,0x00000000d7400000,0x00000000db200000)
  from space 5120K, 11% used [0x00000000db200000,0x00000000db290020,0x00000000db700000)
  to   space 5120K, 0% used [0x00000000df500000,0x00000000df500000,0x00000000dfa00000)
 ParOldGen       total 84992K, used 8K [0x0000000085c00000, 0x000000008af00000, 0x00000000d7400000)
  object space 84992K, 0% used [0x0000000085c00000,0x0000000085c02000,0x000000008af00000)
 Metaspace       used 4058K, capacity 4810K, committed 4992K, reserved 1056768K
  class space    used 440K, capacity 517K, committed 640K, reserved 1048576K
}
Event: 3,141 GC heap before
{Heap before GC invocations=4 (full 0):
 PSYoungGen      total 68608K, used 64064K [0x00000000d7400000, 0x00000000dfa00000, 0x0000000100000000)
  eden space 63488K, 100% used [0x00000000d7400000,0x00000000db200000,0x00000000db200000)
  from space 5120K, 11% used [0x00000000db200000,0x00000000db290020,0x00000000db700000)
  to   space 5120K, 0% used [0x00000000df500000,0x00000000df500000,0x00000000dfa00000)
 ParOldGen       total 84992K, used 8K [0x0000000085c00000, 0x000000008af00000, 0x00000000d7400000)
  object space 84992K, 0% used [0x0000000085c00000,0x0000000085c02000,0x000000008af00000)
 Metaspace       used 4288K, capacity 4850K, committed 4992K, reserved 1056768K
  class space    used 469K, capacity 535K, committed 640K, reserved 1048576K
Event: 3,147 GC heap after
Heap after GC invocations=4 (full 0):
 PSYoungGen      total 132096K, used 592K [0x00000000d7400000, 0x00000000dfa00000, 0x0000000100000000)
  eden space 126976K, 0% used [0x00000000d7400000,0x00000000d7400000,0x00000000df000000)
  from space 5120K, 11% used [0x00000000df500000,0x00000000df594030,0x00000000dfa00000)
  to   space 5120K, 0% used [0x00000000df000000,0x00000000df000000,0x00000000df500000)
 ParOldGen       total 84992K, used 8K [0x0000000085c00000, 0x000000008af00000, 0x00000000d7400000)
  object space 84992K, 0% used [0x0000000085c00000,0x0000000085c02000,0x000000008af00000)
 Metaspace       used 4288K, capacity 4850K, committed 4992K, reserved 1056768K
  class space    used 469K, capacity 535K, committed 640K, reserved 1048576K
}
Event: 3,477 GC heap before
{Heap before GC invocations=5 (full 0):
 PSYoungGen      total 132096K, used 127568K [0x00000000d7400000, 0x00000000dfa00000, 0x0000000100000000)
  eden space 126976K, 100% used [0x00000000d7400000,0x00000000df000000,0x00000000df000000)
  from space 5120K, 11% used [0x00000000df500000,0x00000000df594030,0x00000000dfa00000)
  to   space 5120K, 0% used [0x00000000df000000,0x00000000df000000,0x00000000df500000)
 ParOldGen       total 84992K, used 8K [0x0000000085c00000, 0x000000008af00000, 0x00000000d7400000)
  object space 84992K, 0% used [0x0000000085c00000,0x0000000085c02000,0x000000008af00000)
 Metaspace       used 4288K, capacity 4850K, committed 4992K, reserved 1056768K
  class space    used 469K, capacity 535K, committed 640K, reserved 1048576K
Event: 3,536 GC heap after
Heap after GC invocations=5 (full 0):
 PSYoungGen      total 132096K, used 704K [0x00000000d7400000, 0x00000000e6e00000, 0x0000000100000000)
  eden space 126976K, 0% used [0x00000000d7400000,0x00000000d7400000,0x00000000df000000)
  from space 5120K, 13% used [0x00000000df000000,0x00000000df0b0020,0x00000000df500000)
  to   space 1024K, 0% used [0x00000000e6d00000,0x00000000e6d00000,0x00000000e6e00000)
 ParOldGen       total 84992K, used 16K [0x0000000085c00000, 0x000000008af00000, 0x00000000d7400000)
  object space 84992K, 0% used [0x0000000085c00000,0x0000000085c04000,0x000000008af00000)
 Metaspace       used 4288K, capacity 4850K, committed 4992K, reserved 1056768K
  class space    used 469K, capacity 535K, committed 640K, reserved 1048576K
}
Event: 3,720 GC heap before
{Heap before GC invocations=6 (full 0):
 PSYoungGen      total 132096K, used 127680K [0x00000000d7400000, 0x00000000e6e00000, 0x0000000100000000)
  eden space 126976K, 100% used [0x00000000d7400000,0x00000000df000000,0x00000000df000000)
  from space 5120K, 13% used [0x00000000df000000,0x00000000df0b0020,0x00000000df500000)
  to   space 1024K, 0% used [0x00000000e6d00000,0x00000000e6d00000,0x00000000e6e00000)
 ParOldGen       total 84992K, used 16K [0x0000000085c00000, 0x000000008af00000, 0x00000000d7400000)
  object space 84992K, 0% used [0x0000000085c00000,0x0000000085c04000,0x000000008af00000)
 Metaspace       used 4288K, capacity 4850K, committed 4992K, reserved 1056768K
  class space    used 469K, capacity 535K, committed 640K, reserved 1048576K
Event: 3,745 GC heap after
Heap after GC invocations=6 (full 0):
 PSYoungGen      total 254976K, used 656K [0x00000000d7400000, 0x00000000e6e00000, 0x0000000100000000)
  eden space 253952K, 0% used [0x00000000d7400000,0x00000000d7400000,0x00000000e6c00000)
  from space 1024K, 64% used [0x00000000e6d00000,0x00000000e6da4030,0x00000000e6e00000)
  to   space 1024K, 0% used [0x00000000e6c00000,0x00000000e6c00000,0x00000000e6d00000)
 ParOldGen       total 84992K, used 16K [0x0000000085c00000, 0x000000008af00000, 0x00000000d7400000)
  object space 84992K, 0% used [0x0000000085c00000,0x0000000085c04000,0x000000008af00000)
 Metaspace       used 4288K, capacity 4850K, committed 4992K, reserved 1056768K
  class space    used 469K, capacity 535K, committed 640K, reserved 1048576K
}
Event: 5,221 GC heap before
{Heap before GC invocations=7 (full 0):
 PSYoungGen      total 254976K, used 254608K [0x00000000d7400000, 0x00000000e6e00000, 0x0000000100000000)
  eden space 253952K, 100% used [0x00000000d7400000,0x00000000e6c00000,0x00000000e6c00000)
  from space 1024K, 64% used [0x00000000e6d00000,0x00000000e6da4030,0x00000000e6e00000)
  to   space 1024K, 0% used [0x00000000e6c00000,0x00000000e6c00000,0x00000000e6d00000)
 ParOldGen       total 84992K, used 16K [0x0000000085c00000, 0x000000008af00000, 0x00000000d7400000)
  object space 84992K, 0% used [0x0000000085c00000,0x0000000085c04000,0x000000008af00000)
 Metaspace       used 4288K, capacity 4850K, committed 4992K, reserved 1056768K
  class space    used 469K, capacity 535K, committed 640K, reserved 1048576K

Deoptimization events (3 events):
Event: 1,598 Thread 0x00007fae8428b000 Uncommon trap: reason=unstable_if action=reinterpret pc=0x00007fae74afdbc8 method=LeaderElectionAdHocNet.ThreadPerformance.run()V @ 14
Event: 2,018 Thread 0x00007fae8400a000 Uncommon trap: reason=unstable_if action=reinterpret pc=0x00007fae74afe8f4 method=java.util.HashMap.isEmpty()Z @ 4
Event: 2,078 Thread 0x00007fae8428b000 Uncommon trap: reason=unstable_if action=reinterpret pc=0x00007fae74b0d990 method=LeaderElectionAdHocNet.ThreadPerformance.run()V @ 38

Internal exceptions (4 events):
Event: 0,109 Thread 0x00007fae8400a000 Exception <a 'java/lang/NoSuchMethodError': Method sun.misc.Unsafe.defineClass(Ljava/lang/String;[BII)Ljava/lang/Class; name or signature does not match> (0x00000000d7407ca8) thrown at [/build/openjdk-8-W2Qe27/openjdk-8-8u151-b12/src/hotspot/src/share/vm/
Event: 0,109 Thread 0x00007fae8400a000 Exception <a 'java/lang/NoSuchMethodError': Method sun.misc.Unsafe.prefetchRead(Ljava/lang/Object;J)V name or signature does not match> (0x00000000d7407f90) thrown at [/build/openjdk-8-W2Qe27/openjdk-8-8u151-b12/src/hotspot/src/share/vm/prims/jni.cpp, lin
Event: 2,760 Thread 0x00007fae84290000 Exception <a 'java/lang/NoSuchFieldError': method resolution failed> (0x00000000d9eb2e38) thrown at [/build/openjdk-8-W2Qe27/openjdk-8-8u151-b12/src/hotspot/src/share/vm/prims/methodHandles.cpp, line 1146]
Event: 2,762 Thread 0x00007fae84290000 Exception <a 'java/lang/NoSuchFieldError': method resolution failed> (0x00000000d9ec01d8) thrown at [/build/openjdk-8-W2Qe27/openjdk-8-8u151-b12/src/hotspot/src/share/vm/prims/methodHandles.cpp, line 1146]

Events (10 events):
Event: 3,010 loading class java/lang/invoke/InnerClassLambdaMetafactory$ForwardingMethodGenerator done
Event: 3,122 Executing VM operation: ParallelGCFailedAllocation
Event: 3,147 Executing VM operation: ParallelGCFailedAllocation done
Event: 3,451 Executing VM operation: ParallelGCFailedAllocation
Event: 3,536 Executing VM operation: ParallelGCFailedAllocation done
Event: 3,720 Executing VM operation: ParallelGCFailedAllocation
Event: 3,745 Executing VM operation: ParallelGCFailedAllocation done
Event: 4,312 Executing VM operation: EnableBiasedLocking
Event: 4,372 Executing VM operation: EnableBiasedLocking done
Event: 5,206 Executing VM operation: ParallelGCFailedAllocation


Dynamic libraries:
00400000-00401000 r-xp 00000000 08:12 6694585                            /usr/lib/jvm/java-8-openjdk-amd64/jre/bin/java
00600000-00601000 r--p 00000000 08:12 6694585                            /usr/lib/jvm/java-8-openjdk-amd64/jre/bin/java
00601000-00602000 rw-p 00001000 08:12 6694585                            /usr/lib/jvm/java-8-openjdk-amd64/jre/bin/java
016f3000-01714000 rw-p 00000000 00:00 0                                  [heap]
85c00000-8af00000 rw-p 00000000 00:00 0 
8af00000-d7400000 ---p 00000000 00:00 0 
d7400000-e6e00000 rw-p 00000000 00:00 0 
f6600000-100000000 ---p 00000000 00:00 0 
100000000-1000a0000 rw-p 00000000 00:00 0 
1000a0000-140000000 ---p 00000000 00:00 0 
7fadfc000000-7fadfc033000 rw-p 00000000 00:00 0 
7fadfc033000-7fae00000000 ---p 00000000 00:00 0 
7fae00000000-7fae00021000 rw-p 00000000 00:00 0 
7fae00021000-7fae04000000 ---p 00000000 00:00 0 
7fae04000000-7fae04021000 rw-p 00000000 00:00 0 
7fae04021000-7fae08000000 ---p 00000000 00:00 0 
7fae08000000-7fae08021000 rw-p 00000000 00:00 0 
7fae08021000-7fae0c000000 ---p 00000000 00:00 0 
7fae0c000000-7fae0c021000 rw-p 00000000 00:00 0 
7fae0c021000-7fae10000000 ---p 00000000 00:00 0 
7fae10000000-7fae10021000 rw-p 00000000 00:00 0 
7fae10021000-7fae14000000 ---p 00000000 00:00 0 
7fae14000000-7fae14021000 rw-p 00000000 00:00 0 
7fae14021000-7fae18000000 ---p 00000000 00:00 0 
7fae18000000-7fae18021000 rw-p 00000000 00:00 0 
7fae18021000-7fae1c000000 ---p 00000000 00:00 0 
7fae1c000000-7fae1c021000 rw-p 00000000 00:00 0 
7fae1c021000-7fae20000000 ---p 00000000 00:00 0 
7fae20000000-7fae20021000 rw-p 00000000 00:00 0 
7fae20021000-7fae24000000 ---p 00000000 00:00 0 
7fae275f8000-7fae275fb000 ---p 00000000 00:00 0 
7fae275fb000-7fae276f9000 rw-p 00000000 00:00 0 
7fae276f9000-7fae276fc000 ---p 00000000 00:00 0 
7fae276fc000-7fae277fa000 rw-p 00000000 00:00 0 
7fae277fa000-7fae277fd000 ---p 00000000 00:00 0 
7fae277fd000-7fae278fb000 rw-p 00000000 00:00 0 
7fae278fb000-7fae278fe000 ---p 00000000 00:00 0 
7fae278fe000-7fae279fc000 rw-p 00000000 00:00 0 
7fae279fc000-7fae279ff000 ---p 00000000 00:00 0 
7fae279ff000-7fae27afd000 rw-p 00000000 00:00 0 
7fae27afd000-7fae27b00000 ---p 00000000 00:00 0 
7fae27b00000-7fae27bfe000 rw-p 00000000 00:00 0 
7fae27bfe000-7fae27c01000 ---p 00000000 00:00 0 
7fae27c01000-7fae28000000 rw-p 00000000 00:00 0 
7fae28000000-7fae2829a000 rw-p 00000000 00:00 0 
7fae2829a000-7fae2c000000 ---p 00000000 00:00 0 
7fae2c000000-7fae2c021000 rw-p 00000000 00:00 0 
7fae2c021000-7fae30000000 ---p 00000000 00:00 0 
7fae30000000-7fae3028e000 rw-p 00000000 00:00 0 
7fae3028e000-7fae34000000 ---p 00000000 00:00 0 
7fae34000000-7fae342c6000 rw-p 00000000 00:00 0 
7fae342c6000-7fae38000000 ---p 00000000 00:00 0 
7fae38000000-7fae38021000 rw-p 00000000 00:00 0 
7fae38021000-7fae3c000000 ---p 00000000 00:00 0 
7fae3c000000-7fae3c40d000 rw-p 00000000 00:00 0 
7fae3c40d000-7fae40000000 ---p 00000000 00:00 0 
7fae40000000-7fae40021000 rw-p 00000000 00:00 0 
7fae40021000-7fae44000000 ---p 00000000 00:00 0 
7fae44000000-7fae44021000 rw-p 00000000 00:00 0 
7fae44021000-7fae48000000 ---p 00000000 00:00 0 
7fae48000000-7fae48021000 rw-p 00000000 00:00 0 
7fae48021000-7fae4c000000 ---p 00000000 00:00 0 
7fae4c000000-7fae4c021000 rw-p 00000000 00:00 0 
7fae4c021000-7fae50000000 ---p 00000000 00:00 0 
7fae50000000-7fae50021000 rw-p 00000000 00:00 0 
7fae50021000-7fae54000000 ---p 00000000 00:00 0 
7fae54000000-7fae54021000 rw-p 00000000 00:00 0 
7fae54021000-7fae58000000 ---p 00000000 00:00 0 
7fae58000000-7fae58021000 rw-p 00000000 00:00 0 
7fae58021000-7fae5c000000 ---p 00000000 00:00 0 
7fae5c000000-7fae5c021000 rw-p 00000000 00:00 0 
7fae5c021000-7fae60000000 ---p 00000000 00:00 0 
7fae60000000-7fae60021000 rw-p 00000000 00:00 0 
7fae60021000-7fae64000000 ---p 00000000 00:00 0 
7fae64000000-7fae64021000 rw-p 00000000 00:00 0 
7fae64021000-7fae68000000 ---p 00000000 00:00 0 
7fae68000000-7fae68021000 rw-p 00000000 00:00 0 
7fae68021000-7fae6c000000 ---p 00000000 00:00 0 
7fae6c042000-7fae6c049000 r--s 00000000 08:12 6694033                    /usr/lib/x86_64-linux-gnu/gconv/gconv-modules.cache
7fae6c049000-7fae6c062000 r--p 00000000 08:12 7864371                    /usr/share/locale-langpack/pt/LC_MESSAGES/libc.mo
7fae6c062000-7fae6c065000 ---p 00000000 00:00 0 
7fae6c065000-7fae6c163000 rw-p 00000000 00:00 0 
7fae6c163000-7fae6c166000 ---p 00000000 00:00 0 
7fae6c166000-7fae6c264000 rw-p 00000000 00:00 0 
7fae6c264000-7fae6c27b000 r-xp 00000000 08:12 6694551                    /usr/lib/jvm/java-8-openjdk-amd64/jre/lib/amd64/libnet.so
7fae6c27b000-7fae6c47a000 ---p 00017000 08:12 6694551                    /usr/lib/jvm/java-8-openjdk-amd64/jre/lib/amd64/libnet.so
7fae6c47a000-7fae6c47b000 r--p 00016000 08:12 6694551                    /usr/lib/jvm/java-8-openjdk-amd64/jre/lib/amd64/libnet.so
7fae6c47b000-7fae6c47c000 rw-p 00017000 08:12 6694551                    /usr/lib/jvm/java-8-openjdk-amd64/jre/lib/amd64/libnet.so
7fae6c47c000-7fae6c47d000 ---p 00000000 00:00 0 
7fae6c47d000-7fae6c57d000 rw-p 00000000 00:00 0 
7fae6c57d000-7fae6c580000 ---p 00000000 00:00 0 
7fae6c580000-7fae6c67e000 rw-p 00000000 00:00 0 
7fae6c67e000-7fae6c681000 ---p 00000000 00:00 0 
7fae6c681000-7fae6c77f000 rw-p 00000000 00:00 0 
7fae6c77f000-7fae6c782000 ---p 00000000 00:00 0 
7fae6c782000-7fae6c880000 rw-p 00000000 00:00 0 
7fae6c880000-7fae6c883000 ---p 00000000 00:00 0 
7fae6c883000-7fae6c981000 rw-p 00000000 00:00 0 
7fae6c981000-7fae6c984000 ---p 00000000 00:00 0 
7fae6c984000-7fae6ca82000 rw-p 00000000 00:00 0 
7fae6ca82000-7fae6ca85000 ---p 00000000 00:00 0 
7fae6ca85000-7fae6cb83000 rw-p 00000000 00:00 0 
7fae6cb83000-7fae6ce5d000 r--p 00000000 08:12 6427629                    /usr/lib/locale/locale-archive
7fae6ce5d000-7fae6ce60000 ---p 00000000 00:00 0 
7fae6ce60000-7fae6cf5e000 rw-p 00000000 00:00 0 
7fae6cf5e000-7fae6cf61000 ---p 00000000 00:00 0 
7fae6cf61000-7fae6d05f000 rw-p 00000000 00:00 0 
7fae6d05f000-7fae6d060000 ---p 00000000 00:00 0 
7fae6d060000-7fae6ec7b000 rw-p 00000000 00:00 0 
7fae6ec7b000-7fae6ee4a000 r--s 03c21000 08:12 6694521                    /usr/lib/jvm/java-8-openjdk-amd64/jre/lib/rt.jar
7fae6ee4a000-7fae6f300000 rw-p 00000000 00:00 0 
7fae6f300000-7fae6f6c0000 ---p 00000000 00:00 0 
7fae6f6c0000-7fae737b2000 rw-p 00000000 00:00 0 
7fae737b2000-7fae737b3000 ---p 00000000 00:00 0 
7fae737b3000-7fae738b3000 rw-p 00000000 00:00 0 
7fae738b3000-7fae738b4000 ---p 00000000 00:00 0 
7fae738b4000-7fae739b4000 rw-p 00000000 00:00 0 
7fae739b4000-7fae739b5000 ---p 00000000 00:00 0 
7fae739b5000-7fae73ab5000 rw-p 00000000 00:00 0 
7fae73ab5000-7fae73ab6000 ---p 00000000 00:00 0 
7fae73ab6000-7fae73bb6000 rw-p 00000000 00:00 0 
7fae73bb6000-7fae73bb7000 ---p 00000000 00:00 0 
7fae73bb7000-7fae73cb7000 rw-p 00000000 00:00 0 
7fae73cb7000-7fae73cb8000 ---p 00000000 00:00 0 
7fae73cb8000-7fae73db8000 rw-p 00000000 00:00 0 
7fae73db8000-7fae73db9000 ---p 00000000 00:00 0 
7fae73db9000-7fae73eb9000 rw-p 00000000 00:00 0 
7fae73eb9000-7fae73eba000 ---p 00000000 00:00 0 
7fae73eba000-7fae73fe4000 rw-p 00000000 00:00 0 
7fae73fe4000-7fae74246000 ---p 00000000 00:00 0 
7fae74246000-7fae74270000 rw-p 00000000 00:00 0 
7fae74270000-7fae744d2000 ---p 00000000 00:00 0 
7fae744d2000-7fae7454f000 rw-p 00000000 00:00 0 
7fae7454f000-7fae74618000 ---p 00000000 00:00 0 
7fae74618000-7fae74623000 rw-p 00000000 00:00 0 
7fae74623000-7fae749d9000 ---p 00000000 00:00 0 
7fae749d9000-7fae74c49000 rwxp 00000000 00:00 0 
7fae74c49000-7fae839d9000 ---p 00000000 00:00 0 
7fae839d9000-7fae839e1000 r-xp 00000000 08:12 6694557                    /usr/lib/jvm/java-8-openjdk-amd64/jre/lib/amd64/libzip.so
7fae839e1000-7fae83be0000 ---p 00008000 08:12 6694557                    /usr/lib/jvm/java-8-openjdk-amd64/jre/lib/amd64/libzip.so
7fae83be0000-7fae83be1000 r--p 00007000 08:12 6694557                    /usr/lib/jvm/java-8-openjdk-amd64/jre/lib/amd64/libzip.so
7fae83be1000-7fae83be2000 rw-p 00008000 08:12 6694557                    /usr/lib/jvm/java-8-openjdk-amd64/jre/lib/amd64/libzip.so
7fae83be2000-7fae83bed000 r-xp 00000000 08:12 524485                     /lib/x86_64-linux-gnu/libnss_files-2.23.so
7fae83bed000-7fae83dec000 ---p 0000b000 08:12 524485                     /lib/x86_64-linux-gnu/libnss_files-2.23.so
7fae83dec000-7fae83ded000 r--p 0000a000 08:12 524485                     /lib/x86_64-linux-gnu/libnss_files-2.23.so
7fae83ded000-7fae83dee000 rw-p 0000b000 08:12 524485                     /lib/x86_64-linux-gnu/libnss_files-2.23.so
7fae83dee000-7fae83df4000 rw-p 00000000 00:00 0 
7fae83df4000-7fae83dff000 r-xp 00000000 08:12 524488                     /lib/x86_64-linux-gnu/libnss_nis-2.23.so
7fae83dff000-7fae83ffe000 ---p 0000b000 08:12 524488                     /lib/x86_64-linux-gnu/libnss_nis-2.23.so
7fae83ffe000-7fae83fff000 r--p 0000a000 08:12 524488                     /lib/x86_64-linux-gnu/libnss_nis-2.23.so
7fae83fff000-7fae84000000 rw-p 0000b000 08:12 524488                     /lib/x86_64-linux-gnu/libnss_nis-2.23.so
7fae84000000-7fae84297000 rw-p 00000000 00:00 0 
7fae84297000-7fae88000000 ---p 00000000 00:00 0 
7fae88002000-7fae88008000 r--s 0003a000 08:12 6819837                    /usr/lib/jvm/java-8-openjdk-amd64/jre/lib/ext/sunjce_provider.jar
7fae88008000-7fae88023000 r--s 001d6000 08:12 6819836                    /usr/lib/jvm/java-8-openjdk-amd64/jre/lib/ext/nashorn.jar
7fae88023000-7fae8803e000 r--s 00394000 08:12 6819834                    /usr/lib/jvm/java-8-openjdk-amd64/jre/lib/ext/cldrdata.jar
7fae8803e000-7fae88054000 r-xp 00000000 08:12 524481                     /lib/x86_64-linux-gnu/libnsl-2.23.so
7fae88054000-7fae88253000 ---p 00016000 08:12 524481                     /lib/x86_64-linux-gnu/libnsl-2.23.so
7fae88253000-7fae88254000 r--p 00015000 08:12 524481                     /lib/x86_64-linux-gnu/libnsl-2.23.so
7fae88254000-7fae88255000 rw-p 00016000 08:12 524481                     /lib/x86_64-linux-gnu/libnsl-2.23.so
7fae88255000-7fae88257000 rw-p 00000000 00:00 0 
7fae88257000-7fae8825f000 r-xp 00000000 08:12 524494                     /lib/x86_64-linux-gnu/libnss_compat-2.23.so
7fae8825f000-7fae8845e000 ---p 00008000 08:12 524494                     /lib/x86_64-linux-gnu/libnss_compat-2.23.so
7fae8845e000-7fae8845f000 r--p 00007000 08:12 524494                     /lib/x86_64-linux-gnu/libnss_compat-2.23.so
7fae8845f000-7fae88460000 rw-p 00008000 08:12 524494                     /lib/x86_64-linux-gnu/libnss_compat-2.23.so
7fae88460000-7fae8848d000 r-xp 00000000 08:12 6694540                    /usr/lib/jvm/java-8-openjdk-amd64/jre/lib/amd64/libjava.so
7fae8848d000-7fae8868c000 ---p 0002d000 08:12 6694540                    /usr/lib/jvm/java-8-openjdk-amd64/jre/lib/amd64/libjava.so
7fae8868c000-7fae8868d000 r--p 0002c000 08:12 6694540                    /usr/lib/jvm/java-8-openjdk-amd64/jre/lib/amd64/libjava.so
7fae8868d000-7fae8868f000 rw-p 0002d000 08:12 6694540                    /usr/lib/jvm/java-8-openjdk-amd64/jre/lib/amd64/libjava.so
7fae8868f000-7fae8869e000 r-xp 00000000 08:12 6694555                    /usr/lib/jvm/java-8-openjdk-amd64/jre/lib/amd64/libverify.so
7fae8869e000-7fae8889d000 ---p 0000f000 08:12 6694555                    /usr/lib/jvm/java-8-openjdk-amd64/jre/lib/amd64/libverify.so
7fae8889d000-7fae8889f000 r--p 0000e000 08:12 6694555                    /usr/lib/jvm/java-8-openjdk-amd64/jre/lib/amd64/libverify.so
7fae8889f000-7fae888a0000 rw-p 00010000 08:12 6694555                    /usr/lib/jvm/java-8-openjdk-amd64/jre/lib/amd64/libverify.so
7fae888a0000-7fae888a7000 r-xp 00000000 08:12 524490                     /lib/x86_64-linux-gnu/librt-2.23.so
7fae888a7000-7fae88aa6000 ---p 00007000 08:12 524490                     /lib/x86_64-linux-gnu/librt-2.23.so
7fae88aa6000-7fae88aa7000 r--p 00006000 08:12 524490                     /lib/x86_64-linux-gnu/librt-2.23.so
7fae88aa7000-7fae88aa8000 rw-p 00007000 08:12 524490                     /lib/x86_64-linux-gnu/librt-2.23.so
7fae88aa8000-7fae88abe000 r-xp 00000000 08:12 528893                     /lib/x86_64-linux-gnu/libgcc_s.so.1
7fae88abe000-7fae88cbd000 ---p 00016000 08:12 528893                     /lib/x86_64-linux-gnu/libgcc_s.so.1
7fae88cbd000-7fae88cbe000 rw-p 00015000 08:12 528893                     /lib/x86_64-linux-gnu/libgcc_s.so.1
7fae88cbe000-7fae88dc6000 r-xp 00000000 08:12 524499                     /lib/x86_64-linux-gnu/libm-2.23.so
7fae88dc6000-7fae88fc5000 ---p 00108000 08:12 524499                     /lib/x86_64-linux-gnu/libm-2.23.so
7fae88fc5000-7fae88fc6000 r--p 00107000 08:12 524499                     /lib/x86_64-linux-gnu/libm-2.23.so
7fae88fc6000-7fae88fc7000 rw-p 00108000 08:12 524499                     /lib/x86_64-linux-gnu/libm-2.23.so
7fae88fc7000-7fae89139000 r-xp 00000000 08:12 6440244                    /usr/lib/x86_64-linux-gnu/libstdc++.so.6.0.21
7fae89139000-7fae89339000 ---p 00172000 08:12 6440244                    /usr/lib/x86_64-linux-gnu/libstdc++.so.6.0.21
7fae89339000-7fae89343000 r--p 00172000 08:12 6440244                    /usr/lib/x86_64-linux-gnu/libstdc++.so.6.0.21
7fae89343000-7fae89345000 rw-p 0017c000 08:12 6440244                    /usr/lib/x86_64-linux-gnu/libstdc++.so.6.0.21
7fae89345000-7fae89349000 rw-p 00000000 00:00 0 
7fae89349000-7fae89f9b000 r-xp 00000000 08:12 6694550                    /usr/lib/jvm/java-8-openjdk-amd64/jre/lib/amd64/server/libjvm.so
7fae89f9b000-7fae8a19b000 ---p 00c52000 08:12 6694550                    /usr/lib/jvm/java-8-openjdk-amd64/jre/lib/amd64/server/libjvm.so
7fae8a19b000-7fae8a22e000 r--p 00c52000 08:12 6694550                    /usr/lib/jvm/java-8-openjdk-amd64/jre/lib/amd64/server/libjvm.so
7fae8a22e000-7fae8a257000 rw-p 00ce5000 08:12 6694550                    /usr/lib/jvm/java-8-openjdk-amd64/jre/lib/amd64/server/libjvm.so
7fae8a257000-7fae8a287000 rw-p 00000000 00:00 0 
7fae8a287000-7fae8a29f000 r-xp 00000000 08:12 524487                     /lib/x86_64-linux-gnu/libpthread-2.23.so
7fae8a29f000-7fae8a49e000 ---p 00018000 08:12 524487                     /lib/x86_64-linux-gnu/libpthread-2.23.so
7fae8a49e000-7fae8a49f000 r--p 00017000 08:12 524487                     /lib/x86_64-linux-gnu/libpthread-2.23.so
7fae8a49f000-7fae8a4a0000 rw-p 00018000 08:12 524487                     /lib/x86_64-linux-gnu/libpthread-2.23.so
7fae8a4a0000-7fae8a4a4000 rw-p 00000000 00:00 0 
7fae8a4a4000-7fae8a4a7000 r-xp 00000000 08:12 524493                     /lib/x86_64-linux-gnu/libdl-2.23.so
7fae8a4a7000-7fae8a6a6000 ---p 00003000 08:12 524493                     /lib/x86_64-linux-gnu/libdl-2.23.so
7fae8a6a6000-7fae8a6a7000 r--p 00002000 08:12 524493                     /lib/x86_64-linux-gnu/libdl-2.23.so
7fae8a6a7000-7fae8a6a8000 rw-p 00003000 08:12 524493                     /lib/x86_64-linux-gnu/libdl-2.23.so
7fae8a6a8000-7fae8a6c1000 r-xp 00000000 08:12 524472                     /lib/x86_64-linux-gnu/libz.so.1.2.8
7fae8a6c1000-7fae8a8c0000 ---p 00019000 08:12 524472                     /lib/x86_64-linux-gnu/libz.so.1.2.8
7fae8a8c0000-7fae8a8c1000 r--p 00018000 08:12 524472                     /lib/x86_64-linux-gnu/libz.so.1.2.8
7fae8a8c1000-7fae8a8c2000 rw-p 00019000 08:12 524472                     /lib/x86_64-linux-gnu/libz.so.1.2.8
7fae8a8c2000-7fae8aa82000 r-xp 00000000 08:12 524504                     /lib/x86_64-linux-gnu/libc-2.23.so
7fae8aa82000-7fae8ac82000 ---p 001c0000 08:12 524504                     /lib/x86_64-linux-gnu/libc-2.23.so
7fae8ac82000-7fae8ac86000 r--p 001c0000 08:12 524504                     /lib/x86_64-linux-gnu/libc-2.23.so
7fae8ac86000-7fae8ac88000 rw-p 001c4000 08:12 524504                     /lib/x86_64-linux-gnu/libc-2.23.so
7fae8ac88000-7fae8ac8c000 rw-p 00000000 00:00 0 
7fae8ac8c000-7fae8ac99000 r-xp 00000000 08:12 6694553                    /usr/lib/jvm/java-8-openjdk-amd64/jre/lib/amd64/jli/libjli.so
7fae8ac99000-7fae8ae99000 ---p 0000d000 08:12 6694553                    /usr/lib/jvm/java-8-openjdk-amd64/jre/lib/amd64/jli/libjli.so
7fae8ae99000-7fae8ae9a000 r--p 0000d000 08:12 6694553                    /usr/lib/jvm/java-8-openjdk-amd64/jre/lib/amd64/jli/libjli.so
7fae8ae9a000-7fae8ae9b000 rw-p 0000e000 08:12 6694553                    /usr/lib/jvm/java-8-openjdk-amd64/jre/lib/amd64/jli/libjli.so
7fae8ae9b000-7fae8aec1000 r-xp 00000000 08:12 524482                     /lib/x86_64-linux-gnu/ld-2.23.so
7fae8aec4000-7fae8aec8000 r--s 00037000 08:12 6819841                    /usr/lib/jvm/java-8-openjdk-amd64/jre/lib/ext/sunpkcs11.jar
7fae8aec8000-7fae8af98000 rw-p 00000000 00:00 0 
7fae8af98000-7fae8af9b000 ---p 00000000 00:00 0 
7fae8af9b000-7fae8b09e000 rw-p 00000000 00:00 0 
7fae8b0a0000-7fae8b0a1000 r--s 0000b000 08:12 3018178                    /home/helio/NetBeansProjects/LeaderElectionAdHocNet/dist/LeaderElectionAdHocNet.jar
7fae8b0a1000-7fae8b0a2000 r--s 0000a000 08:12 6819842                    /usr/lib/jvm/java-8-openjdk-amd64/jre/lib/ext/jaccess.jar
7fae8b0a2000-7fae8b0a4000 r--s 00001000 08:12 6819843                    /usr/lib/jvm/java-8-openjdk-amd64/jre/lib/ext/dnsns.jar
7fae8b0a4000-7fae8b0a6000 r--s 00008000 08:12 6819838                    /usr/lib/jvm/java-8-openjdk-amd64/jre/lib/ext/sunec.jar
7fae8b0a6000-7fae8b0b0000 r--s 00116000 08:12 6819840                    /usr/lib/jvm/java-8-openjdk-amd64/jre/lib/ext/localedata.jar
7fae8b0b0000-7fae8b0b3000 r--s 0000f000 08:12 6817999                    /usr/lib/jvm/java-8-openjdk-amd64/jre/lib/ext/icedtea-sound.jar
7fae8b0b3000-7fae8b0b4000 r--s 00010000 08:12 6819835                    /usr/lib/jvm/java-8-openjdk-amd64/jre/lib/ext/zipfs.jar
7fae8b0b4000-7fae8b0bc000 rw-s 00000000 08:12 4459651                    /tmp/hsperfdata_helio/7107
7fae8b0bc000-7fae8b0bd000 rw-p 00000000 00:00 0 
7fae8b0bd000-7fae8b0be000 ---p 00000000 00:00 0 
7fae8b0be000-7fae8b0c0000 rw-p 00000000 00:00 0 
7fae8b0c0000-7fae8b0c1000 r--p 00025000 08:12 524482                     /lib/x86_64-linux-gnu/ld-2.23.so
7fae8b0c1000-7fae8b0c2000 rw-p 00026000 08:12 524482                     /lib/x86_64-linux-gnu/ld-2.23.so
7fae8b0c2000-7fae8b0c3000 rw-p 00000000 00:00 0 
7ffefbb63000-7ffefbb84000 rw-p 00000000 00:00 0                          [stack]
7ffefbbec000-7ffefbbee000 r--p 00000000 00:00 0                          [vvar]
7ffefbbee000-7ffefbbf0000 r-xp 00000000 00:00 0                          [vdso]
ffffffffff600000-ffffffffff601000 r-xp 00000000 00:00 0                  [vsyscall]

VM Arguments:
java_command: dist/LeaderElectionAdHocNet.jar ./nbproject/configs/Node24.csv
java_class_path (initial): dist/LeaderElectionAdHocNet.jar
Launcher Type: SUN_STANDARD

Environment Variables:
PATH=/usr/local/sbin:/usr/local/bin:/usr/sbin:/usr/bin:/sbin:/bin:/usr/games:/usr/local/games:/snap/bin
SHELL=/bin/bash
DISPLAY=:0

Signal Handlers:
SIGSEGV: [libjvm.so+0xa69040], sa_mask[0]=11111111011111111101111111111110, sa_flags=SA_RESTART|SA_SIGINFO
SIGBUS: [libjvm.so+0xa69040], sa_mask[0]=11111111011111111101111111111110, sa_flags=SA_RESTART|SA_SIGINFO
SIGFPE: [libjvm.so+0x8b2170], sa_mask[0]=11111111011111111101111111111110, sa_flags=SA_RESTART|SA_SIGINFO
SIGPIPE: [libjvm.so+0x8b2170], sa_mask[0]=11111111011111111101111111111110, sa_flags=SA_RESTART|SA_SIGINFO
SIGXFSZ: [libjvm.so+0x8b2170], sa_mask[0]=11111111011111111101111111111110, sa_flags=SA_RESTART|SA_SIGINFO
SIGILL: [libjvm.so+0x8b2170], sa_mask[0]=11111111011111111101111111111110, sa_flags=SA_RESTART|SA_SIGINFO
SIGUSR1: SIG_DFL, sa_mask[0]=00000000000000000000000000000000, sa_flags=none
SIGUSR2: [libjvm.so+0x8b2020], sa_mask[0]=00000000000000000000000000000000, sa_flags=SA_RESTART|SA_SIGINFO
SIGHUP: [libjvm.so+0x8b24f0], sa_mask[0]=11111111011111111101111111111110, sa_flags=SA_RESTART|SA_SIGINFO
SIGINT: [libjvm.so+0x8b24f0], sa_mask[0]=11111111011111111101111111111110, sa_flags=SA_RESTART|SA_SIGINFO
SIGTERM: [libjvm.so+0x8b24f0], sa_mask[0]=11111111011111111101111111111110, sa_flags=SA_RESTART|SA_SIGINFO
SIGQUIT: [libjvm.so+0x8b24f0], sa_mask[0]=11111111011111111101111111111110, sa_flags=SA_RESTART|SA_SIGINFO


---------------  S Y S T E M  ---------------

OS:DISTRIB_ID=Ubuntu
DISTRIB_RELEASE=16.04
DISTRIB_CODENAME=xenial
DISTRIB_DESCRIPTION="Ubuntu 16.04.2 LTS"

uname:Linux 4.4.0-104-generic #127-Ubuntu SMP Mon Dec 11 12:16:42 UTC 2017 x86_64
libc:glibc 2.23 NPTL 2.23 
rlimit: STACK 8192k, CORE 0k, NPROC 31136, NOFILE 65536, AS infinity
load average:31,06 7,81 2,95

/proc/meminfo:
MemTotal:        8011432 kB
MemFree:          553420 kB
MemAvailable:     448604 kB
Buffers:             632 kB
Cached:           770484 kB
SwapCached:            0 kB
Active:          6470356 kB
Inactive:         761460 kB
Active(anon):    6465788 kB
Inactive(anon):   738584 kB
Active(file):       4568 kB
Inactive(file):    22876 kB
Unevictable:         304 kB
Mlocked:             304 kB
SwapTotal:             0 kB
SwapFree:              0 kB
Dirty:               108 kB
Writeback:             0 kB
AnonPages:       6461580 kB
Mapped:           116788 kB
Shmem:            743096 kB
Slab:              89216 kB
SReclaimable:      40996 kB
SUnreclaim:        48220 kB
KernelStack:       16496 kB
PageTables:        51444 kB
NFS_Unstable:          0 kB
Bounce:                0 kB
WritebackTmp:          0 kB
CommitLimit:     4005716 kB
Committed_AS:   14109920 kB
VmallocTotal:   34359738367 kB
VmallocUsed:           0 kB
VmallocChunk:          0 kB
HardwareCorrupted:     0 kB
AnonHugePages:   3129344 kB
CmaTotal:              0 kB
CmaFree:               0 kB
HugePages_Total:       0
HugePages_Free:        0
HugePages_Rsvd:        0
HugePages_Surp:        0
Hugepagesize:       2048 kB
DirectMap4k:      178940 kB
DirectMap2M:     8044544 kB


CPU:total 8 (initial active 8) (4 cores per cpu, 2 threads per core) family 6 model 58 stepping 9, cmov, cx8, fxsr, mmx, sse, sse2, sse3, ssse3, sse4.1, sse4.2, popcnt, avx, aes, clmul, erms, ht, tsc, tscinvbit, tscinv

/proc/cpuinfo:
processor	: 0
vendor_id	: GenuineIntel
cpu family	: 6
model		: 58
model name	: Intel(R) Core(TM) i7-3610QM CPU @ 2.30GHz
stepping	: 9
microcode	: 0x12
cpu MHz		: 1237.238
cache size	: 6144 KB
physical id	: 0
siblings	: 8
core id		: 0
cpu cores	: 4
apicid		: 0
initial apicid	: 0
fpu		: yes
fpu_exception	: yes
cpuid level	: 13
wp		: yes
flags		: fpu vme de pse tsc msr pae mce cx8 apic sep mtrr pge mca cmov pat pse36 clflush dts acpi mmx fxsr sse sse2 ss ht tm pbe syscall nx rdtscp lm constant_tsc arch_perfmon pebs bts rep_good nopl xtopology nonstop_tsc aperfmperf eagerfpu pni pclmulqdq dtes64 monitor ds_cpl vmx est tm2 ssse3 cx16 xtpr pdcm pcid sse4_1 sse4_2 x2apic popcnt tsc_deadline_timer aes xsave avx f16c rdrand lahf_lm epb tpr_shadow vnmi flexpriority ept vpid fsgsbase smep erms xsaveopt dtherm ida arat pln pts
bugs		:
bogomips	: 4589.16
clflush size	: 64
cache_alignment	: 64
address sizes	: 36 bits physical, 48 bits virtual
power management:

processor	: 1
vendor_id	: GenuineIntel
cpu family	: 6
model		: 58
model name	: Intel(R) Core(TM) i7-3610QM CPU @ 2.30GHz
stepping	: 9
microcode	: 0x12
cpu MHz		: 2444.828
cache size	: 6144 KB
physical id	: 0
siblings	: 8
core id		: 0
cpu cores	: 4
apicid		: 1
initial apicid	: 1
fpu		: yes
fpu_exception	: yes
cpuid level	: 13
wp		: yes
flags		: fpu vme de pse tsc msr pae mce cx8 apic sep mtrr pge mca cmov pat pse36 clflush dts acpi mmx fxsr sse sse2 ss ht tm pbe syscall nx rdtscp lm constant_tsc arch_perfmon pebs bts rep_good nopl xtopology nonstop_tsc aperfmperf eagerfpu pni pclmulqdq dtes64 monitor ds_cpl vmx est tm2 ssse3 cx16 xtpr pdcm pcid sse4_1 sse4_2 x2apic popcnt tsc_deadline_timer aes xsave avx f16c rdrand lahf_lm epb tpr_shadow vnmi flexpriority ept vpid fsgsbase smep erms xsaveopt dtherm ida arat pln pts
bugs		:
bogomips	: 4589.16
clflush size	: 64
cache_alignment	: 64
address sizes	: 36 bits physical, 48 bits virtual
power management:

processor	: 2
vendor_id	: GenuineIntel
cpu family	: 6
model		: 58
model name	: Intel(R) Core(TM) i7-3610QM CPU @ 2.30GHz
stepping	: 9
microcode	: 0x12
cpu MHz		: 1208.039
cache size	: 6144 KB
physical id	: 0
siblings	: 8
core id		: 1
cpu cores	: 4
apicid		: 2
initial apicid	: 2
fpu		: yes
fpu_exception	: yes
cpuid level	: 13
wp		: yes
flags		: fpu vme de pse tsc msr pae mce cx8 apic sep mtrr pge mca cmov pat pse36 clflush dts acpi mmx fxsr sse sse2 ss ht tm pbe syscall nx rdtscp lm constant_tsc arch_perfmon pebs bts rep_good nopl xtopology nonstop_tsc aperfmperf eagerfpu pni pclmulqdq dtes64 monitor ds_cpl vmx est tm2 ssse3 cx16 xtpr pdcm pcid sse4_1 sse4_2 x2apic popcnt tsc_deadline_timer aes xsave avx f16c rdrand lahf_lm epb tpr_shadow vnmi flexpriority ept vpid fsgsbase smep erms xsaveopt dtherm ida arat pln pts
bugs		:
bogomips	: 4589.16
clflush size	: 64
cache_alignment	: 64
address sizes	: 36 bits physical, 48 bits virtual
power management:

processor	: 3
vendor_id	: GenuineIntel
cpu family	: 6
model		: 58
model name	: Intel(R) Core(TM) i7-3610QM CPU @ 2.30GHz
stepping	: 9
microcode	: 0x12
cpu MHz		: 3099.968
cache size	: 6144 KB
physical id	: 0
siblings	: 8
core id		: 1
cpu cores	: 4
apicid		: 3
initial apicid	: 3
fpu		: yes
fpu_exception	: yes
cpuid level	: 13
wp		: yes
flags		: fpu vme de pse tsc msr pae mce cx8 apic sep mtrr pge mca cmov pat pse36 clflush dts acpi mmx fxsr sse sse2 ss ht tm pbe syscall nx rdtscp lm constant_tsc arch_perfmon pebs bts rep_good nopl xtopology nonstop_tsc aperfmperf eagerfpu pni pclmulqdq dtes64 monitor ds_cpl vmx est tm2 ssse3 cx16 xtpr pdcm pcid sse4_1 sse4_2 x2apic popcnt tsc_deadline_timer aes xsave avx f16c rdrand lahf_lm epb tpr_shadow vnmi flexpriority ept vpid fsgsbase smep erms xsaveopt dtherm ida arat pln pts
bugs		:
bogomips	: 4589.16
clflush size	: 64
cache_alignment	: 64
address sizes	: 36 bits physical, 48 bits virtual
power management:

processor	: 4
vendor_id	: GenuineIntel
cpu family	: 6
model		: 58
model name	: Intel(R) Core(TM) i7-3610QM CPU @ 2.30GHz
stepping	: 9
microcode	: 0x12
cpu MHz		: 1203.906
cache size	: 6144 KB
physical id	: 0
siblings	: 8
core id		: 2
cpu cores	: 4
apicid		: 4
initial apicid	: 4
fpu		: yes
fpu_exception	: yes
cpuid level	: 13
wp		: yes
flags		: fpu vme de pse tsc msr pae mce cx8 apic sep mtrr pge mca cmov pat pse36 clflush dts acpi mmx fxsr sse sse2 ss ht tm pbe syscall nx rdtscp lm constant_tsc arch_perfmon pebs bts rep_good nopl xtopology nonstop_tsc aperfmperf eagerfpu pni pclmulqdq dtes64 monitor ds_cpl vmx est tm2 ssse3 cx16 xtpr pdcm pcid sse4_1 sse4_2 x2apic popcnt tsc_deadline_timer aes xsave avx f16c rdrand lahf_lm epb tpr_shadow vnmi flexpriority ept vpid fsgsbase smep erms xsaveopt dtherm ida arat pln pts
bugs		:
bogomips	: 4589.16
clflush size	: 64
cache_alignment	: 64
address sizes	: 36 bits physical, 48 bits virtual
power management:

processor	: 5
vendor_id	: GenuineIntel
cpu family	: 6
model		: 58
model name	: Intel(R) Core(TM) i7-3610QM CPU @ 2.30GHz
stepping	: 9
microcode	: 0x12
cpu MHz		: 1200.761
cache size	: 6144 KB
physical id	: 0
siblings	: 8
core id		: 2
cpu cores	: 4
apicid		: 5
initial apicid	: 5
fpu		: yes
fpu_exception	: yes
cpuid level	: 13
wp		: yes
flags		: fpu vme de pse tsc msr pae mce cx8 apic sep mtrr pge mca cmov pat pse36 clflush dts acpi mmx fxsr sse sse2 ss ht tm pbe syscall nx rdtscp lm constant_tsc arch_perfmon pebs bts rep_good nopl xtopology nonstop_tsc aperfmperf eagerfpu pni pclmulqdq dtes64 monitor ds_cpl vmx est tm2 ssse3 cx16 xtpr pdcm pcid sse4_1 sse4_2 x2apic popcnt tsc_deadline_timer aes xsave avx f16c rdrand lahf_lm epb tpr_shadow vnmi flexpriority ept vpid fsgsbase smep erms xsaveopt dtherm ida arat pln pts
bugs		:
bogomips	: 4589.16
clflush size	: 64
cache_alignment	: 64
address sizes	: 36 bits physical, 48 bits virtual
power management:

processor	: 6
vendor_id	: GenuineIntel
cpu family	: 6
model		: 58
model name	: Intel(R) Core(TM) i7-3610QM CPU @ 2.30GHz
stepping	: 9
microcode	: 0x12
cpu MHz		: 1215.585
cache size	: 6144 KB
physical id	: 0
siblings	: 8
core id		: 3
cpu cores	: 4
apicid		: 6
initial apicid	: 6
fpu		: yes
fpu_exception	: yes
cpuid level	: 13
wp		: yes
flags		: fpu vme de pse tsc msr pae mce cx8 apic sep mtrr pge mca cmov pat pse36 clflush dts acpi mmx fxsr sse sse2 ss ht tm pbe syscall nx rdtscp lm constant_tsc arch_perfmon pebs bts rep_good nopl xtopology nonstop_tsc aperfmperf eagerfpu pni pclmulqdq dtes64 monitor ds_cpl vmx est tm2 ssse3 cx16 xtpr pdcm pcid sse4_1 sse4_2 x2apic popcnt tsc_deadline_timer aes xsave avx f16c rdrand lahf_lm epb tpr_shadow vnmi flexpriority ept vpid fsgsbase smep erms xsaveopt dtherm ida arat pln pts
bugs		:
bogomips	: 4589.16
clflush size	: 64
cache_alignment	: 64
address sizes	: 36 bits physical, 48 bits virtual
power management:

processor	: 7
vendor_id	: GenuineIntel
cpu family	: 6
model		: 58
model name	: Intel(R) Core(TM) i7-3610QM CPU @ 2.30GHz
stepping	: 9
microcode	: 0x12
cpu MHz		: 1211.003
cache size	: 6144 KB
physical id	: 0
siblings	: 8
core id		: 3
cpu cores	: 4
apicid		: 7
initial apicid	: 7
fpu		: yes
fpu_exception	: yes
cpuid level	: 13
wp		: yes
flags		: fpu vme de pse tsc msr pae mce cx8 apic sep mtrr pge mca cmov pat pse36 clflush dts acpi mmx fxsr sse sse2 ss ht tm pbe syscall nx rdtscp lm constant_tsc arch_perfmon pebs bts rep_good nopl xtopology nonstop_tsc aperfmperf eagerfpu pni pclmulqdq dtes64 monitor ds_cpl vmx est tm2 ssse3 cx16 xtpr pdcm pcid sse4_1 sse4_2 x2apic popcnt tsc_deadline_timer aes xsave avx f16c rdrand lahf_lm epb tpr_shadow vnmi flexpriority ept vpid fsgsbase smep erms xsaveopt dtherm ida arat pln pts
bugs		:
bogomips	: 4589.16
clflush size	: 64
cache_alignment	: 64
address sizes	: 36 bits physical, 48 bits virtual
power management:



Memory: 4k page, physical 8011432k(553420k free), swap 0k(0k free)

vm_info: OpenJDK 64-Bit Server VM (25.151-b12) for linux-amd64 JRE (1.8.0_151-8u151-b12-0ubuntu0.16.04.2-b12), built on Oct 27 2017 21:59:02 by "buildd" with gcc 5.4.0 20160609

time: Tue Jan  9 23:42:36 2018
elapsed time: 35 seconds (0d 0h 0m 35s)

