#
# There is insufficient memory for the Java Runtime Environment to continue.
# Native memory allocation (mmap) failed to map 260046848 bytes for committing reserved memory.
# Possible reasons:
#   The system is out of physical RAM or swap space
#   In 32 bit mode, the process size limit was hit
# Possible solutions:
#   Reduce memory load on the system
#   Increase physical memory or swap space
#   Check if swap backing store is full
#   Use 64 bit Java on a 64 bit OS
#   Decrease Java heap size (-Xmx/-Xms)
#   Decrease number of Java threads
#   Decrease Java thread stack sizes (-Xss)
#   Set larger code cache with -XX:ReservedCodeCacheSize=
# This output file may be truncated or incomplete.
#
#  Out of Memory Error (os_linux.cpp:2643), pid=7111, tid=0x00007eff076f6700
#
# JRE version: OpenJDK Runtime Environment (8.0_151-b12) (build 1.8.0_151-8u151-b12-0ubuntu0.16.04.2-b12)
# Java VM: OpenJDK 64-Bit Server VM (25.151-b12 mixed mode linux-amd64 compressed oops)
# Failed to write core dump. Core dumps have been disabled. To enable core dumping, try "ulimit -c unlimited" before starting Java again
#

---------------  T H R E A D  ---------------

Current thread (0x00007eff201c6800):  VMThread [stack: 0x00007eff075f6000,0x00007eff076f7000] [id=7278]

Stack: [0x00007eff075f6000,0x00007eff076f7000],  sp=0x00007eff076f54c0,  free space=1021k
Native frames: (J=compiled Java code, j=interpreted, Vv=VM code, C=native code)
V  [libjvm.so+0xa684eb]
V  [libjvm.so+0x4c579c]
V  [libjvm.so+0x8b6b50]
V  [libjvm.so+0x8b0fce]
V  [libjvm.so+0x92b806]
V  [libjvm.so+0x92cb33]
V  [libjvm.so+0x9291fb]
V  [libjvm.so+0x9294ac]
V  [libjvm.so+0x8db3c3]
V  [libjvm.so+0xa6a192]
V  [libjvm.so+0xa6f277]
V  [libjvm.so+0xa6ca47]
V  [libjvm.so+0xa6decf]
V  [libjvm.so+0xa6e3c1]
V  [libjvm.so+0x8b4032]

VM_Operation (0x00007eff28f12760): ParallelGCFailedAllocation, mode: safepoint, requested by thread 0x00007eff2000a000


---------------  P R O C E S S  ---------------

Java Threads: ( => current thread )
  0x00007eff20292000 JavaThread "Thread-6" [_thread_blocked, id=7526, stack(0x00007eff05bf1000,0x00007eff05cf2000)]
  0x00007eff20290000 JavaThread "Thread-4" [_thread_blocked, id=7525, stack(0x00007eff05cf2000,0x00007eff05df3000)]
  0x00007eff2028e800 JavaThread "Thread-2" [_thread_blocked, id=7524, stack(0x00007eff05df3000,0x00007eff05ef4000)]
  0x00007eff2028c800 JavaThread "Thread-0" [_thread_in_native, id=7440, stack(0x00007eff05ef4000,0x00007eff05ff5000)]
  0x00007eff2028b800 JavaThread "Thread-8" [_thread_blocked, id=7439, stack(0x00007eff05ff5000,0x00007eff060f6000)]
  0x00007eff20287800 JavaThread "Thread-7" daemon [_thread_in_native, id=7435, stack(0x00007eff060f6000,0x00007eff061f7000)]
  0x00007eff20285000 JavaThread "Timer-2" [_thread_blocked, id=7427, stack(0x00007eff061f7000,0x00007eff062f8000)]
  0x00007eff20283000 JavaThread "Timer-1" [_thread_blocked, id=7425, stack(0x00007eff062f8000,0x00007eff063f9000)]
  0x00007eff20280000 JavaThread "Timer-0" [_thread_blocked, id=7405, stack(0x00007eff063f9000,0x00007eff064fa000)]
  0x00007eff2020a800 JavaThread "Service Thread" daemon [_thread_blocked, id=7336, stack(0x00007eff06b14000,0x00007eff06c15000)]
  0x00007eff20205800 JavaThread "C1 CompilerThread3" daemon [_thread_blocked, id=7334, stack(0x00007eff06c15000,0x00007eff06d16000)]
  0x00007eff20201000 JavaThread "C2 CompilerThread2" daemon [_thread_blocked, id=7331, stack(0x00007eff06d16000,0x00007eff06e17000)]
  0x00007eff201ff800 JavaThread "C2 CompilerThread1" daemon [_thread_blocked, id=7330, stack(0x00007eff06e17000,0x00007eff06f18000)]
  0x00007eff201fc800 JavaThread "C2 CompilerThread0" daemon [_thread_blocked, id=7329, stack(0x00007eff06f18000,0x00007eff07019000)]
  0x00007eff201fa800 JavaThread "Signal Dispatcher" daemon [_thread_blocked, id=7328, stack(0x00007eff07019000,0x00007eff0711a000)]
  0x00007eff201d2800 JavaThread "Finalizer" daemon [_thread_blocked, id=7297, stack(0x00007eff073f4000,0x00007eff074f5000)]
  0x00007eff201ce000 JavaThread "Reference Handler" daemon [_thread_blocked, id=7288, stack(0x00007eff074f5000,0x00007eff075f6000)]
  0x00007eff2000a000 JavaThread "main" [_thread_blocked, id=7142, stack(0x00007eff28e13000,0x00007eff28f14000)]

Other Threads:
=>0x00007eff201c6800 VMThread [stack: 0x00007eff075f6000,0x00007eff076f7000] [id=7278]
  0x00007eff2020c800 WatcherThread [stack: 0x00007eff06a13000,0x00007eff06b14000] [id=7338]

VM state:at safepoint (normal execution)

VM Mutex/Monitor currently owned by a thread:  ([mutex/lock_event])
[0x00007eff200060b0] Threads_lock - owner thread: 0x00007eff201c6800
[0x00007eff200065b0] Heap_lock - owner thread: 0x00007eff2000a000

Heap:
 PSYoungGen      total 254976K, used 128K [0x00000000d7400000, 0x00000000e6e00000, 0x0000000100000000)
  eden space 253952K, 0% used [0x00000000d7400000,0x00000000d7400000,0x00000000e6c00000)
  from space 1024K, 12% used [0x00000000e6c00000,0x00000000e6c20000,0x00000000e6d00000)
  to   space 1024K, 0% used [0x00000000e6d00000,0x00000000e6d00000,0x00000000e6e00000)
 ParOldGen       total 84992K, used 500K [0x0000000085c00000, 0x000000008af00000, 0x00000000d7400000)
  object space 84992K, 0% used [0x0000000085c00000,0x0000000085c7d080,0x000000008af00000)
 Metaspace       used 4284K, capacity 4850K, committed 4992K, reserved 1056768K
  class space    used 469K, capacity 535K, committed 640K, reserved 1048576K

Card table byte_map: [0x00007eff250ff000,0x00007eff254d2000] byte_map_base: 0x00007eff24cd1000

Marking Bits: (ParMarkBitMap*) 0x00007eff280e52c0
 Begin Bits: [0x00007eff0d2e0000, 0x00007eff0f170000)
 End Bits:   [0x00007eff0f170000, 0x00007eff11000000)

Polling page: 0x00007eff28f38000

CodeCache: size=245760Kb used=1642Kb max_used=1642Kb free=244117Kb
 bounds [0x00007eff11000000, 0x00007eff11270000, 0x00007eff20000000]
 total_blobs=518 nmethods=258 adapters=175
 compilation: enabled

Compilation events (10 events):
Event: 2,872 Thread 0x00007eff20205800  251       3       java.lang.AbstractStringBuilder::append (40 bytes)
Event: 2,872 Thread 0x00007eff20205800 nmethod 251 0x00007eff1118e6d0 code [0x00007eff1118e880, 0x00007eff1118eec8]
Event: 2,875 Thread 0x00007eff20205800  254       3       jdk.internal.org.objectweb.asm.ByteVector::putByteArray (49 bytes)
Event: 2,875 Thread 0x00007eff20205800 nmethod 254 0x00007eff1118e110 code [0x00007eff1118e2a0, 0x00007eff1118e5b8]
Event: 2,875 Thread 0x00007eff20205800  253       3       jdk.internal.org.objectweb.asm.ByteVector::<init> (13 bytes)
Event: 2,875 Thread 0x00007eff20205800 nmethod 253 0x00007eff1118dc90 code [0x00007eff1118de00, 0x00007eff1118e050]
Event: 4,281 Thread 0x00007eff20205800  257       1       LeaderElectionAdHocNet.MainNode::getId (5 bytes)
Event: 4,281 Thread 0x00007eff20205800 nmethod 257 0x00007eff1119a490 code [0x00007eff1119a5e0, 0x00007eff1119a6f0]
Event: 4,283 Thread 0x00007eff20205800  258       1       LeaderElectionAdHocNet.MainNode::getLid (5 bytes)
Event: 4,283 Thread 0x00007eff20205800 nmethod 258 0x00007eff1119a750 code [0x00007eff1119a8a0, 0x00007eff1119a9b0]

GC Heap History (10 events):
Event: 2,375 GC heap after
Heap after GC invocations=2 (full 0):
 PSYoungGen      total 68608K, used 528K [0x00000000d7400000, 0x00000000dbc00000, 0x0000000100000000)
  eden space 63488K, 0% used [0x00000000d7400000,0x00000000d7400000,0x00000000db200000)
  from space 5120K, 10% used [0x00000000db700000,0x00000000db784010,0x00000000dbc00000)
  to   space 5120K, 0% used [0x00000000db200000,0x00000000db200000,0x00000000db700000)
 ParOldGen       total 84992K, used 0K [0x0000000085c00000, 0x000000008af00000, 0x00000000d7400000)
  object space 84992K, 0% used [0x0000000085c00000,0x0000000085c00000,0x000000008af00000)
 Metaspace       used 3948K, capacity 4752K, committed 4864K, reserved 1056768K
  class space    used 423K, capacity 488K, committed 512K, reserved 1048576K
}
Event: 2,847 GC heap before
{Heap before GC invocations=3 (full 0):
 PSYoungGen      total 68608K, used 64016K [0x00000000d7400000, 0x00000000dbc00000, 0x0000000100000000)
  eden space 63488K, 100% used [0x00000000d7400000,0x00000000db200000,0x00000000db200000)
  from space 5120K, 10% used [0x00000000db700000,0x00000000db784010,0x00000000dbc00000)
  to   space 5120K, 0% used [0x00000000db200000,0x00000000db200000,0x00000000db700000)
 ParOldGen       total 84992K, used 0K [0x0000000085c00000, 0x000000008af00000, 0x00000000d7400000)
  object space 84992K, 0% used [0x0000000085c00000,0x0000000085c00000,0x000000008af00000)
 Metaspace       used 4182K, capacity 4840K, committed 4992K, reserved 1056768K
  class space    used 458K, capacity 532K, committed 640K, reserved 1048576K
Event: 2,855 GC heap after
Heap after GC invocations=3 (full 0):
 PSYoungGen      total 68608K, used 592K [0x00000000d7400000, 0x00000000dfa00000, 0x0000000100000000)
  eden space 63488K, 0% used [0x00000000d7400000,0x00000000d7400000,0x00000000db200000)
  from space 5120K, 11% used [0x00000000db200000,0x00000000db294030,0x00000000db700000)
  to   space 5120K, 0% used [0x00000000df500000,0x00000000df500000,0x00000000dfa00000)
 ParOldGen       total 84992K, used 0K [0x0000000085c00000, 0x000000008af00000, 0x00000000d7400000)
  object space 84992K, 0% used [0x0000000085c00000,0x0000000085c00000,0x000000008af00000)
 Metaspace       used 4182K, capacity 4840K, committed 4992K, reserved 1056768K
  class space    used 458K, capacity 532K, committed 640K, reserved 1048576K
}
Event: 3,039 GC heap before
{Heap before GC invocations=4 (full 0):
 PSYoungGen      total 68608K, used 64080K [0x00000000d7400000, 0x00000000dfa00000, 0x0000000100000000)
  eden space 63488K, 100% used [0x00000000d7400000,0x00000000db200000,0x00000000db200000)
  from space 5120K, 11% used [0x00000000db200000,0x00000000db294030,0x00000000db700000)
  to   space 5120K, 0% used [0x00000000df500000,0x00000000df500000,0x00000000dfa00000)
 ParOldGen       total 84992K, used 0K [0x0000000085c00000, 0x000000008af00000, 0x00000000d7400000)
  object space 84992K, 0% used [0x0000000085c00000,0x0000000085c00000,0x000000008af00000)
 Metaspace       used 4284K, capacity 4850K, committed 4992K, reserved 1056768K
  class space    used 469K, capacity 535K, committed 640K, reserved 1048576K
Event: 3,042 GC heap after
Heap after GC invocations=4 (full 0):
 PSYoungGen      total 132096K, used 592K [0x00000000d7400000, 0x00000000dfa00000, 0x0000000100000000)
  eden space 126976K, 0% used [0x00000000d7400000,0x00000000d7400000,0x00000000df000000)
  from space 5120K, 11% used [0x00000000df500000,0x00000000df594010,0x00000000dfa00000)
  to   space 5120K, 0% used [0x00000000df000000,0x00000000df000000,0x00000000df500000)
 ParOldGen       total 84992K, used 0K [0x0000000085c00000, 0x000000008af00000, 0x00000000d7400000)
  object space 84992K, 0% used [0x0000000085c00000,0x0000000085c00000,0x000000008af00000)
 Metaspace       used 4284K, capacity 4850K, committed 4992K, reserved 1056768K
  class space    used 469K, capacity 535K, committed 640K, reserved 1048576K
}
Event: 3,461 GC heap before
{Heap before GC invocations=5 (full 0):
 PSYoungGen      total 132096K, used 127568K [0x00000000d7400000, 0x00000000dfa00000, 0x0000000100000000)
  eden space 126976K, 100% used [0x00000000d7400000,0x00000000df000000,0x00000000df000000)
  from space 5120K, 11% used [0x00000000df500000,0x00000000df594010,0x00000000dfa00000)
  to   space 5120K, 0% used [0x00000000df000000,0x00000000df000000,0x00000000df500000)
 ParOldGen       total 84992K, used 0K [0x0000000085c00000, 0x000000008af00000, 0x00000000d7400000)
  object space 84992K, 0% used [0x0000000085c00000,0x0000000085c00000,0x000000008af00000)
 Metaspace       used 4284K, capacity 4850K, committed 4992K, reserved 1056768K
  class space    used 469K, capacity 535K, committed 640K, reserved 1048576K
Event: 3,488 GC heap after
Heap after GC invocations=5 (full 0):
 PSYoungGen      total 132096K, used 624K [0x00000000d7400000, 0x00000000e6e00000, 0x0000000100000000)
  eden space 126976K, 0% used [0x00000000d7400000,0x00000000d7400000,0x00000000df000000)
  from space 5120K, 12% used [0x00000000df000000,0x00000000df09c010,0x00000000df500000)
  to   space 1024K, 0% used [0x00000000e6d00000,0x00000000e6d00000,0x00000000e6e00000)
 ParOldGen       total 84992K, used 8K [0x0000000085c00000, 0x000000008af00000, 0x00000000d7400000)
  object space 84992K, 0% used [0x0000000085c00000,0x0000000085c02000,0x000000008af00000)
 Metaspace       used 4284K, capacity 4850K, committed 4992K, reserved 1056768K
  class space    used 469K, capacity 535K, committed 640K, reserved 1048576K
}
Event: 3,901 GC heap before
{Heap before GC invocations=6 (full 0):
 PSYoungGen      total 132096K, used 127600K [0x00000000d7400000, 0x00000000e6e00000, 0x0000000100000000)
  eden space 126976K, 100% used [0x00000000d7400000,0x00000000df000000,0x00000000df000000)
  from space 5120K, 12% used [0x00000000df000000,0x00000000df09c010,0x00000000df500000)
  to   space 1024K, 0% used [0x00000000e6d00000,0x00000000e6d00000,0x00000000e6e00000)
 ParOldGen       total 84992K, used 8K [0x0000000085c00000, 0x000000008af00000, 0x00000000d7400000)
  object space 84992K, 0% used [0x0000000085c00000,0x0000000085c02000,0x000000008af00000)
 Metaspace       used 4284K, capacity 4850K, committed 4992K, reserved 1056768K
  class space    used 469K, capacity 535K, committed 640K, reserved 1048576K
Event: 3,908 GC heap after
Heap after GC invocations=6 (full 0):
 PSYoungGen      total 254976K, used 592K [0x00000000d7400000, 0x00000000e6e00000, 0x0000000100000000)
  eden space 253952K, 0% used [0x00000000d7400000,0x00000000d7400000,0x00000000e6c00000)
  from space 1024K, 57% used [0x00000000e6d00000,0x00000000e6d94010,0x00000000e6e00000)
  to   space 1024K, 0% used [0x00000000e6c00000,0x00000000e6c00000,0x00000000e6d00000)
 ParOldGen       total 84992K, used 8K [0x0000000085c00000, 0x000000008af00000, 0x00000000d7400000)
  object space 84992K, 0% used [0x0000000085c00000,0x0000000085c02000,0x000000008af00000)
 Metaspace       used 4284K, capacity 4850K, committed 4992K, reserved 1056768K
  class space    used 469K, capacity 535K, committed 640K, reserved 1048576K
}
Event: 5,349 GC heap before
{Heap before GC invocations=7 (full 0):
 PSYoungGen      total 254976K, used 254544K [0x00000000d7400000, 0x00000000e6e00000, 0x0000000100000000)
  eden space 253952K, 100% used [0x00000000d7400000,0x00000000e6c00000,0x00000000e6c00000)
  from space 1024K, 57% used [0x00000000e6d00000,0x00000000e6d94010,0x00000000e6e00000)
  to   space 1024K, 0% used [0x00000000e6c00000,0x00000000e6c00000,0x00000000e6d00000)
 ParOldGen       total 84992K, used 8K [0x0000000085c00000, 0x000000008af00000, 0x00000000d7400000)
  object space 84992K, 0% used [0x0000000085c00000,0x0000000085c02000,0x000000008af00000)
 Metaspace       used 4284K, capacity 4850K, committed 4992K, reserved 1056768K
  class space    used 469K, capacity 535K, committed 640K, reserved 1048576K

Deoptimization events (3 events):
Event: 1,283 Thread 0x00007eff2028b800 Uncommon trap: reason=unstable_if action=reinterpret pc=0x00007eff1111d688 method=LeaderElectionAdHocNet.ThreadPerformance.run()V @ 14
Event: 1,579 Thread 0x00007eff2000a000 Uncommon trap: reason=unstable_if action=reinterpret pc=0x00007eff1111c3b4 method=java.util.HashMap.isEmpty()Z @ 4
Event: 1,586 Thread 0x00007eff2028b800 Uncommon trap: reason=unstable_if action=reinterpret pc=0x00007eff111312d0 method=LeaderElectionAdHocNet.ThreadPerformance.run()V @ 38

Internal exceptions (4 events):
Event: 0,089 Thread 0x00007eff2000a000 Exception <a 'java/lang/NoSuchMethodError': Method sun.misc.Unsafe.defineClass(Ljava/lang/String;[BII)Ljava/lang/Class; name or signature does not match> (0x00000000d7407ca8) thrown at [/build/openjdk-8-W2Qe27/openjdk-8-8u151-b12/src/hotspot/src/share/vm/
Event: 0,089 Thread 0x00007eff2000a000 Exception <a 'java/lang/NoSuchMethodError': Method sun.misc.Unsafe.prefetchRead(Ljava/lang/Object;J)V name or signature does not match> (0x00000000d7407f90) thrown at [/build/openjdk-8-W2Qe27/openjdk-8-8u151-b12/src/hotspot/src/share/vm/prims/jni.cpp, lin
Event: 2,628 Thread 0x00007eff20290000 Exception <a 'java/lang/NoSuchFieldError': method resolution failed> (0x00000000d74649e8) thrown at [/build/openjdk-8-W2Qe27/openjdk-8-8u151-b12/src/hotspot/src/share/vm/prims/methodHandles.cpp, line 1146]
Event: 2,663 Thread 0x00007eff20290000 Exception <a 'java/lang/NoSuchFieldError': method resolution failed> (0x00000000d95be228) thrown at [/build/openjdk-8-W2Qe27/openjdk-8-8u151-b12/src/hotspot/src/share/vm/prims/methodHandles.cpp, line 1146]

Events (10 events):
Event: 2,873 loading class java/lang/invoke/InnerClassLambdaMetafactory$ForwardingMethodGenerator done
Event: 3,007 Executing VM operation: ParallelGCFailedAllocation
Event: 3,042 Executing VM operation: ParallelGCFailedAllocation done
Event: 3,436 Executing VM operation: ParallelGCFailedAllocation
Event: 3,488 Executing VM operation: ParallelGCFailedAllocation done
Event: 3,868 Executing VM operation: ParallelGCFailedAllocation
Event: 3,908 Executing VM operation: ParallelGCFailedAllocation done
Event: 4,204 Executing VM operation: EnableBiasedLocking
Event: 4,207 Executing VM operation: EnableBiasedLocking done
Event: 5,349 Executing VM operation: ParallelGCFailedAllocation


Dynamic libraries:
00400000-00401000 r-xp 00000000 08:12 6694585                            /usr/lib/jvm/java-8-openjdk-amd64/jre/bin/java
00600000-00601000 r--p 00000000 08:12 6694585                            /usr/lib/jvm/java-8-openjdk-amd64/jre/bin/java
00601000-00602000 rw-p 00001000 08:12 6694585                            /usr/lib/jvm/java-8-openjdk-amd64/jre/bin/java
00746000-00767000 rw-p 00000000 00:00 0                                  [heap]
85c00000-8af00000 rw-p 00000000 00:00 0 
8af00000-d7400000 ---p 00000000 00:00 0 
d7400000-e6e00000 rw-p 00000000 00:00 0 
f6600000-100000000 ---p 00000000 00:00 0 
100000000-1000a0000 rw-p 00000000 00:00 0 
1000a0000-140000000 ---p 00000000 00:00 0 
7efe9c000000-7efe9c044000 rw-p 00000000 00:00 0 
7efe9c044000-7efea0000000 ---p 00000000 00:00 0 
7efea0000000-7efea0021000 rw-p 00000000 00:00 0 
7efea0021000-7efea4000000 ---p 00000000 00:00 0 
7efea4000000-7efea4021000 rw-p 00000000 00:00 0 
7efea4021000-7efea8000000 ---p 00000000 00:00 0 
7efea8000000-7efea8021000 rw-p 00000000 00:00 0 
7efea8021000-7efeac000000 ---p 00000000 00:00 0 
7efeac000000-7efeac021000 rw-p 00000000 00:00 0 
7efeac021000-7efeb0000000 ---p 00000000 00:00 0 
7efeb0000000-7efeb0021000 rw-p 00000000 00:00 0 
7efeb0021000-7efeb4000000 ---p 00000000 00:00 0 
7efeb4000000-7efeb4021000 rw-p 00000000 00:00 0 
7efeb4021000-7efeb8000000 ---p 00000000 00:00 0 
7efeb8000000-7efeb8021000 rw-p 00000000 00:00 0 
7efeb8021000-7efebc000000 ---p 00000000 00:00 0 
7efebc000000-7efebc021000 rw-p 00000000 00:00 0 
7efebc021000-7efec0000000 ---p 00000000 00:00 0 
7efec0000000-7efec0021000 rw-p 00000000 00:00 0 
7efec0021000-7efec4000000 ---p 00000000 00:00 0 
7efec4000000-7efec41df000 rw-p 00000000 00:00 0 
7efec41df000-7efec8000000 ---p 00000000 00:00 0 
7efec8000000-7efec8021000 rw-p 00000000 00:00 0 
7efec8021000-7efecc000000 ---p 00000000 00:00 0 
7efecc000000-7efecc3e4000 rw-p 00000000 00:00 0 
7efecc3e4000-7efed0000000 ---p 00000000 00:00 0 
7efed0000000-7efed03dc000 rw-p 00000000 00:00 0 
7efed03dc000-7efed4000000 ---p 00000000 00:00 0 
7efed4000000-7efed4021000 rw-p 00000000 00:00 0 
7efed4021000-7efed8000000 ---p 00000000 00:00 0 
7efed8000000-7efed82c9000 rw-p 00000000 00:00 0 
7efed82c9000-7efedc000000 ---p 00000000 00:00 0 
7efedc000000-7efedc021000 rw-p 00000000 00:00 0 
7efedc021000-7efee0000000 ---p 00000000 00:00 0 
7efee0000000-7efee0021000 rw-p 00000000 00:00 0 
7efee0021000-7efee4000000 ---p 00000000 00:00 0 
7efee4000000-7efee4021000 rw-p 00000000 00:00 0 
7efee4021000-7efee8000000 ---p 00000000 00:00 0 
7efee8000000-7efee8021000 rw-p 00000000 00:00 0 
7efee8021000-7efeec000000 ---p 00000000 00:00 0 
7efeec000000-7efeec021000 rw-p 00000000 00:00 0 
7efeec021000-7efef0000000 ---p 00000000 00:00 0 
7efef0000000-7efef0021000 rw-p 00000000 00:00 0 
7efef0021000-7efef4000000 ---p 00000000 00:00 0 
7efef4000000-7efef4021000 rw-p 00000000 00:00 0 
7efef4021000-7efef8000000 ---p 00000000 00:00 0 
7efef8000000-7efef8021000 rw-p 00000000 00:00 0 
7efef8021000-7efefc000000 ---p 00000000 00:00 0 
7efefc000000-7efefc021000 rw-p 00000000 00:00 0 
7efefc021000-7eff00000000 ---p 00000000 00:00 0 
7eff00000000-7eff00021000 rw-p 00000000 00:00 0 
7eff00021000-7eff04000000 ---p 00000000 00:00 0 
7eff04ae0000-7eff04f20000 rw-p 00000000 00:00 0 
7eff04f20000-7eff052e0000 ---p 00000000 00:00 0 
7eff05bf1000-7eff05bf4000 ---p 00000000 00:00 0 
7eff05bf4000-7eff05cf2000 rw-p 00000000 00:00 0 
7eff05cf2000-7eff05cf5000 ---p 00000000 00:00 0 
7eff05cf5000-7eff05df3000 rw-p 00000000 00:00 0 
7eff05df3000-7eff05df6000 ---p 00000000 00:00 0 
7eff05df6000-7eff05ef4000 rw-p 00000000 00:00 0 
7eff05ef4000-7eff05ef7000 ---p 00000000 00:00 0 
7eff05ef7000-7eff05ff5000 rw-p 00000000 00:00 0 
7eff05ff5000-7eff05ff8000 ---p 00000000 00:00 0 
7eff05ff8000-7eff060f6000 rw-p 00000000 00:00 0 
7eff060f6000-7eff060f9000 ---p 00000000 00:00 0 
7eff060f9000-7eff061f7000 rw-p 00000000 00:00 0 
7eff061f7000-7eff061fa000 ---p 00000000 00:00 0 
7eff061fa000-7eff062f8000 rw-p 00000000 00:00 0 
7eff062f8000-7eff062fb000 ---p 00000000 00:00 0 
7eff062fb000-7eff063f9000 rw-p 00000000 00:00 0 
7eff063f9000-7eff063fc000 ---p 00000000 00:00 0 
7eff063fc000-7eff067fb000 rw-p 00000000 00:00 0 
7eff067fb000-7eff06812000 r-xp 00000000 08:12 6694551                    /usr/lib/jvm/java-8-openjdk-amd64/jre/lib/amd64/libnet.so
7eff06812000-7eff06a11000 ---p 00017000 08:12 6694551                    /usr/lib/jvm/java-8-openjdk-amd64/jre/lib/amd64/libnet.so
7eff06a11000-7eff06a12000 r--p 00016000 08:12 6694551                    /usr/lib/jvm/java-8-openjdk-amd64/jre/lib/amd64/libnet.so
7eff06a12000-7eff06a13000 rw-p 00017000 08:12 6694551                    /usr/lib/jvm/java-8-openjdk-amd64/jre/lib/amd64/libnet.so
7eff06a13000-7eff06a14000 ---p 00000000 00:00 0 
7eff06a14000-7eff06b14000 rw-p 00000000 00:00 0 
7eff06b14000-7eff06b17000 ---p 00000000 00:00 0 
7eff06b17000-7eff06c15000 rw-p 00000000 00:00 0 
7eff06c15000-7eff06c18000 ---p 00000000 00:00 0 
7eff06c18000-7eff06d16000 rw-p 00000000 00:00 0 
7eff06d16000-7eff06d19000 ---p 00000000 00:00 0 
7eff06d19000-7eff06e17000 rw-p 00000000 00:00 0 
7eff06e17000-7eff06e1a000 ---p 00000000 00:00 0 
7eff06e1a000-7eff06f18000 rw-p 00000000 00:00 0 
7eff06f18000-7eff06f1b000 ---p 00000000 00:00 0 
7eff06f1b000-7eff07019000 rw-p 00000000 00:00 0 
7eff07019000-7eff0701c000 ---p 00000000 00:00 0 
7eff0701c000-7eff0711a000 rw-p 00000000 00:00 0 
7eff0711a000-7eff073f4000 r--p 00000000 08:12 6427629                    /usr/lib/locale/locale-archive
7eff073f4000-7eff073f7000 ---p 00000000 00:00 0 
7eff073f7000-7eff074f5000 rw-p 00000000 00:00 0 
7eff074f5000-7eff074f8000 ---p 00000000 00:00 0 
7eff074f8000-7eff075f6000 rw-p 00000000 00:00 0 
7eff075f6000-7eff075f7000 ---p 00000000 00:00 0 
7eff075f7000-7eff08000000 rw-p 00000000 00:00 0 
7eff08000000-7eff08021000 rw-p 00000000 00:00 0 
7eff08021000-7eff0c000000 ---p 00000000 00:00 0 
7eff0c0b5000-7eff0c0ce000 r--p 00000000 08:12 7864371                    /usr/share/locale-langpack/pt/LC_MESSAGES/libc.mo
7eff0c0ce000-7eff11000000 rw-p 00000000 00:00 0 
7eff11000000-7eff11270000 rwxp 00000000 00:00 0 
7eff11270000-7eff20000000 ---p 00000000 00:00 0 
7eff20000000-7eff2029f000 rw-p 00000000 00:00 0 
7eff2029f000-7eff24000000 ---p 00000000 00:00 0 
7eff24011000-7eff24018000 r--s 00000000 08:12 6694033                    /usr/lib/x86_64-linux-gnu/gconv/gconv-modules.cache
7eff24018000-7eff2401e000 r--s 0003a000 08:12 6819837                    /usr/lib/jvm/java-8-openjdk-amd64/jre/lib/ext/sunjce_provider.jar
7eff2401e000-7eff24039000 r--s 001d6000 08:12 6819836                    /usr/lib/jvm/java-8-openjdk-amd64/jre/lib/ext/nashorn.jar
7eff24039000-7eff24054000 r--s 00394000 08:12 6819834                    /usr/lib/jvm/java-8-openjdk-amd64/jre/lib/ext/cldrdata.jar
7eff24054000-7eff24223000 r--s 03c21000 08:12 6694521                    /usr/lib/jvm/java-8-openjdk-amd64/jre/lib/rt.jar
7eff24223000-7eff2466b000 rw-p 00000000 00:00 0 
7eff2466b000-7eff2466c000 ---p 00000000 00:00 0 
7eff2466c000-7eff2476c000 rw-p 00000000 00:00 0 
7eff2476c000-7eff2476d000 ---p 00000000 00:00 0 
7eff2476d000-7eff2486d000 rw-p 00000000 00:00 0 
7eff2486d000-7eff2486e000 ---p 00000000 00:00 0 
7eff2486e000-7eff2496e000 rw-p 00000000 00:00 0 
7eff2496e000-7eff2496f000 ---p 00000000 00:00 0 
7eff2496f000-7eff24a6f000 rw-p 00000000 00:00 0 
7eff24a6f000-7eff24a70000 ---p 00000000 00:00 0 
7eff24a70000-7eff24b70000 rw-p 00000000 00:00 0 
7eff24b70000-7eff24b71000 ---p 00000000 00:00 0 
7eff24b71000-7eff24c71000 rw-p 00000000 00:00 0 
7eff24c71000-7eff24c72000 ---p 00000000 00:00 0 
7eff24c72000-7eff24d72000 rw-p 00000000 00:00 0 
7eff24d72000-7eff24d73000 ---p 00000000 00:00 0 
7eff24d73000-7eff24e9d000 rw-p 00000000 00:00 0 
7eff24e9d000-7eff250ff000 ---p 00000000 00:00 0 
7eff250ff000-7eff25129000 rw-p 00000000 00:00 0 
7eff25129000-7eff2538b000 ---p 00000000 00:00 0 
7eff2538b000-7eff25408000 rw-p 00000000 00:00 0 
7eff25408000-7eff254d1000 ---p 00000000 00:00 0 
7eff254d1000-7eff254dc000 rw-p 00000000 00:00 0 
7eff254dc000-7eff25892000 ---p 00000000 00:00 0 
7eff25892000-7eff2589a000 r-xp 00000000 08:12 6694557                    /usr/lib/jvm/java-8-openjdk-amd64/jre/lib/amd64/libzip.so
7eff2589a000-7eff25a99000 ---p 00008000 08:12 6694557                    /usr/lib/jvm/java-8-openjdk-amd64/jre/lib/amd64/libzip.so
7eff25a99000-7eff25a9a000 r--p 00007000 08:12 6694557                    /usr/lib/jvm/java-8-openjdk-amd64/jre/lib/amd64/libzip.so
7eff25a9a000-7eff25a9b000 rw-p 00008000 08:12 6694557                    /usr/lib/jvm/java-8-openjdk-amd64/jre/lib/amd64/libzip.so
7eff25a9b000-7eff25aa6000 r-xp 00000000 08:12 524485                     /lib/x86_64-linux-gnu/libnss_files-2.23.so
7eff25aa6000-7eff25ca5000 ---p 0000b000 08:12 524485                     /lib/x86_64-linux-gnu/libnss_files-2.23.so
7eff25ca5000-7eff25ca6000 r--p 0000a000 08:12 524485                     /lib/x86_64-linux-gnu/libnss_files-2.23.so
7eff25ca6000-7eff25ca7000 rw-p 0000b000 08:12 524485                     /lib/x86_64-linux-gnu/libnss_files-2.23.so
7eff25ca7000-7eff25cad000 rw-p 00000000 00:00 0 
7eff25cad000-7eff25cb8000 r-xp 00000000 08:12 524488                     /lib/x86_64-linux-gnu/libnss_nis-2.23.so
7eff25cb8000-7eff25eb7000 ---p 0000b000 08:12 524488                     /lib/x86_64-linux-gnu/libnss_nis-2.23.so
7eff25eb7000-7eff25eb8000 r--p 0000a000 08:12 524488                     /lib/x86_64-linux-gnu/libnss_nis-2.23.so
7eff25eb8000-7eff25eb9000 rw-p 0000b000 08:12 524488                     /lib/x86_64-linux-gnu/libnss_nis-2.23.so
7eff25eb9000-7eff25ecf000 r-xp 00000000 08:12 524481                     /lib/x86_64-linux-gnu/libnsl-2.23.so
7eff25ecf000-7eff260ce000 ---p 00016000 08:12 524481                     /lib/x86_64-linux-gnu/libnsl-2.23.so
7eff260ce000-7eff260cf000 r--p 00015000 08:12 524481                     /lib/x86_64-linux-gnu/libnsl-2.23.so
7eff260cf000-7eff260d0000 rw-p 00016000 08:12 524481                     /lib/x86_64-linux-gnu/libnsl-2.23.so
7eff260d0000-7eff260d2000 rw-p 00000000 00:00 0 
7eff260d2000-7eff260da000 r-xp 00000000 08:12 524494                     /lib/x86_64-linux-gnu/libnss_compat-2.23.so
7eff260da000-7eff262d9000 ---p 00008000 08:12 524494                     /lib/x86_64-linux-gnu/libnss_compat-2.23.so
7eff262d9000-7eff262da000 r--p 00007000 08:12 524494                     /lib/x86_64-linux-gnu/libnss_compat-2.23.so
7eff262da000-7eff262db000 rw-p 00008000 08:12 524494                     /lib/x86_64-linux-gnu/libnss_compat-2.23.so
7eff262db000-7eff26308000 r-xp 00000000 08:12 6694540                    /usr/lib/jvm/java-8-openjdk-amd64/jre/lib/amd64/libjava.so
7eff26308000-7eff26507000 ---p 0002d000 08:12 6694540                    /usr/lib/jvm/java-8-openjdk-amd64/jre/lib/amd64/libjava.so
7eff26507000-7eff26508000 r--p 0002c000 08:12 6694540                    /usr/lib/jvm/java-8-openjdk-amd64/jre/lib/amd64/libjava.so
7eff26508000-7eff2650a000 rw-p 0002d000 08:12 6694540                    /usr/lib/jvm/java-8-openjdk-amd64/jre/lib/amd64/libjava.so
7eff2650a000-7eff26519000 r-xp 00000000 08:12 6694555                    /usr/lib/jvm/java-8-openjdk-amd64/jre/lib/amd64/libverify.so
7eff26519000-7eff26718000 ---p 0000f000 08:12 6694555                    /usr/lib/jvm/java-8-openjdk-amd64/jre/lib/amd64/libverify.so
7eff26718000-7eff2671a000 r--p 0000e000 08:12 6694555                    /usr/lib/jvm/java-8-openjdk-amd64/jre/lib/amd64/libverify.so
7eff2671a000-7eff2671b000 rw-p 00010000 08:12 6694555                    /usr/lib/jvm/java-8-openjdk-amd64/jre/lib/amd64/libverify.so
7eff2671b000-7eff26722000 r-xp 00000000 08:12 524490                     /lib/x86_64-linux-gnu/librt-2.23.so
7eff26722000-7eff26921000 ---p 00007000 08:12 524490                     /lib/x86_64-linux-gnu/librt-2.23.so
7eff26921000-7eff26922000 r--p 00006000 08:12 524490                     /lib/x86_64-linux-gnu/librt-2.23.so
7eff26922000-7eff26923000 rw-p 00007000 08:12 524490                     /lib/x86_64-linux-gnu/librt-2.23.so
7eff26923000-7eff26939000 r-xp 00000000 08:12 528893                     /lib/x86_64-linux-gnu/libgcc_s.so.1
7eff26939000-7eff26b38000 ---p 00016000 08:12 528893                     /lib/x86_64-linux-gnu/libgcc_s.so.1
7eff26b38000-7eff26b39000 rw-p 00015000 08:12 528893                     /lib/x86_64-linux-gnu/libgcc_s.so.1
7eff26b39000-7eff26c41000 r-xp 00000000 08:12 524499                     /lib/x86_64-linux-gnu/libm-2.23.so
7eff26c41000-7eff26e40000 ---p 00108000 08:12 524499                     /lib/x86_64-linux-gnu/libm-2.23.so
7eff26e40000-7eff26e41000 r--p 00107000 08:12 524499                     /lib/x86_64-linux-gnu/libm-2.23.so
7eff26e41000-7eff26e42000 rw-p 00108000 08:12 524499                     /lib/x86_64-linux-gnu/libm-2.23.so
7eff26e42000-7eff26fb4000 r-xp 00000000 08:12 6440244                    /usr/lib/x86_64-linux-gnu/libstdc++.so.6.0.21
7eff26fb4000-7eff271b4000 ---p 00172000 08:12 6440244                    /usr/lib/x86_64-linux-gnu/libstdc++.so.6.0.21
7eff271b4000-7eff271be000 r--p 00172000 08:12 6440244                    /usr/lib/x86_64-linux-gnu/libstdc++.so.6.0.21
7eff271be000-7eff271c0000 rw-p 0017c000 08:12 6440244                    /usr/lib/x86_64-linux-gnu/libstdc++.so.6.0.21
7eff271c0000-7eff271c4000 rw-p 00000000 00:00 0 
7eff271c4000-7eff27e16000 r-xp 00000000 08:12 6694550                    /usr/lib/jvm/java-8-openjdk-amd64/jre/lib/amd64/server/libjvm.so
7eff27e16000-7eff28016000 ---p 00c52000 08:12 6694550                    /usr/lib/jvm/java-8-openjdk-amd64/jre/lib/amd64/server/libjvm.so
7eff28016000-7eff280a9000 r--p 00c52000 08:12 6694550                    /usr/lib/jvm/java-8-openjdk-amd64/jre/lib/amd64/server/libjvm.so
7eff280a9000-7eff280d2000 rw-p 00ce5000 08:12 6694550                    /usr/lib/jvm/java-8-openjdk-amd64/jre/lib/amd64/server/libjvm.so
7eff280d2000-7eff28102000 rw-p 00000000 00:00 0 
7eff28102000-7eff2811a000 r-xp 00000000 08:12 524487                     /lib/x86_64-linux-gnu/libpthread-2.23.so
7eff2811a000-7eff28319000 ---p 00018000 08:12 524487                     /lib/x86_64-linux-gnu/libpthread-2.23.so
7eff28319000-7eff2831a000 r--p 00017000 08:12 524487                     /lib/x86_64-linux-gnu/libpthread-2.23.so
7eff2831a000-7eff2831b000 rw-p 00018000 08:12 524487                     /lib/x86_64-linux-gnu/libpthread-2.23.so
7eff2831b000-7eff2831f000 rw-p 00000000 00:00 0 
7eff2831f000-7eff28322000 r-xp 00000000 08:12 524493                     /lib/x86_64-linux-gnu/libdl-2.23.so
7eff28322000-7eff28521000 ---p 00003000 08:12 524493                     /lib/x86_64-linux-gnu/libdl-2.23.so
7eff28521000-7eff28522000 r--p 00002000 08:12 524493                     /lib/x86_64-linux-gnu/libdl-2.23.so
7eff28522000-7eff28523000 rw-p 00003000 08:12 524493                     /lib/x86_64-linux-gnu/libdl-2.23.so
7eff28523000-7eff2853c000 r-xp 00000000 08:12 524472                     /lib/x86_64-linux-gnu/libz.so.1.2.8
7eff2853c000-7eff2873b000 ---p 00019000 08:12 524472                     /lib/x86_64-linux-gnu/libz.so.1.2.8
7eff2873b000-7eff2873c000 r--p 00018000 08:12 524472                     /lib/x86_64-linux-gnu/libz.so.1.2.8
7eff2873c000-7eff2873d000 rw-p 00019000 08:12 524472                     /lib/x86_64-linux-gnu/libz.so.1.2.8
7eff2873d000-7eff288fd000 r-xp 00000000 08:12 524504                     /lib/x86_64-linux-gnu/libc-2.23.so
7eff288fd000-7eff28afd000 ---p 001c0000 08:12 524504                     /lib/x86_64-linux-gnu/libc-2.23.so
7eff28afd000-7eff28b01000 r--p 001c0000 08:12 524504                     /lib/x86_64-linux-gnu/libc-2.23.so
7eff28b01000-7eff28b03000 rw-p 001c4000 08:12 524504                     /lib/x86_64-linux-gnu/libc-2.23.so
7eff28b03000-7eff28b07000 rw-p 00000000 00:00 0 
7eff28b07000-7eff28b14000 r-xp 00000000 08:12 6694553                    /usr/lib/jvm/java-8-openjdk-amd64/jre/lib/amd64/jli/libjli.so
7eff28b14000-7eff28d14000 ---p 0000d000 08:12 6694553                    /usr/lib/jvm/java-8-openjdk-amd64/jre/lib/amd64/jli/libjli.so
7eff28d14000-7eff28d15000 r--p 0000d000 08:12 6694553                    /usr/lib/jvm/java-8-openjdk-amd64/jre/lib/amd64/jli/libjli.so
7eff28d15000-7eff28d16000 rw-p 0000e000 08:12 6694553                    /usr/lib/jvm/java-8-openjdk-amd64/jre/lib/amd64/jli/libjli.so
7eff28d16000-7eff28d3c000 r-xp 00000000 08:12 524482                     /lib/x86_64-linux-gnu/ld-2.23.so
7eff28d3f000-7eff28d43000 r--s 00037000 08:12 6819841                    /usr/lib/jvm/java-8-openjdk-amd64/jre/lib/ext/sunpkcs11.jar
7eff28d43000-7eff28e13000 rw-p 00000000 00:00 0 
7eff28e13000-7eff28e16000 ---p 00000000 00:00 0 
7eff28e16000-7eff28f19000 rw-p 00000000 00:00 0 
7eff28f1b000-7eff28f1c000 r--s 0000b000 08:12 3018178                    /home/helio/NetBeansProjects/LeaderElectionAdHocNet/dist/LeaderElectionAdHocNet.jar
7eff28f1c000-7eff28f1d000 r--s 0000a000 08:12 6819842                    /usr/lib/jvm/java-8-openjdk-amd64/jre/lib/ext/jaccess.jar
7eff28f1d000-7eff28f1f000 r--s 00001000 08:12 6819843                    /usr/lib/jvm/java-8-openjdk-amd64/jre/lib/ext/dnsns.jar
7eff28f1f000-7eff28f21000 r--s 00008000 08:12 6819838                    /usr/lib/jvm/java-8-openjdk-amd64/jre/lib/ext/sunec.jar
7eff28f21000-7eff28f2b000 r--s 00116000 08:12 6819840                    /usr/lib/jvm/java-8-openjdk-amd64/jre/lib/ext/localedata.jar
7eff28f2b000-7eff28f2e000 r--s 0000f000 08:12 6817999                    /usr/lib/jvm/java-8-openjdk-amd64/jre/lib/ext/icedtea-sound.jar
7eff28f2e000-7eff28f2f000 r--s 00010000 08:12 6819835                    /usr/lib/jvm/java-8-openjdk-amd64/jre/lib/ext/zipfs.jar
7eff28f2f000-7eff28f37000 rw-s 00000000 08:12 4459054                    /tmp/hsperfdata_helio/7111
7eff28f37000-7eff28f38000 rw-p 00000000 00:00 0 
7eff28f38000-7eff28f39000 ---p 00000000 00:00 0 
7eff28f39000-7eff28f3b000 rw-p 00000000 00:00 0 
7eff28f3b000-7eff28f3c000 r--p 00025000 08:12 524482                     /lib/x86_64-linux-gnu/ld-2.23.so
7eff28f3c000-7eff28f3d000 rw-p 00026000 08:12 524482                     /lib/x86_64-linux-gnu/ld-2.23.so
7eff28f3d000-7eff28f3e000 rw-p 00000000 00:00 0 
7fff1786b000-7fff1788c000 rw-p 00000000 00:00 0                          [stack]
7fff1788c000-7fff1788e000 r--p 00000000 00:00 0                          [vvar]
7fff1788e000-7fff17890000 r-xp 00000000 00:00 0                          [vdso]
ffffffffff600000-ffffffffff601000 r-xp 00000000 00:00 0                  [vsyscall]

VM Arguments:
java_command: dist/LeaderElectionAdHocNet.jar ./nbproject/configs/Node25.csv
java_class_path (initial): dist/LeaderElectionAdHocNet.jar
Launcher Type: SUN_STANDARD

Environment Variables:
PATH=/usr/local/sbin:/usr/local/bin:/usr/sbin:/usr/bin:/sbin:/bin:/usr/games:/usr/local/games:/snap/bin
SHELL=/bin/bash
DISPLAY=:0

Signal Handlers:
SIGSEGV: [libjvm.so+0xa69040], sa_mask[0]=11111111011111111101111111111110, sa_flags=SA_RESTART|SA_SIGINFO
SIGBUS: [libjvm.so+0xa69040], sa_mask[0]=11111111011111111101111111111110, sa_flags=SA_RESTART|SA_SIGINFO
SIGFPE: [libjvm.so+0x8b2170], sa_mask[0]=11111111011111111101111111111110, sa_flags=SA_RESTART|SA_SIGINFO
SIGPIPE: [libjvm.so+0x8b2170], sa_mask[0]=11111111011111111101111111111110, sa_flags=SA_RESTART|SA_SIGINFO
SIGXFSZ: [libjvm.so+0x8b2170], sa_mask[0]=11111111011111111101111111111110, sa_flags=SA_RESTART|SA_SIGINFO
SIGILL: [libjvm.so+0x8b2170], sa_mask[0]=11111111011111111101111111111110, sa_flags=SA_RESTART|SA_SIGINFO
SIGUSR1: SIG_DFL, sa_mask[0]=00000000000000000000000000000000, sa_flags=none
SIGUSR2: [libjvm.so+0x8b2020], sa_mask[0]=00000000000000000000000000000000, sa_flags=SA_RESTART|SA_SIGINFO
SIGHUP: [libjvm.so+0x8b24f0], sa_mask[0]=11111111011111111101111111111110, sa_flags=SA_RESTART|SA_SIGINFO
SIGINT: [libjvm.so+0x8b24f0], sa_mask[0]=11111111011111111101111111111110, sa_flags=SA_RESTART|SA_SIGINFO
SIGTERM: [libjvm.so+0x8b24f0], sa_mask[0]=11111111011111111101111111111110, sa_flags=SA_RESTART|SA_SIGINFO
SIGQUIT: [libjvm.so+0x8b24f0], sa_mask[0]=11111111011111111101111111111110, sa_flags=SA_RESTART|SA_SIGINFO


---------------  S Y S T E M  ---------------

OS:DISTRIB_ID=Ubuntu
DISTRIB_RELEASE=16.04
DISTRIB_CODENAME=xenial
DISTRIB_DESCRIPTION="Ubuntu 16.04.2 LTS"

uname:Linux 4.4.0-104-generic #127-Ubuntu SMP Mon Dec 11 12:16:42 UTC 2017 x86_64
libc:glibc 2.23 NPTL 2.23 
rlimit: STACK 8192k, CORE 0k, NPROC 31136, NOFILE 65536, AS infinity
load average:31,06 7,81 2,95

/proc/meminfo:
MemTotal:        8011432 kB
MemFree:          553916 kB
MemAvailable:     449000 kB
Buffers:             632 kB
Cached:           770192 kB
SwapCached:            0 kB
Active:          6470356 kB
Inactive:         761264 kB
Active(anon):    6465788 kB
Inactive(anon):   738584 kB
Active(file):       4568 kB
Inactive(file):    22680 kB
Unevictable:         304 kB
Mlocked:             304 kB
SwapTotal:             0 kB
SwapFree:              0 kB
Dirty:               108 kB
Writeback:             0 kB
AnonPages:       6461580 kB
Mapped:           116788 kB
Shmem:            743096 kB
Slab:              89216 kB
SReclaimable:      40996 kB
SUnreclaim:        48220 kB
KernelStack:       16496 kB
PageTables:        51444 kB
NFS_Unstable:          0 kB
Bounce:                0 kB
WritebackTmp:          0 kB
CommitLimit:     4005716 kB
Committed_AS:   14109920 kB
VmallocTotal:   34359738367 kB
VmallocUsed:           0 kB
VmallocChunk:          0 kB
HardwareCorrupted:     0 kB
AnonHugePages:   3129344 kB
CmaTotal:              0 kB
CmaFree:               0 kB
HugePages_Total:       0
HugePages_Free:        0
HugePages_Rsvd:        0
HugePages_Surp:        0
Hugepagesize:       2048 kB
DirectMap4k:      178940 kB
DirectMap2M:     8044544 kB


CPU:total 8 (initial active 8) (4 cores per cpu, 2 threads per core) family 6 model 58 stepping 9, cmov, cx8, fxsr, mmx, sse, sse2, sse3, ssse3, sse4.1, sse4.2, popcnt, avx, aes, clmul, erms, ht, tsc, tscinvbit, tscinv

/proc/cpuinfo:
processor	: 0
vendor_id	: GenuineIntel
cpu family	: 6
model		: 58
model name	: Intel(R) Core(TM) i7-3610QM CPU @ 2.30GHz
stepping	: 9
microcode	: 0x12
cpu MHz		: 1275.242
cache size	: 6144 KB
physical id	: 0
siblings	: 8
core id		: 0
cpu cores	: 4
apicid		: 0
initial apicid	: 0
fpu		: yes
fpu_exception	: yes
cpuid level	: 13
wp		: yes
flags		: fpu vme de pse tsc msr pae mce cx8 apic sep mtrr pge mca cmov pat pse36 clflush dts acpi mmx fxsr sse sse2 ss ht tm pbe syscall nx rdtscp lm constant_tsc arch_perfmon pebs bts rep_good nopl xtopology nonstop_tsc aperfmperf eagerfpu pni pclmulqdq dtes64 monitor ds_cpl vmx est tm2 ssse3 cx16 xtpr pdcm pcid sse4_1 sse4_2 x2apic popcnt tsc_deadline_timer aes xsave avx f16c rdrand lahf_lm epb tpr_shadow vnmi flexpriority ept vpid fsgsbase smep erms xsaveopt dtherm ida arat pln pts
bugs		:
bogomips	: 4589.16
clflush size	: 64
cache_alignment	: 64
address sizes	: 36 bits physical, 48 bits virtual
power management:

processor	: 1
vendor_id	: GenuineIntel
cpu family	: 6
model		: 58
model name	: Intel(R) Core(TM) i7-3610QM CPU @ 2.30GHz
stepping	: 9
microcode	: 0x12
cpu MHz		: 2444.828
cache size	: 6144 KB
physical id	: 0
siblings	: 8
core id		: 0
cpu cores	: 4
apicid		: 1
initial apicid	: 1
fpu		: yes
fpu_exception	: yes
cpuid level	: 13
wp		: yes
flags		: fpu vme de pse tsc msr pae mce cx8 apic sep mtrr pge mca cmov pat pse36 clflush dts acpi mmx fxsr sse sse2 ss ht tm pbe syscall nx rdtscp lm constant_tsc arch_perfmon pebs bts rep_good nopl xtopology nonstop_tsc aperfmperf eagerfpu pni pclmulqdq dtes64 monitor ds_cpl vmx est tm2 ssse3 cx16 xtpr pdcm pcid sse4_1 sse4_2 x2apic popcnt tsc_deadline_timer aes xsave avx f16c rdrand lahf_lm epb tpr_shadow vnmi flexpriority ept vpid fsgsbase smep erms xsaveopt dtherm ida arat pln pts
bugs		:
bogomips	: 4589.16
clflush size	: 64
cache_alignment	: 64
address sizes	: 36 bits physical, 48 bits virtual
power management:

processor	: 2
vendor_id	: GenuineIntel
cpu family	: 6
model		: 58
model name	: Intel(R) Core(TM) i7-3610QM CPU @ 2.30GHz
stepping	: 9
microcode	: 0x12
cpu MHz		: 1675.855
cache size	: 6144 KB
physical id	: 0
siblings	: 8
core id		: 1
cpu cores	: 4
apicid		: 2
initial apicid	: 2
fpu		: yes
fpu_exception	: yes
cpuid level	: 13
wp		: yes
flags		: fpu vme de pse tsc msr pae mce cx8 apic sep mtrr pge mca cmov pat pse36 clflush dts acpi mmx fxsr sse sse2 ss ht tm pbe syscall nx rdtscp lm constant_tsc arch_perfmon pebs bts rep_good nopl xtopology nonstop_tsc aperfmperf eagerfpu pni pclmulqdq dtes64 monitor ds_cpl vmx est tm2 ssse3 cx16 xtpr pdcm pcid sse4_1 sse4_2 x2apic popcnt tsc_deadline_timer aes xsave avx f16c rdrand lahf_lm epb tpr_shadow vnmi flexpriority ept vpid fsgsbase smep erms xsaveopt dtherm ida arat pln pts
bugs		:
bogomips	: 4589.16
clflush size	: 64
cache_alignment	: 64
address sizes	: 36 bits physical, 48 bits virtual
power management:

processor	: 3
vendor_id	: GenuineIntel
cpu family	: 6
model		: 58
model name	: Intel(R) Core(TM) i7-3610QM CPU @ 2.30GHz
stepping	: 9
microcode	: 0x12
cpu MHz		: 3099.968
cache size	: 6144 KB
physical id	: 0
siblings	: 8
core id		: 1
cpu cores	: 4
apicid		: 3
initial apicid	: 3
fpu		: yes
fpu_exception	: yes
cpuid level	: 13
wp		: yes
flags		: fpu vme de pse tsc msr pae mce cx8 apic sep mtrr pge mca cmov pat pse36 clflush dts acpi mmx fxsr sse sse2 ss ht tm pbe syscall nx rdtscp lm constant_tsc arch_perfmon pebs bts rep_good nopl xtopology nonstop_tsc aperfmperf eagerfpu pni pclmulqdq dtes64 monitor ds_cpl vmx est tm2 ssse3 cx16 xtpr pdcm pcid sse4_1 sse4_2 x2apic popcnt tsc_deadline_timer aes xsave avx f16c rdrand lahf_lm epb tpr_shadow vnmi flexpriority ept vpid fsgsbase smep erms xsaveopt dtherm ida arat pln pts
bugs		:
bogomips	: 4589.16
clflush size	: 64
cache_alignment	: 64
address sizes	: 36 bits physical, 48 bits virtual
power management:

processor	: 4
vendor_id	: GenuineIntel
cpu family	: 6
model		: 58
model name	: Intel(R) Core(TM) i7-3610QM CPU @ 2.30GHz
stepping	: 9
microcode	: 0x12
cpu MHz		: 1304.980
cache size	: 6144 KB
physical id	: 0
siblings	: 8
core id		: 2
cpu cores	: 4
apicid		: 4
initial apicid	: 4
fpu		: yes
fpu_exception	: yes
cpuid level	: 13
wp		: yes
flags		: fpu vme de pse tsc msr pae mce cx8 apic sep mtrr pge mca cmov pat pse36 clflush dts acpi mmx fxsr sse sse2 ss ht tm pbe syscall nx rdtscp lm constant_tsc arch_perfmon pebs bts rep_good nopl xtopology nonstop_tsc aperfmperf eagerfpu pni pclmulqdq dtes64 monitor ds_cpl vmx est tm2 ssse3 cx16 xtpr pdcm pcid sse4_1 sse4_2 x2apic popcnt tsc_deadline_timer aes xsave avx f16c rdrand lahf_lm epb tpr_shadow vnmi flexpriority ept vpid fsgsbase smep erms xsaveopt dtherm ida arat pln pts
bugs		:
bogomips	: 4589.16
clflush size	: 64
cache_alignment	: 64
address sizes	: 36 bits physical, 48 bits virtual
power management:

processor	: 5
vendor_id	: GenuineIntel
cpu family	: 6
model		: 58
model name	: Intel(R) Core(TM) i7-3610QM CPU @ 2.30GHz
stepping	: 9
microcode	: 0x12
cpu MHz		: 1243.167
cache size	: 6144 KB
physical id	: 0
siblings	: 8
core id		: 2
cpu cores	: 4
apicid		: 5
initial apicid	: 5
fpu		: yes
fpu_exception	: yes
cpuid level	: 13
wp		: yes
flags		: fpu vme de pse tsc msr pae mce cx8 apic sep mtrr pge mca cmov pat pse36 clflush dts acpi mmx fxsr sse sse2 ss ht tm pbe syscall nx rdtscp lm constant_tsc arch_perfmon pebs bts rep_good nopl xtopology nonstop_tsc aperfmperf eagerfpu pni pclmulqdq dtes64 monitor ds_cpl vmx est tm2 ssse3 cx16 xtpr pdcm pcid sse4_1 sse4_2 x2apic popcnt tsc_deadline_timer aes xsave avx f16c rdrand lahf_lm epb tpr_shadow vnmi flexpriority ept vpid fsgsbase smep erms xsaveopt dtherm ida arat pln pts
bugs		:
bogomips	: 4589.16
clflush size	: 64
cache_alignment	: 64
address sizes	: 36 bits physical, 48 bits virtual
power management:

processor	: 6
vendor_id	: GenuineIntel
cpu family	: 6
model		: 58
model name	: Intel(R) Core(TM) i7-3610QM CPU @ 2.30GHz
stepping	: 9
microcode	: 0x12
cpu MHz		: 1295.007
cache size	: 6144 KB
physical id	: 0
siblings	: 8
core id		: 3
cpu cores	: 4
apicid		: 6
initial apicid	: 6
fpu		: yes
fpu_exception	: yes
cpuid level	: 13
wp		: yes
flags		: fpu vme de pse tsc msr pae mce cx8 apic sep mtrr pge mca cmov pat pse36 clflush dts acpi mmx fxsr sse sse2 ss ht tm pbe syscall nx rdtscp lm constant_tsc arch_perfmon pebs bts rep_good nopl xtopology nonstop_tsc aperfmperf eagerfpu pni pclmulqdq dtes64 monitor ds_cpl vmx est tm2 ssse3 cx16 xtpr pdcm pcid sse4_1 sse4_2 x2apic popcnt tsc_deadline_timer aes xsave avx f16c rdrand lahf_lm epb tpr_shadow vnmi flexpriority ept vpid fsgsbase smep erms xsaveopt dtherm ida arat pln pts
bugs		:
bogomips	: 4589.16
clflush size	: 64
cache_alignment	: 64
address sizes	: 36 bits physical, 48 bits virtual
power management:

processor	: 7
vendor_id	: GenuineIntel
cpu family	: 6
model		: 58
model name	: Intel(R) Core(TM) i7-3610QM CPU @ 2.30GHz
stepping	: 9
microcode	: 0x12
cpu MHz		: 1255.027
cache size	: 6144 KB
physical id	: 0
siblings	: 8
core id		: 3
cpu cores	: 4
apicid		: 7
initial apicid	: 7
fpu		: yes
fpu_exception	: yes
cpuid level	: 13
wp		: yes
flags		: fpu vme de pse tsc msr pae mce cx8 apic sep mtrr pge mca cmov pat pse36 clflush dts acpi mmx fxsr sse sse2 ss ht tm pbe syscall nx rdtscp lm constant_tsc arch_perfmon pebs bts rep_good nopl xtopology nonstop_tsc aperfmperf eagerfpu pni pclmulqdq dtes64 monitor ds_cpl vmx est tm2 ssse3 cx16 xtpr pdcm pcid sse4_1 sse4_2 x2apic popcnt tsc_deadline_timer aes xsave avx f16c rdrand lahf_lm epb tpr_shadow vnmi flexpriority ept vpid fsgsbase smep erms xsaveopt dtherm ida arat pln pts
bugs		:
bogomips	: 4589.16
clflush size	: 64
cache_alignment	: 64
address sizes	: 36 bits physical, 48 bits virtual
power management:



Memory: 4k page, physical 8011432k(553916k free), swap 0k(0k free)

vm_info: OpenJDK 64-Bit Server VM (25.151-b12) for linux-amd64 JRE (1.8.0_151-8u151-b12-0ubuntu0.16.04.2-b12), built on Oct 27 2017 21:59:02 by "buildd" with gcc 5.4.0 20160609

time: Tue Jan  9 23:42:35 2018
elapsed time: 35 seconds (0d 0h 0m 35s)

