#
# There is insufficient memory for the Java Runtime Environment to continue.
# Native memory allocation (mmap) failed to map 260046848 bytes for committing reserved memory.
# Possible reasons:
#   The system is out of physical RAM or swap space
#   In 32 bit mode, the process size limit was hit
# Possible solutions:
#   Reduce memory load on the system
#   Increase physical memory or swap space
#   Check if swap backing store is full
#   Use 64 bit Java on a 64 bit OS
#   Decrease Java heap size (-Xmx/-Xms)
#   Decrease number of Java threads
#   Decrease Java thread stack sizes (-Xss)
#   Set larger code cache with -XX:ReservedCodeCacheSize=
# This output file may be truncated or incomplete.
#
#  Out of Memory Error (os_linux.cpp:2643), pid=7118, tid=0x00007fc2ac5d2700
#
# JRE version: OpenJDK Runtime Environment (8.0_151-b12) (build 1.8.0_151-8u151-b12-0ubuntu0.16.04.2-b12)
# Java VM: OpenJDK 64-Bit Server VM (25.151-b12 mixed mode linux-amd64 compressed oops)
# Failed to write core dump. Core dumps have been disabled. To enable core dumping, try "ulimit -c unlimited" before starting Java again
#

---------------  T H R E A D  ---------------

Current thread (0x00007fc2c01c6800):  VMThread [stack: 0x00007fc2ac4d2000,0x00007fc2ac5d3000] [id=7277]

Stack: [0x00007fc2ac4d2000,0x00007fc2ac5d3000],  sp=0x00007fc2ac5d14c0,  free space=1021k
Native frames: (J=compiled Java code, j=interpreted, Vv=VM code, C=native code)
V  [libjvm.so+0xa684eb]
V  [libjvm.so+0x4c579c]
V  [libjvm.so+0x8b6b50]
V  [libjvm.so+0x8b0fce]
V  [libjvm.so+0x92b806]
V  [libjvm.so+0x92cb33]
V  [libjvm.so+0x9291fb]
V  [libjvm.so+0x9294ac]
V  [libjvm.so+0x8db3c3]
V  [libjvm.so+0xa6a192]
V  [libjvm.so+0xa6f277]
V  [libjvm.so+0xa6ca47]
V  [libjvm.so+0xa6decf]
V  [libjvm.so+0xa6e3c1]
V  [libjvm.so+0x8b4032]

VM_Operation (0x00007fc2ca5b7780): ParallelGCFailedAllocation, mode: safepoint, requested by thread 0x00007fc2c000a000


---------------  P R O C E S S  ---------------

Java Threads: ( => current thread )
  0x00007fc2c0291800 JavaThread "Thread-6" [_thread_blocked, id=7562, stack(0x00007fc2929ff000,0x00007fc292b00000)]
  0x00007fc2c0290000 JavaThread "Thread-4" [_thread_blocked, id=7561, stack(0x00007fc292b00000,0x00007fc292c01000)]
  0x00007fc2c028e800 JavaThread "Thread-2" [_thread_blocked, id=7558, stack(0x00007fc292c01000,0x00007fc292d02000)]
  0x00007fc2c028c000 JavaThread "Thread-0" [_thread_in_native, id=7511, stack(0x00007fc292d02000,0x00007fc292e03000)]
  0x00007fc2c028b000 JavaThread "Thread-8" [_thread_blocked, id=7510, stack(0x00007fc292e03000,0x00007fc292f04000)]
  0x00007fc2c0287800 JavaThread "Thread-7" daemon [_thread_in_native, id=7508, stack(0x00007fc292f04000,0x00007fc293005000)]
  0x00007fc2c0285000 JavaThread "Timer-2" [_thread_blocked, id=7505, stack(0x00007fc293005000,0x00007fc293106000)]
  0x00007fc2c0283000 JavaThread "Timer-1" [_thread_blocked, id=7489, stack(0x00007fc293106000,0x00007fc293207000)]
  0x00007fc2c0280000 JavaThread "Timer-0" [_thread_blocked, id=7478, stack(0x00007fc293207000,0x00007fc293308000)]
  0x00007fc2c020a000 JavaThread "Service Thread" daemon [_thread_blocked, id=7401, stack(0x00007fc293922000,0x00007fc293a23000)]
  0x00007fc2c0205800 JavaThread "C1 CompilerThread3" daemon [_thread_blocked, id=7399, stack(0x00007fc293a23000,0x00007fc293b24000)]
  0x00007fc2c0201000 JavaThread "C2 CompilerThread2" daemon [_thread_blocked, id=7395, stack(0x00007fc293b24000,0x00007fc293c25000)]
  0x00007fc2c01ff800 JavaThread "C2 CompilerThread1" daemon [_thread_blocked, id=7391, stack(0x00007fc293c25000,0x00007fc293d26000)]
  0x00007fc2c01fc800 JavaThread "C2 CompilerThread0" daemon [_thread_blocked, id=7383, stack(0x00007fc2ac0ce000,0x00007fc2ac1cf000)]
  0x00007fc2c01fa800 JavaThread "Signal Dispatcher" daemon [_thread_blocked, id=7370, stack(0x00007fc2ac1cf000,0x00007fc2ac2d0000)]
  0x00007fc2c01d2800 JavaThread "Finalizer" daemon [_thread_blocked, id=7296, stack(0x00007fc2ac2d0000,0x00007fc2ac3d1000)]
  0x00007fc2c01ce000 JavaThread "Reference Handler" daemon [_thread_blocked, id=7282, stack(0x00007fc2ac3d1000,0x00007fc2ac4d2000)]
  0x00007fc2c000a000 JavaThread "main" [_thread_blocked, id=7129, stack(0x00007fc2ca4b8000,0x00007fc2ca5b9000)]

Other Threads:
=>0x00007fc2c01c6800 VMThread [stack: 0x00007fc2ac4d2000,0x00007fc2ac5d3000] [id=7277]
  0x00007fc2c020c800 WatcherThread [stack: 0x00007fc293821000,0x00007fc293922000] [id=7403]

VM state:at safepoint (normal execution)

VM Mutex/Monitor currently owned by a thread:  ([mutex/lock_event])
[0x00007fc2c00060b0] Threads_lock - owner thread: 0x00007fc2c01c6800
[0x00007fc2c00065b0] Heap_lock - owner thread: 0x00007fc2c000a000

Heap:
 PSYoungGen      total 254976K, used 128K [0x00000000d7400000, 0x00000000e6e00000, 0x0000000100000000)
  eden space 253952K, 0% used [0x00000000d7400000,0x00000000d7400000,0x00000000e6c00000)
  from space 1024K, 12% used [0x00000000e6c00000,0x00000000e6c20000,0x00000000e6d00000)
  to   space 1024K, 0% used [0x00000000e6d00000,0x00000000e6d00000,0x00000000e6e00000)
 ParOldGen       total 84992K, used 592K [0x0000000085c00000, 0x000000008af00000, 0x00000000d7400000)
  object space 84992K, 0% used [0x0000000085c00000,0x0000000085c94070,0x000000008af00000)
 Metaspace       used 4273K, capacity 4850K, committed 4992K, reserved 1056768K
  class space    used 469K, capacity 535K, committed 640K, reserved 1048576K

Card table byte_map: [0x00007fc2c67a4000,0x00007fc2c6b77000] byte_map_base: 0x00007fc2c6376000

Marking Bits: (ParMarkBitMap*) 0x00007fc2c978a2c0
 Begin Bits: [0x00007fc2ad2e0000, 0x00007fc2af170000)
 End Bits:   [0x00007fc2af170000, 0x00007fc2b1000000)

Polling page: 0x00007fc2ca5dd000

CodeCache: size=245760Kb used=1643Kb max_used=1666Kb free=244116Kb
 bounds [0x00007fc2b1000000, 0x00007fc2b1270000, 0x00007fc2c0000000]
 total_blobs=503 nmethods=243 adapters=175
 compilation: enabled

Compilation events (10 events):
Event: 2,819 Thread 0x00007fc2c0205800  238       3       jdk.internal.org.objectweb.asm.ByteVector::<init> (13 bytes)
Event: 2,819 Thread 0x00007fc2c0205800 nmethod 238 0x00007fc2b1192950 code [0x00007fc2b1192ac0, 0x00007fc2b1192d10]
Event: 2,820 Thread 0x00007fc2c0205800  239       3       jdk.internal.org.objectweb.asm.ByteVector::putByteArray (49 bytes)
Event: 2,820 Thread 0x00007fc2c0205800 nmethod 239 0x00007fc2b1192dd0 code [0x00007fc2b1192f60, 0x00007fc2b1193278]
Event: 3,059 Thread 0x00007fc2c01fc800 nmethod 58 0x00007fc2b1199d50 code [0x00007fc2b119a400, 0x00007fc2b119def0]
Event: 4,516 Thread 0x00007fc2c0205800  242       1       LeaderElectionAdHocNet.MainNode::getId (5 bytes)
Event: 4,516 Thread 0x00007fc2c0205800 nmethod 242 0x00007fc2b1199390 code [0x00007fc2b11994e0, 0x00007fc2b11995f0]
Event: 4,566 Thread 0x00007fc2c0205800  243       1       LeaderElectionAdHocNet.MainNode::getLid (5 bytes)
Event: 4,566 Thread 0x00007fc2c0205800 nmethod 243 0x00007fc2b11990d0 code [0x00007fc2b1199220, 0x00007fc2b1199330]
Event: 8,071 Thread 0x00007fc2c0205800  244       3       java.util.HashMap::getNode (148 bytes)

GC Heap History (10 events):
Event: 2,607 GC heap after
Heap after GC invocations=2 (full 0):
 PSYoungGen      total 68608K, used 576K [0x00000000d7400000, 0x00000000dbc00000, 0x0000000100000000)
  eden space 63488K, 0% used [0x00000000d7400000,0x00000000d7400000,0x00000000db200000)
  from space 5120K, 11% used [0x00000000db700000,0x00000000db790020,0x00000000dbc00000)
  to   space 5120K, 0% used [0x00000000db200000,0x00000000db200000,0x00000000db700000)
 ParOldGen       total 84992K, used 0K [0x0000000085c00000, 0x000000008af00000, 0x00000000d7400000)
  object space 84992K, 0% used [0x0000000085c00000,0x0000000085c00000,0x000000008af00000)
 Metaspace       used 4095K, capacity 4822K, committed 4992K, reserved 1056768K
  class space    used 445K, capacity 523K, committed 640K, reserved 1048576K
}
Event: 3,035 GC heap before
{Heap before GC invocations=3 (full 0):
 PSYoungGen      total 68608K, used 64064K [0x00000000d7400000, 0x00000000dbc00000, 0x0000000100000000)
  eden space 63488K, 100% used [0x00000000d7400000,0x00000000db200000,0x00000000db200000)
  from space 5120K, 11% used [0x00000000db700000,0x00000000db790020,0x00000000dbc00000)
  to   space 5120K, 0% used [0x00000000db200000,0x00000000db200000,0x00000000db700000)
 ParOldGen       total 84992K, used 0K [0x0000000085c00000, 0x000000008af00000, 0x00000000d7400000)
  object space 84992K, 0% used [0x0000000085c00000,0x0000000085c00000,0x000000008af00000)
 Metaspace       used 4273K, capacity 4850K, committed 4992K, reserved 1056768K
  class space    used 469K, capacity 535K, committed 640K, reserved 1048576K
Event: 3,040 GC heap after
Heap after GC invocations=3 (full 0):
 PSYoungGen      total 68608K, used 592K [0x00000000d7400000, 0x00000000dfa00000, 0x0000000100000000)
  eden space 63488K, 0% used [0x00000000d7400000,0x00000000d7400000,0x00000000db200000)
  from space 5120K, 11% used [0x00000000db200000,0x00000000db294030,0x00000000db700000)
  to   space 5120K, 0% used [0x00000000df500000,0x00000000df500000,0x00000000dfa00000)
 ParOldGen       total 84992K, used 0K [0x0000000085c00000, 0x000000008af00000, 0x00000000d7400000)
  object space 84992K, 0% used [0x0000000085c00000,0x0000000085c00000,0x000000008af00000)
 Metaspace       used 4273K, capacity 4850K, committed 4992K, reserved 1056768K
  class space    used 469K, capacity 535K, committed 640K, reserved 1048576K
}
Event: 3,288 GC heap before
{Heap before GC invocations=4 (full 0):
 PSYoungGen      total 68608K, used 64080K [0x00000000d7400000, 0x00000000dfa00000, 0x0000000100000000)
  eden space 63488K, 100% used [0x00000000d7400000,0x00000000db200000,0x00000000db200000)
  from space 5120K, 11% used [0x00000000db200000,0x00000000db294030,0x00000000db700000)
  to   space 5120K, 0% used [0x00000000df500000,0x00000000df500000,0x00000000dfa00000)
 ParOldGen       total 84992K, used 0K [0x0000000085c00000, 0x000000008af00000, 0x00000000d7400000)
  object space 84992K, 0% used [0x0000000085c00000,0x0000000085c00000,0x000000008af00000)
 Metaspace       used 4273K, capacity 4850K, committed 4992K, reserved 1056768K
  class space    used 469K, capacity 535K, committed 640K, reserved 1048576K
Event: 3,291 GC heap after
Heap after GC invocations=4 (full 0):
 PSYoungGen      total 132096K, used 592K [0x00000000d7400000, 0x00000000dfa00000, 0x0000000100000000)
  eden space 126976K, 0% used [0x00000000d7400000,0x00000000d7400000,0x00000000df000000)
  from space 5120K, 11% used [0x00000000df500000,0x00000000df594030,0x00000000dfa00000)
  to   space 5120K, 0% used [0x00000000df000000,0x00000000df000000,0x00000000df500000)
 ParOldGen       total 84992K, used 0K [0x0000000085c00000, 0x000000008af00000, 0x00000000d7400000)
  object space 84992K, 0% used [0x0000000085c00000,0x0000000085c00000,0x000000008af00000)
 Metaspace       used 4273K, capacity 4850K, committed 4992K, reserved 1056768K
  class space    used 469K, capacity 535K, committed 640K, reserved 1048576K
}
Event: 3,975 GC heap before
{Heap before GC invocations=5 (full 0):
 PSYoungGen      total 132096K, used 127568K [0x00000000d7400000, 0x00000000dfa00000, 0x0000000100000000)
  eden space 126976K, 100% used [0x00000000d7400000,0x00000000df000000,0x00000000df000000)
  from space 5120K, 11% used [0x00000000df500000,0x00000000df594030,0x00000000dfa00000)
  to   space 5120K, 0% used [0x00000000df000000,0x00000000df000000,0x00000000df500000)
 ParOldGen       total 84992K, used 0K [0x0000000085c00000, 0x000000008af00000, 0x00000000d7400000)
  object space 84992K, 0% used [0x0000000085c00000,0x0000000085c00000,0x000000008af00000)
 Metaspace       used 4273K, capacity 4850K, committed 4992K, reserved 1056768K
  class space    used 469K, capacity 535K, committed 640K, reserved 1048576K
Event: 4,020 GC heap after
Heap after GC invocations=5 (full 0):
 PSYoungGen      total 132096K, used 624K [0x00000000d7400000, 0x00000000e6e00000, 0x0000000100000000)
  eden space 126976K, 0% used [0x00000000d7400000,0x00000000d7400000,0x00000000df000000)
  from space 5120K, 12% used [0x00000000df000000,0x00000000df09c010,0x00000000df500000)
  to   space 1024K, 0% used [0x00000000e6d00000,0x00000000e6d00000,0x00000000e6e00000)
 ParOldGen       total 84992K, used 0K [0x0000000085c00000, 0x000000008af00000, 0x00000000d7400000)
  object space 84992K, 0% used [0x0000000085c00000,0x0000000085c00000,0x000000008af00000)
 Metaspace       used 4273K, capacity 4850K, committed 4992K, reserved 1056768K
  class space    used 469K, capacity 535K, committed 640K, reserved 1048576K
}
Event: 4,399 GC heap before
{Heap before GC invocations=6 (full 0):
 PSYoungGen      total 132096K, used 127600K [0x00000000d7400000, 0x00000000e6e00000, 0x0000000100000000)
  eden space 126976K, 100% used [0x00000000d7400000,0x00000000df000000,0x00000000df000000)
  from space 5120K, 12% used [0x00000000df000000,0x00000000df09c010,0x00000000df500000)
  to   space 1024K, 0% used [0x00000000e6d00000,0x00000000e6d00000,0x00000000e6e00000)
 ParOldGen       total 84992K, used 0K [0x0000000085c00000, 0x000000008af00000, 0x00000000d7400000)
  object space 84992K, 0% used [0x0000000085c00000,0x0000000085c00000,0x000000008af00000)
 Metaspace       used 4273K, capacity 4850K, committed 4992K, reserved 1056768K
  class space    used 469K, capacity 535K, committed 640K, reserved 1048576K
Event: 4,412 GC heap after
Heap after GC invocations=6 (full 0):
 PSYoungGen      total 254976K, used 592K [0x00000000d7400000, 0x00000000e6e00000, 0x0000000100000000)
  eden space 253952K, 0% used [0x00000000d7400000,0x00000000d7400000,0x00000000e6c00000)
  from space 1024K, 57% used [0x00000000e6d00000,0x00000000e6d94010,0x00000000e6e00000)
  to   space 1024K, 0% used [0x00000000e6c00000,0x00000000e6c00000,0x00000000e6d00000)
 ParOldGen       total 84992K, used 0K [0x0000000085c00000, 0x000000008af00000, 0x00000000d7400000)
  object space 84992K, 0% used [0x0000000085c00000,0x0000000085c00000,0x000000008af00000)
 Metaspace       used 4273K, capacity 4850K, committed 4992K, reserved 1056768K
  class space    used 469K, capacity 535K, committed 640K, reserved 1048576K
}
Event: 9,755 GC heap before
{Heap before GC invocations=7 (full 0):
 PSYoungGen      total 254976K, used 254544K [0x00000000d7400000, 0x00000000e6e00000, 0x0000000100000000)
  eden space 253952K, 100% used [0x00000000d7400000,0x00000000e6c00000,0x00000000e6c00000)
  from space 1024K, 57% used [0x00000000e6d00000,0x00000000e6d94010,0x00000000e6e00000)
  to   space 1024K, 0% used [0x00000000e6c00000,0x00000000e6c00000,0x00000000e6d00000)
 ParOldGen       total 84992K, used 0K [0x0000000085c00000, 0x000000008af00000, 0x00000000d7400000)
  object space 84992K, 0% used [0x0000000085c00000,0x0000000085c00000,0x000000008af00000)
 Metaspace       used 4273K, capacity 4850K, committed 4992K, reserved 1056768K
  class space    used 469K, capacity 535K, committed 640K, reserved 1048576K

Deoptimization events (2 events):
Event: 1,510 Thread 0x00007fc2c028b000 Uncommon trap: reason=unstable_if action=reinterpret pc=0x00007fc2b11255c8 method=LeaderElectionAdHocNet.ThreadPerformance.run()V @ 14
Event: 1,716 Thread 0x00007fc2c000a000 Uncommon trap: reason=unstable_if action=reinterpret pc=0x00007fc2b1125bb4 method=java.util.HashMap.isEmpty()Z @ 4

Internal exceptions (4 events):
Event: 0,087 Thread 0x00007fc2c000a000 Exception <a 'java/lang/NoSuchMethodError': Method sun.misc.Unsafe.defineClass(Ljava/lang/String;[BII)Ljava/lang/Class; name or signature does not match> (0x00000000d7407ca8) thrown at [/build/openjdk-8-W2Qe27/openjdk-8-8u151-b12/src/hotspot/src/share/vm/
Event: 0,087 Thread 0x00007fc2c000a000 Exception <a 'java/lang/NoSuchMethodError': Method sun.misc.Unsafe.prefetchRead(Ljava/lang/Object;J)V name or signature does not match> (0x00000000d7407f90) thrown at [/build/openjdk-8-W2Qe27/openjdk-8-8u151-b12/src/hotspot/src/share/vm/prims/jni.cpp, lin
Event: 2,480 Thread 0x00007fc2c0290000 Exception <a 'java/lang/NoSuchFieldError': method resolution failed> (0x00000000d8cdac78) thrown at [/build/openjdk-8-W2Qe27/openjdk-8-8u151-b12/src/hotspot/src/share/vm/prims/methodHandles.cpp, line 1146]
Event: 2,482 Thread 0x00007fc2c0290000 Exception <a 'java/lang/NoSuchFieldError': method resolution failed> (0x00000000d8ce8018) thrown at [/build/openjdk-8-W2Qe27/openjdk-8-8u151-b12/src/hotspot/src/share/vm/prims/methodHandles.cpp, line 1146]

Events (10 events):
Event: 3,040 Executing VM operation: ParallelGCFailedAllocation done
Event: 3,250 Executing VM operation: ParallelGCFailedAllocation
Event: 3,291 Executing VM operation: ParallelGCFailedAllocation done
Event: 3,955 Executing VM operation: ParallelGCFailedAllocation
Event: 4,020 Executing VM operation: ParallelGCFailedAllocation done
Event: 4,294 Executing VM operation: EnableBiasedLocking
Event: 4,317 Executing VM operation: EnableBiasedLocking done
Event: 4,383 Executing VM operation: ParallelGCFailedAllocation
Event: 4,412 Executing VM operation: ParallelGCFailedAllocation done
Event: 7,923 Executing VM operation: ParallelGCFailedAllocation


Dynamic libraries:
00400000-00401000 r-xp 00000000 08:12 6694585                            /usr/lib/jvm/java-8-openjdk-amd64/jre/bin/java
00600000-00601000 r--p 00000000 08:12 6694585                            /usr/lib/jvm/java-8-openjdk-amd64/jre/bin/java
00601000-00602000 rw-p 00001000 08:12 6694585                            /usr/lib/jvm/java-8-openjdk-amd64/jre/bin/java
01325000-01346000 rw-p 00000000 00:00 0                                  [heap]
85c00000-8af00000 rw-p 00000000 00:00 0 
8af00000-d7400000 ---p 00000000 00:00 0 
d7400000-e6e00000 rw-p 00000000 00:00 0 
f6600000-100000000 ---p 00000000 00:00 0 
100000000-1000a0000 rw-p 00000000 00:00 0 
1000a0000-140000000 ---p 00000000 00:00 0 
7fc23c000000-7fc23c03b000 rw-p 00000000 00:00 0 
7fc23c03b000-7fc240000000 ---p 00000000 00:00 0 
7fc240000000-7fc240021000 rw-p 00000000 00:00 0 
7fc240021000-7fc244000000 ---p 00000000 00:00 0 
7fc244000000-7fc244021000 rw-p 00000000 00:00 0 
7fc244021000-7fc248000000 ---p 00000000 00:00 0 
7fc248000000-7fc248021000 rw-p 00000000 00:00 0 
7fc248021000-7fc24c000000 ---p 00000000 00:00 0 
7fc24c000000-7fc24c021000 rw-p 00000000 00:00 0 
7fc24c021000-7fc250000000 ---p 00000000 00:00 0 
7fc250000000-7fc250021000 rw-p 00000000 00:00 0 
7fc250021000-7fc254000000 ---p 00000000 00:00 0 
7fc254000000-7fc254021000 rw-p 00000000 00:00 0 
7fc254021000-7fc258000000 ---p 00000000 00:00 0 
7fc258000000-7fc258021000 rw-p 00000000 00:00 0 
7fc258021000-7fc25c000000 ---p 00000000 00:00 0 
7fc25c000000-7fc25c021000 rw-p 00000000 00:00 0 
7fc25c021000-7fc260000000 ---p 00000000 00:00 0 
7fc260000000-7fc260021000 rw-p 00000000 00:00 0 
7fc260021000-7fc264000000 ---p 00000000 00:00 0 
7fc264000000-7fc2642d8000 rw-p 00000000 00:00 0 
7fc2642d8000-7fc268000000 ---p 00000000 00:00 0 
7fc268000000-7fc268021000 rw-p 00000000 00:00 0 
7fc268021000-7fc26c000000 ---p 00000000 00:00 0 
7fc26c000000-7fc26c329000 rw-p 00000000 00:00 0 
7fc26c329000-7fc270000000 ---p 00000000 00:00 0 
7fc270000000-7fc27033c000 rw-p 00000000 00:00 0 
7fc27033c000-7fc274000000 ---p 00000000 00:00 0 
7fc274000000-7fc274021000 rw-p 00000000 00:00 0 
7fc274021000-7fc278000000 ---p 00000000 00:00 0 
7fc278000000-7fc278332000 rw-p 00000000 00:00 0 
7fc278332000-7fc27c000000 ---p 00000000 00:00 0 
7fc27c000000-7fc27c021000 rw-p 00000000 00:00 0 
7fc27c021000-7fc280000000 ---p 00000000 00:00 0 
7fc280000000-7fc280021000 rw-p 00000000 00:00 0 
7fc280021000-7fc284000000 ---p 00000000 00:00 0 
7fc284000000-7fc284021000 rw-p 00000000 00:00 0 
7fc284021000-7fc288000000 ---p 00000000 00:00 0 
7fc288000000-7fc288021000 rw-p 00000000 00:00 0 
7fc288021000-7fc28c000000 ---p 00000000 00:00 0 
7fc28c000000-7fc28c021000 rw-p 00000000 00:00 0 
7fc28c021000-7fc290000000 ---p 00000000 00:00 0 
7fc2929ff000-7fc292a02000 ---p 00000000 00:00 0 
7fc292a02000-7fc292b00000 rw-p 00000000 00:00 0 
7fc292b00000-7fc292b03000 ---p 00000000 00:00 0 
7fc292b03000-7fc292c01000 rw-p 00000000 00:00 0 
7fc292c01000-7fc292c04000 ---p 00000000 00:00 0 
7fc292c04000-7fc292d02000 rw-p 00000000 00:00 0 
7fc292d02000-7fc292d05000 ---p 00000000 00:00 0 
7fc292d05000-7fc292e03000 rw-p 00000000 00:00 0 
7fc292e03000-7fc292e06000 ---p 00000000 00:00 0 
7fc292e06000-7fc292f04000 rw-p 00000000 00:00 0 
7fc292f04000-7fc292f07000 ---p 00000000 00:00 0 
7fc292f07000-7fc293005000 rw-p 00000000 00:00 0 
7fc293005000-7fc293008000 ---p 00000000 00:00 0 
7fc293008000-7fc293106000 rw-p 00000000 00:00 0 
7fc293106000-7fc293109000 ---p 00000000 00:00 0 
7fc293109000-7fc293207000 rw-p 00000000 00:00 0 
7fc293207000-7fc29320a000 ---p 00000000 00:00 0 
7fc29320a000-7fc293609000 rw-p 00000000 00:00 0 
7fc293609000-7fc293620000 r-xp 00000000 08:12 6694551                    /usr/lib/jvm/java-8-openjdk-amd64/jre/lib/amd64/libnet.so
7fc293620000-7fc29381f000 ---p 00017000 08:12 6694551                    /usr/lib/jvm/java-8-openjdk-amd64/jre/lib/amd64/libnet.so
7fc29381f000-7fc293820000 r--p 00016000 08:12 6694551                    /usr/lib/jvm/java-8-openjdk-amd64/jre/lib/amd64/libnet.so
7fc293820000-7fc293821000 rw-p 00017000 08:12 6694551                    /usr/lib/jvm/java-8-openjdk-amd64/jre/lib/amd64/libnet.so
7fc293821000-7fc293822000 ---p 00000000 00:00 0 
7fc293822000-7fc293922000 rw-p 00000000 00:00 0 
7fc293922000-7fc293925000 ---p 00000000 00:00 0 
7fc293925000-7fc293a23000 rw-p 00000000 00:00 0 
7fc293a23000-7fc293a26000 ---p 00000000 00:00 0 
7fc293a26000-7fc293b24000 rw-p 00000000 00:00 0 
7fc293b24000-7fc293b27000 ---p 00000000 00:00 0 
7fc293b27000-7fc293c25000 rw-p 00000000 00:00 0 
7fc293c25000-7fc293c28000 ---p 00000000 00:00 0 
7fc293c28000-7fc293d26000 rw-p 00000000 00:00 0 
7fc293d26000-7fc294000000 r--p 00000000 08:12 6427629                    /usr/lib/locale/locale-archive
7fc294000000-7fc294021000 rw-p 00000000 00:00 0 
7fc294021000-7fc298000000 ---p 00000000 00:00 0 
7fc298000000-7fc298021000 rw-p 00000000 00:00 0 
7fc298021000-7fc29c000000 ---p 00000000 00:00 0 
7fc29c000000-7fc29c021000 rw-p 00000000 00:00 0 
7fc29c021000-7fc2a0000000 ---p 00000000 00:00 0 
7fc2a0000000-7fc2a0021000 rw-p 00000000 00:00 0 
7fc2a0021000-7fc2a4000000 ---p 00000000 00:00 0 
7fc2a4000000-7fc2a4021000 rw-p 00000000 00:00 0 
7fc2a4021000-7fc2a8000000 ---p 00000000 00:00 0 
7fc2a8000000-7fc2a8021000 rw-p 00000000 00:00 0 
7fc2a8021000-7fc2ac000000 ---p 00000000 00:00 0 
7fc2ac0ce000-7fc2ac0d1000 ---p 00000000 00:00 0 
7fc2ac0d1000-7fc2ac1cf000 rw-p 00000000 00:00 0 
7fc2ac1cf000-7fc2ac1d2000 ---p 00000000 00:00 0 
7fc2ac1d2000-7fc2ac2d0000 rw-p 00000000 00:00 0 
7fc2ac2d0000-7fc2ac2d3000 ---p 00000000 00:00 0 
7fc2ac2d3000-7fc2ac3d1000 rw-p 00000000 00:00 0 
7fc2ac3d1000-7fc2ac3d4000 ---p 00000000 00:00 0 
7fc2ac3d4000-7fc2ac4d2000 rw-p 00000000 00:00 0 
7fc2ac4d2000-7fc2ac4d3000 ---p 00000000 00:00 0 
7fc2ac4d3000-7fc2b1000000 rw-p 00000000 00:00 0 
7fc2b1000000-7fc2b1270000 rwxp 00000000 00:00 0 
7fc2b1270000-7fc2c0000000 ---p 00000000 00:00 0 
7fc2c0000000-7fc2c0297000 rw-p 00000000 00:00 0 
7fc2c0297000-7fc2c4000000 ---p 00000000 00:00 0 
7fc2c408f000-7fc2c4096000 r--s 00000000 08:12 6694033                    /usr/lib/x86_64-linux-gnu/gconv/gconv-modules.cache
7fc2c4096000-7fc2c40af000 r--p 00000000 08:12 7864371                    /usr/share/locale-langpack/pt/LC_MESSAGES/libc.mo
7fc2c40af000-7fc2c40b5000 r--s 0003a000 08:12 6819837                    /usr/lib/jvm/java-8-openjdk-amd64/jre/lib/ext/sunjce_provider.jar
7fc2c40b5000-7fc2c40d0000 r--s 001d6000 08:12 6819836                    /usr/lib/jvm/java-8-openjdk-amd64/jre/lib/ext/nashorn.jar
7fc2c40d0000-7fc2c40eb000 r--s 00394000 08:12 6819834                    /usr/lib/jvm/java-8-openjdk-amd64/jre/lib/ext/cldrdata.jar
7fc2c40eb000-7fc2c4ef9000 rw-p 00000000 00:00 0 
7fc2c4ef9000-7fc2c50c8000 r--s 03c21000 08:12 6694521                    /usr/lib/jvm/java-8-openjdk-amd64/jre/lib/rt.jar
7fc2c50c8000-7fc2c557e000 rw-p 00000000 00:00 0 
7fc2c557e000-7fc2c593e000 ---p 00000000 00:00 0 
7fc2c593e000-7fc2c5d10000 rw-p 00000000 00:00 0 
7fc2c5d10000-7fc2c5d11000 ---p 00000000 00:00 0 
7fc2c5d11000-7fc2c5e11000 rw-p 00000000 00:00 0 
7fc2c5e11000-7fc2c5e12000 ---p 00000000 00:00 0 
7fc2c5e12000-7fc2c5f12000 rw-p 00000000 00:00 0 
7fc2c5f12000-7fc2c5f13000 ---p 00000000 00:00 0 
7fc2c5f13000-7fc2c6013000 rw-p 00000000 00:00 0 
7fc2c6013000-7fc2c6014000 ---p 00000000 00:00 0 
7fc2c6014000-7fc2c6114000 rw-p 00000000 00:00 0 
7fc2c6114000-7fc2c6115000 ---p 00000000 00:00 0 
7fc2c6115000-7fc2c6215000 rw-p 00000000 00:00 0 
7fc2c6215000-7fc2c6216000 ---p 00000000 00:00 0 
7fc2c6216000-7fc2c6316000 rw-p 00000000 00:00 0 
7fc2c6316000-7fc2c6317000 ---p 00000000 00:00 0 
7fc2c6317000-7fc2c6417000 rw-p 00000000 00:00 0 
7fc2c6417000-7fc2c6418000 ---p 00000000 00:00 0 
7fc2c6418000-7fc2c6542000 rw-p 00000000 00:00 0 
7fc2c6542000-7fc2c67a4000 ---p 00000000 00:00 0 
7fc2c67a4000-7fc2c67ce000 rw-p 00000000 00:00 0 
7fc2c67ce000-7fc2c6a30000 ---p 00000000 00:00 0 
7fc2c6a30000-7fc2c6aad000 rw-p 00000000 00:00 0 
7fc2c6aad000-7fc2c6b76000 ---p 00000000 00:00 0 
7fc2c6b76000-7fc2c6b81000 rw-p 00000000 00:00 0 
7fc2c6b81000-7fc2c6f37000 ---p 00000000 00:00 0 
7fc2c6f37000-7fc2c6f3f000 r-xp 00000000 08:12 6694557                    /usr/lib/jvm/java-8-openjdk-amd64/jre/lib/amd64/libzip.so
7fc2c6f3f000-7fc2c713e000 ---p 00008000 08:12 6694557                    /usr/lib/jvm/java-8-openjdk-amd64/jre/lib/amd64/libzip.so
7fc2c713e000-7fc2c713f000 r--p 00007000 08:12 6694557                    /usr/lib/jvm/java-8-openjdk-amd64/jre/lib/amd64/libzip.so
7fc2c713f000-7fc2c7140000 rw-p 00008000 08:12 6694557                    /usr/lib/jvm/java-8-openjdk-amd64/jre/lib/amd64/libzip.so
7fc2c7140000-7fc2c714b000 r-xp 00000000 08:12 524485                     /lib/x86_64-linux-gnu/libnss_files-2.23.so
7fc2c714b000-7fc2c734a000 ---p 0000b000 08:12 524485                     /lib/x86_64-linux-gnu/libnss_files-2.23.so
7fc2c734a000-7fc2c734b000 r--p 0000a000 08:12 524485                     /lib/x86_64-linux-gnu/libnss_files-2.23.so
7fc2c734b000-7fc2c734c000 rw-p 0000b000 08:12 524485                     /lib/x86_64-linux-gnu/libnss_files-2.23.so
7fc2c734c000-7fc2c7352000 rw-p 00000000 00:00 0 
7fc2c7352000-7fc2c735d000 r-xp 00000000 08:12 524488                     /lib/x86_64-linux-gnu/libnss_nis-2.23.so
7fc2c735d000-7fc2c755c000 ---p 0000b000 08:12 524488                     /lib/x86_64-linux-gnu/libnss_nis-2.23.so
7fc2c755c000-7fc2c755d000 r--p 0000a000 08:12 524488                     /lib/x86_64-linux-gnu/libnss_nis-2.23.so
7fc2c755d000-7fc2c755e000 rw-p 0000b000 08:12 524488                     /lib/x86_64-linux-gnu/libnss_nis-2.23.so
7fc2c755e000-7fc2c7574000 r-xp 00000000 08:12 524481                     /lib/x86_64-linux-gnu/libnsl-2.23.so
7fc2c7574000-7fc2c7773000 ---p 00016000 08:12 524481                     /lib/x86_64-linux-gnu/libnsl-2.23.so
7fc2c7773000-7fc2c7774000 r--p 00015000 08:12 524481                     /lib/x86_64-linux-gnu/libnsl-2.23.so
7fc2c7774000-7fc2c7775000 rw-p 00016000 08:12 524481                     /lib/x86_64-linux-gnu/libnsl-2.23.so
7fc2c7775000-7fc2c7777000 rw-p 00000000 00:00 0 
7fc2c7777000-7fc2c777f000 r-xp 00000000 08:12 524494                     /lib/x86_64-linux-gnu/libnss_compat-2.23.so
7fc2c777f000-7fc2c797e000 ---p 00008000 08:12 524494                     /lib/x86_64-linux-gnu/libnss_compat-2.23.so
7fc2c797e000-7fc2c797f000 r--p 00007000 08:12 524494                     /lib/x86_64-linux-gnu/libnss_compat-2.23.so
7fc2c797f000-7fc2c7980000 rw-p 00008000 08:12 524494                     /lib/x86_64-linux-gnu/libnss_compat-2.23.so
7fc2c7980000-7fc2c79ad000 r-xp 00000000 08:12 6694540                    /usr/lib/jvm/java-8-openjdk-amd64/jre/lib/amd64/libjava.so
7fc2c79ad000-7fc2c7bac000 ---p 0002d000 08:12 6694540                    /usr/lib/jvm/java-8-openjdk-amd64/jre/lib/amd64/libjava.so
7fc2c7bac000-7fc2c7bad000 r--p 0002c000 08:12 6694540                    /usr/lib/jvm/java-8-openjdk-amd64/jre/lib/amd64/libjava.so
7fc2c7bad000-7fc2c7baf000 rw-p 0002d000 08:12 6694540                    /usr/lib/jvm/java-8-openjdk-amd64/jre/lib/amd64/libjava.so
7fc2c7baf000-7fc2c7bbe000 r-xp 00000000 08:12 6694555                    /usr/lib/jvm/java-8-openjdk-amd64/jre/lib/amd64/libverify.so
7fc2c7bbe000-7fc2c7dbd000 ---p 0000f000 08:12 6694555                    /usr/lib/jvm/java-8-openjdk-amd64/jre/lib/amd64/libverify.so
7fc2c7dbd000-7fc2c7dbf000 r--p 0000e000 08:12 6694555                    /usr/lib/jvm/java-8-openjdk-amd64/jre/lib/amd64/libverify.so
7fc2c7dbf000-7fc2c7dc0000 rw-p 00010000 08:12 6694555                    /usr/lib/jvm/java-8-openjdk-amd64/jre/lib/amd64/libverify.so
7fc2c7dc0000-7fc2c7dc7000 r-xp 00000000 08:12 524490                     /lib/x86_64-linux-gnu/librt-2.23.so
7fc2c7dc7000-7fc2c7fc6000 ---p 00007000 08:12 524490                     /lib/x86_64-linux-gnu/librt-2.23.so
7fc2c7fc6000-7fc2c7fc7000 r--p 00006000 08:12 524490                     /lib/x86_64-linux-gnu/librt-2.23.so
7fc2c7fc7000-7fc2c7fc8000 rw-p 00007000 08:12 524490                     /lib/x86_64-linux-gnu/librt-2.23.so
7fc2c7fc8000-7fc2c7fde000 r-xp 00000000 08:12 528893                     /lib/x86_64-linux-gnu/libgcc_s.so.1
7fc2c7fde000-7fc2c81dd000 ---p 00016000 08:12 528893                     /lib/x86_64-linux-gnu/libgcc_s.so.1
7fc2c81dd000-7fc2c81de000 rw-p 00015000 08:12 528893                     /lib/x86_64-linux-gnu/libgcc_s.so.1
7fc2c81de000-7fc2c82e6000 r-xp 00000000 08:12 524499                     /lib/x86_64-linux-gnu/libm-2.23.so
7fc2c82e6000-7fc2c84e5000 ---p 00108000 08:12 524499                     /lib/x86_64-linux-gnu/libm-2.23.so
7fc2c84e5000-7fc2c84e6000 r--p 00107000 08:12 524499                     /lib/x86_64-linux-gnu/libm-2.23.so
7fc2c84e6000-7fc2c84e7000 rw-p 00108000 08:12 524499                     /lib/x86_64-linux-gnu/libm-2.23.so
7fc2c84e7000-7fc2c8659000 r-xp 00000000 08:12 6440244                    /usr/lib/x86_64-linux-gnu/libstdc++.so.6.0.21
7fc2c8659000-7fc2c8859000 ---p 00172000 08:12 6440244                    /usr/lib/x86_64-linux-gnu/libstdc++.so.6.0.21
7fc2c8859000-7fc2c8863000 r--p 00172000 08:12 6440244                    /usr/lib/x86_64-linux-gnu/libstdc++.so.6.0.21
7fc2c8863000-7fc2c8865000 rw-p 0017c000 08:12 6440244                    /usr/lib/x86_64-linux-gnu/libstdc++.so.6.0.21
7fc2c8865000-7fc2c8869000 rw-p 00000000 00:00 0 
7fc2c8869000-7fc2c94bb000 r-xp 00000000 08:12 6694550                    /usr/lib/jvm/java-8-openjdk-amd64/jre/lib/amd64/server/libjvm.so
7fc2c94bb000-7fc2c96bb000 ---p 00c52000 08:12 6694550                    /usr/lib/jvm/java-8-openjdk-amd64/jre/lib/amd64/server/libjvm.so
7fc2c96bb000-7fc2c974e000 r--p 00c52000 08:12 6694550                    /usr/lib/jvm/java-8-openjdk-amd64/jre/lib/amd64/server/libjvm.so
7fc2c974e000-7fc2c9777000 rw-p 00ce5000 08:12 6694550                    /usr/lib/jvm/java-8-openjdk-amd64/jre/lib/amd64/server/libjvm.so
7fc2c9777000-7fc2c97a7000 rw-p 00000000 00:00 0 
7fc2c97a7000-7fc2c97bf000 r-xp 00000000 08:12 524487                     /lib/x86_64-linux-gnu/libpthread-2.23.so
7fc2c97bf000-7fc2c99be000 ---p 00018000 08:12 524487                     /lib/x86_64-linux-gnu/libpthread-2.23.so
7fc2c99be000-7fc2c99bf000 r--p 00017000 08:12 524487                     /lib/x86_64-linux-gnu/libpthread-2.23.so
7fc2c99bf000-7fc2c99c0000 rw-p 00018000 08:12 524487                     /lib/x86_64-linux-gnu/libpthread-2.23.so
7fc2c99c0000-7fc2c99c4000 rw-p 00000000 00:00 0 
7fc2c99c4000-7fc2c99c7000 r-xp 00000000 08:12 524493                     /lib/x86_64-linux-gnu/libdl-2.23.so
7fc2c99c7000-7fc2c9bc6000 ---p 00003000 08:12 524493                     /lib/x86_64-linux-gnu/libdl-2.23.so
7fc2c9bc6000-7fc2c9bc7000 r--p 00002000 08:12 524493                     /lib/x86_64-linux-gnu/libdl-2.23.so
7fc2c9bc7000-7fc2c9bc8000 rw-p 00003000 08:12 524493                     /lib/x86_64-linux-gnu/libdl-2.23.so
7fc2c9bc8000-7fc2c9be1000 r-xp 00000000 08:12 524472                     /lib/x86_64-linux-gnu/libz.so.1.2.8
7fc2c9be1000-7fc2c9de0000 ---p 00019000 08:12 524472                     /lib/x86_64-linux-gnu/libz.so.1.2.8
7fc2c9de0000-7fc2c9de1000 r--p 00018000 08:12 524472                     /lib/x86_64-linux-gnu/libz.so.1.2.8
7fc2c9de1000-7fc2c9de2000 rw-p 00019000 08:12 524472                     /lib/x86_64-linux-gnu/libz.so.1.2.8
7fc2c9de2000-7fc2c9fa2000 r-xp 00000000 08:12 524504                     /lib/x86_64-linux-gnu/libc-2.23.so
7fc2c9fa2000-7fc2ca1a2000 ---p 001c0000 08:12 524504                     /lib/x86_64-linux-gnu/libc-2.23.so
7fc2ca1a2000-7fc2ca1a6000 r--p 001c0000 08:12 524504                     /lib/x86_64-linux-gnu/libc-2.23.so
7fc2ca1a6000-7fc2ca1a8000 rw-p 001c4000 08:12 524504                     /lib/x86_64-linux-gnu/libc-2.23.so
7fc2ca1a8000-7fc2ca1ac000 rw-p 00000000 00:00 0 
7fc2ca1ac000-7fc2ca1b9000 r-xp 00000000 08:12 6694553                    /usr/lib/jvm/java-8-openjdk-amd64/jre/lib/amd64/jli/libjli.so
7fc2ca1b9000-7fc2ca3b9000 ---p 0000d000 08:12 6694553                    /usr/lib/jvm/java-8-openjdk-amd64/jre/lib/amd64/jli/libjli.so
7fc2ca3b9000-7fc2ca3ba000 r--p 0000d000 08:12 6694553                    /usr/lib/jvm/java-8-openjdk-amd64/jre/lib/amd64/jli/libjli.so
7fc2ca3ba000-7fc2ca3bb000 rw-p 0000e000 08:12 6694553                    /usr/lib/jvm/java-8-openjdk-amd64/jre/lib/amd64/jli/libjli.so
7fc2ca3bb000-7fc2ca3e1000 r-xp 00000000 08:12 524482                     /lib/x86_64-linux-gnu/ld-2.23.so
7fc2ca3e4000-7fc2ca3e8000 r--s 00037000 08:12 6819841                    /usr/lib/jvm/java-8-openjdk-amd64/jre/lib/ext/sunpkcs11.jar
7fc2ca3e8000-7fc2ca4b8000 rw-p 00000000 00:00 0 
7fc2ca4b8000-7fc2ca4bb000 ---p 00000000 00:00 0 
7fc2ca4bb000-7fc2ca5be000 rw-p 00000000 00:00 0 
7fc2ca5c0000-7fc2ca5c1000 r--s 0000b000 08:12 3018178                    /home/helio/NetBeansProjects/LeaderElectionAdHocNet/dist/LeaderElectionAdHocNet.jar
7fc2ca5c1000-7fc2ca5c2000 r--s 0000a000 08:12 6819842                    /usr/lib/jvm/java-8-openjdk-amd64/jre/lib/ext/jaccess.jar
7fc2ca5c2000-7fc2ca5c4000 r--s 00001000 08:12 6819843                    /usr/lib/jvm/java-8-openjdk-amd64/jre/lib/ext/dnsns.jar
7fc2ca5c4000-7fc2ca5c6000 r--s 00008000 08:12 6819838                    /usr/lib/jvm/java-8-openjdk-amd64/jre/lib/ext/sunec.jar
7fc2ca5c6000-7fc2ca5d0000 r--s 00116000 08:12 6819840                    /usr/lib/jvm/java-8-openjdk-amd64/jre/lib/ext/localedata.jar
7fc2ca5d0000-7fc2ca5d3000 r--s 0000f000 08:12 6817999                    /usr/lib/jvm/java-8-openjdk-amd64/jre/lib/ext/icedtea-sound.jar
7fc2ca5d3000-7fc2ca5d4000 r--s 00010000 08:12 6819835                    /usr/lib/jvm/java-8-openjdk-amd64/jre/lib/ext/zipfs.jar
7fc2ca5d4000-7fc2ca5dc000 rw-s 00000000 08:12 4459055                    /tmp/hsperfdata_helio/7118
7fc2ca5dc000-7fc2ca5dd000 rw-p 00000000 00:00 0 
7fc2ca5dd000-7fc2ca5de000 ---p 00000000 00:00 0 
7fc2ca5de000-7fc2ca5e0000 rw-p 00000000 00:00 0 
7fc2ca5e0000-7fc2ca5e1000 r--p 00025000 08:12 524482                     /lib/x86_64-linux-gnu/ld-2.23.so
7fc2ca5e1000-7fc2ca5e2000 rw-p 00026000 08:12 524482                     /lib/x86_64-linux-gnu/ld-2.23.so
7fc2ca5e2000-7fc2ca5e3000 rw-p 00000000 00:00 0 
7ffe8f2b2000-7ffe8f2d3000 rw-p 00000000 00:00 0                          [stack]
7ffe8f323000-7ffe8f325000 r--p 00000000 00:00 0                          [vvar]
7ffe8f325000-7ffe8f327000 r-xp 00000000 00:00 0                          [vdso]
ffffffffff600000-ffffffffff601000 r-xp 00000000 00:00 0                  [vsyscall]

VM Arguments:
java_command: dist/LeaderElectionAdHocNet.jar ./nbproject/configs/Node16.csv
java_class_path (initial): dist/LeaderElectionAdHocNet.jar
Launcher Type: SUN_STANDARD

Environment Variables:
PATH=/usr/local/sbin:/usr/local/bin:/usr/sbin:/usr/bin:/sbin:/bin:/usr/games:/usr/local/games:/snap/bin
SHELL=/bin/bash
DISPLAY=:0

Signal Handlers:
SIGSEGV: [libjvm.so+0xa69040], sa_mask[0]=11111111011111111101111111111110, sa_flags=SA_RESTART|SA_SIGINFO
SIGBUS: [libjvm.so+0xa69040], sa_mask[0]=11111111011111111101111111111110, sa_flags=SA_RESTART|SA_SIGINFO
SIGFPE: [libjvm.so+0x8b2170], sa_mask[0]=11111111011111111101111111111110, sa_flags=SA_RESTART|SA_SIGINFO
SIGPIPE: [libjvm.so+0x8b2170], sa_mask[0]=11111111011111111101111111111110, sa_flags=SA_RESTART|SA_SIGINFO
SIGXFSZ: [libjvm.so+0x8b2170], sa_mask[0]=11111111011111111101111111111110, sa_flags=SA_RESTART|SA_SIGINFO
SIGILL: [libjvm.so+0x8b2170], sa_mask[0]=11111111011111111101111111111110, sa_flags=SA_RESTART|SA_SIGINFO
SIGUSR1: SIG_DFL, sa_mask[0]=00000000000000000000000000000000, sa_flags=none
SIGUSR2: [libjvm.so+0x8b2020], sa_mask[0]=00000000000000000000000000000000, sa_flags=SA_RESTART|SA_SIGINFO
SIGHUP: [libjvm.so+0x8b24f0], sa_mask[0]=11111111011111111101111111111110, sa_flags=SA_RESTART|SA_SIGINFO
SIGINT: [libjvm.so+0x8b24f0], sa_mask[0]=11111111011111111101111111111110, sa_flags=SA_RESTART|SA_SIGINFO
SIGTERM: [libjvm.so+0x8b24f0], sa_mask[0]=11111111011111111101111111111110, sa_flags=SA_RESTART|SA_SIGINFO
SIGQUIT: [libjvm.so+0x8b24f0], sa_mask[0]=11111111011111111101111111111110, sa_flags=SA_RESTART|SA_SIGINFO


---------------  S Y S T E M  ---------------

OS:DISTRIB_ID=Ubuntu
DISTRIB_RELEASE=16.04
DISTRIB_CODENAME=xenial
DISTRIB_DESCRIPTION="Ubuntu 16.04.2 LTS"

uname:Linux 4.4.0-104-generic #127-Ubuntu SMP Mon Dec 11 12:16:42 UTC 2017 x86_64
libc:glibc 2.23 NPTL 2.23 
rlimit: STACK 8192k, CORE 0k, NPROC 31136, NOFILE 65536, AS infinity
load average:31,06 7,81 2,95

/proc/meminfo:
MemTotal:        8011432 kB
MemFree:          553916 kB
MemAvailable:     448904 kB
Buffers:             628 kB
Cached:           770196 kB
SwapCached:            0 kB
Active:          6470356 kB
Inactive:         761068 kB
Active(anon):    6465788 kB
Inactive(anon):   738584 kB
Active(file):       4568 kB
Inactive(file):    22484 kB
Unevictable:         304 kB
Mlocked:             304 kB
SwapTotal:             0 kB
SwapFree:              0 kB
Dirty:               108 kB
Writeback:             0 kB
AnonPages:       6461580 kB
Mapped:           116788 kB
Shmem:            743096 kB
Slab:              89216 kB
SReclaimable:      40996 kB
SUnreclaim:        48220 kB
KernelStack:       16496 kB
PageTables:        51444 kB
NFS_Unstable:          0 kB
Bounce:                0 kB
WritebackTmp:          0 kB
CommitLimit:     4005716 kB
Committed_AS:   14109920 kB
VmallocTotal:   34359738367 kB
VmallocUsed:           0 kB
VmallocChunk:          0 kB
HardwareCorrupted:     0 kB
AnonHugePages:   3129344 kB
CmaTotal:              0 kB
CmaFree:               0 kB
HugePages_Total:       0
HugePages_Free:        0
HugePages_Rsvd:        0
HugePages_Surp:        0
Hugepagesize:       2048 kB
DirectMap4k:      178940 kB
DirectMap2M:     8044544 kB


CPU:total 8 (initial active 8) (4 cores per cpu, 2 threads per core) family 6 model 58 stepping 9, cmov, cx8, fxsr, mmx, sse, sse2, sse3, ssse3, sse4.1, sse4.2, popcnt, avx, aes, clmul, erms, ht, tsc, tscinvbit, tscinv

/proc/cpuinfo:
processor	: 0
vendor_id	: GenuineIntel
cpu family	: 6
model		: 58
model name	: Intel(R) Core(TM) i7-3610QM CPU @ 2.30GHz
stepping	: 9
microcode	: 0x12
cpu MHz		: 1500.121
cache size	: 6144 KB
physical id	: 0
siblings	: 8
core id		: 0
cpu cores	: 4
apicid		: 0
initial apicid	: 0
fpu		: yes
fpu_exception	: yes
cpuid level	: 13
wp		: yes
flags		: fpu vme de pse tsc msr pae mce cx8 apic sep mtrr pge mca cmov pat pse36 clflush dts acpi mmx fxsr sse sse2 ss ht tm pbe syscall nx rdtscp lm constant_tsc arch_perfmon pebs bts rep_good nopl xtopology nonstop_tsc aperfmperf eagerfpu pni pclmulqdq dtes64 monitor ds_cpl vmx est tm2 ssse3 cx16 xtpr pdcm pcid sse4_1 sse4_2 x2apic popcnt tsc_deadline_timer aes xsave avx f16c rdrand lahf_lm epb tpr_shadow vnmi flexpriority ept vpid fsgsbase smep erms xsaveopt dtherm ida arat pln pts
bugs		:
bogomips	: 4589.16
clflush size	: 64
cache_alignment	: 64
address sizes	: 36 bits physical, 48 bits virtual
power management:

processor	: 1
vendor_id	: GenuineIntel
cpu family	: 6
model		: 58
model name	: Intel(R) Core(TM) i7-3610QM CPU @ 2.30GHz
stepping	: 9
microcode	: 0x12
cpu MHz		: 2444.828
cache size	: 6144 KB
physical id	: 0
siblings	: 8
core id		: 0
cpu cores	: 4
apicid		: 1
initial apicid	: 1
fpu		: yes
fpu_exception	: yes
cpuid level	: 13
wp		: yes
flags		: fpu vme de pse tsc msr pae mce cx8 apic sep mtrr pge mca cmov pat pse36 clflush dts acpi mmx fxsr sse sse2 ss ht tm pbe syscall nx rdtscp lm constant_tsc arch_perfmon pebs bts rep_good nopl xtopology nonstop_tsc aperfmperf eagerfpu pni pclmulqdq dtes64 monitor ds_cpl vmx est tm2 ssse3 cx16 xtpr pdcm pcid sse4_1 sse4_2 x2apic popcnt tsc_deadline_timer aes xsave avx f16c rdrand lahf_lm epb tpr_shadow vnmi flexpriority ept vpid fsgsbase smep erms xsaveopt dtherm ida arat pln pts
bugs		:
bogomips	: 4589.16
clflush size	: 64
cache_alignment	: 64
address sizes	: 36 bits physical, 48 bits virtual
power management:

processor	: 2
vendor_id	: GenuineIntel
cpu family	: 6
model		: 58
model name	: Intel(R) Core(TM) i7-3610QM CPU @ 2.30GHz
stepping	: 9
microcode	: 0x12
cpu MHz		: 1675.855
cache size	: 6144 KB
physical id	: 0
siblings	: 8
core id		: 1
cpu cores	: 4
apicid		: 2
initial apicid	: 2
fpu		: yes
fpu_exception	: yes
cpuid level	: 13
wp		: yes
flags		: fpu vme de pse tsc msr pae mce cx8 apic sep mtrr pge mca cmov pat pse36 clflush dts acpi mmx fxsr sse sse2 ss ht tm pbe syscall nx rdtscp lm constant_tsc arch_perfmon pebs bts rep_good nopl xtopology nonstop_tsc aperfmperf eagerfpu pni pclmulqdq dtes64 monitor ds_cpl vmx est tm2 ssse3 cx16 xtpr pdcm pcid sse4_1 sse4_2 x2apic popcnt tsc_deadline_timer aes xsave avx f16c rdrand lahf_lm epb tpr_shadow vnmi flexpriority ept vpid fsgsbase smep erms xsaveopt dtherm ida arat pln pts
bugs		:
bogomips	: 4589.16
clflush size	: 64
cache_alignment	: 64
address sizes	: 36 bits physical, 48 bits virtual
power management:

processor	: 3
vendor_id	: GenuineIntel
cpu family	: 6
model		: 58
model name	: Intel(R) Core(TM) i7-3610QM CPU @ 2.30GHz
stepping	: 9
microcode	: 0x12
cpu MHz		: 3099.968
cache size	: 6144 KB
physical id	: 0
siblings	: 8
core id		: 1
cpu cores	: 4
apicid		: 3
initial apicid	: 3
fpu		: yes
fpu_exception	: yes
cpuid level	: 13
wp		: yes
flags		: fpu vme de pse tsc msr pae mce cx8 apic sep mtrr pge mca cmov pat pse36 clflush dts acpi mmx fxsr sse sse2 ss ht tm pbe syscall nx rdtscp lm constant_tsc arch_perfmon pebs bts rep_good nopl xtopology nonstop_tsc aperfmperf eagerfpu pni pclmulqdq dtes64 monitor ds_cpl vmx est tm2 ssse3 cx16 xtpr pdcm pcid sse4_1 sse4_2 x2apic popcnt tsc_deadline_timer aes xsave avx f16c rdrand lahf_lm epb tpr_shadow vnmi flexpriority ept vpid fsgsbase smep erms xsaveopt dtherm ida arat pln pts
bugs		:
bogomips	: 4589.16
clflush size	: 64
cache_alignment	: 64
address sizes	: 36 bits physical, 48 bits virtual
power management:

processor	: 4
vendor_id	: GenuineIntel
cpu family	: 6
model		: 58
model name	: Intel(R) Core(TM) i7-3610QM CPU @ 2.30GHz
stepping	: 9
microcode	: 0x12
cpu MHz		: 1304.980
cache size	: 6144 KB
physical id	: 0
siblings	: 8
core id		: 2
cpu cores	: 4
apicid		: 4
initial apicid	: 4
fpu		: yes
fpu_exception	: yes
cpuid level	: 13
wp		: yes
flags		: fpu vme de pse tsc msr pae mce cx8 apic sep mtrr pge mca cmov pat pse36 clflush dts acpi mmx fxsr sse sse2 ss ht tm pbe syscall nx rdtscp lm constant_tsc arch_perfmon pebs bts rep_good nopl xtopology nonstop_tsc aperfmperf eagerfpu pni pclmulqdq dtes64 monitor ds_cpl vmx est tm2 ssse3 cx16 xtpr pdcm pcid sse4_1 sse4_2 x2apic popcnt tsc_deadline_timer aes xsave avx f16c rdrand lahf_lm epb tpr_shadow vnmi flexpriority ept vpid fsgsbase smep erms xsaveopt dtherm ida arat pln pts
bugs		:
bogomips	: 4589.16
clflush size	: 64
cache_alignment	: 64
address sizes	: 36 bits physical, 48 bits virtual
power management:

processor	: 5
vendor_id	: GenuineIntel
cpu family	: 6
model		: 58
model name	: Intel(R) Core(TM) i7-3610QM CPU @ 2.30GHz
stepping	: 9
microcode	: 0x12
cpu MHz		: 1243.167
cache size	: 6144 KB
physical id	: 0
siblings	: 8
core id		: 2
cpu cores	: 4
apicid		: 5
initial apicid	: 5
fpu		: yes
fpu_exception	: yes
cpuid level	: 13
wp		: yes
flags		: fpu vme de pse tsc msr pae mce cx8 apic sep mtrr pge mca cmov pat pse36 clflush dts acpi mmx fxsr sse sse2 ss ht tm pbe syscall nx rdtscp lm constant_tsc arch_perfmon pebs bts rep_good nopl xtopology nonstop_tsc aperfmperf eagerfpu pni pclmulqdq dtes64 monitor ds_cpl vmx est tm2 ssse3 cx16 xtpr pdcm pcid sse4_1 sse4_2 x2apic popcnt tsc_deadline_timer aes xsave avx f16c rdrand lahf_lm epb tpr_shadow vnmi flexpriority ept vpid fsgsbase smep erms xsaveopt dtherm ida arat pln pts
bugs		:
bogomips	: 4589.16
clflush size	: 64
cache_alignment	: 64
address sizes	: 36 bits physical, 48 bits virtual
power management:

processor	: 6
vendor_id	: GenuineIntel
cpu family	: 6
model		: 58
model name	: Intel(R) Core(TM) i7-3610QM CPU @ 2.30GHz
stepping	: 9
microcode	: 0x12
cpu MHz		: 1295.007
cache size	: 6144 KB
physical id	: 0
siblings	: 8
core id		: 3
cpu cores	: 4
apicid		: 6
initial apicid	: 6
fpu		: yes
fpu_exception	: yes
cpuid level	: 13
wp		: yes
flags		: fpu vme de pse tsc msr pae mce cx8 apic sep mtrr pge mca cmov pat pse36 clflush dts acpi mmx fxsr sse sse2 ss ht tm pbe syscall nx rdtscp lm constant_tsc arch_perfmon pebs bts rep_good nopl xtopology nonstop_tsc aperfmperf eagerfpu pni pclmulqdq dtes64 monitor ds_cpl vmx est tm2 ssse3 cx16 xtpr pdcm pcid sse4_1 sse4_2 x2apic popcnt tsc_deadline_timer aes xsave avx f16c rdrand lahf_lm epb tpr_shadow vnmi flexpriority ept vpid fsgsbase smep erms xsaveopt dtherm ida arat pln pts
bugs		:
bogomips	: 4589.16
clflush size	: 64
cache_alignment	: 64
address sizes	: 36 bits physical, 48 bits virtual
power management:

processor	: 7
vendor_id	: GenuineIntel
cpu family	: 6
model		: 58
model name	: Intel(R) Core(TM) i7-3610QM CPU @ 2.30GHz
stepping	: 9
microcode	: 0x12
cpu MHz		: 1255.027
cache size	: 6144 KB
physical id	: 0
siblings	: 8
core id		: 3
cpu cores	: 4
apicid		: 7
initial apicid	: 7
fpu		: yes
fpu_exception	: yes
cpuid level	: 13
wp		: yes
flags		: fpu vme de pse tsc msr pae mce cx8 apic sep mtrr pge mca cmov pat pse36 clflush dts acpi mmx fxsr sse sse2 ss ht tm pbe syscall nx rdtscp lm constant_tsc arch_perfmon pebs bts rep_good nopl xtopology nonstop_tsc aperfmperf eagerfpu pni pclmulqdq dtes64 monitor ds_cpl vmx est tm2 ssse3 cx16 xtpr pdcm pcid sse4_1 sse4_2 x2apic popcnt tsc_deadline_timer aes xsave avx f16c rdrand lahf_lm epb tpr_shadow vnmi flexpriority ept vpid fsgsbase smep erms xsaveopt dtherm ida arat pln pts
bugs		:
bogomips	: 4589.16
clflush size	: 64
cache_alignment	: 64
address sizes	: 36 bits physical, 48 bits virtual
power management:



Memory: 4k page, physical 8011432k(553916k free), swap 0k(0k free)

vm_info: OpenJDK 64-Bit Server VM (25.151-b12) for linux-amd64 JRE (1.8.0_151-8u151-b12-0ubuntu0.16.04.2-b12), built on Oct 27 2017 21:59:02 by "buildd" with gcc 5.4.0 20160609

time: Tue Jan  9 23:42:35 2018
elapsed time: 35 seconds (0d 0h 0m 35s)

