#
# There is insufficient memory for the Java Runtime Environment to continue.
# Native memory allocation (mmap) failed to map 260046848 bytes for committing reserved memory.
# Possible reasons:
#   The system is out of physical RAM or swap space
#   In 32 bit mode, the process size limit was hit
# Possible solutions:
#   Reduce memory load on the system
#   Increase physical memory or swap space
#   Check if swap backing store is full
#   Use 64 bit Java on a 64 bit OS
#   Decrease Java heap size (-Xmx/-Xms)
#   Decrease number of Java threads
#   Decrease Java thread stack sizes (-Xss)
#   Set larger code cache with -XX:ReservedCodeCacheSize=
# This output file may be truncated or incomplete.
#
#  Out of Memory Error (os_linux.cpp:2643), pid=7106, tid=0x00007f2abaaea700
#
# JRE version: OpenJDK Runtime Environment (8.0_151-b12) (build 1.8.0_151-8u151-b12-0ubuntu0.16.04.2-b12)
# Java VM: OpenJDK 64-Bit Server VM (25.151-b12 mixed mode linux-amd64 compressed oops)
# Failed to write core dump. Core dumps have been disabled. To enable core dumping, try "ulimit -c unlimited" before starting Java again
#

---------------  T H R E A D  ---------------

Current thread (0x00007f2af01c6800):  VMThread [stack: 0x00007f2aba9ea000,0x00007f2abaaeb000] [id=7266]

Stack: [0x00007f2aba9ea000,0x00007f2abaaeb000],  sp=0x00007f2abaae94c0,  free space=1021k
Native frames: (J=compiled Java code, j=interpreted, Vv=VM code, C=native code)
V  [libjvm.so+0xa684eb]
V  [libjvm.so+0x4c579c]
V  [libjvm.so+0x8b6b50]
V  [libjvm.so+0x8b0fce]
V  [libjvm.so+0x92b806]
V  [libjvm.so+0x92cb33]
V  [libjvm.so+0x9291fb]
V  [libjvm.so+0x9294ac]
V  [libjvm.so+0x8db3c3]
V  [libjvm.so+0xa6a192]
V  [libjvm.so+0xa6f277]
V  [libjvm.so+0xa6ca47]
V  [libjvm.so+0xa6decf]
V  [libjvm.so+0xa6e3c1]
V  [libjvm.so+0x8b4032]

VM_Operation (0x00007f2ab90e4600): ParallelGCFailedAllocation, mode: safepoint, requested by thread 0x00007f2af0291800


---------------  P R O C E S S  ---------------

Java Threads: ( => current thread )
  0x00007f2af0291800 JavaThread "Thread-6" [_thread_blocked, id=7529, stack(0x00007f2ab8fe5000,0x00007f2ab90e6000)]
  0x00007f2af0290000 JavaThread "Thread-4" [_thread_blocked, id=7528, stack(0x00007f2ab90e6000,0x00007f2ab91e7000)]
  0x00007f2af028e800 JavaThread "Thread-2" [_thread_blocked, id=7527, stack(0x00007f2ab91e7000,0x00007f2ab92e8000)]
  0x00007f2af028c000 JavaThread "Thread-0" [_thread_in_native, id=7447, stack(0x00007f2ab92e8000,0x00007f2ab93e9000)]
  0x00007f2af028b000 JavaThread "Thread-8" [_thread_blocked, id=7445, stack(0x00007f2ab93e9000,0x00007f2ab94ea000)]
  0x00007f2af0287000 JavaThread "Thread-7" daemon [_thread_in_native, id=7443, stack(0x00007f2ab94ea000,0x00007f2ab95eb000)]
  0x00007f2af0285000 JavaThread "Timer-2" [_thread_blocked, id=7442, stack(0x00007f2ab95eb000,0x00007f2ab96ec000)]
  0x00007f2af0282800 JavaThread "Timer-1" [_thread_blocked, id=7423, stack(0x00007f2ab96ec000,0x00007f2ab97ed000)]
  0x00007f2af0280000 JavaThread "Timer-0" [_thread_blocked, id=7416, stack(0x00007f2ab97ed000,0x00007f2ab98ee000)]
  0x00007f2af020a000 JavaThread "Service Thread" daemon [_thread_blocked, id=7321, stack(0x00007f2ab9f08000,0x00007f2aba009000)]
  0x00007f2af0205800 JavaThread "C1 CompilerThread3" daemon [_thread_blocked, id=7318, stack(0x00007f2aba009000,0x00007f2aba10a000)]
  0x00007f2af0201000 JavaThread "C2 CompilerThread2" daemon [_thread_blocked, id=7317, stack(0x00007f2aba10a000,0x00007f2aba20b000)]
  0x00007f2af01ff800 JavaThread "C2 CompilerThread1" daemon [_thread_blocked, id=7316, stack(0x00007f2aba20b000,0x00007f2aba30c000)]
  0x00007f2af01fc800 JavaThread "C2 CompilerThread0" daemon [_thread_blocked, id=7307, stack(0x00007f2aba30c000,0x00007f2aba40d000)]
  0x00007f2af01fa800 JavaThread "Signal Dispatcher" daemon [_thread_blocked, id=7304, stack(0x00007f2aba40d000,0x00007f2aba50e000)]
  0x00007f2af01d2800 JavaThread "Finalizer" daemon [_thread_blocked, id=7271, stack(0x00007f2aba7e8000,0x00007f2aba8e9000)]
  0x00007f2af01ce000 JavaThread "Reference Handler" daemon [_thread_blocked, id=7268, stack(0x00007f2aba8e9000,0x00007f2aba9ea000)]
  0x00007f2af000a000 JavaThread "main" [_thread_blocked, id=7122, stack(0x00007f2af8aac000,0x00007f2af8bad000)]

Other Threads:
=>0x00007f2af01c6800 VMThread [stack: 0x00007f2aba9ea000,0x00007f2abaaeb000] [id=7266]
  0x00007f2af020c800 WatcherThread [stack: 0x00007f2ab9e07000,0x00007f2ab9f08000] [id=7322]

VM state:at safepoint (normal execution)

VM Mutex/Monitor currently owned by a thread:  ([mutex/lock_event])
[0x00007f2af00060b0] Threads_lock - owner thread: 0x00007f2af01c6800
[0x00007f2af00065b0] Heap_lock - owner thread: 0x00007f2af0291800

Heap:
 PSYoungGen      total 254976K, used 192K [0x00000000d7400000, 0x00000000e6e00000, 0x0000000100000000)
  eden space 253952K, 0% used [0x00000000d7400000,0x00000000d7400000,0x00000000e6c00000)
  from space 1024K, 18% used [0x00000000e6c00000,0x00000000e6c30000,0x00000000e6d00000)
  to   space 1024K, 0% used [0x00000000e6d00000,0x00000000e6d00000,0x00000000e6e00000)
 ParOldGen       total 84992K, used 500K [0x0000000085c00000, 0x000000008af00000, 0x00000000d7400000)
  object space 84992K, 0% used [0x0000000085c00000,0x0000000085c7d080,0x000000008af00000)
 Metaspace       used 4291K, capacity 4850K, committed 4992K, reserved 1056768K
  class space    used 469K, capacity 535K, committed 640K, reserved 1048576K

Card table byte_map: [0x00007f2af4d98000,0x00007f2af516b000] byte_map_base: 0x00007f2af496a000

Marking Bits: (ParMarkBitMap*) 0x00007f2af7d7e2c0
 Begin Bits: [0x00007f2ac02e0000, 0x00007f2ac2170000)
 End Bits:   [0x00007f2ac2170000, 0x00007f2ac4000000)

Polling page: 0x00007f2af8bd1000

CodeCache: size=245760Kb used=1688Kb max_used=1688Kb free=244071Kb
 bounds [0x00007f2ae1000000, 0x00007f2ae1270000, 0x00007f2af0000000]
 total_blobs=511 nmethods=251 adapters=175
 compilation: enabled

Compilation events (10 events):
Event: 3,236 Thread 0x00007f2af0205800  248       3       jdk.internal.org.objectweb.asm.ByteVector::<init> (13 bytes)
Event: 3,236 Thread 0x00007f2af0205800 nmethod 248 0x00007f2ae11a4850 code [0x00007f2ae11a49c0, 0x00007f2ae11a4c10]
Event: 3,236 Thread 0x00007f2af0205800  247       3       jdk.internal.org.objectweb.asm.Frame::pop (45 bytes)
Event: 3,236 Thread 0x00007f2af0205800 nmethod 247 0x00007f2ae11a4cd0 code [0x00007f2ae11a4e40, 0x00007f2ae11a5010]
Event: 3,236 Thread 0x00007f2af0205800  243  s    3       java.lang.StringBuffer::toString (36 bytes)
Event: 3,236 Thread 0x00007f2af0205800 nmethod 243 0x00007f2ae11a50d0 code [0x00007f2ae11a5260, 0x00007f2ae11a56e8]
Event: 4,656 Thread 0x00007f2af0205800  252       1       LeaderElectionAdHocNet.MainNode::getId (5 bytes)
Event: 4,656 Thread 0x00007f2af0205800 nmethod 252 0x00007f2ae11a5f50 code [0x00007f2ae11a60a0, 0x00007f2ae11a61b0]
Event: 4,656 Thread 0x00007f2af0205800  253       1       LeaderElectionAdHocNet.MainNode::getLid (5 bytes)
Event: 4,656 Thread 0x00007f2af0205800 nmethod 253 0x00007f2ae11a6210 code [0x00007f2ae11a6360, 0x00007f2ae11a6470]

GC Heap History (10 events):
Event: 2,398 GC heap after
Heap after GC invocations=2 (full 0):
 PSYoungGen      total 68608K, used 528K [0x00000000d7400000, 0x00000000dbc00000, 0x0000000100000000)
  eden space 63488K, 0% used [0x00000000d7400000,0x00000000d7400000,0x00000000db200000)
  from space 5120K, 10% used [0x00000000db700000,0x00000000db784030,0x00000000dbc00000)
  to   space 5120K, 0% used [0x00000000db200000,0x00000000db200000,0x00000000db700000)
 ParOldGen       total 84992K, used 0K [0x0000000085c00000, 0x000000008af00000, 0x00000000d7400000)
  object space 84992K, 0% used [0x0000000085c00000,0x0000000085c00000,0x000000008af00000)
 Metaspace       used 3887K, capacity 4738K, committed 4864K, reserved 1056768K
  class space    used 414K, capacity 481K, committed 512K, reserved 1048576K
}
Event: 3,033 GC heap before
{Heap before GC invocations=3 (full 0):
 PSYoungGen      total 68608K, used 64016K [0x00000000d7400000, 0x00000000dbc00000, 0x0000000100000000)
  eden space 63488K, 100% used [0x00000000d7400000,0x00000000db200000,0x00000000db200000)
  from space 5120K, 10% used [0x00000000db700000,0x00000000db784030,0x00000000dbc00000)
  to   space 5120K, 0% used [0x00000000db200000,0x00000000db200000,0x00000000db700000)
 ParOldGen       total 84992K, used 0K [0x0000000085c00000, 0x000000008af00000, 0x00000000d7400000)
  object space 84992K, 0% used [0x0000000085c00000,0x0000000085c00000,0x000000008af00000)
 Metaspace       used 4177K, capacity 4836K, committed 4992K, reserved 1056768K
  class space    used 456K, capacity 530K, committed 640K, reserved 1048576K
Event: 3,133 GC heap after
Heap after GC invocations=3 (full 0):
 PSYoungGen      total 68608K, used 592K [0x00000000d7400000, 0x00000000dfa00000, 0x0000000100000000)
  eden space 63488K, 0% used [0x00000000d7400000,0x00000000d7400000,0x00000000db200000)
  from space 5120K, 11% used [0x00000000db200000,0x00000000db294010,0x00000000db700000)
  to   space 5120K, 0% used [0x00000000df500000,0x00000000df500000,0x00000000dfa00000)
 ParOldGen       total 84992K, used 0K [0x0000000085c00000, 0x000000008af00000, 0x00000000d7400000)
  object space 84992K, 0% used [0x0000000085c00000,0x0000000085c00000,0x000000008af00000)
 Metaspace       used 4177K, capacity 4836K, committed 4992K, reserved 1056768K
  class space    used 456K, capacity 530K, committed 640K, reserved 1048576K
}
Event: 3,438 GC heap before
{Heap before GC invocations=4 (full 0):
 PSYoungGen      total 68608K, used 64080K [0x00000000d7400000, 0x00000000dfa00000, 0x0000000100000000)
  eden space 63488K, 100% used [0x00000000d7400000,0x00000000db200000,0x00000000db200000)
  from space 5120K, 11% used [0x00000000db200000,0x00000000db294010,0x00000000db700000)
  to   space 5120K, 0% used [0x00000000df500000,0x00000000df500000,0x00000000dfa00000)
 ParOldGen       total 84992K, used 0K [0x0000000085c00000, 0x000000008af00000, 0x00000000d7400000)
  object space 84992K, 0% used [0x0000000085c00000,0x0000000085c00000,0x000000008af00000)
 Metaspace       used 4291K, capacity 4850K, committed 4992K, reserved 1056768K
  class space    used 469K, capacity 535K, committed 640K, reserved 1048576K
Event: 3,473 GC heap after
Heap after GC invocations=4 (full 0):
 PSYoungGen      total 132096K, used 592K [0x00000000d7400000, 0x00000000dfa00000, 0x0000000100000000)
  eden space 126976K, 0% used [0x00000000d7400000,0x00000000d7400000,0x00000000df000000)
  from space 5120K, 11% used [0x00000000df500000,0x00000000df594010,0x00000000dfa00000)
  to   space 5120K, 0% used [0x00000000df000000,0x00000000df000000,0x00000000df500000)
 ParOldGen       total 84992K, used 0K [0x0000000085c00000, 0x000000008af00000, 0x00000000d7400000)
  object space 84992K, 0% used [0x0000000085c00000,0x0000000085c00000,0x000000008af00000)
 Metaspace       used 4291K, capacity 4850K, committed 4992K, reserved 1056768K
  class space    used 469K, capacity 535K, committed 640K, reserved 1048576K
}
Event: 4,276 GC heap before
{Heap before GC invocations=5 (full 0):
 PSYoungGen      total 132096K, used 127568K [0x00000000d7400000, 0x00000000dfa00000, 0x0000000100000000)
  eden space 126976K, 100% used [0x00000000d7400000,0x00000000df000000,0x00000000df000000)
  from space 5120K, 11% used [0x00000000df500000,0x00000000df594010,0x00000000dfa00000)
  to   space 5120K, 0% used [0x00000000df000000,0x00000000df000000,0x00000000df500000)
 ParOldGen       total 84992K, used 0K [0x0000000085c00000, 0x000000008af00000, 0x00000000d7400000)
  object space 84992K, 0% used [0x0000000085c00000,0x0000000085c00000,0x000000008af00000)
 Metaspace       used 4291K, capacity 4850K, committed 4992K, reserved 1056768K
  class space    used 469K, capacity 535K, committed 640K, reserved 1048576K
Event: 4,281 GC heap after
Heap after GC invocations=5 (full 0):
 PSYoungGen      total 132096K, used 592K [0x00000000d7400000, 0x00000000e6e00000, 0x0000000100000000)
  eden space 126976K, 0% used [0x00000000d7400000,0x00000000d7400000,0x00000000df000000)
  from space 5120K, 11% used [0x00000000df000000,0x00000000df094010,0x00000000df500000)
  to   space 1024K, 0% used [0x00000000e6d00000,0x00000000e6d00000,0x00000000e6e00000)
 ParOldGen       total 84992K, used 0K [0x0000000085c00000, 0x000000008af00000, 0x00000000d7400000)
  object space 84992K, 0% used [0x0000000085c00000,0x0000000085c00000,0x000000008af00000)
 Metaspace       used 4291K, capacity 4850K, committed 4992K, reserved 1056768K
  class space    used 469K, capacity 535K, committed 640K, reserved 1048576K
}
Event: 4,565 GC heap before
{Heap before GC invocations=6 (full 0):
 PSYoungGen      total 132096K, used 127568K [0x00000000d7400000, 0x00000000e6e00000, 0x0000000100000000)
  eden space 126976K, 100% used [0x00000000d7400000,0x00000000df000000,0x00000000df000000)
  from space 5120K, 11% used [0x00000000df000000,0x00000000df094010,0x00000000df500000)
  to   space 1024K, 0% used [0x00000000e6d00000,0x00000000e6d00000,0x00000000e6e00000)
 ParOldGen       total 84992K, used 0K [0x0000000085c00000, 0x000000008af00000, 0x00000000d7400000)
  object space 84992K, 0% used [0x0000000085c00000,0x0000000085c00000,0x000000008af00000)
 Metaspace       used 4291K, capacity 4850K, committed 4992K, reserved 1056768K
  class space    used 469K, capacity 535K, committed 640K, reserved 1048576K
Event: 4,584 GC heap after
Heap after GC invocations=6 (full 0):
 PSYoungGen      total 254976K, used 592K [0x00000000d7400000, 0x00000000e6e00000, 0x0000000100000000)
  eden space 253952K, 0% used [0x00000000d7400000,0x00000000d7400000,0x00000000e6c00000)
  from space 1024K, 57% used [0x00000000e6d00000,0x00000000e6d94010,0x00000000e6e00000)
  to   space 1024K, 0% used [0x00000000e6c00000,0x00000000e6c00000,0x00000000e6d00000)
 ParOldGen       total 84992K, used 0K [0x0000000085c00000, 0x000000008af00000, 0x00000000d7400000)
  object space 84992K, 0% used [0x0000000085c00000,0x0000000085c00000,0x000000008af00000)
 Metaspace       used 4291K, capacity 4850K, committed 4992K, reserved 1056768K
  class space    used 469K, capacity 535K, committed 640K, reserved 1048576K
}
Event: 9,736 GC heap before
{Heap before GC invocations=7 (full 0):
 PSYoungGen      total 254976K, used 254544K [0x00000000d7400000, 0x00000000e6e00000, 0x0000000100000000)
  eden space 253952K, 100% used [0x00000000d7400000,0x00000000e6c00000,0x00000000e6c00000)
  from space 1024K, 57% used [0x00000000e6d00000,0x00000000e6d94010,0x00000000e6e00000)
  to   space 1024K, 0% used [0x00000000e6c00000,0x00000000e6c00000,0x00000000e6d00000)
 ParOldGen       total 84992K, used 0K [0x0000000085c00000, 0x000000008af00000, 0x00000000d7400000)
  object space 84992K, 0% used [0x0000000085c00000,0x0000000085c00000,0x000000008af00000)
 Metaspace       used 4291K, capacity 4850K, committed 4992K, reserved 1056768K
  class space    used 469K, capacity 535K, committed 640K, reserved 1048576K

Deoptimization events (3 events):
Event: 1,325 Thread 0x00007f2af028b000 Uncommon trap: reason=unstable_if action=reinterpret pc=0x00007f2ae1125dc8 method=LeaderElectionAdHocNet.ThreadPerformance.run()V @ 14
Event: 1,933 Thread 0x00007f2af000a000 Uncommon trap: reason=unstable_if action=reinterpret pc=0x00007f2ae11297b4 method=java.util.HashMap.isEmpty()Z @ 4
Event: 1,957 Thread 0x00007f2af028b000 Uncommon trap: reason=unstable_if action=reinterpret pc=0x00007f2ae1124150 method=LeaderElectionAdHocNet.ThreadPerformance.run()V @ 38

Internal exceptions (4 events):
Event: 0,061 Thread 0x00007f2af000a000 Exception <a 'java/lang/NoSuchMethodError': Method sun.misc.Unsafe.defineClass(Ljava/lang/String;[BII)Ljava/lang/Class; name or signature does not match> (0x00000000d7407ca8) thrown at [/build/openjdk-8-W2Qe27/openjdk-8-8u151-b12/src/hotspot/src/share/vm/
Event: 0,062 Thread 0x00007f2af000a000 Exception <a 'java/lang/NoSuchMethodError': Method sun.misc.Unsafe.prefetchRead(Ljava/lang/Object;J)V name or signature does not match> (0x00000000d7407f90) thrown at [/build/openjdk-8-W2Qe27/openjdk-8-8u151-b12/src/hotspot/src/share/vm/prims/jni.cpp, lin
Event: 2,894 Thread 0x00007f2af0290000 Exception <a 'java/lang/NoSuchFieldError': method resolution failed> (0x00000000d9c97fb8) thrown at [/build/openjdk-8-W2Qe27/openjdk-8-8u151-b12/src/hotspot/src/share/vm/prims/methodHandles.cpp, line 1146]
Event: 2,906 Thread 0x00007f2af0290000 Exception <a 'java/lang/NoSuchFieldError': method resolution failed> (0x00000000d9ca5358) thrown at [/build/openjdk-8-W2Qe27/openjdk-8-8u151-b12/src/hotspot/src/share/vm/prims/methodHandles.cpp, line 1146]

Events (10 events):
Event: 3,473 Executing VM operation: ParallelGCFailedAllocation done
Event: 4,198 Executing VM operation: EnableBiasedLocking
Event: 4,238 Executing VM operation: EnableBiasedLocking done
Event: 4,259 Executing VM operation: ParallelGCFailedAllocation
Event: 4,281 Executing VM operation: ParallelGCFailedAllocation done
Event: 4,429 Executing VM operation: RevokeBias
Event: 4,457 Executing VM operation: RevokeBias done
Event: 4,557 Executing VM operation: ParallelGCFailedAllocation
Event: 4,584 Executing VM operation: ParallelGCFailedAllocation done
Event: 7,933 Executing VM operation: ParallelGCFailedAllocation


Dynamic libraries:
00400000-00401000 r-xp 00000000 08:12 6694585                            /usr/lib/jvm/java-8-openjdk-amd64/jre/bin/java
00600000-00601000 r--p 00000000 08:12 6694585                            /usr/lib/jvm/java-8-openjdk-amd64/jre/bin/java
00601000-00602000 rw-p 00001000 08:12 6694585                            /usr/lib/jvm/java-8-openjdk-amd64/jre/bin/java
008c5000-008e6000 rw-p 00000000 00:00 0                                  [heap]
85c00000-8af00000 rw-p 00000000 00:00 0 
8af00000-d7400000 ---p 00000000 00:00 0 
d7400000-e6e00000 rw-p 00000000 00:00 0 
f6600000-100000000 ---p 00000000 00:00 0 
100000000-1000a0000 rw-p 00000000 00:00 0 
1000a0000-140000000 ---p 00000000 00:00 0 
7f2a6c000000-7f2a6c054000 rw-p 00000000 00:00 0 
7f2a6c054000-7f2a70000000 ---p 00000000 00:00 0 
7f2a70000000-7f2a70021000 rw-p 00000000 00:00 0 
7f2a70021000-7f2a74000000 ---p 00000000 00:00 0 
7f2a74000000-7f2a74021000 rw-p 00000000 00:00 0 
7f2a74021000-7f2a78000000 ---p 00000000 00:00 0 
7f2a78000000-7f2a78021000 rw-p 00000000 00:00 0 
7f2a78021000-7f2a7c000000 ---p 00000000 00:00 0 
7f2a7c000000-7f2a7c021000 rw-p 00000000 00:00 0 
7f2a7c021000-7f2a80000000 ---p 00000000 00:00 0 
7f2a80000000-7f2a80021000 rw-p 00000000 00:00 0 
7f2a80021000-7f2a84000000 ---p 00000000 00:00 0 
7f2a84000000-7f2a84021000 rw-p 00000000 00:00 0 
7f2a84021000-7f2a88000000 ---p 00000000 00:00 0 
7f2a88000000-7f2a88021000 rw-p 00000000 00:00 0 
7f2a88021000-7f2a8c000000 ---p 00000000 00:00 0 
7f2a8c000000-7f2a8c021000 rw-p 00000000 00:00 0 
7f2a8c021000-7f2a90000000 ---p 00000000 00:00 0 
7f2a90000000-7f2a90021000 rw-p 00000000 00:00 0 
7f2a90021000-7f2a94000000 ---p 00000000 00:00 0 
7f2a94000000-7f2a9431b000 rw-p 00000000 00:00 0 
7f2a9431b000-7f2a98000000 ---p 00000000 00:00 0 
7f2a98000000-7f2a98021000 rw-p 00000000 00:00 0 
7f2a98021000-7f2a9c000000 ---p 00000000 00:00 0 
7f2a9c000000-7f2a9c40b000 rw-p 00000000 00:00 0 
7f2a9c40b000-7f2aa0000000 ---p 00000000 00:00 0 
7f2aa0000000-7f2aa024a000 rw-p 00000000 00:00 0 
7f2aa024a000-7f2aa4000000 ---p 00000000 00:00 0 
7f2aa4000000-7f2aa4021000 rw-p 00000000 00:00 0 
7f2aa4021000-7f2aa8000000 ---p 00000000 00:00 0 
7f2aa8000000-7f2aa82bd000 rw-p 00000000 00:00 0 
7f2aa82bd000-7f2aac000000 ---p 00000000 00:00 0 
7f2aac000000-7f2aac021000 rw-p 00000000 00:00 0 
7f2aac021000-7f2ab0000000 ---p 00000000 00:00 0 
7f2ab0000000-7f2ab0021000 rw-p 00000000 00:00 0 
7f2ab0021000-7f2ab4000000 ---p 00000000 00:00 0 
7f2ab4000000-7f2ab4021000 rw-p 00000000 00:00 0 
7f2ab4021000-7f2ab8000000 ---p 00000000 00:00 0 
7f2ab8fe5000-7f2ab8fe8000 ---p 00000000 00:00 0 
7f2ab8fe8000-7f2ab90e6000 rw-p 00000000 00:00 0 
7f2ab90e6000-7f2ab90e9000 ---p 00000000 00:00 0 
7f2ab90e9000-7f2ab91e7000 rw-p 00000000 00:00 0 
7f2ab91e7000-7f2ab91ea000 ---p 00000000 00:00 0 
7f2ab91ea000-7f2ab92e8000 rw-p 00000000 00:00 0 
7f2ab92e8000-7f2ab92eb000 ---p 00000000 00:00 0 
7f2ab92eb000-7f2ab93e9000 rw-p 00000000 00:00 0 
7f2ab93e9000-7f2ab93ec000 ---p 00000000 00:00 0 
7f2ab93ec000-7f2ab94ea000 rw-p 00000000 00:00 0 
7f2ab94ea000-7f2ab94ed000 ---p 00000000 00:00 0 
7f2ab94ed000-7f2ab95eb000 rw-p 00000000 00:00 0 
7f2ab95eb000-7f2ab95ee000 ---p 00000000 00:00 0 
7f2ab95ee000-7f2ab96ec000 rw-p 00000000 00:00 0 
7f2ab96ec000-7f2ab96ef000 ---p 00000000 00:00 0 
7f2ab96ef000-7f2ab97ed000 rw-p 00000000 00:00 0 
7f2ab97ed000-7f2ab97f0000 ---p 00000000 00:00 0 
7f2ab97f0000-7f2ab9bef000 rw-p 00000000 00:00 0 
7f2ab9bef000-7f2ab9c06000 r-xp 00000000 08:12 6694551                    /usr/lib/jvm/java-8-openjdk-amd64/jre/lib/amd64/libnet.so
7f2ab9c06000-7f2ab9e05000 ---p 00017000 08:12 6694551                    /usr/lib/jvm/java-8-openjdk-amd64/jre/lib/amd64/libnet.so
7f2ab9e05000-7f2ab9e06000 r--p 00016000 08:12 6694551                    /usr/lib/jvm/java-8-openjdk-amd64/jre/lib/amd64/libnet.so
7f2ab9e06000-7f2ab9e07000 rw-p 00017000 08:12 6694551                    /usr/lib/jvm/java-8-openjdk-amd64/jre/lib/amd64/libnet.so
7f2ab9e07000-7f2ab9e08000 ---p 00000000 00:00 0 
7f2ab9e08000-7f2ab9f08000 rw-p 00000000 00:00 0 
7f2ab9f08000-7f2ab9f0b000 ---p 00000000 00:00 0 
7f2ab9f0b000-7f2aba009000 rw-p 00000000 00:00 0 
7f2aba009000-7f2aba00c000 ---p 00000000 00:00 0 
7f2aba00c000-7f2aba10a000 rw-p 00000000 00:00 0 
7f2aba10a000-7f2aba10d000 ---p 00000000 00:00 0 
7f2aba10d000-7f2aba20b000 rw-p 00000000 00:00 0 
7f2aba20b000-7f2aba20e000 ---p 00000000 00:00 0 
7f2aba20e000-7f2aba30c000 rw-p 00000000 00:00 0 
7f2aba30c000-7f2aba30f000 ---p 00000000 00:00 0 
7f2aba30f000-7f2aba40d000 rw-p 00000000 00:00 0 
7f2aba40d000-7f2aba410000 ---p 00000000 00:00 0 
7f2aba410000-7f2aba50e000 rw-p 00000000 00:00 0 
7f2aba50e000-7f2aba7e8000 r--p 00000000 08:12 6427629                    /usr/lib/locale/locale-archive
7f2aba7e8000-7f2aba7eb000 ---p 00000000 00:00 0 
7f2aba7eb000-7f2aba8e9000 rw-p 00000000 00:00 0 
7f2aba8e9000-7f2aba8ec000 ---p 00000000 00:00 0 
7f2aba8ec000-7f2aba9ea000 rw-p 00000000 00:00 0 
7f2aba9ea000-7f2aba9eb000 ---p 00000000 00:00 0 
7f2aba9eb000-7f2abc000000 rw-p 00000000 00:00 0 
7f2abc000000-7f2abc021000 rw-p 00000000 00:00 0 
7f2abc021000-7f2ac0000000 ---p 00000000 00:00 0 
7f2ac00de000-7f2ac4000000 rw-p 00000000 00:00 0 
7f2ac4000000-7f2ac4021000 rw-p 00000000 00:00 0 
7f2ac4021000-7f2ac8000000 ---p 00000000 00:00 0 
7f2ac8000000-7f2ac8021000 rw-p 00000000 00:00 0 
7f2ac8021000-7f2acc000000 ---p 00000000 00:00 0 
7f2acc000000-7f2acc021000 rw-p 00000000 00:00 0 
7f2acc021000-7f2ad0000000 ---p 00000000 00:00 0 
7f2ad0000000-7f2ad0021000 rw-p 00000000 00:00 0 
7f2ad0021000-7f2ad4000000 ---p 00000000 00:00 0 
7f2ad4000000-7f2ad4021000 rw-p 00000000 00:00 0 
7f2ad4021000-7f2ad8000000 ---p 00000000 00:00 0 
7f2ad8000000-7f2ad8021000 rw-p 00000000 00:00 0 
7f2ad8021000-7f2adc000000 ---p 00000000 00:00 0 
7f2adc000000-7f2adc021000 rw-p 00000000 00:00 0 
7f2adc021000-7f2ae0000000 ---p 00000000 00:00 0 
7f2ae002a000-7f2ae086e000 rw-p 00000000 00:00 0 
7f2ae086e000-7f2ae0c2e000 ---p 00000000 00:00 0 
7f2ae0c2e000-7f2ae1000000 rw-p 00000000 00:00 0 
7f2ae1000000-7f2ae1270000 rwxp 00000000 00:00 0 
7f2ae1270000-7f2af0000000 ---p 00000000 00:00 0 
7f2af0000000-7f2af0297000 rw-p 00000000 00:00 0 
7f2af0297000-7f2af4000000 ---p 00000000 00:00 0 
7f2af4063000-7f2af406a000 r--s 00000000 08:12 6694033                    /usr/lib/x86_64-linux-gnu/gconv/gconv-modules.cache
7f2af406a000-7f2af4083000 r--p 00000000 08:12 7864371                    /usr/share/locale-langpack/pt/LC_MESSAGES/libc.mo
7f2af4083000-7f2af4089000 r--s 0003a000 08:12 6819837                    /usr/lib/jvm/java-8-openjdk-amd64/jre/lib/ext/sunjce_provider.jar
7f2af4089000-7f2af40a4000 r--s 001d6000 08:12 6819836                    /usr/lib/jvm/java-8-openjdk-amd64/jre/lib/ext/nashorn.jar
7f2af40a4000-7f2af40bf000 r--s 00394000 08:12 6819834                    /usr/lib/jvm/java-8-openjdk-amd64/jre/lib/ext/cldrdata.jar
7f2af40bf000-7f2af428e000 r--s 03c21000 08:12 6694521                    /usr/lib/jvm/java-8-openjdk-amd64/jre/lib/rt.jar
7f2af428e000-7f2af4304000 rw-p 00000000 00:00 0 
7f2af4304000-7f2af4305000 ---p 00000000 00:00 0 
7f2af4305000-7f2af4405000 rw-p 00000000 00:00 0 
7f2af4405000-7f2af4406000 ---p 00000000 00:00 0 
7f2af4406000-7f2af4506000 rw-p 00000000 00:00 0 
7f2af4506000-7f2af4507000 ---p 00000000 00:00 0 
7f2af4507000-7f2af4607000 rw-p 00000000 00:00 0 
7f2af4607000-7f2af4608000 ---p 00000000 00:00 0 
7f2af4608000-7f2af4708000 rw-p 00000000 00:00 0 
7f2af4708000-7f2af4709000 ---p 00000000 00:00 0 
7f2af4709000-7f2af4809000 rw-p 00000000 00:00 0 
7f2af4809000-7f2af480a000 ---p 00000000 00:00 0 
7f2af480a000-7f2af490a000 rw-p 00000000 00:00 0 
7f2af490a000-7f2af490b000 ---p 00000000 00:00 0 
7f2af490b000-7f2af4a0b000 rw-p 00000000 00:00 0 
7f2af4a0b000-7f2af4a0c000 ---p 00000000 00:00 0 
7f2af4a0c000-7f2af4b36000 rw-p 00000000 00:00 0 
7f2af4b36000-7f2af4d98000 ---p 00000000 00:00 0 
7f2af4d98000-7f2af4dc2000 rw-p 00000000 00:00 0 
7f2af4dc2000-7f2af5024000 ---p 00000000 00:00 0 
7f2af5024000-7f2af50a1000 rw-p 00000000 00:00 0 
7f2af50a1000-7f2af516a000 ---p 00000000 00:00 0 
7f2af516a000-7f2af5175000 rw-p 00000000 00:00 0 
7f2af5175000-7f2af552b000 ---p 00000000 00:00 0 
7f2af552b000-7f2af5533000 r-xp 00000000 08:12 6694557                    /usr/lib/jvm/java-8-openjdk-amd64/jre/lib/amd64/libzip.so
7f2af5533000-7f2af5732000 ---p 00008000 08:12 6694557                    /usr/lib/jvm/java-8-openjdk-amd64/jre/lib/amd64/libzip.so
7f2af5732000-7f2af5733000 r--p 00007000 08:12 6694557                    /usr/lib/jvm/java-8-openjdk-amd64/jre/lib/amd64/libzip.so
7f2af5733000-7f2af5734000 rw-p 00008000 08:12 6694557                    /usr/lib/jvm/java-8-openjdk-amd64/jre/lib/amd64/libzip.so
7f2af5734000-7f2af573f000 r-xp 00000000 08:12 524485                     /lib/x86_64-linux-gnu/libnss_files-2.23.so
7f2af573f000-7f2af593e000 ---p 0000b000 08:12 524485                     /lib/x86_64-linux-gnu/libnss_files-2.23.so
7f2af593e000-7f2af593f000 r--p 0000a000 08:12 524485                     /lib/x86_64-linux-gnu/libnss_files-2.23.so
7f2af593f000-7f2af5940000 rw-p 0000b000 08:12 524485                     /lib/x86_64-linux-gnu/libnss_files-2.23.so
7f2af5940000-7f2af5946000 rw-p 00000000 00:00 0 
7f2af5946000-7f2af5951000 r-xp 00000000 08:12 524488                     /lib/x86_64-linux-gnu/libnss_nis-2.23.so
7f2af5951000-7f2af5b50000 ---p 0000b000 08:12 524488                     /lib/x86_64-linux-gnu/libnss_nis-2.23.so
7f2af5b50000-7f2af5b51000 r--p 0000a000 08:12 524488                     /lib/x86_64-linux-gnu/libnss_nis-2.23.so
7f2af5b51000-7f2af5b52000 rw-p 0000b000 08:12 524488                     /lib/x86_64-linux-gnu/libnss_nis-2.23.so
7f2af5b52000-7f2af5b68000 r-xp 00000000 08:12 524481                     /lib/x86_64-linux-gnu/libnsl-2.23.so
7f2af5b68000-7f2af5d67000 ---p 00016000 08:12 524481                     /lib/x86_64-linux-gnu/libnsl-2.23.so
7f2af5d67000-7f2af5d68000 r--p 00015000 08:12 524481                     /lib/x86_64-linux-gnu/libnsl-2.23.so
7f2af5d68000-7f2af5d69000 rw-p 00016000 08:12 524481                     /lib/x86_64-linux-gnu/libnsl-2.23.so
7f2af5d69000-7f2af5d6b000 rw-p 00000000 00:00 0 
7f2af5d6b000-7f2af5d73000 r-xp 00000000 08:12 524494                     /lib/x86_64-linux-gnu/libnss_compat-2.23.so
7f2af5d73000-7f2af5f72000 ---p 00008000 08:12 524494                     /lib/x86_64-linux-gnu/libnss_compat-2.23.so
7f2af5f72000-7f2af5f73000 r--p 00007000 08:12 524494                     /lib/x86_64-linux-gnu/libnss_compat-2.23.so
7f2af5f73000-7f2af5f74000 rw-p 00008000 08:12 524494                     /lib/x86_64-linux-gnu/libnss_compat-2.23.so
7f2af5f74000-7f2af5fa1000 r-xp 00000000 08:12 6694540                    /usr/lib/jvm/java-8-openjdk-amd64/jre/lib/amd64/libjava.so
7f2af5fa1000-7f2af61a0000 ---p 0002d000 08:12 6694540                    /usr/lib/jvm/java-8-openjdk-amd64/jre/lib/amd64/libjava.so
7f2af61a0000-7f2af61a1000 r--p 0002c000 08:12 6694540                    /usr/lib/jvm/java-8-openjdk-amd64/jre/lib/amd64/libjava.so
7f2af61a1000-7f2af61a3000 rw-p 0002d000 08:12 6694540                    /usr/lib/jvm/java-8-openjdk-amd64/jre/lib/amd64/libjava.so
7f2af61a3000-7f2af61b2000 r-xp 00000000 08:12 6694555                    /usr/lib/jvm/java-8-openjdk-amd64/jre/lib/amd64/libverify.so
7f2af61b2000-7f2af63b1000 ---p 0000f000 08:12 6694555                    /usr/lib/jvm/java-8-openjdk-amd64/jre/lib/amd64/libverify.so
7f2af63b1000-7f2af63b3000 r--p 0000e000 08:12 6694555                    /usr/lib/jvm/java-8-openjdk-amd64/jre/lib/amd64/libverify.so
7f2af63b3000-7f2af63b4000 rw-p 00010000 08:12 6694555                    /usr/lib/jvm/java-8-openjdk-amd64/jre/lib/amd64/libverify.so
7f2af63b4000-7f2af63bb000 r-xp 00000000 08:12 524490                     /lib/x86_64-linux-gnu/librt-2.23.so
7f2af63bb000-7f2af65ba000 ---p 00007000 08:12 524490                     /lib/x86_64-linux-gnu/librt-2.23.so
7f2af65ba000-7f2af65bb000 r--p 00006000 08:12 524490                     /lib/x86_64-linux-gnu/librt-2.23.so
7f2af65bb000-7f2af65bc000 rw-p 00007000 08:12 524490                     /lib/x86_64-linux-gnu/librt-2.23.so
7f2af65bc000-7f2af65d2000 r-xp 00000000 08:12 528893                     /lib/x86_64-linux-gnu/libgcc_s.so.1
7f2af65d2000-7f2af67d1000 ---p 00016000 08:12 528893                     /lib/x86_64-linux-gnu/libgcc_s.so.1
7f2af67d1000-7f2af67d2000 rw-p 00015000 08:12 528893                     /lib/x86_64-linux-gnu/libgcc_s.so.1
7f2af67d2000-7f2af68da000 r-xp 00000000 08:12 524499                     /lib/x86_64-linux-gnu/libm-2.23.so
7f2af68da000-7f2af6ad9000 ---p 00108000 08:12 524499                     /lib/x86_64-linux-gnu/libm-2.23.so
7f2af6ad9000-7f2af6ada000 r--p 00107000 08:12 524499                     /lib/x86_64-linux-gnu/libm-2.23.so
7f2af6ada000-7f2af6adb000 rw-p 00108000 08:12 524499                     /lib/x86_64-linux-gnu/libm-2.23.so
7f2af6adb000-7f2af6c4d000 r-xp 00000000 08:12 6440244                    /usr/lib/x86_64-linux-gnu/libstdc++.so.6.0.21
7f2af6c4d000-7f2af6e4d000 ---p 00172000 08:12 6440244                    /usr/lib/x86_64-linux-gnu/libstdc++.so.6.0.21
7f2af6e4d000-7f2af6e57000 r--p 00172000 08:12 6440244                    /usr/lib/x86_64-linux-gnu/libstdc++.so.6.0.21
7f2af6e57000-7f2af6e59000 rw-p 0017c000 08:12 6440244                    /usr/lib/x86_64-linux-gnu/libstdc++.so.6.0.21
7f2af6e59000-7f2af6e5d000 rw-p 00000000 00:00 0 
7f2af6e5d000-7f2af7aaf000 r-xp 00000000 08:12 6694550                    /usr/lib/jvm/java-8-openjdk-amd64/jre/lib/amd64/server/libjvm.so
7f2af7aaf000-7f2af7caf000 ---p 00c52000 08:12 6694550                    /usr/lib/jvm/java-8-openjdk-amd64/jre/lib/amd64/server/libjvm.so
7f2af7caf000-7f2af7d42000 r--p 00c52000 08:12 6694550                    /usr/lib/jvm/java-8-openjdk-amd64/jre/lib/amd64/server/libjvm.so
7f2af7d42000-7f2af7d6b000 rw-p 00ce5000 08:12 6694550                    /usr/lib/jvm/java-8-openjdk-amd64/jre/lib/amd64/server/libjvm.so
7f2af7d6b000-7f2af7d9b000 rw-p 00000000 00:00 0 
7f2af7d9b000-7f2af7db3000 r-xp 00000000 08:12 524487                     /lib/x86_64-linux-gnu/libpthread-2.23.so
7f2af7db3000-7f2af7fb2000 ---p 00018000 08:12 524487                     /lib/x86_64-linux-gnu/libpthread-2.23.so
7f2af7fb2000-7f2af7fb3000 r--p 00017000 08:12 524487                     /lib/x86_64-linux-gnu/libpthread-2.23.so
7f2af7fb3000-7f2af7fb4000 rw-p 00018000 08:12 524487                     /lib/x86_64-linux-gnu/libpthread-2.23.so
7f2af7fb4000-7f2af7fb8000 rw-p 00000000 00:00 0 
7f2af7fb8000-7f2af7fbb000 r-xp 00000000 08:12 524493                     /lib/x86_64-linux-gnu/libdl-2.23.so
7f2af7fbb000-7f2af81ba000 ---p 00003000 08:12 524493                     /lib/x86_64-linux-gnu/libdl-2.23.so
7f2af81ba000-7f2af81bb000 r--p 00002000 08:12 524493                     /lib/x86_64-linux-gnu/libdl-2.23.so
7f2af81bb000-7f2af81bc000 rw-p 00003000 08:12 524493                     /lib/x86_64-linux-gnu/libdl-2.23.so
7f2af81bc000-7f2af81d5000 r-xp 00000000 08:12 524472                     /lib/x86_64-linux-gnu/libz.so.1.2.8
7f2af81d5000-7f2af83d4000 ---p 00019000 08:12 524472                     /lib/x86_64-linux-gnu/libz.so.1.2.8
7f2af83d4000-7f2af83d5000 r--p 00018000 08:12 524472                     /lib/x86_64-linux-gnu/libz.so.1.2.8
7f2af83d5000-7f2af83d6000 rw-p 00019000 08:12 524472                     /lib/x86_64-linux-gnu/libz.so.1.2.8
7f2af83d6000-7f2af8596000 r-xp 00000000 08:12 524504                     /lib/x86_64-linux-gnu/libc-2.23.so
7f2af8596000-7f2af8796000 ---p 001c0000 08:12 524504                     /lib/x86_64-linux-gnu/libc-2.23.so
7f2af8796000-7f2af879a000 r--p 001c0000 08:12 524504                     /lib/x86_64-linux-gnu/libc-2.23.so
7f2af879a000-7f2af879c000 rw-p 001c4000 08:12 524504                     /lib/x86_64-linux-gnu/libc-2.23.so
7f2af879c000-7f2af87a0000 rw-p 00000000 00:00 0 
7f2af87a0000-7f2af87ad000 r-xp 00000000 08:12 6694553                    /usr/lib/jvm/java-8-openjdk-amd64/jre/lib/amd64/jli/libjli.so
7f2af87ad000-7f2af89ad000 ---p 0000d000 08:12 6694553                    /usr/lib/jvm/java-8-openjdk-amd64/jre/lib/amd64/jli/libjli.so
7f2af89ad000-7f2af89ae000 r--p 0000d000 08:12 6694553                    /usr/lib/jvm/java-8-openjdk-amd64/jre/lib/amd64/jli/libjli.so
7f2af89ae000-7f2af89af000 rw-p 0000e000 08:12 6694553                    /usr/lib/jvm/java-8-openjdk-amd64/jre/lib/amd64/jli/libjli.so
7f2af89af000-7f2af89d5000 r-xp 00000000 08:12 524482                     /lib/x86_64-linux-gnu/ld-2.23.so
7f2af89d8000-7f2af89dc000 r--s 00037000 08:12 6819841                    /usr/lib/jvm/java-8-openjdk-amd64/jre/lib/ext/sunpkcs11.jar
7f2af89dc000-7f2af8aac000 rw-p 00000000 00:00 0 
7f2af8aac000-7f2af8aaf000 ---p 00000000 00:00 0 
7f2af8aaf000-7f2af8bb2000 rw-p 00000000 00:00 0 
7f2af8bb4000-7f2af8bb5000 r--s 0000b000 08:12 3018178                    /home/helio/NetBeansProjects/LeaderElectionAdHocNet/dist/LeaderElectionAdHocNet.jar
7f2af8bb5000-7f2af8bb6000 r--s 0000a000 08:12 6819842                    /usr/lib/jvm/java-8-openjdk-amd64/jre/lib/ext/jaccess.jar
7f2af8bb6000-7f2af8bb8000 r--s 00001000 08:12 6819843                    /usr/lib/jvm/java-8-openjdk-amd64/jre/lib/ext/dnsns.jar
7f2af8bb8000-7f2af8bba000 r--s 00008000 08:12 6819838                    /usr/lib/jvm/java-8-openjdk-amd64/jre/lib/ext/sunec.jar
7f2af8bba000-7f2af8bc4000 r--s 00116000 08:12 6819840                    /usr/lib/jvm/java-8-openjdk-amd64/jre/lib/ext/localedata.jar
7f2af8bc4000-7f2af8bc7000 r--s 0000f000 08:12 6817999                    /usr/lib/jvm/java-8-openjdk-amd64/jre/lib/ext/icedtea-sound.jar
7f2af8bc7000-7f2af8bc8000 r--s 00010000 08:12 6819835                    /usr/lib/jvm/java-8-openjdk-amd64/jre/lib/ext/zipfs.jar
7f2af8bc8000-7f2af8bd0000 rw-s 00000000 08:12 4458968                    /tmp/hsperfdata_helio/7106
7f2af8bd0000-7f2af8bd1000 rw-p 00000000 00:00 0 
7f2af8bd1000-7f2af8bd2000 ---p 00000000 00:00 0 
7f2af8bd2000-7f2af8bd4000 rw-p 00000000 00:00 0 
7f2af8bd4000-7f2af8bd5000 r--p 00025000 08:12 524482                     /lib/x86_64-linux-gnu/ld-2.23.so
7f2af8bd5000-7f2af8bd6000 rw-p 00026000 08:12 524482                     /lib/x86_64-linux-gnu/ld-2.23.so
7f2af8bd6000-7f2af8bd7000 rw-p 00000000 00:00 0 
7fffbb4a2000-7fffbb4c3000 rw-p 00000000 00:00 0                          [stack]
7fffbb4d8000-7fffbb4da000 r--p 00000000 00:00 0                          [vvar]
7fffbb4da000-7fffbb4dc000 r-xp 00000000 00:00 0                          [vdso]
ffffffffff600000-ffffffffff601000 r-xp 00000000 00:00 0                  [vsyscall]

VM Arguments:
java_command: dist/LeaderElectionAdHocNet.jar ./nbproject/configs/Node26.csv
java_class_path (initial): dist/LeaderElectionAdHocNet.jar
Launcher Type: SUN_STANDARD

Environment Variables:
PATH=/usr/local/sbin:/usr/local/bin:/usr/sbin:/usr/bin:/sbin:/bin:/usr/games:/usr/local/games:/snap/bin
SHELL=/bin/bash
DISPLAY=:0

Signal Handlers:
SIGSEGV: [libjvm.so+0xa69040], sa_mask[0]=11111111011111111101111111111110, sa_flags=SA_RESTART|SA_SIGINFO
SIGBUS: [libjvm.so+0xa69040], sa_mask[0]=11111111011111111101111111111110, sa_flags=SA_RESTART|SA_SIGINFO
SIGFPE: [libjvm.so+0x8b2170], sa_mask[0]=11111111011111111101111111111110, sa_flags=SA_RESTART|SA_SIGINFO
SIGPIPE: [libjvm.so+0x8b2170], sa_mask[0]=11111111011111111101111111111110, sa_flags=SA_RESTART|SA_SIGINFO
SIGXFSZ: [libjvm.so+0x8b2170], sa_mask[0]=11111111011111111101111111111110, sa_flags=SA_RESTART|SA_SIGINFO
SIGILL: [libjvm.so+0x8b2170], sa_mask[0]=11111111011111111101111111111110, sa_flags=SA_RESTART|SA_SIGINFO
SIGUSR1: SIG_DFL, sa_mask[0]=00000000000000000000000000000000, sa_flags=none
SIGUSR2: [libjvm.so+0x8b2020], sa_mask[0]=00000000000000000000000000000000, sa_flags=SA_RESTART|SA_SIGINFO
SIGHUP: [libjvm.so+0x8b24f0], sa_mask[0]=11111111011111111101111111111110, sa_flags=SA_RESTART|SA_SIGINFO
SIGINT: [libjvm.so+0x8b24f0], sa_mask[0]=11111111011111111101111111111110, sa_flags=SA_RESTART|SA_SIGINFO
SIGTERM: [libjvm.so+0x8b24f0], sa_mask[0]=11111111011111111101111111111110, sa_flags=SA_RESTART|SA_SIGINFO
SIGQUIT: [libjvm.so+0x8b24f0], sa_mask[0]=11111111011111111101111111111110, sa_flags=SA_RESTART|SA_SIGINFO


---------------  S Y S T E M  ---------------

OS:DISTRIB_ID=Ubuntu
DISTRIB_RELEASE=16.04
DISTRIB_CODENAME=xenial
DISTRIB_DESCRIPTION="Ubuntu 16.04.2 LTS"

uname:Linux 4.4.0-104-generic #127-Ubuntu SMP Mon Dec 11 12:16:42 UTC 2017 x86_64
libc:glibc 2.23 NPTL 2.23 
rlimit: STACK 8192k, CORE 0k, NPROC 31136, NOFILE 65536, AS infinity
load average:31,06 7,81 2,95

/proc/meminfo:
MemTotal:        8011432 kB
MemFree:          553916 kB
MemAvailable:     449000 kB
Buffers:             632 kB
Cached:           770192 kB
SwapCached:            0 kB
Active:          6470356 kB
Inactive:         761264 kB
Active(anon):    6465788 kB
Inactive(anon):   738584 kB
Active(file):       4568 kB
Inactive(file):    22680 kB
Unevictable:         304 kB
Mlocked:             304 kB
SwapTotal:             0 kB
SwapFree:              0 kB
Dirty:               108 kB
Writeback:             0 kB
AnonPages:       6461580 kB
Mapped:           116788 kB
Shmem:            743096 kB
Slab:              89216 kB
SReclaimable:      40996 kB
SUnreclaim:        48220 kB
KernelStack:       16496 kB
PageTables:        51444 kB
NFS_Unstable:          0 kB
Bounce:                0 kB
WritebackTmp:          0 kB
CommitLimit:     4005716 kB
Committed_AS:   14109920 kB
VmallocTotal:   34359738367 kB
VmallocUsed:           0 kB
VmallocChunk:          0 kB
HardwareCorrupted:     0 kB
AnonHugePages:   3129344 kB
CmaTotal:              0 kB
CmaFree:               0 kB
HugePages_Total:       0
HugePages_Free:        0
HugePages_Rsvd:        0
HugePages_Surp:        0
Hugepagesize:       2048 kB
DirectMap4k:      178940 kB
DirectMap2M:     8044544 kB


CPU:total 8 (initial active 8) (4 cores per cpu, 2 threads per core) family 6 model 58 stepping 9, cmov, cx8, fxsr, mmx, sse, sse2, sse3, ssse3, sse4.1, sse4.2, popcnt, avx, aes, clmul, erms, ht, tsc, tscinvbit, tscinv

/proc/cpuinfo:
processor	: 0
vendor_id	: GenuineIntel
cpu family	: 6
model		: 58
model name	: Intel(R) Core(TM) i7-3610QM CPU @ 2.30GHz
stepping	: 9
microcode	: 0x12
cpu MHz		: 1275.242
cache size	: 6144 KB
physical id	: 0
siblings	: 8
core id		: 0
cpu cores	: 4
apicid		: 0
initial apicid	: 0
fpu		: yes
fpu_exception	: yes
cpuid level	: 13
wp		: yes
flags		: fpu vme de pse tsc msr pae mce cx8 apic sep mtrr pge mca cmov pat pse36 clflush dts acpi mmx fxsr sse sse2 ss ht tm pbe syscall nx rdtscp lm constant_tsc arch_perfmon pebs bts rep_good nopl xtopology nonstop_tsc aperfmperf eagerfpu pni pclmulqdq dtes64 monitor ds_cpl vmx est tm2 ssse3 cx16 xtpr pdcm pcid sse4_1 sse4_2 x2apic popcnt tsc_deadline_timer aes xsave avx f16c rdrand lahf_lm epb tpr_shadow vnmi flexpriority ept vpid fsgsbase smep erms xsaveopt dtherm ida arat pln pts
bugs		:
bogomips	: 4589.16
clflush size	: 64
cache_alignment	: 64
address sizes	: 36 bits physical, 48 bits virtual
power management:

processor	: 1
vendor_id	: GenuineIntel
cpu family	: 6
model		: 58
model name	: Intel(R) Core(TM) i7-3610QM CPU @ 2.30GHz
stepping	: 9
microcode	: 0x12
cpu MHz		: 2444.828
cache size	: 6144 KB
physical id	: 0
siblings	: 8
core id		: 0
cpu cores	: 4
apicid		: 1
initial apicid	: 1
fpu		: yes
fpu_exception	: yes
cpuid level	: 13
wp		: yes
flags		: fpu vme de pse tsc msr pae mce cx8 apic sep mtrr pge mca cmov pat pse36 clflush dts acpi mmx fxsr sse sse2 ss ht tm pbe syscall nx rdtscp lm constant_tsc arch_perfmon pebs bts rep_good nopl xtopology nonstop_tsc aperfmperf eagerfpu pni pclmulqdq dtes64 monitor ds_cpl vmx est tm2 ssse3 cx16 xtpr pdcm pcid sse4_1 sse4_2 x2apic popcnt tsc_deadline_timer aes xsave avx f16c rdrand lahf_lm epb tpr_shadow vnmi flexpriority ept vpid fsgsbase smep erms xsaveopt dtherm ida arat pln pts
bugs		:
bogomips	: 4589.16
clflush size	: 64
cache_alignment	: 64
address sizes	: 36 bits physical, 48 bits virtual
power management:

processor	: 2
vendor_id	: GenuineIntel
cpu family	: 6
model		: 58
model name	: Intel(R) Core(TM) i7-3610QM CPU @ 2.30GHz
stepping	: 9
microcode	: 0x12
cpu MHz		: 1675.855
cache size	: 6144 KB
physical id	: 0
siblings	: 8
core id		: 1
cpu cores	: 4
apicid		: 2
initial apicid	: 2
fpu		: yes
fpu_exception	: yes
cpuid level	: 13
wp		: yes
flags		: fpu vme de pse tsc msr pae mce cx8 apic sep mtrr pge mca cmov pat pse36 clflush dts acpi mmx fxsr sse sse2 ss ht tm pbe syscall nx rdtscp lm constant_tsc arch_perfmon pebs bts rep_good nopl xtopology nonstop_tsc aperfmperf eagerfpu pni pclmulqdq dtes64 monitor ds_cpl vmx est tm2 ssse3 cx16 xtpr pdcm pcid sse4_1 sse4_2 x2apic popcnt tsc_deadline_timer aes xsave avx f16c rdrand lahf_lm epb tpr_shadow vnmi flexpriority ept vpid fsgsbase smep erms xsaveopt dtherm ida arat pln pts
bugs		:
bogomips	: 4589.16
clflush size	: 64
cache_alignment	: 64
address sizes	: 36 bits physical, 48 bits virtual
power management:

processor	: 3
vendor_id	: GenuineIntel
cpu family	: 6
model		: 58
model name	: Intel(R) Core(TM) i7-3610QM CPU @ 2.30GHz
stepping	: 9
microcode	: 0x12
cpu MHz		: 3099.968
cache size	: 6144 KB
physical id	: 0
siblings	: 8
core id		: 1
cpu cores	: 4
apicid		: 3
initial apicid	: 3
fpu		: yes
fpu_exception	: yes
cpuid level	: 13
wp		: yes
flags		: fpu vme de pse tsc msr pae mce cx8 apic sep mtrr pge mca cmov pat pse36 clflush dts acpi mmx fxsr sse sse2 ss ht tm pbe syscall nx rdtscp lm constant_tsc arch_perfmon pebs bts rep_good nopl xtopology nonstop_tsc aperfmperf eagerfpu pni pclmulqdq dtes64 monitor ds_cpl vmx est tm2 ssse3 cx16 xtpr pdcm pcid sse4_1 sse4_2 x2apic popcnt tsc_deadline_timer aes xsave avx f16c rdrand lahf_lm epb tpr_shadow vnmi flexpriority ept vpid fsgsbase smep erms xsaveopt dtherm ida arat pln pts
bugs		:
bogomips	: 4589.16
clflush size	: 64
cache_alignment	: 64
address sizes	: 36 bits physical, 48 bits virtual
power management:

processor	: 4
vendor_id	: GenuineIntel
cpu family	: 6
model		: 58
model name	: Intel(R) Core(TM) i7-3610QM CPU @ 2.30GHz
stepping	: 9
microcode	: 0x12
cpu MHz		: 1304.980
cache size	: 6144 KB
physical id	: 0
siblings	: 8
core id		: 2
cpu cores	: 4
apicid		: 4
initial apicid	: 4
fpu		: yes
fpu_exception	: yes
cpuid level	: 13
wp		: yes
flags		: fpu vme de pse tsc msr pae mce cx8 apic sep mtrr pge mca cmov pat pse36 clflush dts acpi mmx fxsr sse sse2 ss ht tm pbe syscall nx rdtscp lm constant_tsc arch_perfmon pebs bts rep_good nopl xtopology nonstop_tsc aperfmperf eagerfpu pni pclmulqdq dtes64 monitor ds_cpl vmx est tm2 ssse3 cx16 xtpr pdcm pcid sse4_1 sse4_2 x2apic popcnt tsc_deadline_timer aes xsave avx f16c rdrand lahf_lm epb tpr_shadow vnmi flexpriority ept vpid fsgsbase smep erms xsaveopt dtherm ida arat pln pts
bugs		:
bogomips	: 4589.16
clflush size	: 64
cache_alignment	: 64
address sizes	: 36 bits physical, 48 bits virtual
power management:

processor	: 5
vendor_id	: GenuineIntel
cpu family	: 6
model		: 58
model name	: Intel(R) Core(TM) i7-3610QM CPU @ 2.30GHz
stepping	: 9
microcode	: 0x12
cpu MHz		: 1243.167
cache size	: 6144 KB
physical id	: 0
siblings	: 8
core id		: 2
cpu cores	: 4
apicid		: 5
initial apicid	: 5
fpu		: yes
fpu_exception	: yes
cpuid level	: 13
wp		: yes
flags		: fpu vme de pse tsc msr pae mce cx8 apic sep mtrr pge mca cmov pat pse36 clflush dts acpi mmx fxsr sse sse2 ss ht tm pbe syscall nx rdtscp lm constant_tsc arch_perfmon pebs bts rep_good nopl xtopology nonstop_tsc aperfmperf eagerfpu pni pclmulqdq dtes64 monitor ds_cpl vmx est tm2 ssse3 cx16 xtpr pdcm pcid sse4_1 sse4_2 x2apic popcnt tsc_deadline_timer aes xsave avx f16c rdrand lahf_lm epb tpr_shadow vnmi flexpriority ept vpid fsgsbase smep erms xsaveopt dtherm ida arat pln pts
bugs		:
bogomips	: 4589.16
clflush size	: 64
cache_alignment	: 64
address sizes	: 36 bits physical, 48 bits virtual
power management:

processor	: 6
vendor_id	: GenuineIntel
cpu family	: 6
model		: 58
model name	: Intel(R) Core(TM) i7-3610QM CPU @ 2.30GHz
stepping	: 9
microcode	: 0x12
cpu MHz		: 1295.007
cache size	: 6144 KB
physical id	: 0
siblings	: 8
core id		: 3
cpu cores	: 4
apicid		: 6
initial apicid	: 6
fpu		: yes
fpu_exception	: yes
cpuid level	: 13
wp		: yes
flags		: fpu vme de pse tsc msr pae mce cx8 apic sep mtrr pge mca cmov pat pse36 clflush dts acpi mmx fxsr sse sse2 ss ht tm pbe syscall nx rdtscp lm constant_tsc arch_perfmon pebs bts rep_good nopl xtopology nonstop_tsc aperfmperf eagerfpu pni pclmulqdq dtes64 monitor ds_cpl vmx est tm2 ssse3 cx16 xtpr pdcm pcid sse4_1 sse4_2 x2apic popcnt tsc_deadline_timer aes xsave avx f16c rdrand lahf_lm epb tpr_shadow vnmi flexpriority ept vpid fsgsbase smep erms xsaveopt dtherm ida arat pln pts
bugs		:
bogomips	: 4589.16
clflush size	: 64
cache_alignment	: 64
address sizes	: 36 bits physical, 48 bits virtual
power management:

processor	: 7
vendor_id	: GenuineIntel
cpu family	: 6
model		: 58
model name	: Intel(R) Core(TM) i7-3610QM CPU @ 2.30GHz
stepping	: 9
microcode	: 0x12
cpu MHz		: 1255.027
cache size	: 6144 KB
physical id	: 0
siblings	: 8
core id		: 3
cpu cores	: 4
apicid		: 7
initial apicid	: 7
fpu		: yes
fpu_exception	: yes
cpuid level	: 13
wp		: yes
flags		: fpu vme de pse tsc msr pae mce cx8 apic sep mtrr pge mca cmov pat pse36 clflush dts acpi mmx fxsr sse sse2 ss ht tm pbe syscall nx rdtscp lm constant_tsc arch_perfmon pebs bts rep_good nopl xtopology nonstop_tsc aperfmperf eagerfpu pni pclmulqdq dtes64 monitor ds_cpl vmx est tm2 ssse3 cx16 xtpr pdcm pcid sse4_1 sse4_2 x2apic popcnt tsc_deadline_timer aes xsave avx f16c rdrand lahf_lm epb tpr_shadow vnmi flexpriority ept vpid fsgsbase smep erms xsaveopt dtherm ida arat pln pts
bugs		:
bogomips	: 4589.16
clflush size	: 64
cache_alignment	: 64
address sizes	: 36 bits physical, 48 bits virtual
power management:



Memory: 4k page, physical 8011432k(553916k free), swap 0k(0k free)

vm_info: OpenJDK 64-Bit Server VM (25.151-b12) for linux-amd64 JRE (1.8.0_151-8u151-b12-0ubuntu0.16.04.2-b12), built on Oct 27 2017 21:59:02 by "buildd" with gcc 5.4.0 20160609

time: Tue Jan  9 23:42:35 2018
elapsed time: 35 seconds (0d 0h 0m 35s)

