#
# There is insufficient memory for the Java Runtime Environment to continue.
# Native memory allocation (mmap) failed to map 260046848 bytes for committing reserved memory.
# Possible reasons:
#   The system is out of physical RAM or swap space
#   In 32 bit mode, the process size limit was hit
# Possible solutions:
#   Reduce memory load on the system
#   Increase physical memory or swap space
#   Check if swap backing store is full
#   Use 64 bit Java on a 64 bit OS
#   Decrease Java heap size (-Xmx/-Xms)
#   Decrease number of Java threads
#   Decrease Java thread stack sizes (-Xss)
#   Set larger code cache with -XX:ReservedCodeCacheSize=
# This output file may be truncated or incomplete.
#
#  Out of Memory Error (os_linux.cpp:2643), pid=7119, tid=0x00007f8504ef5700
#
# JRE version: OpenJDK Runtime Environment (8.0_151-b12) (build 1.8.0_151-8u151-b12-0ubuntu0.16.04.2-b12)
# Java VM: OpenJDK 64-Bit Server VM (25.151-b12 mixed mode linux-amd64 compressed oops)
# Failed to write core dump. Core dumps have been disabled. To enable core dumping, try "ulimit -c unlimited" before starting Java again
#

---------------  T H R E A D  ---------------

Current thread (0x00007f85181c6800):  VMThread [stack: 0x00007f8504df5000,0x00007f8504ef6000] [id=7272]

Stack: [0x00007f8504df5000,0x00007f8504ef6000],  sp=0x00007f8504ef44c0,  free space=1021k
Native frames: (J=compiled Java code, j=interpreted, Vv=VM code, C=native code)
V  [libjvm.so+0xa684eb]
V  [libjvm.so+0x4c579c]
V  [libjvm.so+0x8b6b50]
V  [libjvm.so+0x8b0fce]
V  [libjvm.so+0x92b806]
V  [libjvm.so+0x92cb33]
V  [libjvm.so+0x9291fb]
V  [libjvm.so+0x9294ac]
V  [libjvm.so+0x8db3c3]
V  [libjvm.so+0xa6a192]
V  [libjvm.so+0xa6f277]
V  [libjvm.so+0xa6ca47]
V  [libjvm.so+0xa6decf]
V  [libjvm.so+0xa6e3c1]
V  [libjvm.so+0x8b4032]

VM_Operation (0x00007f851f0d1790): ParallelGCFailedAllocation, mode: safepoint, requested by thread 0x00007f851800a000


---------------  P R O C E S S  ---------------

Java Threads: ( => current thread )
  0x00007f8518292800 JavaThread "Thread-6" [_thread_blocked, id=7544, stack(0x00007f84f74f7000,0x00007f84f75f8000)]
  0x00007f8518290800 JavaThread "Thread-4" [_thread_blocked, id=7543, stack(0x00007f84f75f8000,0x00007f84f76f9000)]
  0x00007f851828f000 JavaThread "Thread-2" [_thread_blocked, id=7542, stack(0x00007f84f76f9000,0x00007f84f77fa000)]
  0x00007f851828c800 JavaThread "Thread-0" [_thread_in_native, id=7477, stack(0x00007f84f77fa000,0x00007f84f78fb000)]
  0x00007f851828b800 JavaThread "Thread-8" [_thread_blocked, id=7476, stack(0x00007f84f78fb000,0x00007f84f79fc000)]
  0x00007f8518287800 JavaThread "Thread-7" daemon [_thread_in_native, id=7475, stack(0x00007f84f79fc000,0x00007f84f7afd000)]
  0x00007f8518285800 JavaThread "Timer-2" [_thread_blocked, id=7472, stack(0x00007f84f7afd000,0x00007f84f7bfe000)]
  0x00007f8518283800 JavaThread "Timer-1" [_thread_blocked, id=7461, stack(0x00007f84f7bfe000,0x00007f84f7cff000)]
  0x00007f8518280800 JavaThread "Timer-0" [_thread_blocked, id=7455, stack(0x00007f85040d5000,0x00007f85041d6000)]
  0x00007f851820a800 JavaThread "Service Thread" daemon [_thread_blocked, id=7379, stack(0x00007f8504313000,0x00007f8504414000)]
  0x00007f8518205800 JavaThread "C1 CompilerThread3" daemon [_thread_blocked, id=7377, stack(0x00007f8504414000,0x00007f8504515000)]
  0x00007f8518201000 JavaThread "C2 CompilerThread2" daemon [_thread_blocked, id=7368, stack(0x00007f8504515000,0x00007f8504616000)]
  0x00007f85181ff800 JavaThread "C2 CompilerThread1" daemon [_thread_blocked, id=7360, stack(0x00007f8504616000,0x00007f8504717000)]
  0x00007f85181fc800 JavaThread "C2 CompilerThread0" daemon [_thread_blocked, id=7359, stack(0x00007f8504717000,0x00007f8504818000)]
  0x00007f85181fa800 JavaThread "Signal Dispatcher" daemon [_thread_blocked, id=7355, stack(0x00007f8504818000,0x00007f8504919000)]
  0x00007f85181d2800 JavaThread "Finalizer" daemon [_thread_blocked, id=7300, stack(0x00007f8504bf3000,0x00007f8504cf4000)]
  0x00007f85181ce000 JavaThread "Reference Handler" daemon [_thread_blocked, id=7287, stack(0x00007f8504cf4000,0x00007f8504df5000)]
  0x00007f851800a000 JavaThread "main" [_thread_blocked, id=7149, stack(0x00007f851efd2000,0x00007f851f0d3000)]

Other Threads:
=>0x00007f85181c6800 VMThread [stack: 0x00007f8504df5000,0x00007f8504ef6000] [id=7272]
  0x00007f851820c800 WatcherThread [stack: 0x00007f8504212000,0x00007f8504313000] [id=7382]

VM state:at safepoint (normal execution)

VM Mutex/Monitor currently owned by a thread:  ([mutex/lock_event])
[0x00007f85180060b0] Threads_lock - owner thread: 0x00007f85181c6800
[0x00007f85180065b0] Heap_lock - owner thread: 0x00007f851800a000

Heap:
 PSYoungGen      total 254976K, used 160K [0x00000000d7400000, 0x00000000e6e00000, 0x0000000100000000)
  eden space 253952K, 0% used [0x00000000d7400000,0x00000000d7400000,0x00000000e6c00000)
  from space 1024K, 15% used [0x00000000e6c00000,0x00000000e6c28000,0x00000000e6d00000)
  to   space 1024K, 0% used [0x00000000e6d00000,0x00000000e6d00000,0x00000000e6e00000)
 ParOldGen       total 84992K, used 500K [0x0000000085c00000, 0x000000008af00000, 0x00000000d7400000)
  object space 84992K, 0% used [0x0000000085c00000,0x0000000085c7d080,0x000000008af00000)
 Metaspace       used 4296K, capacity 4850K, committed 4992K, reserved 1056768K
  class space    used 469K, capacity 535K, committed 640K, reserved 1048576K

Card table byte_map: [0x00007f8508246000,0x00007f8508619000] byte_map_base: 0x00007f8507e18000

Marking Bits: (ParMarkBitMap*) 0x00007f851e2a42c0
 Begin Bits: [0x00007f84fc2e0000, 0x00007f84fe170000)
 End Bits:   [0x00007f84fe170000, 0x00007f8500000000)

Polling page: 0x00007f851f0f7000

CodeCache: size=245760Kb used=1671Kb max_used=1694Kb free=244088Kb
 bounds [0x00007f85089d9000, 0x00007f8508c49000, 0x00007f85179d9000]
 total_blobs=522 nmethods=262 adapters=175
 compilation: enabled

Compilation events (10 events):
Event: 3,113 Thread 0x00007f8518205800 nmethod 257 0x00007f8508b71e90 code [0x00007f8508b72000, 0x00007f8508b72328]
Event: 3,220 Thread 0x00007f8518205800  258       3       jdk.internal.org.objectweb.asm.ByteVector::<init> (13 bytes)
Event: 3,220 Thread 0x00007f8518205800 nmethod 258 0x00007f8508b78fd0 code [0x00007f8508b79140, 0x00007f8508b79390]
Event: 3,220 Thread 0x00007f8518205800  259       3       jdk.internal.org.objectweb.asm.ByteVector::putByteArray (49 bytes)
Event: 3,220 Thread 0x00007f8518205800 nmethod 259 0x00007f8508b79450 code [0x00007f8508b795e0, 0x00007f8508b798f8]
Event: 3,226 Thread 0x00007f85181ff800 nmethod 58 0x00007f8508b79a10 code [0x00007f8508b7a0c0, 0x00007f8508b7dbb0]
Event: 4,998 Thread 0x00007f8518205800  262       1       LeaderElectionAdHocNet.MainNode::getId (5 bytes)
Event: 4,998 Thread 0x00007f8518205800 nmethod 262 0x00007f8508b78610 code [0x00007f8508b78760, 0x00007f8508b78870]
Event: 5,050 Thread 0x00007f8518205800  263       1       LeaderElectionAdHocNet.MainNode::getLid (5 bytes)
Event: 5,050 Thread 0x00007f8518205800 nmethod 263 0x00007f8508b78350 code [0x00007f8508b784a0, 0x00007f8508b785b0]

GC Heap History (10 events):
Event: 2,370 GC heap after
Heap after GC invocations=2 (full 0):
 PSYoungGen      total 68608K, used 496K [0x00000000d7400000, 0x00000000dbc00000, 0x0000000100000000)
  eden space 63488K, 0% used [0x00000000d7400000,0x00000000d7400000,0x00000000db200000)
  from space 5120K, 9% used [0x00000000db700000,0x00000000db77c010,0x00000000dbc00000)
  to   space 5120K, 0% used [0x00000000db200000,0x00000000db200000,0x00000000db700000)
 ParOldGen       total 84992K, used 0K [0x0000000085c00000, 0x000000008af00000, 0x00000000d7400000)
  object space 84992K, 0% used [0x0000000085c00000,0x0000000085c00000,0x000000008af00000)
 Metaspace       used 3890K, capacity 4738K, committed 4864K, reserved 1056768K
  class space    used 415K, capacity 481K, committed 512K, reserved 1048576K
}
Event: 2,834 GC heap before
{Heap before GC invocations=3 (full 0):
 PSYoungGen      total 68608K, used 63984K [0x00000000d7400000, 0x00000000dbc00000, 0x0000000100000000)
  eden space 63488K, 100% used [0x00000000d7400000,0x00000000db200000,0x00000000db200000)
  from space 5120K, 9% used [0x00000000db700000,0x00000000db77c010,0x00000000dbc00000)
  to   space 5120K, 0% used [0x00000000db200000,0x00000000db200000,0x00000000db700000)
 ParOldGen       total 84992K, used 0K [0x0000000085c00000, 0x000000008af00000, 0x00000000d7400000)
  object space 84992K, 0% used [0x0000000085c00000,0x0000000085c00000,0x000000008af00000)
 Metaspace       used 4062K, capacity 4810K, committed 4992K, reserved 1056768K
  class space    used 440K, capacity 517K, committed 640K, reserved 1048576K
Event: 2,843 GC heap after
Heap after GC invocations=3 (full 0):
 PSYoungGen      total 68608K, used 576K [0x00000000d7400000, 0x00000000dfa00000, 0x0000000100000000)
  eden space 63488K, 0% used [0x00000000d7400000,0x00000000d7400000,0x00000000db200000)
  from space 5120K, 11% used [0x00000000db200000,0x00000000db290020,0x00000000db700000)
  to   space 5120K, 0% used [0x00000000df500000,0x00000000df500000,0x00000000dfa00000)
 ParOldGen       total 84992K, used 0K [0x0000000085c00000, 0x000000008af00000, 0x00000000d7400000)
  object space 84992K, 0% used [0x0000000085c00000,0x0000000085c00000,0x000000008af00000)
 Metaspace       used 4062K, capacity 4810K, committed 4992K, reserved 1056768K
  class space    used 440K, capacity 517K, committed 640K, reserved 1048576K
}
Event: 3,204 GC heap before
{Heap before GC invocations=4 (full 0):
 PSYoungGen      total 68608K, used 64064K [0x00000000d7400000, 0x00000000dfa00000, 0x0000000100000000)
  eden space 63488K, 100% used [0x00000000d7400000,0x00000000db200000,0x00000000db200000)
  from space 5120K, 11% used [0x00000000db200000,0x00000000db290020,0x00000000db700000)
  to   space 5120K, 0% used [0x00000000df500000,0x00000000df500000,0x00000000dfa00000)
 ParOldGen       total 84992K, used 0K [0x0000000085c00000, 0x000000008af00000, 0x00000000d7400000)
  object space 84992K, 0% used [0x0000000085c00000,0x0000000085c00000,0x000000008af00000)
 Metaspace       used 4275K, capacity 4842K, committed 4992K, reserved 1056768K
  class space    used 466K, capacity 533K, committed 640K, reserved 1048576K
Event: 3,209 GC heap after
Heap after GC invocations=4 (full 0):
 PSYoungGen      total 132096K, used 592K [0x00000000d7400000, 0x00000000dfa00000, 0x0000000100000000)
  eden space 126976K, 0% used [0x00000000d7400000,0x00000000d7400000,0x00000000df000000)
  from space 5120K, 11% used [0x00000000df500000,0x00000000df594010,0x00000000dfa00000)
  to   space 5120K, 0% used [0x00000000df000000,0x00000000df000000,0x00000000df500000)
 ParOldGen       total 84992K, used 0K [0x0000000085c00000, 0x000000008af00000, 0x00000000d7400000)
  object space 84992K, 0% used [0x0000000085c00000,0x0000000085c00000,0x000000008af00000)
 Metaspace       used 4275K, capacity 4842K, committed 4992K, reserved 1056768K
  class space    used 466K, capacity 533K, committed 640K, reserved 1048576K
}
Event: 3,862 GC heap before
{Heap before GC invocations=5 (full 0):
 PSYoungGen      total 132096K, used 127568K [0x00000000d7400000, 0x00000000dfa00000, 0x0000000100000000)
  eden space 126976K, 100% used [0x00000000d7400000,0x00000000df000000,0x00000000df000000)
  from space 5120K, 11% used [0x00000000df500000,0x00000000df594010,0x00000000dfa00000)
  to   space 5120K, 0% used [0x00000000df000000,0x00000000df000000,0x00000000df500000)
 ParOldGen       total 84992K, used 0K [0x0000000085c00000, 0x000000008af00000, 0x00000000d7400000)
  object space 84992K, 0% used [0x0000000085c00000,0x0000000085c00000,0x000000008af00000)
 Metaspace       used 4296K, capacity 4850K, committed 4992K, reserved 1056768K
  class space    used 469K, capacity 535K, committed 640K, reserved 1048576K
Event: 3,875 GC heap after
Heap after GC invocations=5 (full 0):
 PSYoungGen      total 132096K, used 592K [0x00000000d7400000, 0x00000000e6e00000, 0x0000000100000000)
  eden space 126976K, 0% used [0x00000000d7400000,0x00000000d7400000,0x00000000df000000)
  from space 5120K, 11% used [0x00000000df000000,0x00000000df094010,0x00000000df500000)
  to   space 1024K, 0% used [0x00000000e6d00000,0x00000000e6d00000,0x00000000e6e00000)
 ParOldGen       total 84992K, used 0K [0x0000000085c00000, 0x000000008af00000, 0x00000000d7400000)
  object space 84992K, 0% used [0x0000000085c00000,0x0000000085c00000,0x000000008af00000)
 Metaspace       used 4296K, capacity 4850K, committed 4992K, reserved 1056768K
  class space    used 469K, capacity 535K, committed 640K, reserved 1048576K
}
Event: 4,198 GC heap before
{Heap before GC invocations=6 (full 0):
 PSYoungGen      total 132096K, used 127568K [0x00000000d7400000, 0x00000000e6e00000, 0x0000000100000000)
  eden space 126976K, 100% used [0x00000000d7400000,0x00000000df000000,0x00000000df000000)
  from space 5120K, 11% used [0x00000000df000000,0x00000000df094010,0x00000000df500000)
  to   space 1024K, 0% used [0x00000000e6d00000,0x00000000e6d00000,0x00000000e6e00000)
 ParOldGen       total 84992K, used 0K [0x0000000085c00000, 0x000000008af00000, 0x00000000d7400000)
  object space 84992K, 0% used [0x0000000085c00000,0x0000000085c00000,0x000000008af00000)
 Metaspace       used 4296K, capacity 4850K, committed 4992K, reserved 1056768K
  class space    used 469K, capacity 535K, committed 640K, reserved 1048576K
Event: 4,207 GC heap after
Heap after GC invocations=6 (full 0):
 PSYoungGen      total 254976K, used 592K [0x00000000d7400000, 0x00000000e6e00000, 0x0000000100000000)
  eden space 253952K, 0% used [0x00000000d7400000,0x00000000d7400000,0x00000000e6c00000)
  from space 1024K, 57% used [0x00000000e6d00000,0x00000000e6d94010,0x00000000e6e00000)
  to   space 1024K, 0% used [0x00000000e6c00000,0x00000000e6c00000,0x00000000e6d00000)
 ParOldGen       total 84992K, used 0K [0x0000000085c00000, 0x000000008af00000, 0x00000000d7400000)
  object space 84992K, 0% used [0x0000000085c00000,0x0000000085c00000,0x000000008af00000)
 Metaspace       used 4296K, capacity 4850K, committed 4992K, reserved 1056768K
  class space    used 469K, capacity 535K, committed 640K, reserved 1048576K
}
Event: 9,725 GC heap before
{Heap before GC invocations=7 (full 0):
 PSYoungGen      total 254976K, used 254544K [0x00000000d7400000, 0x00000000e6e00000, 0x0000000100000000)
  eden space 253952K, 100% used [0x00000000d7400000,0x00000000e6c00000,0x00000000e6c00000)
  from space 1024K, 57% used [0x00000000e6d00000,0x00000000e6d94010,0x00000000e6e00000)
  to   space 1024K, 0% used [0x00000000e6c00000,0x00000000e6c00000,0x00000000e6d00000)
 ParOldGen       total 84992K, used 0K [0x0000000085c00000, 0x000000008af00000, 0x00000000d7400000)
  object space 84992K, 0% used [0x0000000085c00000,0x0000000085c00000,0x000000008af00000)
 Metaspace       used 4296K, capacity 4850K, committed 4992K, reserved 1056768K
  class space    used 469K, capacity 535K, committed 640K, reserved 1048576K

Deoptimization events (3 events):
Event: 1,458 Thread 0x00007f851828b800 Uncommon trap: reason=unstable_if action=reinterpret pc=0x00007f8508afedc8 method=LeaderElectionAdHocNet.ThreadPerformance.run()V @ 14
Event: 1,642 Thread 0x00007f851800a000 Uncommon trap: reason=unstable_if action=reinterpret pc=0x00007f8508afcef4 method=java.util.HashMap.isEmpty()Z @ 4
Event: 1,655 Thread 0x00007f851828b800 Uncommon trap: reason=unstable_if action=reinterpret pc=0x00007f8508afd550 method=LeaderElectionAdHocNet.ThreadPerformance.run()V @ 38

Internal exceptions (4 events):
Event: 0,090 Thread 0x00007f851800a000 Exception <a 'java/lang/NoSuchMethodError': Method sun.misc.Unsafe.defineClass(Ljava/lang/String;[BII)Ljava/lang/Class; name or signature does not match> (0x00000000d7407ca8) thrown at [/build/openjdk-8-W2Qe27/openjdk-8-8u151-b12/src/hotspot/src/share/vm/
Event: 0,090 Thread 0x00007f851800a000 Exception <a 'java/lang/NoSuchMethodError': Method sun.misc.Unsafe.prefetchRead(Ljava/lang/Object;J)V name or signature does not match> (0x00000000d7407f90) thrown at [/build/openjdk-8-W2Qe27/openjdk-8-8u151-b12/src/hotspot/src/share/vm/prims/jni.cpp, lin
Event: 2,767 Thread 0x00007f8518290800 Exception <a 'java/lang/NoSuchFieldError': method resolution failed> (0x00000000da416d90) thrown at [/build/openjdk-8-W2Qe27/openjdk-8-8u151-b12/src/hotspot/src/share/vm/prims/methodHandles.cpp, line 1146]
Event: 2,769 Thread 0x00007f8518290800 Exception <a 'java/lang/NoSuchFieldError': method resolution failed> (0x00000000da424130) thrown at [/build/openjdk-8-W2Qe27/openjdk-8-8u151-b12/src/hotspot/src/share/vm/prims/methodHandles.cpp, line 1146]

Events (10 events):
Event: 3,210 loading class java/lang/invoke/TypeConvertingMethodAdapter
Event: 3,210 loading class java/lang/invoke/TypeConvertingMethodAdapter done
Event: 3,210 loading class java/lang/invoke/InnerClassLambdaMetafactory$ForwardingMethodGenerator done
Event: 3,862 Executing VM operation: ParallelGCFailedAllocation
Event: 3,875 Executing VM operation: ParallelGCFailedAllocation done
Event: 4,174 Executing VM operation: ParallelGCFailedAllocation
Event: 4,207 Executing VM operation: ParallelGCFailedAllocation done
Event: 4,278 Executing VM operation: EnableBiasedLocking
Event: 4,302 Executing VM operation: EnableBiasedLocking done
Event: 7,922 Executing VM operation: ParallelGCFailedAllocation


Dynamic libraries:
00400000-00401000 r-xp 00000000 08:12 6694585                            /usr/lib/jvm/java-8-openjdk-amd64/jre/bin/java
00600000-00601000 r--p 00000000 08:12 6694585                            /usr/lib/jvm/java-8-openjdk-amd64/jre/bin/java
00601000-00602000 rw-p 00001000 08:12 6694585                            /usr/lib/jvm/java-8-openjdk-amd64/jre/bin/java
020f2000-02113000 rw-p 00000000 00:00 0                                  [heap]
85c00000-8af00000 rw-p 00000000 00:00 0 
8af00000-d7400000 ---p 00000000 00:00 0 
d7400000-e6e00000 rw-p 00000000 00:00 0 
f6600000-100000000 ---p 00000000 00:00 0 
100000000-1000a0000 rw-p 00000000 00:00 0 
1000a0000-140000000 ---p 00000000 00:00 0 
7f8488000000-7f8488021000 rw-p 00000000 00:00 0 
7f8488021000-7f848c000000 ---p 00000000 00:00 0 
7f8490000000-7f8490021000 rw-p 00000000 00:00 0 
7f8490021000-7f8494000000 ---p 00000000 00:00 0 
7f8494000000-7f849402d000 rw-p 00000000 00:00 0 
7f849402d000-7f8498000000 ---p 00000000 00:00 0 
7f8498000000-7f8498021000 rw-p 00000000 00:00 0 
7f8498021000-7f849c000000 ---p 00000000 00:00 0 
7f849c000000-7f849c021000 rw-p 00000000 00:00 0 
7f849c021000-7f84a0000000 ---p 00000000 00:00 0 
7f84a0000000-7f84a0021000 rw-p 00000000 00:00 0 
7f84a0021000-7f84a4000000 ---p 00000000 00:00 0 
7f84a4000000-7f84a4021000 rw-p 00000000 00:00 0 
7f84a4021000-7f84a8000000 ---p 00000000 00:00 0 
7f84a8000000-7f84a8021000 rw-p 00000000 00:00 0 
7f84a8021000-7f84ac000000 ---p 00000000 00:00 0 
7f84ac000000-7f84ac021000 rw-p 00000000 00:00 0 
7f84ac021000-7f84b0000000 ---p 00000000 00:00 0 
7f84b0000000-7f84b0021000 rw-p 00000000 00:00 0 
7f84b0021000-7f84b4000000 ---p 00000000 00:00 0 
7f84b4000000-7f84b4021000 rw-p 00000000 00:00 0 
7f84b4021000-7f84b8000000 ---p 00000000 00:00 0 
7f84b8000000-7f84b8282000 rw-p 00000000 00:00 0 
7f84b8282000-7f84bc000000 ---p 00000000 00:00 0 
7f84bc000000-7f84bc2fd000 rw-p 00000000 00:00 0 
7f84bc2fd000-7f84c0000000 ---p 00000000 00:00 0 
7f84c0000000-7f84c02e3000 rw-p 00000000 00:00 0 
7f84c02e3000-7f84c4000000 ---p 00000000 00:00 0 
7f84c4000000-7f84c433e000 rw-p 00000000 00:00 0 
7f84c433e000-7f84c8000000 ---p 00000000 00:00 0 
7f84c8000000-7f84c8021000 rw-p 00000000 00:00 0 
7f84c8021000-7f84cc000000 ---p 00000000 00:00 0 
7f84cc000000-7f84cc021000 rw-p 00000000 00:00 0 
7f84cc021000-7f84d0000000 ---p 00000000 00:00 0 
7f84d0000000-7f84d0021000 rw-p 00000000 00:00 0 
7f84d0021000-7f84d4000000 ---p 00000000 00:00 0 
7f84d4000000-7f84d4021000 rw-p 00000000 00:00 0 
7f84d4021000-7f84d8000000 ---p 00000000 00:00 0 
7f84d8000000-7f84d8021000 rw-p 00000000 00:00 0 
7f84d8021000-7f84dc000000 ---p 00000000 00:00 0 
7f84dc000000-7f84dc021000 rw-p 00000000 00:00 0 
7f84dc021000-7f84e0000000 ---p 00000000 00:00 0 
7f84e0000000-7f84e0021000 rw-p 00000000 00:00 0 
7f84e0021000-7f84e4000000 ---p 00000000 00:00 0 
7f84e4000000-7f84e4021000 rw-p 00000000 00:00 0 
7f84e4021000-7f84e8000000 ---p 00000000 00:00 0 
7f84e8000000-7f84e8021000 rw-p 00000000 00:00 0 
7f84e8021000-7f84ec000000 ---p 00000000 00:00 0 
7f84f0000000-7f84f0021000 rw-p 00000000 00:00 0 
7f84f0021000-7f84f4000000 ---p 00000000 00:00 0 
7f84f74f7000-7f84f74fa000 ---p 00000000 00:00 0 
7f84f74fa000-7f84f75f8000 rw-p 00000000 00:00 0 
7f84f75f8000-7f84f75fb000 ---p 00000000 00:00 0 
7f84f75fb000-7f84f76f9000 rw-p 00000000 00:00 0 
7f84f76f9000-7f84f76fc000 ---p 00000000 00:00 0 
7f84f76fc000-7f84f77fa000 rw-p 00000000 00:00 0 
7f84f77fa000-7f84f77fd000 ---p 00000000 00:00 0 
7f84f77fd000-7f84f78fb000 rw-p 00000000 00:00 0 
7f84f78fb000-7f84f78fe000 ---p 00000000 00:00 0 
7f84f78fe000-7f84f79fc000 rw-p 00000000 00:00 0 
7f84f79fc000-7f84f79ff000 ---p 00000000 00:00 0 
7f84f79ff000-7f84f7afd000 rw-p 00000000 00:00 0 
7f84f7afd000-7f84f7b00000 ---p 00000000 00:00 0 
7f84f7b00000-7f84f7bfe000 rw-p 00000000 00:00 0 
7f84f7bfe000-7f84f7c01000 ---p 00000000 00:00 0 
7f84f7c01000-7f84f8000000 rw-p 00000000 00:00 0 
7f84f8000000-7f84f8021000 rw-p 00000000 00:00 0 
7f84f8021000-7f84fc000000 ---p 00000000 00:00 0 
7f84fc0c8000-7f84fc0df000 r-xp 00000000 08:12 6694551                    /usr/lib/jvm/java-8-openjdk-amd64/jre/lib/amd64/libnet.so
7f84fc0df000-7f84fc2de000 ---p 00017000 08:12 6694551                    /usr/lib/jvm/java-8-openjdk-amd64/jre/lib/amd64/libnet.so
7f84fc2de000-7f84fc2df000 r--p 00016000 08:12 6694551                    /usr/lib/jvm/java-8-openjdk-amd64/jre/lib/amd64/libnet.so
7f84fc2df000-7f84fc2e0000 rw-p 00017000 08:12 6694551                    /usr/lib/jvm/java-8-openjdk-amd64/jre/lib/amd64/libnet.so
7f84fc2e0000-7f8500000000 rw-p 00000000 00:00 0 
7f8500000000-7f8500021000 rw-p 00000000 00:00 0 
7f8500021000-7f8504000000 ---p 00000000 00:00 0 
7f85040b5000-7f85040bc000 r--s 00000000 08:12 6694033                    /usr/lib/x86_64-linux-gnu/gconv/gconv-modules.cache
7f85040bc000-7f85040d5000 r--p 00000000 08:12 7864371                    /usr/share/locale-langpack/pt/LC_MESSAGES/libc.mo
7f85040d5000-7f85040d8000 ---p 00000000 00:00 0 
7f85040d8000-7f85041d6000 rw-p 00000000 00:00 0 
7f85041d6000-7f85041dc000 r--s 0003a000 08:12 6819837                    /usr/lib/jvm/java-8-openjdk-amd64/jre/lib/ext/sunjce_provider.jar
7f85041dc000-7f85041f7000 r--s 001d6000 08:12 6819836                    /usr/lib/jvm/java-8-openjdk-amd64/jre/lib/ext/nashorn.jar
7f85041f7000-7f8504212000 r--s 00394000 08:12 6819834                    /usr/lib/jvm/java-8-openjdk-amd64/jre/lib/ext/cldrdata.jar
7f8504212000-7f8504213000 ---p 00000000 00:00 0 
7f8504213000-7f8504313000 rw-p 00000000 00:00 0 
7f8504313000-7f8504316000 ---p 00000000 00:00 0 
7f8504316000-7f8504414000 rw-p 00000000 00:00 0 
7f8504414000-7f8504417000 ---p 00000000 00:00 0 
7f8504417000-7f8504515000 rw-p 00000000 00:00 0 
7f8504515000-7f8504518000 ---p 00000000 00:00 0 
7f8504518000-7f8504616000 rw-p 00000000 00:00 0 
7f8504616000-7f8504619000 ---p 00000000 00:00 0 
7f8504619000-7f8504717000 rw-p 00000000 00:00 0 
7f8504717000-7f850471a000 ---p 00000000 00:00 0 
7f850471a000-7f8504818000 rw-p 00000000 00:00 0 
7f8504818000-7f850481b000 ---p 00000000 00:00 0 
7f850481b000-7f8504919000 rw-p 00000000 00:00 0 
7f8504919000-7f8504bf3000 r--p 00000000 08:12 6427629                    /usr/lib/locale/locale-archive
7f8504bf3000-7f8504bf6000 ---p 00000000 00:00 0 
7f8504bf6000-7f8504cf4000 rw-p 00000000 00:00 0 
7f8504cf4000-7f8504cf7000 ---p 00000000 00:00 0 
7f8504cf7000-7f8504df5000 rw-p 00000000 00:00 0 
7f8504df5000-7f8504df6000 ---p 00000000 00:00 0 
7f8504df6000-7f8506a11000 rw-p 00000000 00:00 0 
7f8506a11000-7f8506be0000 r--s 03c21000 08:12 6694521                    /usr/lib/jvm/java-8-openjdk-amd64/jre/lib/rt.jar
7f8506be0000-7f8507020000 rw-p 00000000 00:00 0 
7f8507020000-7f85073e0000 ---p 00000000 00:00 0 
7f85073e0000-7f85077b2000 rw-p 00000000 00:00 0 
7f85077b2000-7f85077b3000 ---p 00000000 00:00 0 
7f85077b3000-7f85078b3000 rw-p 00000000 00:00 0 
7f85078b3000-7f85078b4000 ---p 00000000 00:00 0 
7f85078b4000-7f85079b4000 rw-p 00000000 00:00 0 
7f85079b4000-7f85079b5000 ---p 00000000 00:00 0 
7f85079b5000-7f8507ab5000 rw-p 00000000 00:00 0 
7f8507ab5000-7f8507ab6000 ---p 00000000 00:00 0 
7f8507ab6000-7f8507bb6000 rw-p 00000000 00:00 0 
7f8507bb6000-7f8507bb7000 ---p 00000000 00:00 0 
7f8507bb7000-7f8507cb7000 rw-p 00000000 00:00 0 
7f8507cb7000-7f8507cb8000 ---p 00000000 00:00 0 
7f8507cb8000-7f8507db8000 rw-p 00000000 00:00 0 
7f8507db8000-7f8507db9000 ---p 00000000 00:00 0 
7f8507db9000-7f8507eb9000 rw-p 00000000 00:00 0 
7f8507eb9000-7f8507eba000 ---p 00000000 00:00 0 
7f8507eba000-7f8507fe4000 rw-p 00000000 00:00 0 
7f8507fe4000-7f8508246000 ---p 00000000 00:00 0 
7f8508246000-7f8508270000 rw-p 00000000 00:00 0 
7f8508270000-7f85084d2000 ---p 00000000 00:00 0 
7f85084d2000-7f850854f000 rw-p 00000000 00:00 0 
7f850854f000-7f8508618000 ---p 00000000 00:00 0 
7f8508618000-7f8508623000 rw-p 00000000 00:00 0 
7f8508623000-7f85089d9000 ---p 00000000 00:00 0 
7f85089d9000-7f8508c49000 rwxp 00000000 00:00 0 
7f8508c49000-7f85179d9000 ---p 00000000 00:00 0 
7f85179d9000-7f85179e1000 r-xp 00000000 08:12 6694557                    /usr/lib/jvm/java-8-openjdk-amd64/jre/lib/amd64/libzip.so
7f85179e1000-7f8517be0000 ---p 00008000 08:12 6694557                    /usr/lib/jvm/java-8-openjdk-amd64/jre/lib/amd64/libzip.so
7f8517be0000-7f8517be1000 r--p 00007000 08:12 6694557                    /usr/lib/jvm/java-8-openjdk-amd64/jre/lib/amd64/libzip.so
7f8517be1000-7f8517be2000 rw-p 00008000 08:12 6694557                    /usr/lib/jvm/java-8-openjdk-amd64/jre/lib/amd64/libzip.so
7f8517be2000-7f8517bed000 r-xp 00000000 08:12 524485                     /lib/x86_64-linux-gnu/libnss_files-2.23.so
7f8517bed000-7f8517dec000 ---p 0000b000 08:12 524485                     /lib/x86_64-linux-gnu/libnss_files-2.23.so
7f8517dec000-7f8517ded000 r--p 0000a000 08:12 524485                     /lib/x86_64-linux-gnu/libnss_files-2.23.so
7f8517ded000-7f8517dee000 rw-p 0000b000 08:12 524485                     /lib/x86_64-linux-gnu/libnss_files-2.23.so
7f8517dee000-7f8517df4000 rw-p 00000000 00:00 0 
7f8517df4000-7f8517dff000 r-xp 00000000 08:12 524488                     /lib/x86_64-linux-gnu/libnss_nis-2.23.so
7f8517dff000-7f8517ffe000 ---p 0000b000 08:12 524488                     /lib/x86_64-linux-gnu/libnss_nis-2.23.so
7f8517ffe000-7f8517fff000 r--p 0000a000 08:12 524488                     /lib/x86_64-linux-gnu/libnss_nis-2.23.so
7f8517fff000-7f8518000000 rw-p 0000b000 08:12 524488                     /lib/x86_64-linux-gnu/libnss_nis-2.23.so
7f8518000000-7f8518297000 rw-p 00000000 00:00 0 
7f8518297000-7f851c000000 ---p 00000000 00:00 0 
7f851c002000-7f851c078000 rw-p 00000000 00:00 0 
7f851c078000-7f851c08e000 r-xp 00000000 08:12 524481                     /lib/x86_64-linux-gnu/libnsl-2.23.so
7f851c08e000-7f851c28d000 ---p 00016000 08:12 524481                     /lib/x86_64-linux-gnu/libnsl-2.23.so
7f851c28d000-7f851c28e000 r--p 00015000 08:12 524481                     /lib/x86_64-linux-gnu/libnsl-2.23.so
7f851c28e000-7f851c28f000 rw-p 00016000 08:12 524481                     /lib/x86_64-linux-gnu/libnsl-2.23.so
7f851c28f000-7f851c291000 rw-p 00000000 00:00 0 
7f851c291000-7f851c299000 r-xp 00000000 08:12 524494                     /lib/x86_64-linux-gnu/libnss_compat-2.23.so
7f851c299000-7f851c498000 ---p 00008000 08:12 524494                     /lib/x86_64-linux-gnu/libnss_compat-2.23.so
7f851c498000-7f851c499000 r--p 00007000 08:12 524494                     /lib/x86_64-linux-gnu/libnss_compat-2.23.so
7f851c499000-7f851c49a000 rw-p 00008000 08:12 524494                     /lib/x86_64-linux-gnu/libnss_compat-2.23.so
7f851c49a000-7f851c4c7000 r-xp 00000000 08:12 6694540                    /usr/lib/jvm/java-8-openjdk-amd64/jre/lib/amd64/libjava.so
7f851c4c7000-7f851c6c6000 ---p 0002d000 08:12 6694540                    /usr/lib/jvm/java-8-openjdk-amd64/jre/lib/amd64/libjava.so
7f851c6c6000-7f851c6c7000 r--p 0002c000 08:12 6694540                    /usr/lib/jvm/java-8-openjdk-amd64/jre/lib/amd64/libjava.so
7f851c6c7000-7f851c6c9000 rw-p 0002d000 08:12 6694540                    /usr/lib/jvm/java-8-openjdk-amd64/jre/lib/amd64/libjava.so
7f851c6c9000-7f851c6d8000 r-xp 00000000 08:12 6694555                    /usr/lib/jvm/java-8-openjdk-amd64/jre/lib/amd64/libverify.so
7f851c6d8000-7f851c8d7000 ---p 0000f000 08:12 6694555                    /usr/lib/jvm/java-8-openjdk-amd64/jre/lib/amd64/libverify.so
7f851c8d7000-7f851c8d9000 r--p 0000e000 08:12 6694555                    /usr/lib/jvm/java-8-openjdk-amd64/jre/lib/amd64/libverify.so
7f851c8d9000-7f851c8da000 rw-p 00010000 08:12 6694555                    /usr/lib/jvm/java-8-openjdk-amd64/jre/lib/amd64/libverify.so
7f851c8da000-7f851c8e1000 r-xp 00000000 08:12 524490                     /lib/x86_64-linux-gnu/librt-2.23.so
7f851c8e1000-7f851cae0000 ---p 00007000 08:12 524490                     /lib/x86_64-linux-gnu/librt-2.23.so
7f851cae0000-7f851cae1000 r--p 00006000 08:12 524490                     /lib/x86_64-linux-gnu/librt-2.23.so
7f851cae1000-7f851cae2000 rw-p 00007000 08:12 524490                     /lib/x86_64-linux-gnu/librt-2.23.so
7f851cae2000-7f851caf8000 r-xp 00000000 08:12 528893                     /lib/x86_64-linux-gnu/libgcc_s.so.1
7f851caf8000-7f851ccf7000 ---p 00016000 08:12 528893                     /lib/x86_64-linux-gnu/libgcc_s.so.1
7f851ccf7000-7f851ccf8000 rw-p 00015000 08:12 528893                     /lib/x86_64-linux-gnu/libgcc_s.so.1
7f851ccf8000-7f851ce00000 r-xp 00000000 08:12 524499                     /lib/x86_64-linux-gnu/libm-2.23.so
7f851ce00000-7f851cfff000 ---p 00108000 08:12 524499                     /lib/x86_64-linux-gnu/libm-2.23.so
7f851cfff000-7f851d000000 r--p 00107000 08:12 524499                     /lib/x86_64-linux-gnu/libm-2.23.so
7f851d000000-7f851d001000 rw-p 00108000 08:12 524499                     /lib/x86_64-linux-gnu/libm-2.23.so
7f851d001000-7f851d173000 r-xp 00000000 08:12 6440244                    /usr/lib/x86_64-linux-gnu/libstdc++.so.6.0.21
7f851d173000-7f851d373000 ---p 00172000 08:12 6440244                    /usr/lib/x86_64-linux-gnu/libstdc++.so.6.0.21
7f851d373000-7f851d37d000 r--p 00172000 08:12 6440244                    /usr/lib/x86_64-linux-gnu/libstdc++.so.6.0.21
7f851d37d000-7f851d37f000 rw-p 0017c000 08:12 6440244                    /usr/lib/x86_64-linux-gnu/libstdc++.so.6.0.21
7f851d37f000-7f851d383000 rw-p 00000000 00:00 0 
7f851d383000-7f851dfd5000 r-xp 00000000 08:12 6694550                    /usr/lib/jvm/java-8-openjdk-amd64/jre/lib/amd64/server/libjvm.so
7f851dfd5000-7f851e1d5000 ---p 00c52000 08:12 6694550                    /usr/lib/jvm/java-8-openjdk-amd64/jre/lib/amd64/server/libjvm.so
7f851e1d5000-7f851e268000 r--p 00c52000 08:12 6694550                    /usr/lib/jvm/java-8-openjdk-amd64/jre/lib/amd64/server/libjvm.so
7f851e268000-7f851e291000 rw-p 00ce5000 08:12 6694550                    /usr/lib/jvm/java-8-openjdk-amd64/jre/lib/amd64/server/libjvm.so
7f851e291000-7f851e2c1000 rw-p 00000000 00:00 0 
7f851e2c1000-7f851e2d9000 r-xp 00000000 08:12 524487                     /lib/x86_64-linux-gnu/libpthread-2.23.so
7f851e2d9000-7f851e4d8000 ---p 00018000 08:12 524487                     /lib/x86_64-linux-gnu/libpthread-2.23.so
7f851e4d8000-7f851e4d9000 r--p 00017000 08:12 524487                     /lib/x86_64-linux-gnu/libpthread-2.23.so
7f851e4d9000-7f851e4da000 rw-p 00018000 08:12 524487                     /lib/x86_64-linux-gnu/libpthread-2.23.so
7f851e4da000-7f851e4de000 rw-p 00000000 00:00 0 
7f851e4de000-7f851e4e1000 r-xp 00000000 08:12 524493                     /lib/x86_64-linux-gnu/libdl-2.23.so
7f851e4e1000-7f851e6e0000 ---p 00003000 08:12 524493                     /lib/x86_64-linux-gnu/libdl-2.23.so
7f851e6e0000-7f851e6e1000 r--p 00002000 08:12 524493                     /lib/x86_64-linux-gnu/libdl-2.23.so
7f851e6e1000-7f851e6e2000 rw-p 00003000 08:12 524493                     /lib/x86_64-linux-gnu/libdl-2.23.so
7f851e6e2000-7f851e6fb000 r-xp 00000000 08:12 524472                     /lib/x86_64-linux-gnu/libz.so.1.2.8
7f851e6fb000-7f851e8fa000 ---p 00019000 08:12 524472                     /lib/x86_64-linux-gnu/libz.so.1.2.8
7f851e8fa000-7f851e8fb000 r--p 00018000 08:12 524472                     /lib/x86_64-linux-gnu/libz.so.1.2.8
7f851e8fb000-7f851e8fc000 rw-p 00019000 08:12 524472                     /lib/x86_64-linux-gnu/libz.so.1.2.8
7f851e8fc000-7f851eabc000 r-xp 00000000 08:12 524504                     /lib/x86_64-linux-gnu/libc-2.23.so
7f851eabc000-7f851ecbc000 ---p 001c0000 08:12 524504                     /lib/x86_64-linux-gnu/libc-2.23.so
7f851ecbc000-7f851ecc0000 r--p 001c0000 08:12 524504                     /lib/x86_64-linux-gnu/libc-2.23.so
7f851ecc0000-7f851ecc2000 rw-p 001c4000 08:12 524504                     /lib/x86_64-linux-gnu/libc-2.23.so
7f851ecc2000-7f851ecc6000 rw-p 00000000 00:00 0 
7f851ecc6000-7f851ecd3000 r-xp 00000000 08:12 6694553                    /usr/lib/jvm/java-8-openjdk-amd64/jre/lib/amd64/jli/libjli.so
7f851ecd3000-7f851eed3000 ---p 0000d000 08:12 6694553                    /usr/lib/jvm/java-8-openjdk-amd64/jre/lib/amd64/jli/libjli.so
7f851eed3000-7f851eed4000 r--p 0000d000 08:12 6694553                    /usr/lib/jvm/java-8-openjdk-amd64/jre/lib/amd64/jli/libjli.so
7f851eed4000-7f851eed5000 rw-p 0000e000 08:12 6694553                    /usr/lib/jvm/java-8-openjdk-amd64/jre/lib/amd64/jli/libjli.so
7f851eed5000-7f851eefb000 r-xp 00000000 08:12 524482                     /lib/x86_64-linux-gnu/ld-2.23.so
7f851eefe000-7f851ef02000 r--s 00037000 08:12 6819841                    /usr/lib/jvm/java-8-openjdk-amd64/jre/lib/ext/sunpkcs11.jar
7f851ef02000-7f851efd2000 rw-p 00000000 00:00 0 
7f851efd2000-7f851efd5000 ---p 00000000 00:00 0 
7f851efd5000-7f851f0d8000 rw-p 00000000 00:00 0 
7f851f0da000-7f851f0db000 r--s 0000b000 08:12 3018178                    /home/helio/NetBeansProjects/LeaderElectionAdHocNet/dist/LeaderElectionAdHocNet.jar
7f851f0db000-7f851f0dc000 r--s 0000a000 08:12 6819842                    /usr/lib/jvm/java-8-openjdk-amd64/jre/lib/ext/jaccess.jar
7f851f0dc000-7f851f0de000 r--s 00001000 08:12 6819843                    /usr/lib/jvm/java-8-openjdk-amd64/jre/lib/ext/dnsns.jar
7f851f0de000-7f851f0e0000 r--s 00008000 08:12 6819838                    /usr/lib/jvm/java-8-openjdk-amd64/jre/lib/ext/sunec.jar
7f851f0e0000-7f851f0ea000 r--s 00116000 08:12 6819840                    /usr/lib/jvm/java-8-openjdk-amd64/jre/lib/ext/localedata.jar
7f851f0ea000-7f851f0ed000 r--s 0000f000 08:12 6817999                    /usr/lib/jvm/java-8-openjdk-amd64/jre/lib/ext/icedtea-sound.jar
7f851f0ed000-7f851f0ee000 r--s 00010000 08:12 6819835                    /usr/lib/jvm/java-8-openjdk-amd64/jre/lib/ext/zipfs.jar
7f851f0ee000-7f851f0f6000 rw-s 00000000 08:12 4459056                    /tmp/hsperfdata_helio/7119
7f851f0f6000-7f851f0f7000 rw-p 00000000 00:00 0 
7f851f0f7000-7f851f0f8000 ---p 00000000 00:00 0 
7f851f0f8000-7f851f0fa000 rw-p 00000000 00:00 0 
7f851f0fa000-7f851f0fb000 r--p 00025000 08:12 524482                     /lib/x86_64-linux-gnu/ld-2.23.so
7f851f0fb000-7f851f0fc000 rw-p 00026000 08:12 524482                     /lib/x86_64-linux-gnu/ld-2.23.so
7f851f0fc000-7f851f0fd000 rw-p 00000000 00:00 0 
7ffd0cdf7000-7ffd0ce18000 rw-p 00000000 00:00 0                          [stack]
7ffd0cf72000-7ffd0cf74000 r--p 00000000 00:00 0                          [vvar]
7ffd0cf74000-7ffd0cf76000 r-xp 00000000 00:00 0                          [vdso]
ffffffffff600000-ffffffffff601000 r-xp 00000000 00:00 0                  [vsyscall]

VM Arguments:
java_command: dist/LeaderElectionAdHocNet.jar ./nbproject/configs/Node6.csv
java_class_path (initial): dist/LeaderElectionAdHocNet.jar
Launcher Type: SUN_STANDARD

Environment Variables:
PATH=/usr/local/sbin:/usr/local/bin:/usr/sbin:/usr/bin:/sbin:/bin:/usr/games:/usr/local/games:/snap/bin
SHELL=/bin/bash
DISPLAY=:0

Signal Handlers:
SIGSEGV: [libjvm.so+0xa69040], sa_mask[0]=11111111011111111101111111111110, sa_flags=SA_RESTART|SA_SIGINFO
SIGBUS: [libjvm.so+0xa69040], sa_mask[0]=11111111011111111101111111111110, sa_flags=SA_RESTART|SA_SIGINFO
SIGFPE: [libjvm.so+0x8b2170], sa_mask[0]=11111111011111111101111111111110, sa_flags=SA_RESTART|SA_SIGINFO
SIGPIPE: [libjvm.so+0x8b2170], sa_mask[0]=11111111011111111101111111111110, sa_flags=SA_RESTART|SA_SIGINFO
SIGXFSZ: [libjvm.so+0x8b2170], sa_mask[0]=11111111011111111101111111111110, sa_flags=SA_RESTART|SA_SIGINFO
SIGILL: [libjvm.so+0x8b2170], sa_mask[0]=11111111011111111101111111111110, sa_flags=SA_RESTART|SA_SIGINFO
SIGUSR1: SIG_DFL, sa_mask[0]=00000000000000000000000000000000, sa_flags=none
SIGUSR2: [libjvm.so+0x8b2020], sa_mask[0]=00000000000000000000000000000000, sa_flags=SA_RESTART|SA_SIGINFO
SIGHUP: [libjvm.so+0x8b24f0], sa_mask[0]=11111111011111111101111111111110, sa_flags=SA_RESTART|SA_SIGINFO
SIGINT: [libjvm.so+0x8b24f0], sa_mask[0]=11111111011111111101111111111110, sa_flags=SA_RESTART|SA_SIGINFO
SIGTERM: [libjvm.so+0x8b24f0], sa_mask[0]=11111111011111111101111111111110, sa_flags=SA_RESTART|SA_SIGINFO
SIGQUIT: [libjvm.so+0x8b24f0], sa_mask[0]=11111111011111111101111111111110, sa_flags=SA_RESTART|SA_SIGINFO


---------------  S Y S T E M  ---------------

OS:DISTRIB_ID=Ubuntu
DISTRIB_RELEASE=16.04
DISTRIB_CODENAME=xenial
DISTRIB_DESCRIPTION="Ubuntu 16.04.2 LTS"

uname:Linux 4.4.0-104-generic #127-Ubuntu SMP Mon Dec 11 12:16:42 UTC 2017 x86_64
libc:glibc 2.23 NPTL 2.23 
rlimit: STACK 8192k, CORE 0k, NPROC 31136, NOFILE 65536, AS infinity
load average:31,06 7,81 2,95

/proc/meminfo:
MemTotal:        8011432 kB
MemFree:          553916 kB
MemAvailable:     449000 kB
Buffers:             628 kB
Cached:           770196 kB
SwapCached:            0 kB
Active:          6470356 kB
Inactive:         761264 kB
Active(anon):    6465788 kB
Inactive(anon):   738584 kB
Active(file):       4568 kB
Inactive(file):    22680 kB
Unevictable:         304 kB
Mlocked:             304 kB
SwapTotal:             0 kB
SwapFree:              0 kB
Dirty:               108 kB
Writeback:             0 kB
AnonPages:       6461580 kB
Mapped:           116788 kB
Shmem:            743096 kB
Slab:              89216 kB
SReclaimable:      40996 kB
SUnreclaim:        48220 kB
KernelStack:       16496 kB
PageTables:        51444 kB
NFS_Unstable:          0 kB
Bounce:                0 kB
WritebackTmp:          0 kB
CommitLimit:     4005716 kB
Committed_AS:   14109920 kB
VmallocTotal:   34359738367 kB
VmallocUsed:           0 kB
VmallocChunk:          0 kB
HardwareCorrupted:     0 kB
AnonHugePages:   3129344 kB
CmaTotal:              0 kB
CmaFree:               0 kB
HugePages_Total:       0
HugePages_Free:        0
HugePages_Rsvd:        0
HugePages_Surp:        0
Hugepagesize:       2048 kB
DirectMap4k:      178940 kB
DirectMap2M:     8044544 kB


CPU:total 8 (initial active 8) (4 cores per cpu, 2 threads per core) family 6 model 58 stepping 9, cmov, cx8, fxsr, mmx, sse, sse2, sse3, ssse3, sse4.1, sse4.2, popcnt, avx, aes, clmul, erms, ht, tsc, tscinvbit, tscinv

/proc/cpuinfo:
processor	: 0
vendor_id	: GenuineIntel
cpu family	: 6
model		: 58
model name	: Intel(R) Core(TM) i7-3610QM CPU @ 2.30GHz
stepping	: 9
microcode	: 0x12
cpu MHz		: 1275.242
cache size	: 6144 KB
physical id	: 0
siblings	: 8
core id		: 0
cpu cores	: 4
apicid		: 0
initial apicid	: 0
fpu		: yes
fpu_exception	: yes
cpuid level	: 13
wp		: yes
flags		: fpu vme de pse tsc msr pae mce cx8 apic sep mtrr pge mca cmov pat pse36 clflush dts acpi mmx fxsr sse sse2 ss ht tm pbe syscall nx rdtscp lm constant_tsc arch_perfmon pebs bts rep_good nopl xtopology nonstop_tsc aperfmperf eagerfpu pni pclmulqdq dtes64 monitor ds_cpl vmx est tm2 ssse3 cx16 xtpr pdcm pcid sse4_1 sse4_2 x2apic popcnt tsc_deadline_timer aes xsave avx f16c rdrand lahf_lm epb tpr_shadow vnmi flexpriority ept vpid fsgsbase smep erms xsaveopt dtherm ida arat pln pts
bugs		:
bogomips	: 4589.16
clflush size	: 64
cache_alignment	: 64
address sizes	: 36 bits physical, 48 bits virtual
power management:

processor	: 1
vendor_id	: GenuineIntel
cpu family	: 6
model		: 58
model name	: Intel(R) Core(TM) i7-3610QM CPU @ 2.30GHz
stepping	: 9
microcode	: 0x12
cpu MHz		: 2444.828
cache size	: 6144 KB
physical id	: 0
siblings	: 8
core id		: 0
cpu cores	: 4
apicid		: 1
initial apicid	: 1
fpu		: yes
fpu_exception	: yes
cpuid level	: 13
wp		: yes
flags		: fpu vme de pse tsc msr pae mce cx8 apic sep mtrr pge mca cmov pat pse36 clflush dts acpi mmx fxsr sse sse2 ss ht tm pbe syscall nx rdtscp lm constant_tsc arch_perfmon pebs bts rep_good nopl xtopology nonstop_tsc aperfmperf eagerfpu pni pclmulqdq dtes64 monitor ds_cpl vmx est tm2 ssse3 cx16 xtpr pdcm pcid sse4_1 sse4_2 x2apic popcnt tsc_deadline_timer aes xsave avx f16c rdrand lahf_lm epb tpr_shadow vnmi flexpriority ept vpid fsgsbase smep erms xsaveopt dtherm ida arat pln pts
bugs		:
bogomips	: 4589.16
clflush size	: 64
cache_alignment	: 64
address sizes	: 36 bits physical, 48 bits virtual
power management:

processor	: 2
vendor_id	: GenuineIntel
cpu family	: 6
model		: 58
model name	: Intel(R) Core(TM) i7-3610QM CPU @ 2.30GHz
stepping	: 9
microcode	: 0x12
cpu MHz		: 1675.855
cache size	: 6144 KB
physical id	: 0
siblings	: 8
core id		: 1
cpu cores	: 4
apicid		: 2
initial apicid	: 2
fpu		: yes
fpu_exception	: yes
cpuid level	: 13
wp		: yes
flags		: fpu vme de pse tsc msr pae mce cx8 apic sep mtrr pge mca cmov pat pse36 clflush dts acpi mmx fxsr sse sse2 ss ht tm pbe syscall nx rdtscp lm constant_tsc arch_perfmon pebs bts rep_good nopl xtopology nonstop_tsc aperfmperf eagerfpu pni pclmulqdq dtes64 monitor ds_cpl vmx est tm2 ssse3 cx16 xtpr pdcm pcid sse4_1 sse4_2 x2apic popcnt tsc_deadline_timer aes xsave avx f16c rdrand lahf_lm epb tpr_shadow vnmi flexpriority ept vpid fsgsbase smep erms xsaveopt dtherm ida arat pln pts
bugs		:
bogomips	: 4589.16
clflush size	: 64
cache_alignment	: 64
address sizes	: 36 bits physical, 48 bits virtual
power management:

processor	: 3
vendor_id	: GenuineIntel
cpu family	: 6
model		: 58
model name	: Intel(R) Core(TM) i7-3610QM CPU @ 2.30GHz
stepping	: 9
microcode	: 0x12
cpu MHz		: 3099.968
cache size	: 6144 KB
physical id	: 0
siblings	: 8
core id		: 1
cpu cores	: 4
apicid		: 3
initial apicid	: 3
fpu		: yes
fpu_exception	: yes
cpuid level	: 13
wp		: yes
flags		: fpu vme de pse tsc msr pae mce cx8 apic sep mtrr pge mca cmov pat pse36 clflush dts acpi mmx fxsr sse sse2 ss ht tm pbe syscall nx rdtscp lm constant_tsc arch_perfmon pebs bts rep_good nopl xtopology nonstop_tsc aperfmperf eagerfpu pni pclmulqdq dtes64 monitor ds_cpl vmx est tm2 ssse3 cx16 xtpr pdcm pcid sse4_1 sse4_2 x2apic popcnt tsc_deadline_timer aes xsave avx f16c rdrand lahf_lm epb tpr_shadow vnmi flexpriority ept vpid fsgsbase smep erms xsaveopt dtherm ida arat pln pts
bugs		:
bogomips	: 4589.16
clflush size	: 64
cache_alignment	: 64
address sizes	: 36 bits physical, 48 bits virtual
power management:

processor	: 4
vendor_id	: GenuineIntel
cpu family	: 6
model		: 58
model name	: Intel(R) Core(TM) i7-3610QM CPU @ 2.30GHz
stepping	: 9
microcode	: 0x12
cpu MHz		: 1304.980
cache size	: 6144 KB
physical id	: 0
siblings	: 8
core id		: 2
cpu cores	: 4
apicid		: 4
initial apicid	: 4
fpu		: yes
fpu_exception	: yes
cpuid level	: 13
wp		: yes
flags		: fpu vme de pse tsc msr pae mce cx8 apic sep mtrr pge mca cmov pat pse36 clflush dts acpi mmx fxsr sse sse2 ss ht tm pbe syscall nx rdtscp lm constant_tsc arch_perfmon pebs bts rep_good nopl xtopology nonstop_tsc aperfmperf eagerfpu pni pclmulqdq dtes64 monitor ds_cpl vmx est tm2 ssse3 cx16 xtpr pdcm pcid sse4_1 sse4_2 x2apic popcnt tsc_deadline_timer aes xsave avx f16c rdrand lahf_lm epb tpr_shadow vnmi flexpriority ept vpid fsgsbase smep erms xsaveopt dtherm ida arat pln pts
bugs		:
bogomips	: 4589.16
clflush size	: 64
cache_alignment	: 64
address sizes	: 36 bits physical, 48 bits virtual
power management:

processor	: 5
vendor_id	: GenuineIntel
cpu family	: 6
model		: 58
model name	: Intel(R) Core(TM) i7-3610QM CPU @ 2.30GHz
stepping	: 9
microcode	: 0x12
cpu MHz		: 1243.167
cache size	: 6144 KB
physical id	: 0
siblings	: 8
core id		: 2
cpu cores	: 4
apicid		: 5
initial apicid	: 5
fpu		: yes
fpu_exception	: yes
cpuid level	: 13
wp		: yes
flags		: fpu vme de pse tsc msr pae mce cx8 apic sep mtrr pge mca cmov pat pse36 clflush dts acpi mmx fxsr sse sse2 ss ht tm pbe syscall nx rdtscp lm constant_tsc arch_perfmon pebs bts rep_good nopl xtopology nonstop_tsc aperfmperf eagerfpu pni pclmulqdq dtes64 monitor ds_cpl vmx est tm2 ssse3 cx16 xtpr pdcm pcid sse4_1 sse4_2 x2apic popcnt tsc_deadline_timer aes xsave avx f16c rdrand lahf_lm epb tpr_shadow vnmi flexpriority ept vpid fsgsbase smep erms xsaveopt dtherm ida arat pln pts
bugs		:
bogomips	: 4589.16
clflush size	: 64
cache_alignment	: 64
address sizes	: 36 bits physical, 48 bits virtual
power management:

processor	: 6
vendor_id	: GenuineIntel
cpu family	: 6
model		: 58
model name	: Intel(R) Core(TM) i7-3610QM CPU @ 2.30GHz
stepping	: 9
microcode	: 0x12
cpu MHz		: 1295.007
cache size	: 6144 KB
physical id	: 0
siblings	: 8
core id		: 3
cpu cores	: 4
apicid		: 6
initial apicid	: 6
fpu		: yes
fpu_exception	: yes
cpuid level	: 13
wp		: yes
flags		: fpu vme de pse tsc msr pae mce cx8 apic sep mtrr pge mca cmov pat pse36 clflush dts acpi mmx fxsr sse sse2 ss ht tm pbe syscall nx rdtscp lm constant_tsc arch_perfmon pebs bts rep_good nopl xtopology nonstop_tsc aperfmperf eagerfpu pni pclmulqdq dtes64 monitor ds_cpl vmx est tm2 ssse3 cx16 xtpr pdcm pcid sse4_1 sse4_2 x2apic popcnt tsc_deadline_timer aes xsave avx f16c rdrand lahf_lm epb tpr_shadow vnmi flexpriority ept vpid fsgsbase smep erms xsaveopt dtherm ida arat pln pts
bugs		:
bogomips	: 4589.16
clflush size	: 64
cache_alignment	: 64
address sizes	: 36 bits physical, 48 bits virtual
power management:

processor	: 7
vendor_id	: GenuineIntel
cpu family	: 6
model		: 58
model name	: Intel(R) Core(TM) i7-3610QM CPU @ 2.30GHz
stepping	: 9
microcode	: 0x12
cpu MHz		: 1255.027
cache size	: 6144 KB
physical id	: 0
siblings	: 8
core id		: 3
cpu cores	: 4
apicid		: 7
initial apicid	: 7
fpu		: yes
fpu_exception	: yes
cpuid level	: 13
wp		: yes
flags		: fpu vme de pse tsc msr pae mce cx8 apic sep mtrr pge mca cmov pat pse36 clflush dts acpi mmx fxsr sse sse2 ss ht tm pbe syscall nx rdtscp lm constant_tsc arch_perfmon pebs bts rep_good nopl xtopology nonstop_tsc aperfmperf eagerfpu pni pclmulqdq dtes64 monitor ds_cpl vmx est tm2 ssse3 cx16 xtpr pdcm pcid sse4_1 sse4_2 x2apic popcnt tsc_deadline_timer aes xsave avx f16c rdrand lahf_lm epb tpr_shadow vnmi flexpriority ept vpid fsgsbase smep erms xsaveopt dtherm ida arat pln pts
bugs		:
bogomips	: 4589.16
clflush size	: 64
cache_alignment	: 64
address sizes	: 36 bits physical, 48 bits virtual
power management:



Memory: 4k page, physical 8011432k(553916k free), swap 0k(0k free)

vm_info: OpenJDK 64-Bit Server VM (25.151-b12) for linux-amd64 JRE (1.8.0_151-8u151-b12-0ubuntu0.16.04.2-b12), built on Oct 27 2017 21:59:02 by "buildd" with gcc 5.4.0 20160609

time: Tue Jan  9 23:42:35 2018
elapsed time: 35 seconds (0d 0h 0m 35s)

